2024-09-21 02:43:48.895 [info] [main] Log level: Info
2024-09-21 02:43:48.895 [info] [main] Validating found git in: "git"
2024-09-21 02:43:48.896 [info] [main] Using git "2.34.1" from "git"
2024-09-21 02:43:48.896 [info] [Model][doInitialScan] Initial repository scan started
2024-09-21 02:43:48.896 [info] > git rev-parse --show-toplevel [28ms]
2024-09-21 02:43:48.896 [info] > git rev-parse --git-dir --git-common-dir [3ms]
2024-09-21 02:43:48.896 [info] [Model][openRepository] Opened repository: /home/student
2024-09-21 02:43:48.896 [info] > git config --get commit.template [4ms]
2024-09-21 02:43:48.897 [info] > git rev-parse --show-toplevel [6ms]
2024-09-21 02:43:48.897 [info] > git for-each-ref --format=%(refname)%00%(upstream:short)%00%(objectname)%00%(upstream:track)%00%(upstream:remotename)%00%(upstream:remoteref) refs/heads/main refs/remotes/main [2ms]
2024-09-21 02:43:48.897 [info] > git rev-parse --show-toplevel [2ms]
2024-09-21 02:43:48.897 [info] > git rev-parse --show-toplevel [7ms]
2024-09-21 02:43:48.898 [info] > git rev-parse --show-toplevel [3ms]
2024-09-21 02:43:48.901 [info] > git rev-parse --show-toplevel [1ms]
2024-09-21 02:43:48.907 [info] [Model][doInitialScan] Initial repository scan completed - repositories (1), closed repositories (0), parent repositories (0), unsafe repositories (0)
2024-09-21 02:43:48.911 [info] > git status -z -uall [23ms]
2024-09-21 02:43:48.927 [info] > git for-each-ref --format=%(refname)%00%(upstream:short)%00%(objectname)%00%(upstream:track)%00%(upstream:remotename)%00%(upstream:remoteref) refs/heads/main refs/remotes/main [12ms]
2024-09-21 02:43:48.931 [info] > git config --get commit.template [4ms]
2024-09-21 02:43:48.931 [info] > git config --local branch.main.vscode-merge-base [1ms]
2024-09-21 02:43:48.932 [warning] [Git][config] git config failed: Failed to execute git
2024-09-21 02:43:48.940 [info] > git for-each-ref --format=%(refname)%00%(upstream:short)%00%(objectname)%00%(upstream:track)%00%(upstream:remotename)%00%(upstream:remoteref) refs/heads/main refs/remotes/main [4ms]
2024-09-21 02:43:48.940 [info] > git reflog main --grep-reflog=branch: Created from *. [6ms]
2024-09-21 02:43:48.945 [info] > git symbolic-ref --short refs/remotes/origin/HEAD [2ms]
2024-09-21 02:43:48.945 [info] fatal: ref refs/remotes/origin/HEAD is not a symbolic ref
2024-09-21 02:43:49.029 [info] > git status -z -uall [79ms]
2024-09-21 02:43:49.037 [info] > git merge-base refs/heads/main refs/remotes/origin/main [89ms]
2024-09-21 02:43:49.060 [info] > git for-each-ref --format=%(refname)%00%(upstream:short)%00%(objectname)%00%(upstream:track)%00%(upstream:remotename)%00%(upstream:remoteref) refs/heads/main refs/remotes/main [27ms]
2024-09-21 02:43:49.067 [info] > git rev-list --count --left-right refs/heads/main...refs/remotes/origin/main [27ms]
2024-09-21 02:43:49.071 [info] > git config --local branch.main.vscode-merge-base [7ms]
2024-09-21 02:43:49.071 [warning] [Git][config] git config failed: Failed to execute git
2024-09-21 02:43:49.074 [info] > git diff --name-status -z --diff-filter=ADMR b840c96080c331404ab223195677b22a0a5ad0e5...refs/remotes/origin/main [4ms]
2024-09-21 02:43:49.075 [info] > git reflog main --grep-reflog=branch: Created from *. [2ms]
2024-09-21 02:43:49.079 [info] > git symbolic-ref --short refs/remotes/origin/HEAD [1ms]
2024-09-21 02:43:49.079 [info] fatal: ref refs/remotes/origin/HEAD is not a symbolic ref
2024-09-21 02:43:49.451 [info] > git check-ignore -v -z --stdin [4ms]
2024-09-21 02:43:52.275 [info] > git config --get commit.template [2ms]
2024-09-21 02:43:52.276 [info] > git for-each-ref --format=%(refname)%00%(upstream:short)%00%(objectname)%00%(upstream:track)%00%(upstream:remotename)%00%(upstream:remoteref) refs/heads/main refs/remotes/main [1ms]
2024-09-21 02:43:52.295 [info] > git status -z -uall [17ms]
2024-09-21 02:43:52.302 [info] > git for-each-ref --format=%(refname)%00%(upstream:short)%00%(objectname)%00%(upstream:track)%00%(upstream:remotename)%00%(upstream:remoteref) refs/heads/main refs/remotes/main [4ms]
2024-09-21 02:43:52.305 [info] > git config --local branch.main.vscode-merge-base [1ms]
2024-09-21 02:43:52.305 [warning] [Git][config] git config failed: Failed to execute git
2024-09-21 02:43:52.308 [info] > git reflog main --grep-reflog=branch: Created from *. [1ms]
2024-09-21 02:43:52.311 [info] > git symbolic-ref --short refs/remotes/origin/HEAD [1ms]
2024-09-21 02:43:52.312 [info] fatal: ref refs/remotes/origin/HEAD is not a symbolic ref
2024-09-21 02:43:57.309 [info] > git config --get commit.template [3ms]
2024-09-21 02:43:57.310 [info] > git for-each-ref --format=%(refname)%00%(upstream:short)%00%(objectname)%00%(upstream:track)%00%(upstream:remotename)%00%(upstream:remoteref) refs/heads/main refs/remotes/main [2ms]
2024-09-21 02:43:57.332 [info] > git status -z -uall [18ms]
2024-09-21 02:43:57.339 [info] > git for-each-ref --format=%(refname)%00%(upstream:short)%00%(objectname)%00%(upstream:track)%00%(upstream:remotename)%00%(upstream:remoteref) refs/heads/main refs/remotes/main [2ms]
2024-09-21 02:43:57.342 [info] > git config --local branch.main.vscode-merge-base [1ms]
2024-09-21 02:43:57.342 [warning] [Git][config] git config failed: Failed to execute git
2024-09-21 02:43:57.346 [info] > git reflog main --grep-reflog=branch: Created from *. [2ms]
2024-09-21 02:43:57.349 [info] > git symbolic-ref --short refs/remotes/origin/HEAD [1ms]
2024-09-21 02:43:57.349 [info] fatal: ref refs/remotes/origin/HEAD is not a symbolic ref
2024-09-21 02:44:02.348 [info] > git config --get commit.template [4ms]
2024-09-21 02:44:02.350 [info] > git for-each-ref --format=%(refname)%00%(upstream:short)%00%(objectname)%00%(upstream:track)%00%(upstream:remotename)%00%(upstream:remoteref) refs/heads/main refs/remotes/main [2ms]
2024-09-21 02:44:02.370 [info] > git status -z -uall [17ms]
2024-09-21 02:44:02.377 [info] > git for-each-ref --format=%(refname)%00%(upstream:short)%00%(objectname)%00%(upstream:track)%00%(upstream:remotename)%00%(upstream:remoteref) refs/heads/main refs/remotes/main [2ms]
2024-09-21 02:44:02.380 [info] > git config --local branch.main.vscode-merge-base [1ms]
2024-09-21 02:44:02.380 [warning] [Git][config] git config failed: Failed to execute git
2024-09-21 02:44:02.384 [info] > git reflog main --grep-reflog=branch: Created from *. [2ms]
2024-09-21 02:44:02.387 [info] > git symbolic-ref --short refs/remotes/origin/HEAD [1ms]
2024-09-21 02:44:02.387 [info] fatal: ref refs/remotes/origin/HEAD is not a symbolic ref
2024-09-21 02:44:07.386 [info] > git config --get commit.template [4ms]
2024-09-21 02:44:07.387 [info] > git for-each-ref --format=%(refname)%00%(upstream:short)%00%(objectname)%00%(upstream:track)%00%(upstream:remotename)%00%(upstream:remoteref) refs/heads/main refs/remotes/main [2ms]
2024-09-21 02:44:07.406 [info] > git status -z -uall [16ms]
2024-09-21 02:44:07.412 [info] > git for-each-ref --format=%(refname)%00%(upstream:short)%00%(objectname)%00%(upstream:track)%00%(upstream:remotename)%00%(upstream:remoteref) refs/heads/main refs/remotes/main [3ms]
2024-09-21 02:44:07.417 [info] > git config --local branch.main.vscode-merge-base [2ms]
2024-09-21 02:44:07.417 [warning] [Git][config] git config failed: Failed to execute git
2024-09-21 02:44:07.422 [info] > git reflog main --grep-reflog=branch: Created from *. [3ms]
2024-09-21 02:44:07.425 [info] > git symbolic-ref --short refs/remotes/origin/HEAD [1ms]
2024-09-21 02:44:07.426 [info] fatal: ref refs/remotes/origin/HEAD is not a symbolic ref
2024-09-21 02:44:12.420 [info] > git config --get commit.template [4ms]
2024-09-21 02:44:12.421 [info] > git for-each-ref --format=%(refname)%00%(upstream:short)%00%(objectname)%00%(upstream:track)%00%(upstream:remotename)%00%(upstream:remoteref) refs/heads/main refs/remotes/main [1ms]
2024-09-21 02:44:12.441 [info] > git status -z -uall [16ms]
2024-09-21 02:44:12.450 [info] > git for-each-ref --format=%(refname)%00%(upstream:short)%00%(objectname)%00%(upstream:track)%00%(upstream:remotename)%00%(upstream:remoteref) refs/heads/main refs/remotes/main [5ms]
2024-09-21 02:44:12.454 [info] > git config --local branch.main.vscode-merge-base [1ms]
2024-09-21 02:44:12.454 [warning] [Git][config] git config failed: Failed to execute git
2024-09-21 02:44:12.459 [info] > git reflog main --grep-reflog=branch: Created from *. [2ms]
2024-09-21 02:44:12.462 [info] > git symbolic-ref --short refs/remotes/origin/HEAD [1ms]
2024-09-21 02:44:12.462 [info] fatal: ref refs/remotes/origin/HEAD is not a symbolic ref
2024-09-21 02:44:17.460 [info] > git config --get commit.template [5ms]
2024-09-21 02:44:17.461 [info] > git for-each-ref --format=%(refname)%00%(upstream:short)%00%(objectname)%00%(upstream:track)%00%(upstream:remotename)%00%(upstream:remoteref) refs/heads/main refs/remotes/main [2ms]
2024-09-21 02:44:17.481 [info] > git status -z -uall [17ms]
2024-09-21 02:44:17.488 [info] > git for-each-ref --format=%(refname)%00%(upstream:short)%00%(objectname)%00%(upstream:track)%00%(upstream:remotename)%00%(upstream:remoteref) refs/heads/main refs/remotes/main [3ms]
2024-09-21 02:44:17.492 [info] > git config --local branch.main.vscode-merge-base [2ms]
2024-09-21 02:44:17.492 [warning] [Git][config] git config failed: Failed to execute git
2024-09-21 02:44:17.496 [info] > git reflog main --grep-reflog=branch: Created from *. [1ms]
2024-09-21 02:44:17.499 [info] > git symbolic-ref --short refs/remotes/origin/HEAD [1ms]
2024-09-21 02:44:17.499 [info] fatal: ref refs/remotes/origin/HEAD is not a symbolic ref
2024-09-21 02:44:22.498 [info] > git config --get commit.template [5ms]
2024-09-21 02:44:22.499 [info] > git for-each-ref --format=%(refname)%00%(upstream:short)%00%(objectname)%00%(upstream:track)%00%(upstream:remotename)%00%(upstream:remoteref) refs/heads/main refs/remotes/main [2ms]
2024-09-21 02:44:22.518 [info] > git status -z -uall [16ms]
2024-09-21 02:44:22.525 [info] > git for-each-ref --format=%(refname)%00%(upstream:short)%00%(objectname)%00%(upstream:track)%00%(upstream:remotename)%00%(upstream:remoteref) refs/heads/main refs/remotes/main [3ms]
2024-09-21 02:44:22.530 [info] > git config --local branch.main.vscode-merge-base [0ms]
2024-09-21 02:44:22.531 [warning] [Git][config] git config failed: Failed to execute git
2024-09-21 02:44:22.536 [info] > git reflog main --grep-reflog=branch: Created from *. [2ms]
2024-09-21 02:44:22.539 [info] > git symbolic-ref --short refs/remotes/origin/HEAD [1ms]
2024-09-21 02:44:22.539 [info] fatal: ref refs/remotes/origin/HEAD is not a symbolic ref
2024-09-21 02:44:27.536 [info] > git config --get commit.template [5ms]
2024-09-21 02:44:27.537 [info] > git for-each-ref --format=%(refname)%00%(upstream:short)%00%(objectname)%00%(upstream:track)%00%(upstream:remotename)%00%(upstream:remoteref) refs/heads/main refs/remotes/main [2ms]
2024-09-21 02:44:27.556 [info] > git status -z -uall [16ms]
2024-09-21 02:44:27.563 [info] > git for-each-ref --format=%(refname)%00%(upstream:short)%00%(objectname)%00%(upstream:track)%00%(upstream:remotename)%00%(upstream:remoteref) refs/heads/main refs/remotes/main [4ms]
2024-09-21 02:44:27.566 [info] > git config --local branch.main.vscode-merge-base [1ms]
2024-09-21 02:44:27.566 [warning] [Git][config] git config failed: Failed to execute git
2024-09-21 02:44:27.570 [info] > git reflog main --grep-reflog=branch: Created from *. [2ms]
2024-09-21 02:44:27.573 [info] > git symbolic-ref --short refs/remotes/origin/HEAD [1ms]
2024-09-21 02:44:27.573 [info] fatal: ref refs/remotes/origin/HEAD is not a symbolic ref
2024-09-21 02:44:32.572 [info] > git config --get commit.template [6ms]
2024-09-21 02:44:32.573 [info] > git for-each-ref --format=%(refname)%00%(upstream:short)%00%(objectname)%00%(upstream:track)%00%(upstream:remotename)%00%(upstream:remoteref) refs/heads/main refs/remotes/main [2ms]
2024-09-21 02:44:32.593 [info] > git status -z -uall [17ms]
2024-09-21 02:44:32.604 [info] > git for-each-ref --format=%(refname)%00%(upstream:short)%00%(objectname)%00%(upstream:track)%00%(upstream:remotename)%00%(upstream:remoteref) refs/heads/main refs/remotes/main [4ms]
2024-09-21 02:44:32.608 [info] > git config --local branch.main.vscode-merge-base [1ms]
2024-09-21 02:44:32.609 [warning] [Git][config] git config failed: Failed to execute git
2024-09-21 02:44:32.612 [info] > git reflog main --grep-reflog=branch: Created from *. [1ms]
2024-09-21 02:44:32.615 [info] > git symbolic-ref --short refs/remotes/origin/HEAD [1ms]
2024-09-21 02:44:32.615 [info] fatal: ref refs/remotes/origin/HEAD is not a symbolic ref
2024-09-21 02:44:37.610 [info] > git config --get commit.template [2ms]
2024-09-21 02:44:37.612 [info] > git for-each-ref --format=%(refname)%00%(upstream:short)%00%(objectname)%00%(upstream:track)%00%(upstream:remotename)%00%(upstream:remoteref) refs/heads/main refs/remotes/main [1ms]
2024-09-21 02:44:37.631 [info] > git status -z -uall [17ms]
2024-09-21 02:44:37.637 [info] > git for-each-ref --format=%(refname)%00%(upstream:short)%00%(objectname)%00%(upstream:track)%00%(upstream:remotename)%00%(upstream:remoteref) refs/heads/main refs/remotes/main [2ms]
2024-09-21 02:44:37.640 [info] > git config --local branch.main.vscode-merge-base [1ms]
2024-09-21 02:44:37.640 [warning] [Git][config] git config failed: Failed to execute git
2024-09-21 02:44:37.644 [info] > git reflog main --grep-reflog=branch: Created from *. [1ms]
2024-09-21 02:44:37.646 [info] > git symbolic-ref --short refs/remotes/origin/HEAD [1ms]
2024-09-21 02:44:37.646 [info] fatal: ref refs/remotes/origin/HEAD is not a symbolic ref
2024-09-21 02:44:42.646 [info] > git config --get commit.template [4ms]
2024-09-21 02:44:42.647 [info] > git for-each-ref --format=%(refname)%00%(upstream:short)%00%(objectname)%00%(upstream:track)%00%(upstream:remotename)%00%(upstream:remoteref) refs/heads/main refs/remotes/main [2ms]
2024-09-21 02:44:42.666 [info] > git status -z -uall [16ms]
2024-09-21 02:44:42.674 [info] > git for-each-ref --format=%(refname)%00%(upstream:short)%00%(objectname)%00%(upstream:track)%00%(upstream:remotename)%00%(upstream:remoteref) refs/heads/main refs/remotes/main [4ms]
2024-09-21 02:44:42.679 [info] > git config --local branch.main.vscode-merge-base [2ms]
2024-09-21 02:44:42.679 [warning] [Git][config] git config failed: Failed to execute git
2024-09-21 02:44:42.683 [info] > git reflog main --grep-reflog=branch: Created from *. [2ms]
2024-09-21 02:44:42.686 [info] > git symbolic-ref --short refs/remotes/origin/HEAD [1ms]
2024-09-21 02:44:42.686 [info] fatal: ref refs/remotes/origin/HEAD is not a symbolic ref
2024-09-21 02:44:47.682 [info] > git for-each-ref --format=%(refname)%00%(upstream:short)%00%(objectname)%00%(upstream:track)%00%(upstream:remotename)%00%(upstream:remoteref) refs/heads/main refs/remotes/main [2ms]
2024-09-21 02:44:47.684 [info] > git config --get commit.template [5ms]
2024-09-21 02:44:47.706 [info] > git status -z -uall [19ms]
2024-09-21 02:44:47.712 [info] > git for-each-ref --format=%(refname)%00%(upstream:short)%00%(objectname)%00%(upstream:track)%00%(upstream:remotename)%00%(upstream:remoteref) refs/heads/main refs/remotes/main [3ms]
2024-09-21 02:44:47.716 [info] > git config --local branch.main.vscode-merge-base [1ms]
2024-09-21 02:44:47.716 [warning] [Git][config] git config failed: Failed to execute git
2024-09-21 02:44:47.720 [info] > git reflog main --grep-reflog=branch: Created from *. [2ms]
2024-09-21 02:44:47.723 [info] > git symbolic-ref --short refs/remotes/origin/HEAD [1ms]
2024-09-21 02:44:47.723 [info] fatal: ref refs/remotes/origin/HEAD is not a symbolic ref
2024-09-21 02:44:52.721 [info] > git config --get commit.template [3ms]
2024-09-21 02:44:52.722 [info] > git for-each-ref --format=%(refname)%00%(upstream:short)%00%(objectname)%00%(upstream:track)%00%(upstream:remotename)%00%(upstream:remoteref) refs/heads/main refs/remotes/main [2ms]
2024-09-21 02:44:52.741 [info] > git status -z -uall [16ms]
2024-09-21 02:44:52.748 [info] > git for-each-ref --format=%(refname)%00%(upstream:short)%00%(objectname)%00%(upstream:track)%00%(upstream:remotename)%00%(upstream:remoteref) refs/heads/main refs/remotes/main [2ms]
2024-09-21 02:44:52.751 [info] > git config --local branch.main.vscode-merge-base [1ms]
2024-09-21 02:44:52.752 [warning] [Git][config] git config failed: Failed to execute git
2024-09-21 02:44:52.755 [info] > git reflog main --grep-reflog=branch: Created from *. [1ms]
2024-09-21 02:44:52.758 [info] > git symbolic-ref --short refs/remotes/origin/HEAD [1ms]
2024-09-21 02:44:52.758 [info] fatal: ref refs/remotes/origin/HEAD is not a symbolic ref
2024-09-21 02:44:57.758 [info] > git config --get commit.template [4ms]
2024-09-21 02:44:57.759 [info] > git for-each-ref --format=%(refname)%00%(upstream:short)%00%(objectname)%00%(upstream:track)%00%(upstream:remotename)%00%(upstream:remoteref) refs/heads/main refs/remotes/main [3ms]
2024-09-21 02:44:57.779 [info] > git status -z -uall [18ms]
2024-09-21 02:44:57.785 [info] > git for-each-ref --format=%(refname)%00%(upstream:short)%00%(objectname)%00%(upstream:track)%00%(upstream:remotename)%00%(upstream:remoteref) refs/heads/main refs/remotes/main [3ms]
2024-09-21 02:44:57.788 [info] > git config --local branch.main.vscode-merge-base [1ms]
2024-09-21 02:44:57.788 [warning] [Git][config] git config failed: Failed to execute git
2024-09-21 02:44:57.792 [info] > git reflog main --grep-reflog=branch: Created from *. [1ms]
2024-09-21 02:44:57.796 [info] > git symbolic-ref --short refs/remotes/origin/HEAD [2ms]
2024-09-21 02:44:57.796 [info] fatal: ref refs/remotes/origin/HEAD is not a symbolic ref
2024-09-21 02:45:02.792 [info] > git config --get commit.template [3ms]
2024-09-21 02:45:02.793 [info] > git for-each-ref --format=%(refname)%00%(upstream:short)%00%(objectname)%00%(upstream:track)%00%(upstream:remotename)%00%(upstream:remoteref) refs/heads/main refs/remotes/main [1ms]
2024-09-21 02:45:02.813 [info] > git status -z -uall [17ms]
2024-09-21 02:45:02.819 [info] > git for-each-ref --format=%(refname)%00%(upstream:short)%00%(objectname)%00%(upstream:track)%00%(upstream:remotename)%00%(upstream:remoteref) refs/heads/main refs/remotes/main [2ms]
2024-09-21 02:45:02.822 [info] > git config --local branch.main.vscode-merge-base [1ms]
2024-09-21 02:45:02.823 [warning] [Git][config] git config failed: Failed to execute git
2024-09-21 02:45:02.826 [info] > git reflog main --grep-reflog=branch: Created from *. [1ms]
2024-09-21 02:45:02.830 [info] > git symbolic-ref --short refs/remotes/origin/HEAD [2ms]
2024-09-21 02:45:02.830 [info] fatal: ref refs/remotes/origin/HEAD is not a symbolic ref
2024-09-21 02:47:52.747 [info] > git config --get commit.template [5ms]
2024-09-21 02:47:52.748 [info] > git for-each-ref --format=%(refname)%00%(upstream:short)%00%(objectname)%00%(upstream:track)%00%(upstream:remotename)%00%(upstream:remoteref) refs/heads/main refs/remotes/main [2ms]
2024-09-21 02:47:52.768 [info] > git status -z -uall [18ms]
2024-09-21 02:47:52.777 [info] > git for-each-ref --format=%(refname)%00%(upstream:short)%00%(objectname)%00%(upstream:track)%00%(upstream:remotename)%00%(upstream:remoteref) refs/heads/main refs/remotes/main [4ms]
2024-09-21 02:47:52.781 [info] > git config --local branch.main.vscode-merge-base [1ms]
2024-09-21 02:47:52.781 [warning] [Git][config] git config failed: Failed to execute git
2024-09-21 02:47:52.786 [info] > git reflog main --grep-reflog=branch: Created from *. [1ms]
2024-09-21 02:47:52.789 [info] > git symbolic-ref --short refs/remotes/origin/HEAD [1ms]
2024-09-21 02:47:52.789 [info] fatal: ref refs/remotes/origin/HEAD is not a symbolic ref
2024-09-21 02:47:57.787 [info] > git config --get commit.template [5ms]
2024-09-21 02:47:57.788 [info] > git for-each-ref --format=%(refname)%00%(upstream:short)%00%(objectname)%00%(upstream:track)%00%(upstream:remotename)%00%(upstream:remoteref) refs/heads/main refs/remotes/main [2ms]
2024-09-21 02:47:57.808 [info] > git status -z -uall [17ms]
2024-09-21 02:47:57.814 [info] > git for-each-ref --format=%(refname)%00%(upstream:short)%00%(objectname)%00%(upstream:track)%00%(upstream:remotename)%00%(upstream:remoteref) refs/heads/main refs/remotes/main [2ms]
2024-09-21 02:47:57.818 [info] > git config --local branch.main.vscode-merge-base [1ms]
2024-09-21 02:47:57.818 [warning] [Git][config] git config failed: Failed to execute git
2024-09-21 02:47:57.822 [info] > git reflog main --grep-reflog=branch: Created from *. [2ms]
2024-09-21 02:47:57.825 [info] > git symbolic-ref --short refs/remotes/origin/HEAD [1ms]
2024-09-21 02:47:57.825 [info] fatal: ref refs/remotes/origin/HEAD is not a symbolic ref
2024-09-21 02:48:02.824 [info] > git config --get commit.template [4ms]
2024-09-21 02:48:02.825 [info] > git for-each-ref --format=%(refname)%00%(upstream:short)%00%(objectname)%00%(upstream:track)%00%(upstream:remotename)%00%(upstream:remoteref) refs/heads/main refs/remotes/main [1ms]
2024-09-21 02:48:02.847 [info] > git status -z -uall [18ms]
2024-09-21 02:48:02.852 [info] > git for-each-ref --format=%(refname)%00%(upstream:short)%00%(objectname)%00%(upstream:track)%00%(upstream:remotename)%00%(upstream:remoteref) refs/heads/main refs/remotes/main [2ms]
2024-09-21 02:48:02.856 [info] > git config --local branch.main.vscode-merge-base [1ms]
2024-09-21 02:48:02.856 [warning] [Git][config] git config failed: Failed to execute git
2024-09-21 02:48:02.861 [info] > git reflog main --grep-reflog=branch: Created from *. [1ms]
2024-09-21 02:48:02.864 [info] > git symbolic-ref --short refs/remotes/origin/HEAD [1ms]
2024-09-21 02:48:02.864 [info] fatal: ref refs/remotes/origin/HEAD is not a symbolic ref
2024-09-21 02:48:07.860 [info] > git config --get commit.template [3ms]
2024-09-21 02:48:07.861 [info] > git for-each-ref --format=%(refname)%00%(upstream:short)%00%(objectname)%00%(upstream:track)%00%(upstream:remotename)%00%(upstream:remoteref) refs/heads/main refs/remotes/main [2ms]
2024-09-21 02:48:07.881 [info] > git status -z -uall [17ms]
2024-09-21 02:48:07.886 [info] > git for-each-ref --format=%(refname)%00%(upstream:short)%00%(objectname)%00%(upstream:track)%00%(upstream:remotename)%00%(upstream:remoteref) refs/heads/main refs/remotes/main [1ms]
2024-09-21 02:48:07.890 [info] > git config --local branch.main.vscode-merge-base [1ms]
2024-09-21 02:48:07.890 [warning] [Git][config] git config failed: Failed to execute git
2024-09-21 02:48:07.894 [info] > git reflog main --grep-reflog=branch: Created from *. [1ms]
2024-09-21 02:48:07.898 [info] > git symbolic-ref --short refs/remotes/origin/HEAD [2ms]
2024-09-21 02:48:07.898 [info] fatal: ref refs/remotes/origin/HEAD is not a symbolic ref
2024-09-21 02:48:12.894 [info] > git config --get commit.template [3ms]
2024-09-21 02:48:12.895 [info] > git for-each-ref --format=%(refname)%00%(upstream:short)%00%(objectname)%00%(upstream:track)%00%(upstream:remotename)%00%(upstream:remoteref) refs/heads/main refs/remotes/main [2ms]
2024-09-21 02:48:12.916 [info] > git status -z -uall [17ms]
2024-09-21 02:48:12.921 [info] > git for-each-ref --format=%(refname)%00%(upstream:short)%00%(objectname)%00%(upstream:track)%00%(upstream:remotename)%00%(upstream:remoteref) refs/heads/main refs/remotes/main [2ms]
2024-09-21 02:48:12.925 [info] > git config --local branch.main.vscode-merge-base [2ms]
2024-09-21 02:48:12.925 [warning] [Git][config] git config failed: Failed to execute git
2024-09-21 02:48:12.930 [info] > git reflog main --grep-reflog=branch: Created from *. [3ms]
2024-09-21 02:48:12.933 [info] > git symbolic-ref --short refs/remotes/origin/HEAD [1ms]
2024-09-21 02:48:12.933 [info] fatal: ref refs/remotes/origin/HEAD is not a symbolic ref
2024-09-21 02:48:17.932 [info] > git config --get commit.template [6ms]
2024-09-21 02:48:17.932 [info] > git for-each-ref --format=%(refname)%00%(upstream:short)%00%(objectname)%00%(upstream:track)%00%(upstream:remotename)%00%(upstream:remoteref) refs/heads/main refs/remotes/main [2ms]
2024-09-21 02:48:17.952 [info] > git status -z -uall [17ms]
2024-09-21 02:48:17.957 [info] > git for-each-ref --format=%(refname)%00%(upstream:short)%00%(objectname)%00%(upstream:track)%00%(upstream:remotename)%00%(upstream:remoteref) refs/heads/main refs/remotes/main [2ms]
2024-09-21 02:48:17.961 [info] > git config --local branch.main.vscode-merge-base [1ms]
2024-09-21 02:48:17.961 [warning] [Git][config] git config failed: Failed to execute git
2024-09-21 02:48:17.965 [info] > git reflog main --grep-reflog=branch: Created from *. [2ms]
2024-09-21 02:48:17.968 [info] > git symbolic-ref --short refs/remotes/origin/HEAD [1ms]
2024-09-21 02:48:17.968 [info] fatal: ref refs/remotes/origin/HEAD is not a symbolic ref
2024-09-21 02:48:22.968 [info] > git config --get commit.template [6ms]
2024-09-21 02:48:22.969 [info] > git for-each-ref --format=%(refname)%00%(upstream:short)%00%(objectname)%00%(upstream:track)%00%(upstream:remotename)%00%(upstream:remoteref) refs/heads/main refs/remotes/main [2ms]
2024-09-21 02:48:22.988 [info] > git status -z -uall [17ms]
2024-09-21 02:48:22.993 [info] > git for-each-ref --format=%(refname)%00%(upstream:short)%00%(objectname)%00%(upstream:track)%00%(upstream:remotename)%00%(upstream:remoteref) refs/heads/main refs/remotes/main [2ms]
2024-09-21 02:48:22.997 [info] > git config --local branch.main.vscode-merge-base [1ms]
2024-09-21 02:48:22.997 [warning] [Git][config] git config failed: Failed to execute git
2024-09-21 02:48:23.000 [info] > git reflog main --grep-reflog=branch: Created from *. [1ms]
2024-09-21 02:48:23.003 [info] > git symbolic-ref --short refs/remotes/origin/HEAD [1ms]
2024-09-21 02:48:23.003 [info] fatal: ref refs/remotes/origin/HEAD is not a symbolic ref
2024-09-21 02:48:28.000 [info] > git config --get commit.template [2ms]
2024-09-21 02:48:28.004 [info] > git for-each-ref --format=%(refname)%00%(upstream:short)%00%(objectname)%00%(upstream:track)%00%(upstream:remotename)%00%(upstream:remoteref) refs/heads/main refs/remotes/main [2ms]
2024-09-21 02:48:28.023 [info] > git status -z -uall [17ms]
2024-09-21 02:48:28.028 [info] > git for-each-ref --format=%(refname)%00%(upstream:short)%00%(objectname)%00%(upstream:track)%00%(upstream:remotename)%00%(upstream:remoteref) refs/heads/main refs/remotes/main [2ms]
2024-09-21 02:48:28.032 [info] > git config --local branch.main.vscode-merge-base [2ms]
2024-09-21 02:48:28.032 [warning] [Git][config] git config failed: Failed to execute git
2024-09-21 02:48:28.035 [info] > git reflog main --grep-reflog=branch: Created from *. [1ms]
2024-09-21 02:48:28.039 [info] > git symbolic-ref --short refs/remotes/origin/HEAD [1ms]
2024-09-21 02:48:28.039 [info] fatal: ref refs/remotes/origin/HEAD is not a symbolic ref
2024-09-21 02:48:33.036 [info] > git config --get commit.template [3ms]
2024-09-21 02:48:33.038 [info] > git for-each-ref --format=%(refname)%00%(upstream:short)%00%(objectname)%00%(upstream:track)%00%(upstream:remotename)%00%(upstream:remoteref) refs/heads/main refs/remotes/main [1ms]
2024-09-21 02:48:33.058 [info] > git status -z -uall [18ms]
2024-09-21 02:48:33.064 [info] > git for-each-ref --format=%(refname)%00%(upstream:short)%00%(objectname)%00%(upstream:track)%00%(upstream:remotename)%00%(upstream:remoteref) refs/heads/main refs/remotes/main [2ms]
2024-09-21 02:48:33.069 [info] > git config --local branch.main.vscode-merge-base [1ms]
2024-09-21 02:48:33.069 [warning] [Git][config] git config failed: Failed to execute git
2024-09-21 02:48:33.074 [info] > git reflog main --grep-reflog=branch: Created from *. [1ms]
2024-09-21 02:48:33.077 [info] > git symbolic-ref --short refs/remotes/origin/HEAD [1ms]
2024-09-21 02:48:33.077 [info] fatal: ref refs/remotes/origin/HEAD is not a symbolic ref
2024-09-21 02:48:38.071 [info] > git config --get commit.template [3ms]
2024-09-21 02:48:38.073 [info] > git for-each-ref --format=%(refname)%00%(upstream:short)%00%(objectname)%00%(upstream:track)%00%(upstream:remotename)%00%(upstream:remoteref) refs/heads/main refs/remotes/main [2ms]
2024-09-21 02:48:38.092 [info] > git status -z -uall [16ms]
2024-09-21 02:48:38.098 [info] > git for-each-ref --format=%(refname)%00%(upstream:short)%00%(objectname)%00%(upstream:track)%00%(upstream:remotename)%00%(upstream:remoteref) refs/heads/main refs/remotes/main [3ms]
2024-09-21 02:48:38.103 [info] > git config --local branch.main.vscode-merge-base [1ms]
2024-09-21 02:48:38.103 [warning] [Git][config] git config failed: Failed to execute git
2024-09-21 02:48:38.107 [info] > git reflog main --grep-reflog=branch: Created from *. [1ms]
2024-09-21 02:48:38.110 [info] > git symbolic-ref --short refs/remotes/origin/HEAD [1ms]
2024-09-21 02:48:38.110 [info] fatal: ref refs/remotes/origin/HEAD is not a symbolic ref
2024-09-21 02:48:43.110 [info] > git config --get commit.template [5ms]
2024-09-21 02:48:43.111 [info] > git for-each-ref --format=%(refname)%00%(upstream:short)%00%(objectname)%00%(upstream:track)%00%(upstream:remotename)%00%(upstream:remoteref) refs/heads/main refs/remotes/main [2ms]
2024-09-21 02:48:43.131 [info] > git status -z -uall [18ms]
2024-09-21 02:48:43.138 [info] > git for-each-ref --format=%(refname)%00%(upstream:short)%00%(objectname)%00%(upstream:track)%00%(upstream:remotename)%00%(upstream:remoteref) refs/heads/main refs/remotes/main [3ms]
2024-09-21 02:48:43.142 [info] > git config --local branch.main.vscode-merge-base [1ms]
2024-09-21 02:48:43.142 [warning] [Git][config] git config failed: Failed to execute git
2024-09-21 02:48:43.146 [info] > git reflog main --grep-reflog=branch: Created from *. [1ms]
2024-09-21 02:48:43.149 [info] > git symbolic-ref --short refs/remotes/origin/HEAD [1ms]
2024-09-21 02:48:43.149 [info] fatal: ref refs/remotes/origin/HEAD is not a symbolic ref
2024-09-21 02:48:48.147 [info] > git config --get commit.template [4ms]
2024-09-21 02:48:48.149 [info] > git for-each-ref --format=%(refname)%00%(upstream:short)%00%(objectname)%00%(upstream:track)%00%(upstream:remotename)%00%(upstream:remoteref) refs/heads/main refs/remotes/main [3ms]
2024-09-21 02:48:48.170 [info] > git status -z -uall [18ms]
2024-09-21 02:48:48.176 [info] > git for-each-ref --format=%(refname)%00%(upstream:short)%00%(objectname)%00%(upstream:track)%00%(upstream:remotename)%00%(upstream:remoteref) refs/heads/main refs/remotes/main [3ms]
2024-09-21 02:48:48.180 [info] > git config --local branch.main.vscode-merge-base [1ms]
2024-09-21 02:48:48.180 [warning] [Git][config] git config failed: Failed to execute git
2024-09-21 02:48:48.184 [info] > git reflog main --grep-reflog=branch: Created from *. [2ms]
2024-09-21 02:48:48.188 [info] > git symbolic-ref --short refs/remotes/origin/HEAD [1ms]
2024-09-21 02:48:48.188 [info] fatal: ref refs/remotes/origin/HEAD is not a symbolic ref
2024-09-21 02:48:53.186 [info] > git config --get commit.template [3ms]
2024-09-21 02:48:53.187 [info] > git for-each-ref --format=%(refname)%00%(upstream:short)%00%(objectname)%00%(upstream:track)%00%(upstream:remotename)%00%(upstream:remoteref) refs/heads/main refs/remotes/main [2ms]
2024-09-21 02:48:53.207 [info] > git status -z -uall [17ms]
2024-09-21 02:48:53.213 [info] > git for-each-ref --format=%(refname)%00%(upstream:short)%00%(objectname)%00%(upstream:track)%00%(upstream:remotename)%00%(upstream:remoteref) refs/heads/main refs/remotes/main [2ms]
2024-09-21 02:48:53.217 [info] > git config --local branch.main.vscode-merge-base [1ms]
2024-09-21 02:48:53.217 [warning] [Git][config] git config failed: Failed to execute git
2024-09-21 02:48:53.221 [info] > git reflog main --grep-reflog=branch: Created from *. [2ms]
2024-09-21 02:48:53.224 [info] > git symbolic-ref --short refs/remotes/origin/HEAD [1ms]
2024-09-21 02:48:53.224 [info] fatal: ref refs/remotes/origin/HEAD is not a symbolic ref
2024-09-21 02:48:58.220 [info] > git config --get commit.template [3ms]
2024-09-21 02:48:58.221 [info] > git for-each-ref --format=%(refname)%00%(upstream:short)%00%(objectname)%00%(upstream:track)%00%(upstream:remotename)%00%(upstream:remoteref) refs/heads/main refs/remotes/main [2ms]
2024-09-21 02:48:58.242 [info] > git status -z -uall [17ms]
2024-09-21 02:48:58.249 [info] > git for-each-ref --format=%(refname)%00%(upstream:short)%00%(objectname)%00%(upstream:track)%00%(upstream:remotename)%00%(upstream:remoteref) refs/heads/main refs/remotes/main [4ms]
2024-09-21 02:48:58.253 [info] > git config --local branch.main.vscode-merge-base [1ms]
2024-09-21 02:48:58.253 [warning] [Git][config] git config failed: Failed to execute git
2024-09-21 02:48:58.257 [info] > git reflog main --grep-reflog=branch: Created from *. [2ms]
2024-09-21 02:48:58.260 [info] > git symbolic-ref --short refs/remotes/origin/HEAD [1ms]
2024-09-21 02:48:58.260 [info] fatal: ref refs/remotes/origin/HEAD is not a symbolic ref
2024-09-21 02:49:03.258 [info] > git config --get commit.template [3ms]
2024-09-21 02:49:03.258 [info] > git for-each-ref --format=%(refname)%00%(upstream:short)%00%(objectname)%00%(upstream:track)%00%(upstream:remotename)%00%(upstream:remoteref) refs/heads/main refs/remotes/main [1ms]
2024-09-21 02:49:03.278 [info] > git status -z -uall [17ms]
2024-09-21 02:49:03.284 [info] > git for-each-ref --format=%(refname)%00%(upstream:short)%00%(objectname)%00%(upstream:track)%00%(upstream:remotename)%00%(upstream:remoteref) refs/heads/main refs/remotes/main [3ms]
2024-09-21 02:49:03.289 [info] > git config --local branch.main.vscode-merge-base [2ms]
2024-09-21 02:49:03.289 [warning] [Git][config] git config failed: Failed to execute git
2024-09-21 02:49:03.292 [info] > git reflog main --grep-reflog=branch: Created from *. [1ms]
2024-09-21 02:49:03.295 [info] > git symbolic-ref --short refs/remotes/origin/HEAD [1ms]
2024-09-21 02:49:03.295 [info] fatal: ref refs/remotes/origin/HEAD is not a symbolic ref
2024-09-21 02:49:08.292 [info] > git config --get commit.template [3ms]
2024-09-21 02:49:08.294 [info] > git for-each-ref --format=%(refname)%00%(upstream:short)%00%(objectname)%00%(upstream:track)%00%(upstream:remotename)%00%(upstream:remoteref) refs/heads/main refs/remotes/main [3ms]
2024-09-21 02:49:08.313 [info] > git status -z -uall [17ms]
2024-09-21 02:49:08.319 [info] > git for-each-ref --format=%(refname)%00%(upstream:short)%00%(objectname)%00%(upstream:track)%00%(upstream:remotename)%00%(upstream:remoteref) refs/heads/main refs/remotes/main [3ms]
2024-09-21 02:49:08.323 [info] > git config --local branch.main.vscode-merge-base [1ms]
2024-09-21 02:49:08.323 [warning] [Git][config] git config failed: Failed to execute git
2024-09-21 02:49:08.327 [info] > git reflog main --grep-reflog=branch: Created from *. [1ms]
2024-09-21 02:49:08.330 [info] > git symbolic-ref --short refs/remotes/origin/HEAD [2ms]
2024-09-21 02:49:08.330 [info] fatal: ref refs/remotes/origin/HEAD is not a symbolic ref
2024-09-21 02:49:13.327 [info] > git config --get commit.template [4ms]
2024-09-21 02:49:13.328 [info] > git for-each-ref --format=%(refname)%00%(upstream:short)%00%(objectname)%00%(upstream:track)%00%(upstream:remotename)%00%(upstream:remoteref) refs/heads/main refs/remotes/main [2ms]
2024-09-21 02:49:13.347 [info] > git status -z -uall [16ms]
2024-09-21 02:49:13.353 [info] > git for-each-ref --format=%(refname)%00%(upstream:short)%00%(objectname)%00%(upstream:track)%00%(upstream:remotename)%00%(upstream:remoteref) refs/heads/main refs/remotes/main [3ms]
2024-09-21 02:49:13.357 [info] > git config --local branch.main.vscode-merge-base [1ms]
2024-09-21 02:49:13.357 [warning] [Git][config] git config failed: Failed to execute git
2024-09-21 02:49:13.361 [info] > git reflog main --grep-reflog=branch: Created from *. [2ms]
2024-09-21 02:49:13.364 [info] > git symbolic-ref --short refs/remotes/origin/HEAD [1ms]
2024-09-21 02:49:13.364 [info] fatal: ref refs/remotes/origin/HEAD is not a symbolic ref
2024-09-21 02:49:18.365 [info] > git config --get commit.template [6ms]
2024-09-21 02:49:18.366 [info] > git for-each-ref --format=%(refname)%00%(upstream:short)%00%(objectname)%00%(upstream:track)%00%(upstream:remotename)%00%(upstream:remoteref) refs/heads/main refs/remotes/main [2ms]
2024-09-21 02:49:18.385 [info] > git status -z -uall [17ms]
2024-09-21 02:49:18.391 [info] > git for-each-ref --format=%(refname)%00%(upstream:short)%00%(objectname)%00%(upstream:track)%00%(upstream:remotename)%00%(upstream:remoteref) refs/heads/main refs/remotes/main [3ms]
2024-09-21 02:49:18.395 [info] > git config --local branch.main.vscode-merge-base [1ms]
2024-09-21 02:49:18.395 [warning] [Git][config] git config failed: Failed to execute git
2024-09-21 02:49:18.399 [info] > git reflog main --grep-reflog=branch: Created from *. [2ms]
2024-09-21 02:49:18.402 [info] > git symbolic-ref --short refs/remotes/origin/HEAD [1ms]
2024-09-21 02:49:18.402 [info] fatal: ref refs/remotes/origin/HEAD is not a symbolic ref
2024-09-21 02:49:23.401 [info] > git config --get commit.template [3ms]
2024-09-21 02:49:23.402 [info] > git for-each-ref --format=%(refname)%00%(upstream:short)%00%(objectname)%00%(upstream:track)%00%(upstream:remotename)%00%(upstream:remoteref) refs/heads/main refs/remotes/main [2ms]
2024-09-21 02:49:23.421 [info] > git status -z -uall [17ms]
2024-09-21 02:49:23.427 [info] > git for-each-ref --format=%(refname)%00%(upstream:short)%00%(objectname)%00%(upstream:track)%00%(upstream:remotename)%00%(upstream:remoteref) refs/heads/main refs/remotes/main [2ms]
2024-09-21 02:49:23.431 [info] > git config --local branch.main.vscode-merge-base [1ms]
2024-09-21 02:49:23.431 [warning] [Git][config] git config failed: Failed to execute git
2024-09-21 02:49:23.435 [info] > git reflog main --grep-reflog=branch: Created from *. [2ms]
2024-09-21 02:49:23.438 [info] > git symbolic-ref --short refs/remotes/origin/HEAD [1ms]
2024-09-21 02:49:23.438 [info] fatal: ref refs/remotes/origin/HEAD is not a symbolic ref
2024-09-21 02:49:28.436 [info] > git config --get commit.template [4ms]
2024-09-21 02:49:28.437 [info] > git for-each-ref --format=%(refname)%00%(upstream:short)%00%(objectname)%00%(upstream:track)%00%(upstream:remotename)%00%(upstream:remoteref) refs/heads/main refs/remotes/main [2ms]
2024-09-21 02:49:28.456 [info] > git status -z -uall [17ms]
2024-09-21 02:49:28.464 [info] > git for-each-ref --format=%(refname)%00%(upstream:short)%00%(objectname)%00%(upstream:track)%00%(upstream:remotename)%00%(upstream:remoteref) refs/heads/main refs/remotes/main [4ms]
2024-09-21 02:49:28.468 [info] > git config --local branch.main.vscode-merge-base [1ms]
2024-09-21 02:49:28.468 [warning] [Git][config] git config failed: Failed to execute git
2024-09-21 02:49:28.472 [info] > git reflog main --grep-reflog=branch: Created from *. [2ms]
2024-09-21 02:49:28.475 [info] > git symbolic-ref --short refs/remotes/origin/HEAD [1ms]
2024-09-21 02:49:28.475 [info] fatal: ref refs/remotes/origin/HEAD is not a symbolic ref
2024-09-21 02:49:33.471 [info] > git config --get commit.template [4ms]
2024-09-21 02:49:33.472 [info] > git for-each-ref --format=%(refname)%00%(upstream:short)%00%(objectname)%00%(upstream:track)%00%(upstream:remotename)%00%(upstream:remoteref) refs/heads/main refs/remotes/main [2ms]
2024-09-21 02:49:33.492 [info] > git status -z -uall [17ms]
2024-09-21 02:49:33.498 [info] > git for-each-ref --format=%(refname)%00%(upstream:short)%00%(objectname)%00%(upstream:track)%00%(upstream:remotename)%00%(upstream:remoteref) refs/heads/main refs/remotes/main [3ms]
2024-09-21 02:49:33.501 [info] > git config --local branch.main.vscode-merge-base [1ms]
2024-09-21 02:49:33.501 [warning] [Git][config] git config failed: Failed to execute git
2024-09-21 02:49:33.505 [info] > git reflog main --grep-reflog=branch: Created from *. [1ms]
2024-09-21 02:49:33.508 [info] > git symbolic-ref --short refs/remotes/origin/HEAD [1ms]
2024-09-21 02:49:33.508 [info] fatal: ref refs/remotes/origin/HEAD is not a symbolic ref
2024-09-21 02:49:38.505 [info] > git config --get commit.template [4ms]
2024-09-21 02:49:38.506 [info] > git for-each-ref --format=%(refname)%00%(upstream:short)%00%(objectname)%00%(upstream:track)%00%(upstream:remotename)%00%(upstream:remoteref) refs/heads/main refs/remotes/main [2ms]
2024-09-21 02:49:38.526 [info] > git status -z -uall [17ms]
2024-09-21 02:49:38.533 [info] > git for-each-ref --format=%(refname)%00%(upstream:short)%00%(objectname)%00%(upstream:track)%00%(upstream:remotename)%00%(upstream:remoteref) refs/heads/main refs/remotes/main [3ms]
2024-09-21 02:49:38.537 [info] > git config --local branch.main.vscode-merge-base [1ms]
2024-09-21 02:49:38.537 [warning] [Git][config] git config failed: Failed to execute git
2024-09-21 02:49:38.542 [info] > git reflog main --grep-reflog=branch: Created from *. [2ms]
2024-09-21 02:49:38.545 [info] > git symbolic-ref --short refs/remotes/origin/HEAD [1ms]
2024-09-21 02:49:38.545 [info] fatal: ref refs/remotes/origin/HEAD is not a symbolic ref
2024-09-21 02:49:43.542 [info] > git config --get commit.template [4ms]
2024-09-21 02:49:43.544 [info] > git for-each-ref --format=%(refname)%00%(upstream:short)%00%(objectname)%00%(upstream:track)%00%(upstream:remotename)%00%(upstream:remoteref) refs/heads/main refs/remotes/main [4ms]
2024-09-21 02:49:43.565 [info] > git status -z -uall [17ms]
2024-09-21 02:49:43.572 [info] > git for-each-ref --format=%(refname)%00%(upstream:short)%00%(objectname)%00%(upstream:track)%00%(upstream:remotename)%00%(upstream:remoteref) refs/heads/main refs/remotes/main [3ms]
2024-09-21 02:49:43.576 [info] > git config --local branch.main.vscode-merge-base [1ms]
2024-09-21 02:49:43.576 [warning] [Git][config] git config failed: Failed to execute git
2024-09-21 02:49:43.580 [info] > git reflog main --grep-reflog=branch: Created from *. [2ms]
2024-09-21 02:49:43.583 [info] > git symbolic-ref --short refs/remotes/origin/HEAD [1ms]
2024-09-21 02:49:43.583 [info] fatal: ref refs/remotes/origin/HEAD is not a symbolic ref
2024-09-21 02:49:48.579 [info] > git config --get commit.template [3ms]
2024-09-21 02:49:48.581 [info] > git for-each-ref --format=%(refname)%00%(upstream:short)%00%(objectname)%00%(upstream:track)%00%(upstream:remotename)%00%(upstream:remoteref) refs/heads/main refs/remotes/main [1ms]
2024-09-21 02:49:48.600 [info] > git status -z -uall [17ms]
2024-09-21 02:49:48.605 [info] > git for-each-ref --format=%(refname)%00%(upstream:short)%00%(objectname)%00%(upstream:track)%00%(upstream:remotename)%00%(upstream:remoteref) refs/heads/main refs/remotes/main [2ms]
2024-09-21 02:49:48.609 [info] > git config --local branch.main.vscode-merge-base [1ms]
2024-09-21 02:49:48.609 [warning] [Git][config] git config failed: Failed to execute git
2024-09-21 02:49:48.613 [info] > git reflog main --grep-reflog=branch: Created from *. [2ms]
2024-09-21 02:49:48.616 [info] > git symbolic-ref --short refs/remotes/origin/HEAD [1ms]
2024-09-21 02:49:48.616 [info] fatal: ref refs/remotes/origin/HEAD is not a symbolic ref
2024-09-21 02:49:53.613 [info] > git config --get commit.template [3ms]
2024-09-21 02:49:53.614 [info] > git for-each-ref --format=%(refname)%00%(upstream:short)%00%(objectname)%00%(upstream:track)%00%(upstream:remotename)%00%(upstream:remoteref) refs/heads/main refs/remotes/main [2ms]
2024-09-21 02:49:53.636 [info] > git status -z -uall [19ms]
2024-09-21 02:49:53.644 [info] > git for-each-ref --format=%(refname)%00%(upstream:short)%00%(objectname)%00%(upstream:track)%00%(upstream:remotename)%00%(upstream:remoteref) refs/heads/main refs/remotes/main [4ms]
2024-09-21 02:49:53.648 [info] > git config --local branch.main.vscode-merge-base [1ms]
2024-09-21 02:49:53.648 [warning] [Git][config] git config failed: Failed to execute git
2024-09-21 02:49:53.652 [info] > git reflog main --grep-reflog=branch: Created from *. [2ms]
2024-09-21 02:49:53.656 [info] > git symbolic-ref --short refs/remotes/origin/HEAD [1ms]
2024-09-21 02:49:53.656 [info] fatal: ref refs/remotes/origin/HEAD is not a symbolic ref
2024-09-21 02:49:58.651 [info] > git config --get commit.template [3ms]
2024-09-21 02:49:58.652 [info] > git for-each-ref --format=%(refname)%00%(upstream:short)%00%(objectname)%00%(upstream:track)%00%(upstream:remotename)%00%(upstream:remoteref) refs/heads/main refs/remotes/main [1ms]
2024-09-21 02:49:58.675 [info] > git status -z -uall [20ms]
2024-09-21 02:49:58.681 [info] > git for-each-ref --format=%(refname)%00%(upstream:short)%00%(objectname)%00%(upstream:track)%00%(upstream:remotename)%00%(upstream:remoteref) refs/heads/main refs/remotes/main [3ms]
2024-09-21 02:49:58.685 [info] > git config --local branch.main.vscode-merge-base [2ms]
2024-09-21 02:49:58.685 [warning] [Git][config] git config failed: Failed to execute git
2024-09-21 02:49:58.689 [info] > git reflog main --grep-reflog=branch: Created from *. [2ms]
2024-09-21 02:49:58.692 [info] > git symbolic-ref --short refs/remotes/origin/HEAD [1ms]
2024-09-21 02:49:58.692 [info] fatal: ref refs/remotes/origin/HEAD is not a symbolic ref
2024-09-21 02:50:03.688 [info] > git config --get commit.template [3ms]
2024-09-21 02:50:03.689 [info] > git for-each-ref --format=%(refname)%00%(upstream:short)%00%(objectname)%00%(upstream:track)%00%(upstream:remotename)%00%(upstream:remoteref) refs/heads/main refs/remotes/main [2ms]
2024-09-21 02:50:03.709 [info] > git status -z -uall [17ms]
2024-09-21 02:50:03.715 [info] > git for-each-ref --format=%(refname)%00%(upstream:short)%00%(objectname)%00%(upstream:track)%00%(upstream:remotename)%00%(upstream:remoteref) refs/heads/main refs/remotes/main [3ms]
2024-09-21 02:50:03.719 [info] > git config --local branch.main.vscode-merge-base [1ms]
2024-09-21 02:50:03.719 [warning] [Git][config] git config failed: Failed to execute git
2024-09-21 02:50:03.723 [info] > git reflog main --grep-reflog=branch: Created from *. [2ms]
2024-09-21 02:50:03.726 [info] > git symbolic-ref --short refs/remotes/origin/HEAD [1ms]
2024-09-21 02:50:03.726 [info] fatal: ref refs/remotes/origin/HEAD is not a symbolic ref
2024-09-21 02:50:08.723 [info] > git config --get commit.template [3ms]
2024-09-21 02:50:08.725 [info] > git for-each-ref --format=%(refname)%00%(upstream:short)%00%(objectname)%00%(upstream:track)%00%(upstream:remotename)%00%(upstream:remoteref) refs/heads/main refs/remotes/main [1ms]
2024-09-21 02:50:08.746 [info] > git status -z -uall [18ms]
2024-09-21 02:50:08.755 [info] > git for-each-ref --format=%(refname)%00%(upstream:short)%00%(objectname)%00%(upstream:track)%00%(upstream:remotename)%00%(upstream:remoteref) refs/heads/main refs/remotes/main [5ms]
2024-09-21 02:50:08.760 [info] > git config --local branch.main.vscode-merge-base [1ms]
2024-09-21 02:50:08.760 [warning] [Git][config] git config failed: Failed to execute git
2024-09-21 02:50:08.764 [info] > git reflog main --grep-reflog=branch: Created from *. [2ms]
2024-09-21 02:50:08.768 [info] > git symbolic-ref --short refs/remotes/origin/HEAD [1ms]
2024-09-21 02:50:08.768 [info] fatal: ref refs/remotes/origin/HEAD is not a symbolic ref
2024-09-21 02:50:13.763 [info] > git config --get commit.template [3ms]
2024-09-21 02:50:13.764 [info] > git for-each-ref --format=%(refname)%00%(upstream:short)%00%(objectname)%00%(upstream:track)%00%(upstream:remotename)%00%(upstream:remoteref) refs/heads/main refs/remotes/main [2ms]
2024-09-21 02:50:13.786 [info] > git status -z -uall [19ms]
2024-09-21 02:50:13.792 [info] > git for-each-ref --format=%(refname)%00%(upstream:short)%00%(objectname)%00%(upstream:track)%00%(upstream:remotename)%00%(upstream:remoteref) refs/heads/main refs/remotes/main [3ms]
2024-09-21 02:50:13.795 [info] > git config --local branch.main.vscode-merge-base [1ms]
2024-09-21 02:50:13.795 [warning] [Git][config] git config failed: Failed to execute git
2024-09-21 02:50:13.800 [info] > git reflog main --grep-reflog=branch: Created from *. [1ms]
2024-09-21 02:50:13.803 [info] > git symbolic-ref --short refs/remotes/origin/HEAD [1ms]
2024-09-21 02:50:13.803 [info] fatal: ref refs/remotes/origin/HEAD is not a symbolic ref
2024-09-21 02:50:18.800 [info] > git config --get commit.template [3ms]
2024-09-21 02:50:18.801 [info] > git for-each-ref --format=%(refname)%00%(upstream:short)%00%(objectname)%00%(upstream:track)%00%(upstream:remotename)%00%(upstream:remoteref) refs/heads/main refs/remotes/main [2ms]
2024-09-21 02:50:18.821 [info] > git status -z -uall [18ms]
2024-09-21 02:50:18.827 [info] > git for-each-ref --format=%(refname)%00%(upstream:short)%00%(objectname)%00%(upstream:track)%00%(upstream:remotename)%00%(upstream:remoteref) refs/heads/main refs/remotes/main [3ms]
2024-09-21 02:50:18.831 [info] > git config --local branch.main.vscode-merge-base [1ms]
2024-09-21 02:50:18.831 [warning] [Git][config] git config failed: Failed to execute git
2024-09-21 02:50:18.835 [info] > git reflog main --grep-reflog=branch: Created from *. [2ms]
2024-09-21 02:50:18.838 [info] > git symbolic-ref --short refs/remotes/origin/HEAD [1ms]
2024-09-21 02:50:18.838 [info] fatal: ref refs/remotes/origin/HEAD is not a symbolic ref
2024-09-21 02:50:23.835 [info] > git config --get commit.template [3ms]
2024-09-21 02:50:23.836 [info] > git for-each-ref --format=%(refname)%00%(upstream:short)%00%(objectname)%00%(upstream:track)%00%(upstream:remotename)%00%(upstream:remoteref) refs/heads/main refs/remotes/main [2ms]
2024-09-21 02:50:23.856 [info] > git status -z -uall [17ms]
2024-09-21 02:50:23.862 [info] > git for-each-ref --format=%(refname)%00%(upstream:short)%00%(objectname)%00%(upstream:track)%00%(upstream:remotename)%00%(upstream:remoteref) refs/heads/main refs/remotes/main [3ms]
2024-09-21 02:50:23.865 [info] > git config --local branch.main.vscode-merge-base [1ms]
2024-09-21 02:50:23.865 [warning] [Git][config] git config failed: Failed to execute git
2024-09-21 02:50:23.869 [info] > git reflog main --grep-reflog=branch: Created from *. [2ms]
2024-09-21 02:50:23.872 [info] > git symbolic-ref --short refs/remotes/origin/HEAD [1ms]
2024-09-21 02:50:23.873 [info] fatal: ref refs/remotes/origin/HEAD is not a symbolic ref
2024-09-21 02:50:28.870 [info] > git config --get commit.template [3ms]
2024-09-21 02:50:28.871 [info] > git for-each-ref --format=%(refname)%00%(upstream:short)%00%(objectname)%00%(upstream:track)%00%(upstream:remotename)%00%(upstream:remoteref) refs/heads/main refs/remotes/main [2ms]
2024-09-21 02:50:28.890 [info] > git status -z -uall [16ms]
2024-09-21 02:50:28.896 [info] > git for-each-ref --format=%(refname)%00%(upstream:short)%00%(objectname)%00%(upstream:track)%00%(upstream:remotename)%00%(upstream:remoteref) refs/heads/main refs/remotes/main [2ms]
2024-09-21 02:50:28.900 [info] > git config --local branch.main.vscode-merge-base [1ms]
2024-09-21 02:50:28.900 [warning] [Git][config] git config failed: Failed to execute git
2024-09-21 02:50:28.904 [info] > git reflog main --grep-reflog=branch: Created from *. [2ms]
2024-09-21 02:50:28.907 [info] > git symbolic-ref --short refs/remotes/origin/HEAD [1ms]
2024-09-21 02:50:28.907 [info] fatal: ref refs/remotes/origin/HEAD is not a symbolic ref
2024-09-21 02:50:33.903 [info] > git config --get commit.template [3ms]
2024-09-21 02:50:33.905 [info] > git for-each-ref --format=%(refname)%00%(upstream:short)%00%(objectname)%00%(upstream:track)%00%(upstream:remotename)%00%(upstream:remoteref) refs/heads/main refs/remotes/main [2ms]
2024-09-21 02:50:33.925 [info] > git status -z -uall [18ms]
2024-09-21 02:50:33.933 [info] > git for-each-ref --format=%(refname)%00%(upstream:short)%00%(objectname)%00%(upstream:track)%00%(upstream:remotename)%00%(upstream:remoteref) refs/heads/main refs/remotes/main [3ms]
2024-09-21 02:50:33.937 [info] > git config --local branch.main.vscode-merge-base [1ms]
2024-09-21 02:50:33.937 [warning] [Git][config] git config failed: Failed to execute git
2024-09-21 02:50:33.940 [info] > git reflog main --grep-reflog=branch: Created from *. [1ms]
2024-09-21 02:50:33.944 [info] > git symbolic-ref --short refs/remotes/origin/HEAD [1ms]
2024-09-21 02:50:33.944 [info] fatal: ref refs/remotes/origin/HEAD is not a symbolic ref
2024-09-21 02:50:38.940 [info] > git config --get commit.template [2ms]
2024-09-21 02:50:38.941 [info] > git for-each-ref --format=%(refname)%00%(upstream:short)%00%(objectname)%00%(upstream:track)%00%(upstream:remotename)%00%(upstream:remoteref) refs/heads/main refs/remotes/main [2ms]
2024-09-21 02:50:38.967 [info] > git status -z -uall [24ms]
2024-09-21 02:50:38.973 [info] > git for-each-ref --format=%(refname)%00%(upstream:short)%00%(objectname)%00%(upstream:track)%00%(upstream:remotename)%00%(upstream:remoteref) refs/heads/main refs/remotes/main [3ms]
2024-09-21 02:50:38.977 [info] > git config --local branch.main.vscode-merge-base [1ms]
2024-09-21 02:50:38.977 [warning] [Git][config] git config failed: Failed to execute git
2024-09-21 02:50:38.981 [info] > git reflog main --grep-reflog=branch: Created from *. [2ms]
2024-09-21 02:50:38.984 [info] > git symbolic-ref --short refs/remotes/origin/HEAD [1ms]
2024-09-21 02:50:38.984 [info] fatal: ref refs/remotes/origin/HEAD is not a symbolic ref
2024-09-21 02:50:43.983 [info] > git config --get commit.template [4ms]
2024-09-21 02:50:43.984 [info] > git for-each-ref --format=%(refname)%00%(upstream:short)%00%(objectname)%00%(upstream:track)%00%(upstream:remotename)%00%(upstream:remoteref) refs/heads/main refs/remotes/main [2ms]
2024-09-21 02:50:44.005 [info] > git status -z -uall [18ms]
2024-09-21 02:50:44.011 [info] > git for-each-ref --format=%(refname)%00%(upstream:short)%00%(objectname)%00%(upstream:track)%00%(upstream:remotename)%00%(upstream:remoteref) refs/heads/main refs/remotes/main [1ms]
2024-09-21 02:50:44.015 [info] > git config --local branch.main.vscode-merge-base [2ms]
2024-09-21 02:50:44.015 [warning] [Git][config] git config failed: Failed to execute git
2024-09-21 02:50:44.019 [info] > git reflog main --grep-reflog=branch: Created from *. [2ms]
2024-09-21 02:50:44.022 [info] > git symbolic-ref --short refs/remotes/origin/HEAD [1ms]
2024-09-21 02:50:44.022 [info] fatal: ref refs/remotes/origin/HEAD is not a symbolic ref
2024-09-21 02:50:49.018 [info] > git config --get commit.template [4ms]
2024-09-21 02:50:49.018 [info] > git for-each-ref --format=%(refname)%00%(upstream:short)%00%(objectname)%00%(upstream:track)%00%(upstream:remotename)%00%(upstream:remoteref) refs/heads/main refs/remotes/main [2ms]
2024-09-21 02:50:49.038 [info] > git status -z -uall [17ms]
2024-09-21 02:50:49.044 [info] > git for-each-ref --format=%(refname)%00%(upstream:short)%00%(objectname)%00%(upstream:track)%00%(upstream:remotename)%00%(upstream:remoteref) refs/heads/main refs/remotes/main [2ms]
2024-09-21 02:50:49.048 [info] > git config --local branch.main.vscode-merge-base [1ms]
2024-09-21 02:50:49.048 [warning] [Git][config] git config failed: Failed to execute git
2024-09-21 02:50:49.052 [info] > git reflog main --grep-reflog=branch: Created from *. [1ms]
2024-09-21 02:50:49.056 [info] > git symbolic-ref --short refs/remotes/origin/HEAD [2ms]
2024-09-21 02:50:49.056 [info] fatal: ref refs/remotes/origin/HEAD is not a symbolic ref
2024-09-21 02:50:54.052 [info] > git config --get commit.template [4ms]
2024-09-21 02:50:54.054 [info] > git for-each-ref --format=%(refname)%00%(upstream:short)%00%(objectname)%00%(upstream:track)%00%(upstream:remotename)%00%(upstream:remoteref) refs/heads/main refs/remotes/main [3ms]
2024-09-21 02:50:54.075 [info] > git status -z -uall [18ms]
2024-09-21 02:50:54.081 [info] > git for-each-ref --format=%(refname)%00%(upstream:short)%00%(objectname)%00%(upstream:track)%00%(upstream:remotename)%00%(upstream:remoteref) refs/heads/main refs/remotes/main [2ms]
2024-09-21 02:50:54.085 [info] > git config --local branch.main.vscode-merge-base [1ms]
2024-09-21 02:50:54.085 [warning] [Git][config] git config failed: Failed to execute git
2024-09-21 02:50:54.089 [info] > git reflog main --grep-reflog=branch: Created from *. [2ms]
2024-09-21 02:50:54.093 [info] > git symbolic-ref --short refs/remotes/origin/HEAD [1ms]
2024-09-21 02:50:54.093 [info] fatal: ref refs/remotes/origin/HEAD is not a symbolic ref
2024-09-21 02:50:59.091 [info] > git config --get commit.template [4ms]
2024-09-21 02:50:59.093 [info] > git for-each-ref --format=%(refname)%00%(upstream:short)%00%(objectname)%00%(upstream:track)%00%(upstream:remotename)%00%(upstream:remoteref) refs/heads/main refs/remotes/main [2ms]
2024-09-21 02:50:59.115 [info] > git status -z -uall [19ms]
2024-09-21 02:50:59.119 [info] > git for-each-ref --format=%(refname)%00%(upstream:short)%00%(objectname)%00%(upstream:track)%00%(upstream:remotename)%00%(upstream:remoteref) refs/heads/main refs/remotes/main [1ms]
2024-09-21 02:50:59.123 [info] > git config --local branch.main.vscode-merge-base [1ms]
2024-09-21 02:50:59.123 [warning] [Git][config] git config failed: Failed to execute git
2024-09-21 02:50:59.127 [info] > git reflog main --grep-reflog=branch: Created from *. [2ms]
2024-09-21 02:50:59.130 [info] > git symbolic-ref --short refs/remotes/origin/HEAD [1ms]
2024-09-21 02:50:59.130 [info] fatal: ref refs/remotes/origin/HEAD is not a symbolic ref
2024-09-21 02:51:04.128 [info] > git config --get commit.template [3ms]
2024-09-21 02:51:04.129 [info] > git for-each-ref --format=%(refname)%00%(upstream:short)%00%(objectname)%00%(upstream:track)%00%(upstream:remotename)%00%(upstream:remoteref) refs/heads/main refs/remotes/main [1ms]
2024-09-21 02:51:04.149 [info] > git status -z -uall [17ms]
2024-09-21 02:51:04.155 [info] > git for-each-ref --format=%(refname)%00%(upstream:short)%00%(objectname)%00%(upstream:track)%00%(upstream:remotename)%00%(upstream:remoteref) refs/heads/main refs/remotes/main [2ms]
2024-09-21 02:51:04.159 [info] > git config --local branch.main.vscode-merge-base [2ms]
2024-09-21 02:51:04.159 [warning] [Git][config] git config failed: Failed to execute git
2024-09-21 02:51:04.163 [info] > git reflog main --grep-reflog=branch: Created from *. [2ms]
2024-09-21 02:51:04.166 [info] > git symbolic-ref --short refs/remotes/origin/HEAD [0ms]
2024-09-21 02:51:04.166 [info] fatal: ref refs/remotes/origin/HEAD is not a symbolic ref
2024-09-21 02:51:09.162 [info] > git config --get commit.template [3ms]
2024-09-21 02:51:09.164 [info] > git for-each-ref --format=%(refname)%00%(upstream:short)%00%(objectname)%00%(upstream:track)%00%(upstream:remotename)%00%(upstream:remoteref) refs/heads/main refs/remotes/main [1ms]
2024-09-21 02:51:09.184 [info] > git status -z -uall [18ms]
2024-09-21 02:51:09.189 [info] > git for-each-ref --format=%(refname)%00%(upstream:short)%00%(objectname)%00%(upstream:track)%00%(upstream:remotename)%00%(upstream:remoteref) refs/heads/main refs/remotes/main [2ms]
2024-09-21 02:51:09.193 [info] > git config --local branch.main.vscode-merge-base [1ms]
2024-09-21 02:51:09.193 [warning] [Git][config] git config failed: Failed to execute git
2024-09-21 02:51:09.197 [info] > git reflog main --grep-reflog=branch: Created from *. [2ms]
2024-09-21 02:51:09.200 [info] > git symbolic-ref --short refs/remotes/origin/HEAD [1ms]
2024-09-21 02:51:09.200 [info] fatal: ref refs/remotes/origin/HEAD is not a symbolic ref
2024-09-21 02:51:14.199 [info] > git config --get commit.template [4ms]
2024-09-21 02:51:14.200 [info] > git for-each-ref --format=%(refname)%00%(upstream:short)%00%(objectname)%00%(upstream:track)%00%(upstream:remotename)%00%(upstream:remoteref) refs/heads/main refs/remotes/main [2ms]
2024-09-21 02:51:14.224 [info] > git status -z -uall [19ms]
2024-09-21 02:51:14.230 [info] > git for-each-ref --format=%(refname)%00%(upstream:short)%00%(objectname)%00%(upstream:track)%00%(upstream:remotename)%00%(upstream:remoteref) refs/heads/main refs/remotes/main [2ms]
2024-09-21 02:51:14.234 [info] > git config --local branch.main.vscode-merge-base [1ms]
2024-09-21 02:51:14.234 [warning] [Git][config] git config failed: Failed to execute git
2024-09-21 02:51:14.239 [info] > git reflog main --grep-reflog=branch: Created from *. [2ms]
2024-09-21 02:51:14.242 [info] > git symbolic-ref --short refs/remotes/origin/HEAD [1ms]
2024-09-21 02:51:14.242 [info] fatal: ref refs/remotes/origin/HEAD is not a symbolic ref
2024-09-21 02:53:04.818 [info] > git config --get commit.template [4ms]
2024-09-21 02:53:04.819 [info] > git for-each-ref --format=%(refname)%00%(upstream:short)%00%(objectname)%00%(upstream:track)%00%(upstream:remotename)%00%(upstream:remoteref) refs/heads/main refs/remotes/main [2ms]
2024-09-21 02:53:04.841 [info] > git status -z -uall [19ms]
2024-09-21 02:53:04.847 [info] > git for-each-ref --format=%(refname)%00%(upstream:short)%00%(objectname)%00%(upstream:track)%00%(upstream:remotename)%00%(upstream:remoteref) refs/heads/main refs/remotes/main [3ms]
2024-09-21 02:53:04.850 [info] > git config --local branch.main.vscode-merge-base [1ms]
2024-09-21 02:53:04.850 [warning] [Git][config] git config failed: Failed to execute git
2024-09-21 02:53:04.854 [info] > git reflog main --grep-reflog=branch: Created from *. [2ms]
2024-09-21 02:53:04.857 [info] > git symbolic-ref --short refs/remotes/origin/HEAD [1ms]
2024-09-21 02:53:04.857 [info] fatal: ref refs/remotes/origin/HEAD is not a symbolic ref
2024-09-21 02:53:09.856 [info] > git config --get commit.template [4ms]
2024-09-21 02:53:09.857 [info] > git for-each-ref --format=%(refname)%00%(upstream:short)%00%(objectname)%00%(upstream:track)%00%(upstream:remotename)%00%(upstream:remoteref) refs/heads/main refs/remotes/main [2ms]
2024-09-21 02:53:09.878 [info] > git status -z -uall [17ms]
2024-09-21 02:53:09.884 [info] > git for-each-ref --format=%(refname)%00%(upstream:short)%00%(objectname)%00%(upstream:track)%00%(upstream:remotename)%00%(upstream:remoteref) refs/heads/main refs/remotes/main [3ms]
2024-09-21 02:53:09.887 [info] > git config --local branch.main.vscode-merge-base [1ms]
2024-09-21 02:53:09.887 [warning] [Git][config] git config failed: Failed to execute git
2024-09-21 02:53:09.891 [info] > git reflog main --grep-reflog=branch: Created from *. [2ms]
2024-09-21 02:53:09.895 [info] > git symbolic-ref --short refs/remotes/origin/HEAD [2ms]
2024-09-21 02:53:09.895 [info] fatal: ref refs/remotes/origin/HEAD is not a symbolic ref
2024-09-21 02:53:14.891 [info] > git config --get commit.template [4ms]
2024-09-21 02:53:14.893 [info] > git for-each-ref --format=%(refname)%00%(upstream:short)%00%(objectname)%00%(upstream:track)%00%(upstream:remotename)%00%(upstream:remoteref) refs/heads/main refs/remotes/main [2ms]
2024-09-21 02:53:14.912 [info] > git status -z -uall [17ms]
2024-09-21 02:53:14.918 [info] > git for-each-ref --format=%(refname)%00%(upstream:short)%00%(objectname)%00%(upstream:track)%00%(upstream:remotename)%00%(upstream:remoteref) refs/heads/main refs/remotes/main [3ms]
2024-09-21 02:53:14.922 [info] > git config --local branch.main.vscode-merge-base [1ms]
2024-09-21 02:53:14.922 [warning] [Git][config] git config failed: Failed to execute git
2024-09-21 02:53:14.926 [info] > git reflog main --grep-reflog=branch: Created from *. [2ms]
2024-09-21 02:53:14.929 [info] > git symbolic-ref --short refs/remotes/origin/HEAD [1ms]
2024-09-21 02:53:14.929 [info] fatal: ref refs/remotes/origin/HEAD is not a symbolic ref
2024-09-21 02:53:19.928 [info] > git config --get commit.template [5ms]
2024-09-21 02:53:19.929 [info] > git for-each-ref --format=%(refname)%00%(upstream:short)%00%(objectname)%00%(upstream:track)%00%(upstream:remotename)%00%(upstream:remoteref) refs/heads/main refs/remotes/main [2ms]
2024-09-21 02:53:19.949 [info] > git status -z -uall [18ms]
2024-09-21 02:53:19.954 [info] > git for-each-ref --format=%(refname)%00%(upstream:short)%00%(objectname)%00%(upstream:track)%00%(upstream:remotename)%00%(upstream:remoteref) refs/heads/main refs/remotes/main [2ms]
2024-09-21 02:53:19.958 [info] > git config --local branch.main.vscode-merge-base [2ms]
2024-09-21 02:53:19.958 [warning] [Git][config] git config failed: Failed to execute git
2024-09-21 02:53:19.963 [info] > git reflog main --grep-reflog=branch: Created from *. [2ms]
2024-09-21 02:53:19.966 [info] > git symbolic-ref --short refs/remotes/origin/HEAD [1ms]
2024-09-21 02:53:19.966 [info] fatal: ref refs/remotes/origin/HEAD is not a symbolic ref
2024-09-21 02:53:24.962 [info] > git config --get commit.template [3ms]
2024-09-21 02:53:24.963 [info] > git for-each-ref --format=%(refname)%00%(upstream:short)%00%(objectname)%00%(upstream:track)%00%(upstream:remotename)%00%(upstream:remoteref) refs/heads/main refs/remotes/main [2ms]
2024-09-21 02:53:24.985 [info] > git status -z -uall [19ms]
2024-09-21 02:53:24.993 [info] > git for-each-ref --format=%(refname)%00%(upstream:short)%00%(objectname)%00%(upstream:track)%00%(upstream:remotename)%00%(upstream:remoteref) refs/heads/main refs/remotes/main [4ms]
2024-09-21 02:53:24.997 [info] > git config --local branch.main.vscode-merge-base [1ms]
2024-09-21 02:53:24.997 [warning] [Git][config] git config failed: Failed to execute git
2024-09-21 02:53:25.001 [info] > git reflog main --grep-reflog=branch: Created from *. [2ms]
2024-09-21 02:53:25.005 [info] > git symbolic-ref --short refs/remotes/origin/HEAD [1ms]
2024-09-21 02:53:25.005 [info] fatal: ref refs/remotes/origin/HEAD is not a symbolic ref
2024-09-21 02:53:30.001 [info] > git config --get commit.template [3ms]
2024-09-21 02:53:30.002 [info] > git for-each-ref --format=%(refname)%00%(upstream:short)%00%(objectname)%00%(upstream:track)%00%(upstream:remotename)%00%(upstream:remoteref) refs/heads/main refs/remotes/main [2ms]
2024-09-21 02:53:30.023 [info] > git status -z -uall [18ms]
2024-09-21 02:53:30.029 [info] > git for-each-ref --format=%(refname)%00%(upstream:short)%00%(objectname)%00%(upstream:track)%00%(upstream:remotename)%00%(upstream:remoteref) refs/heads/main refs/remotes/main [3ms]
2024-09-21 02:53:30.032 [info] > git config --local branch.main.vscode-merge-base [1ms]
2024-09-21 02:53:30.032 [warning] [Git][config] git config failed: Failed to execute git
2024-09-21 02:53:30.036 [info] > git reflog main --grep-reflog=branch: Created from *. [2ms]
2024-09-21 02:53:30.039 [info] > git symbolic-ref --short refs/remotes/origin/HEAD [1ms]
2024-09-21 02:53:30.039 [info] fatal: ref refs/remotes/origin/HEAD is not a symbolic ref
2024-09-21 02:53:35.038 [info] > git config --get commit.template [4ms]
2024-09-21 02:53:35.038 [info] > git for-each-ref --format=%(refname)%00%(upstream:short)%00%(objectname)%00%(upstream:track)%00%(upstream:remotename)%00%(upstream:remoteref) refs/heads/main refs/remotes/main [1ms]
2024-09-21 02:53:35.059 [info] > git status -z -uall [18ms]
2024-09-21 02:53:35.066 [info] > git for-each-ref --format=%(refname)%00%(upstream:short)%00%(objectname)%00%(upstream:track)%00%(upstream:remotename)%00%(upstream:remoteref) refs/heads/main refs/remotes/main [2ms]
2024-09-21 02:53:35.069 [info] > git config --local branch.main.vscode-merge-base [1ms]
2024-09-21 02:53:35.069 [warning] [Git][config] git config failed: Failed to execute git
2024-09-21 02:53:35.073 [info] > git reflog main --grep-reflog=branch: Created from *. [2ms]
2024-09-21 02:53:35.077 [info] > git symbolic-ref --short refs/remotes/origin/HEAD [2ms]
2024-09-21 02:53:35.077 [info] fatal: ref refs/remotes/origin/HEAD is not a symbolic ref
2024-09-21 02:56:11.800 [info] > git config --get commit.template [2ms]
2024-09-21 02:56:11.805 [info] > git for-each-ref --format=%(refname)%00%(upstream:short)%00%(objectname)%00%(upstream:track)%00%(upstream:remotename)%00%(upstream:remoteref) refs/heads/main refs/remotes/main [1ms]
2024-09-21 02:56:11.835 [info] > git status -z -uall [28ms]
2024-09-21 02:56:11.841 [info] > git for-each-ref --format=%(refname)%00%(upstream:short)%00%(objectname)%00%(upstream:track)%00%(upstream:remotename)%00%(upstream:remoteref) refs/heads/main refs/remotes/main [2ms]
2024-09-21 02:56:11.845 [info] > git config --local branch.main.vscode-merge-base [1ms]
2024-09-21 02:56:11.845 [warning] [Git][config] git config failed: Failed to execute git
2024-09-21 02:56:11.849 [info] > git reflog main --grep-reflog=branch: Created from *. [2ms]
2024-09-21 02:56:11.853 [info] > git symbolic-ref --short refs/remotes/origin/HEAD [0ms]
2024-09-21 02:56:11.853 [info] fatal: ref refs/remotes/origin/HEAD is not a symbolic ref
2024-09-21 02:56:16.851 [info] > git config --get commit.template [4ms]
2024-09-21 02:56:16.852 [info] > git for-each-ref --format=%(refname)%00%(upstream:short)%00%(objectname)%00%(upstream:track)%00%(upstream:remotename)%00%(upstream:remoteref) refs/heads/main refs/remotes/main [2ms]
2024-09-21 02:56:16.872 [info] > git status -z -uall [17ms]
2024-09-21 02:56:16.879 [info] > git for-each-ref --format=%(refname)%00%(upstream:short)%00%(objectname)%00%(upstream:track)%00%(upstream:remotename)%00%(upstream:remoteref) refs/heads/main refs/remotes/main [3ms]
2024-09-21 02:56:16.883 [info] > git config --local branch.main.vscode-merge-base [1ms]
2024-09-21 02:56:16.883 [warning] [Git][config] git config failed: Failed to execute git
2024-09-21 02:56:16.887 [info] > git reflog main --grep-reflog=branch: Created from *. [2ms]
2024-09-21 02:56:16.890 [info] > git symbolic-ref --short refs/remotes/origin/HEAD [1ms]
2024-09-21 02:56:16.890 [info] fatal: ref refs/remotes/origin/HEAD is not a symbolic ref
2024-09-21 02:56:21.886 [info] > git config --get commit.template [3ms]
2024-09-21 02:56:21.887 [info] > git for-each-ref --format=%(refname)%00%(upstream:short)%00%(objectname)%00%(upstream:track)%00%(upstream:remotename)%00%(upstream:remoteref) refs/heads/main refs/remotes/main [2ms]
2024-09-21 02:56:21.907 [info] > git status -z -uall [17ms]
2024-09-21 02:56:21.914 [info] > git for-each-ref --format=%(refname)%00%(upstream:short)%00%(objectname)%00%(upstream:track)%00%(upstream:remotename)%00%(upstream:remoteref) refs/heads/main refs/remotes/main [2ms]
2024-09-21 02:56:21.917 [info] > git config --local branch.main.vscode-merge-base [1ms]
2024-09-21 02:56:21.917 [warning] [Git][config] git config failed: Failed to execute git
2024-09-21 02:56:21.921 [info] > git reflog main --grep-reflog=branch: Created from *. [2ms]
2024-09-21 02:56:21.924 [info] > git symbolic-ref --short refs/remotes/origin/HEAD [1ms]
2024-09-21 02:56:21.924 [info] fatal: ref refs/remotes/origin/HEAD is not a symbolic ref
