2024-09-29 00:58:45.294 [info] Extension host with pid 1261 started
2024-09-29 00:58:45.294 [error] Error: EEXIST: file already exists, open '/home/student/.vscode-server/data/User/workspaceStorage/f21b5a8cedd66727cd298a5fb4fc6aaa/vscode.lock'
2024-09-29 00:58:45.298 [info] Lock '/home/student/.vscode-server/data/User/workspaceStorage/f21b5a8cedd66727cd298a5fb4fc6aaa/vscode.lock': Could not acquire lock, checking if the file is stale.
2024-09-29 00:58:45.318 [info] Lock '/home/student/.vscode-server/data/User/workspaceStorage/f21b5a8cedd66727cd298a5fb4fc6aaa/vscode.lock': The pid 2155 appears to be gone.
2024-09-29 00:58:45.318 [info] Lock '/home/student/.vscode-server/data/User/workspaceStorage/f21b5a8cedd66727cd298a5fb4fc6aaa/vscode.lock': Deleting a stale lock.
2024-09-29 00:58:45.329 [info] Lock '/home/student/.vscode-server/data/User/workspaceStorage/f21b5a8cedd66727cd298a5fb4fc6aaa/vscode.lock': Lock acquired.
2024-09-29 00:58:45.439 [info] ExtensionService#_doActivateExtension vscode.git-base, startup: false, activationEvent: '*', root cause: vscode.git
2024-09-29 00:58:45.648 [info] ExtensionService#_doActivateExtension vscode.git, startup: false, activationEvent: '*'
2024-09-29 00:58:45.648 [info] ExtensionService#_doActivateExtension vscode.github, startup: false, activationEvent: '*'
2024-09-29 00:58:46.101 [info] Eager extensions activated
2024-09-29 00:58:46.102 [info] ExtensionService#_doActivateExtension vscode.debug-auto-launch, startup: false, activationEvent: 'onStartupFinished'
2024-09-29 00:58:46.102 [info] ExtensionService#_doActivateExtension vscode.merge-conflict, startup: false, activationEvent: 'onStartupFinished'
2024-09-29 00:58:46.314 [info] ExtensionService#_doActivateExtension vscode.emmet, startup: false, activationEvent: 'onLanguage'
2024-09-29 00:58:46.387 [warning] [Decorations] CAPPING events from decorations provider vscode.git 957
2024-09-29 00:58:46.471 [warning] [Decorations] CAPPING events from decorations provider vscode.git 957
2024-09-29 00:58:50.569 [warning] [Decorations] CAPPING events from decorations provider vscode.git 957
2024-09-29 00:58:55.623 [warning] [Decorations] CAPPING events from decorations provider vscode.git 957
2024-09-29 00:59:00.679 [warning] [Decorations] CAPPING events from decorations provider vscode.git 957
2024-09-29 00:59:05.733 [warning] [Decorations] CAPPING events from decorations provider vscode.git 957
2024-09-29 00:59:10.788 [warning] [Decorations] CAPPING events from decorations provider vscode.git 957
2024-09-29 00:59:15.847 [warning] [Decorations] CAPPING events from decorations provider vscode.git 957
2024-09-29 00:59:20.906 [warning] [Decorations] CAPPING events from decorations provider vscode.git 957
2024-09-29 00:59:25.971 [warning] [Decorations] CAPPING events from decorations provider vscode.git 957
2024-09-29 00:59:31.023 [warning] [Decorations] CAPPING events from decorations provider vscode.git 957
2024-09-29 00:59:31.416 [info] ExtensionService#_doActivateExtension vscode.npm, startup: false, activationEvent: 'onTerminalQuickFixRequest:ms-vscode.npm-command'
2024-09-29 00:59:36.571 [warning] [Decorations] CAPPING events from decorations provider vscode.git 957
2024-09-29 00:59:37.357 [info] ExtensionService#_doActivateExtension vscode.configuration-editing, startup: false, activationEvent: 'onLanguage:json'
2024-09-29 00:59:37.357 [info] ExtensionService#_doActivateExtension vscode.extension-editing, startup: false, activationEvent: 'onLanguage:json'
2024-09-29 00:59:37.357 [info] ExtensionService#_doActivateExtension vscode.json-language-features, startup: false, activationEvent: 'onLanguage:json'
2024-09-29 00:59:41.624 [warning] [Decorations] CAPPING events from decorations provider vscode.git 958
2024-09-29 00:59:46.705 [warning] [Decorations] CAPPING events from decorations provider vscode.git 958
2024-09-29 00:59:51.759 [warning] [Decorations] CAPPING events from decorations provider vscode.git 958
2024-09-29 00:59:56.808 [warning] [Decorations] CAPPING events from decorations provider vscode.git 958
2024-09-29 01:00:15.969 [warning] [Decorations] CAPPING events from decorations provider vscode.git 958
2024-09-29 01:00:56.072 [warning] [Decorations] CAPPING events from decorations provider vscode.git 958
2024-09-29 01:01:01.140 [warning] [Decorations] CAPPING events from decorations provider vscode.git 958
2024-09-29 01:01:06.202 [warning] [Decorations] CAPPING events from decorations provider vscode.git 958
2024-09-29 01:01:11.265 [warning] [Decorations] CAPPING events from decorations provider vscode.git 958
2024-09-29 01:01:16.321 [warning] [Decorations] CAPPING events from decorations provider vscode.git 958
2024-09-29 01:01:21.383 [warning] [Decorations] CAPPING events from decorations provider vscode.git 958
2024-09-29 01:01:26.440 [warning] [Decorations] CAPPING events from decorations provider vscode.git 958
2024-09-29 01:01:31.496 [warning] [Decorations] CAPPING events from decorations provider vscode.git 959
2024-09-29 01:01:36.552 [warning] [Decorations] CAPPING events from decorations provider vscode.git 958
2024-09-29 01:01:41.601 [warning] [Decorations] CAPPING events from decorations provider vscode.git 958
2024-09-29 01:01:46.660 [warning] [Decorations] CAPPING events from decorations provider vscode.git 958
2024-09-29 01:01:51.714 [warning] [Decorations] CAPPING events from decorations provider vscode.git 958
2024-09-29 01:01:56.765 [warning] [Decorations] CAPPING events from decorations provider vscode.git 958
2024-09-29 01:02:03.194 [warning] [Decorations] CAPPING events from decorations provider vscode.git 958
2024-09-29 01:02:08.248 [warning] [Decorations] CAPPING events from decorations provider vscode.git 958
2024-09-29 01:02:13.302 [warning] [Decorations] CAPPING events from decorations provider vscode.git 958
2024-09-29 01:02:18.355 [warning] [Decorations] CAPPING events from decorations provider vscode.git 958
2024-09-29 01:02:23.405 [warning] [Decorations] CAPPING events from decorations provider vscode.git 958
2024-09-29 01:02:47.982 [warning] [Decorations] CAPPING events from decorations provider vscode.git 958
2024-09-29 01:02:53.040 [warning] [Decorations] CAPPING events from decorations provider vscode.git 958
2024-09-29 01:02:58.101 [warning] [Decorations] CAPPING events from decorations provider vscode.git 958
2024-09-29 01:03:03.153 [warning] [Decorations] CAPPING events from decorations provider vscode.git 958
2024-09-29 01:05:39.233 [warning] [Decorations] CAPPING events from decorations provider vscode.git 958
2024-09-29 01:06:30.579 [warning] [Decorations] CAPPING events from decorations provider vscode.git 958
2024-09-29 01:06:35.641 [warning] [Decorations] CAPPING events from decorations provider vscode.git 958
2024-09-29 01:06:40.699 [warning] [Decorations] CAPPING events from decorations provider vscode.git 958
2024-09-29 01:06:45.753 [warning] [Decorations] CAPPING events from decorations provider vscode.git 958
2024-09-29 01:06:52.392 [warning] [Decorations] CAPPING events from decorations provider vscode.git 958
2024-09-29 01:06:57.443 [warning] [Decorations] CAPPING events from decorations provider vscode.git 958
2024-09-29 01:07:16.116 [warning] [Decorations] CAPPING events from decorations provider vscode.git 958
2024-09-29 01:07:21.168 [warning] [Decorations] CAPPING events from decorations provider vscode.git 958
2024-09-29 01:07:26.231 [warning] [Decorations] CAPPING events from decorations provider vscode.git 958
2024-09-29 01:07:31.290 [warning] [Decorations] CAPPING events from decorations provider vscode.git 958
2024-09-29 01:07:36.412 [warning] [Decorations] CAPPING events from decorations provider vscode.git 958
2024-09-29 01:07:41.465 [warning] [Decorations] CAPPING events from decorations provider vscode.git 958
2024-09-29 01:07:46.517 [warning] [Decorations] CAPPING events from decorations provider vscode.git 958
2024-09-29 01:08:14.077 [warning] [Decorations] CAPPING events from decorations provider vscode.git 958
2024-09-29 01:08:19.133 [warning] [Decorations] CAPPING events from decorations provider vscode.git 958
2024-09-29 01:08:24.572 [warning] [Decorations] CAPPING events from decorations provider vscode.git 958
2024-09-29 01:08:29.626 [warning] [Decorations] CAPPING events from decorations provider vscode.git 958
2024-09-29 01:08:34.681 [warning] [Decorations] CAPPING events from decorations provider vscode.git 958
2024-09-29 01:08:39.757 [warning] [Decorations] CAPPING events from decorations provider vscode.git 959
2024-09-29 01:08:44.815 [warning] [Decorations] CAPPING events from decorations provider vscode.git 958
2024-09-29 01:08:49.878 [warning] [Decorations] CAPPING events from decorations provider vscode.git 958
2024-09-29 01:08:54.934 [warning] [Decorations] CAPPING events from decorations provider vscode.git 958
2024-09-29 01:08:59.991 [warning] [Decorations] CAPPING events from decorations provider vscode.git 958
2024-09-29 01:09:05.041 [warning] [Decorations] CAPPING events from decorations provider vscode.git 958
2024-09-29 01:09:10.096 [warning] [Decorations] CAPPING events from decorations provider vscode.git 958
2024-09-29 01:09:15.153 [warning] [Decorations] CAPPING events from decorations provider vscode.git 958
2024-09-29 01:09:20.205 [warning] [Decorations] CAPPING events from decorations provider vscode.git 958
2024-09-29 01:09:25.260 [warning] [Decorations] CAPPING events from decorations provider vscode.git 958
2024-09-29 01:09:30.308 [warning] [Decorations] CAPPING events from decorations provider vscode.git 958
2024-09-29 01:09:35.363 [warning] [Decorations] CAPPING events from decorations provider vscode.git 958
2024-09-29 01:09:40.414 [warning] [Decorations] CAPPING events from decorations provider vscode.git 958
2024-09-29 01:09:45.465 [warning] [Decorations] CAPPING events from decorations provider vscode.git 958
2024-09-29 01:10:33.502 [warning] [Decorations] CAPPING events from decorations provider vscode.git 958
2024-09-29 01:22:41.552 [warning] [Decorations] CAPPING events from decorations provider vscode.git 958
2024-09-29 01:22:46.608 [warning] [Decorations] CAPPING events from decorations provider vscode.git 958
2024-09-29 01:23:20.285 [warning] [Decorations] CAPPING events from decorations provider vscode.git 958
2024-09-29 01:23:59.891 [warning] [Decorations] CAPPING events from decorations provider vscode.git 958
2024-09-29 01:24:07.021 [warning] [Decorations] CAPPING events from decorations provider vscode.git 958
2024-09-29 01:24:12.079 [warning] [Decorations] CAPPING events from decorations provider vscode.git 958
2024-09-29 01:24:17.138 [warning] [Decorations] CAPPING events from decorations provider vscode.git 958
2024-09-29 01:24:22.201 [warning] [Decorations] CAPPING events from decorations provider vscode.git 958
2024-09-29 01:24:27.258 [warning] [Decorations] CAPPING events from decorations provider vscode.git 958
2024-09-29 01:24:32.309 [warning] [Decorations] CAPPING events from decorations provider vscode.git 958
2024-09-29 01:24:37.360 [warning] [Decorations] CAPPING events from decorations provider vscode.git 958
2024-09-29 01:24:42.414 [warning] [Decorations] CAPPING events from decorations provider vscode.git 958
2024-09-29 01:25:46.319 [warning] [Decorations] CAPPING events from decorations provider vscode.git 958
2024-09-29 01:25:51.380 [warning] [Decorations] CAPPING events from decorations provider vscode.git 958
2024-09-29 01:25:56.430 [warning] [Decorations] CAPPING events from decorations provider vscode.git 958
2024-09-29 01:26:01.482 [warning] [Decorations] CAPPING events from decorations provider vscode.git 958
2024-09-29 01:26:06.533 [warning] [Decorations] CAPPING events from decorations provider vscode.git 958
2024-09-29 01:26:11.598 [warning] [Decorations] CAPPING events from decorations provider vscode.git 958
2024-09-29 01:26:16.655 [warning] [Decorations] CAPPING events from decorations provider vscode.git 959
2024-09-29 01:26:21.708 [warning] [Decorations] CAPPING events from decorations provider vscode.git 959
2024-09-29 01:26:26.764 [warning] [Decorations] CAPPING events from decorations provider vscode.git 959
2024-09-29 01:26:31.815 [warning] [Decorations] CAPPING events from decorations provider vscode.git 959
2024-09-29 01:26:36.868 [warning] [Decorations] CAPPING events from decorations provider vscode.git 959
2024-09-29 01:26:41.926 [warning] [Decorations] CAPPING events from decorations provider vscode.git 959
2024-09-29 01:26:46.989 [warning] [Decorations] CAPPING events from decorations provider vscode.git 959
2024-09-29 01:26:52.042 [warning] [Decorations] CAPPING events from decorations provider vscode.git 959
2024-09-29 01:26:57.099 [warning] [Decorations] CAPPING events from decorations provider vscode.git 959
2024-09-29 01:27:45.128 [warning] [Decorations] CAPPING events from decorations provider vscode.git 959
2024-09-29 01:27:50.191 [warning] [Decorations] CAPPING events from decorations provider vscode.git 959
2024-09-29 01:27:55.246 [warning] [Decorations] CAPPING events from decorations provider vscode.git 959
2024-09-29 01:28:06.055 [warning] [Decorations] CAPPING events from decorations provider vscode.git 959
2024-09-29 01:28:11.115 [warning] [Decorations] CAPPING events from decorations provider vscode.git 959
2024-09-29 01:28:22.250 [warning] [Decorations] CAPPING events from decorations provider vscode.git 959
2024-09-29 01:28:27.313 [warning] [Decorations] CAPPING events from decorations provider vscode.git 959
2024-09-29 01:28:32.368 [warning] [Decorations] CAPPING events from decorations provider vscode.git 959
2024-09-29 01:28:37.420 [warning] [Decorations] CAPPING events from decorations provider vscode.git 959
2024-09-29 01:28:42.472 [warning] [Decorations] CAPPING events from decorations provider vscode.git 959
2024-09-29 01:28:47.526 [warning] [Decorations] CAPPING events from decorations provider vscode.git 959
2024-09-29 01:28:52.589 [warning] [Decorations] CAPPING events from decorations provider vscode.git 959
2024-09-29 01:28:57.648 [warning] [Decorations] CAPPING events from decorations provider vscode.git 959
2024-09-29 01:29:02.700 [warning] [Decorations] CAPPING events from decorations provider vscode.git 959
2024-09-29 01:29:07.752 [warning] [Decorations] CAPPING events from decorations provider vscode.git 959
2024-09-29 01:29:12.804 [warning] [Decorations] CAPPING events from decorations provider vscode.git 959
2024-09-29 01:29:17.859 [warning] [Decorations] CAPPING events from decorations provider vscode.git 959
2024-09-29 01:29:22.908 [warning] [Decorations] CAPPING events from decorations provider vscode.git 959
2024-09-29 01:29:29.320 [warning] [Decorations] CAPPING events from decorations provider vscode.git 959
2024-09-29 01:29:34.371 [warning] [Decorations] CAPPING events from decorations provider vscode.git 959
2024-09-29 01:30:20.684 [warning] [Decorations] CAPPING events from decorations provider vscode.git 959
2024-09-29 01:30:25.740 [warning] [Decorations] CAPPING events from decorations provider vscode.git 959
2024-09-29 01:30:30.796 [warning] [Decorations] CAPPING events from decorations provider vscode.git 959
2024-09-29 01:30:35.854 [warning] [Decorations] CAPPING events from decorations provider vscode.git 959
2024-09-29 01:30:40.906 [warning] [Decorations] CAPPING events from decorations provider vscode.git 959
2024-09-29 01:30:45.958 [warning] [Decorations] CAPPING events from decorations provider vscode.git 959
2024-09-29 01:30:51.010 [warning] [Decorations] CAPPING events from decorations provider vscode.git 959
2024-09-29 01:30:56.064 [warning] [Decorations] CAPPING events from decorations provider vscode.git 959
2024-09-29 01:31:01.115 [warning] [Decorations] CAPPING events from decorations provider vscode.git 959
2024-09-29 01:31:06.170 [warning] [Decorations] CAPPING events from decorations provider vscode.git 959
2024-09-29 01:31:11.225 [warning] [Decorations] CAPPING events from decorations provider vscode.git 959
2024-09-29 01:31:16.284 [warning] [Decorations] CAPPING events from decorations provider vscode.git 960
2024-09-29 01:31:21.337 [warning] [Decorations] CAPPING events from decorations provider vscode.git 960
2024-09-29 01:31:26.394 [warning] [Decorations] CAPPING events from decorations provider vscode.git 960
2024-09-29 01:31:31.449 [warning] [Decorations] CAPPING events from decorations provider vscode.git 960
2024-09-29 01:31:36.501 [warning] [Decorations] CAPPING events from decorations provider vscode.git 960
2024-09-29 01:31:41.555 [warning] [Decorations] CAPPING events from decorations provider vscode.git 960
2024-09-29 01:31:46.607 [warning] [Decorations] CAPPING events from decorations provider vscode.git 960
2024-09-29 01:31:51.661 [warning] [Decorations] CAPPING events from decorations provider vscode.git 960
2024-09-29 01:31:56.714 [warning] [Decorations] CAPPING events from decorations provider vscode.git 960
2024-09-29 01:32:01.778 [warning] [Decorations] CAPPING events from decorations provider vscode.git 960
2024-09-29 01:32:06.833 [warning] [Decorations] CAPPING events from decorations provider vscode.git 960
2024-09-29 01:32:11.886 [warning] [Decorations] CAPPING events from decorations provider vscode.git 960
2024-09-29 01:32:16.943 [warning] [Decorations] CAPPING events from decorations provider vscode.git 960
2024-09-29 01:32:21.999 [warning] [Decorations] CAPPING events from decorations provider vscode.git 960
2024-09-29 01:32:27.057 [warning] [Decorations] CAPPING events from decorations provider vscode.git 960
2024-09-29 01:32:32.109 [warning] [Decorations] CAPPING events from decorations provider vscode.git 960
2024-09-29 01:32:37.161 [warning] [Decorations] CAPPING events from decorations provider vscode.git 960
2024-09-29 01:32:42.212 [warning] [Decorations] CAPPING events from decorations provider vscode.git 960
2024-09-29 01:32:47.263 [warning] [Decorations] CAPPING events from decorations provider vscode.git 960
2024-09-29 01:32:52.315 [warning] [Decorations] CAPPING events from decorations provider vscode.git 960
2024-09-29 01:32:57.371 [warning] [Decorations] CAPPING events from decorations provider vscode.git 960
2024-09-29 01:33:02.423 [warning] [Decorations] CAPPING events from decorations provider vscode.git 960
2024-09-29 01:33:07.476 [warning] [Decorations] CAPPING events from decorations provider vscode.git 960
2024-09-29 01:33:12.526 [warning] [Decorations] CAPPING events from decorations provider vscode.git 960
2024-09-29 01:33:17.585 [warning] [Decorations] CAPPING events from decorations provider vscode.git 960
2024-09-29 01:33:22.640 [warning] [Decorations] CAPPING events from decorations provider vscode.git 960
2024-09-29 01:33:27.699 [warning] [Decorations] CAPPING events from decorations provider vscode.git 960
2024-09-29 01:33:32.748 [warning] [Decorations] CAPPING events from decorations provider vscode.git 960
2024-09-29 01:33:37.800 [warning] [Decorations] CAPPING events from decorations provider vscode.git 960
2024-09-29 01:33:42.853 [warning] [Decorations] CAPPING events from decorations provider vscode.git 960
2024-09-29 01:33:47.906 [warning] [Decorations] CAPPING events from decorations provider vscode.git 960
2024-09-29 01:33:52.956 [warning] [Decorations] CAPPING events from decorations provider vscode.git 960
2024-09-29 01:33:58.012 [warning] [Decorations] CAPPING events from decorations provider vscode.git 960
2024-09-29 01:34:23.397 [warning] [Decorations] CAPPING events from decorations provider vscode.git 960
2024-09-29 01:35:22.770 [warning] [Decorations] CAPPING events from decorations provider vscode.git 960
2024-09-29 01:35:27.824 [warning] [Decorations] CAPPING events from decorations provider vscode.git 960
2024-09-29 01:35:32.879 [warning] [Decorations] CAPPING events from decorations provider vscode.git 960
2024-09-29 01:35:37.930 [warning] [Decorations] CAPPING events from decorations provider vscode.git 960
2024-09-29 01:35:42.983 [warning] [Decorations] CAPPING events from decorations provider vscode.git 960
2024-09-29 01:35:48.042 [warning] [Decorations] CAPPING events from decorations provider vscode.git 960
2024-09-29 01:35:53.095 [warning] [Decorations] CAPPING events from decorations provider vscode.git 960
2024-09-29 01:35:58.147 [warning] [Decorations] CAPPING events from decorations provider vscode.git 960
2024-09-29 01:36:03.202 [warning] [Decorations] CAPPING events from decorations provider vscode.git 960
2024-09-29 01:36:08.255 [warning] [Decorations] CAPPING events from decorations provider vscode.git 960
2024-09-29 01:36:13.305 [warning] [Decorations] CAPPING events from decorations provider vscode.git 960
2024-09-29 01:36:18.361 [warning] [Decorations] CAPPING events from decorations provider vscode.git 960
2024-09-29 01:36:23.411 [warning] [Decorations] CAPPING events from decorations provider vscode.git 960
2024-09-29 01:36:28.464 [warning] [Decorations] CAPPING events from decorations provider vscode.git 960
2024-09-29 01:36:33.514 [warning] [Decorations] CAPPING events from decorations provider vscode.git 960
2024-09-29 01:36:38.930 [warning] [Decorations] CAPPING events from decorations provider vscode.git 960
2024-09-29 01:36:43.979 [warning] [Decorations] CAPPING events from decorations provider vscode.git 960
2024-09-29 01:36:49.027 [warning] [Decorations] CAPPING events from decorations provider vscode.git 960
2024-09-29 01:36:54.079 [warning] [Decorations] CAPPING events from decorations provider vscode.git 960
2024-09-29 01:36:59.131 [warning] [Decorations] CAPPING events from decorations provider vscode.git 960
2024-09-29 01:37:04.188 [warning] [Decorations] CAPPING events from decorations provider vscode.git 960
2024-09-29 01:37:09.241 [warning] [Decorations] CAPPING events from decorations provider vscode.git 960
2024-09-29 01:37:14.293 [warning] [Decorations] CAPPING events from decorations provider vscode.git 960
2024-09-29 01:37:19.345 [warning] [Decorations] CAPPING events from decorations provider vscode.git 960
2024-09-29 01:37:24.397 [warning] [Decorations] CAPPING events from decorations provider vscode.git 960
2024-09-29 01:37:29.454 [warning] [Decorations] CAPPING events from decorations provider vscode.git 960
2024-09-29 01:37:34.511 [warning] [Decorations] CAPPING events from decorations provider vscode.git 960
2024-09-29 01:37:39.562 [warning] [Decorations] CAPPING events from decorations provider vscode.git 960
2024-09-29 01:37:44.611 [warning] [Decorations] CAPPING events from decorations provider vscode.git 960
2024-09-29 01:37:49.661 [warning] [Decorations] CAPPING events from decorations provider vscode.git 960
2024-09-29 01:37:54.713 [warning] [Decorations] CAPPING events from decorations provider vscode.git 960
2024-09-29 01:40:35.412 [warning] [Decorations] CAPPING events from decorations provider vscode.git 960
2024-09-29 01:40:40.470 [warning] [Decorations] CAPPING events from decorations provider vscode.git 960
2024-09-29 01:40:45.519 [warning] [Decorations] CAPPING events from decorations provider vscode.git 960
2024-09-29 01:40:50.588 [warning] [Decorations] CAPPING events from decorations provider vscode.git 960
2024-09-29 01:41:04.805 [warning] [Decorations] CAPPING events from decorations provider vscode.git 960
2024-09-29 01:41:09.861 [warning] [Decorations] CAPPING events from decorations provider vscode.git 961
2024-09-29 01:41:15.299 [warning] [Decorations] CAPPING events from decorations provider vscode.git 961
2024-09-29 01:41:20.352 [warning] [Decorations] CAPPING events from decorations provider vscode.git 961
2024-09-29 01:41:25.410 [warning] [Decorations] CAPPING events from decorations provider vscode.git 961
2024-09-29 01:42:33.391 [warning] [Decorations] CAPPING events from decorations provider vscode.git 961
2024-09-29 01:42:38.453 [warning] [Decorations] CAPPING events from decorations provider vscode.git 961
2024-09-29 01:42:43.517 [warning] [Decorations] CAPPING events from decorations provider vscode.git 961
2024-09-29 01:42:48.567 [warning] [Decorations] CAPPING events from decorations provider vscode.git 961
2024-09-29 01:42:53.627 [warning] [Decorations] CAPPING events from decorations provider vscode.git 961
2024-09-29 01:42:58.680 [warning] [Decorations] CAPPING events from decorations provider vscode.git 961
2024-09-29 01:43:03.731 [warning] [Decorations] CAPPING events from decorations provider vscode.git 961
2024-09-29 01:43:08.787 [warning] [Decorations] CAPPING events from decorations provider vscode.git 961
2024-09-29 01:43:13.840 [warning] [Decorations] CAPPING events from decorations provider vscode.git 961
2024-09-29 01:43:18.893 [warning] [Decorations] CAPPING events from decorations provider vscode.git 961
2024-09-29 01:43:23.944 [warning] [Decorations] CAPPING events from decorations provider vscode.git 961
2024-09-29 01:43:28.997 [warning] [Decorations] CAPPING events from decorations provider vscode.git 961
2024-09-29 01:43:34.046 [warning] [Decorations] CAPPING events from decorations provider vscode.git 961
2024-09-29 01:43:39.100 [warning] [Decorations] CAPPING events from decorations provider vscode.git 961
2024-09-29 01:43:44.155 [warning] [Decorations] CAPPING events from decorations provider vscode.git 961
2024-09-29 01:43:49.206 [warning] [Decorations] CAPPING events from decorations provider vscode.git 961
2024-09-29 01:43:54.258 [warning] [Decorations] CAPPING events from decorations provider vscode.git 961
2024-09-29 01:43:59.309 [warning] [Decorations] CAPPING events from decorations provider vscode.git 961
2024-09-29 01:44:04.360 [warning] [Decorations] CAPPING events from decorations provider vscode.git 961
2024-09-29 01:44:09.413 [warning] [Decorations] CAPPING events from decorations provider vscode.git 960
2024-09-29 01:44:14.474 [warning] [Decorations] CAPPING events from decorations provider vscode.git 960
2024-09-29 01:44:19.526 [warning] [Decorations] CAPPING events from decorations provider vscode.git 960
2024-09-29 01:44:24.579 [warning] [Decorations] CAPPING events from decorations provider vscode.git 960
2024-09-29 01:44:29.634 [warning] [Decorations] CAPPING events from decorations provider vscode.git 960
2024-09-29 01:44:34.687 [warning] [Decorations] CAPPING events from decorations provider vscode.git 961
2024-09-29 01:44:39.739 [warning] [Decorations] CAPPING events from decorations provider vscode.git 961
2024-09-29 01:44:44.794 [warning] [Decorations] CAPPING events from decorations provider vscode.git 961
2024-09-29 01:44:51.209 [warning] [Decorations] CAPPING events from decorations provider vscode.git 961
2024-09-29 01:44:56.260 [warning] [Decorations] CAPPING events from decorations provider vscode.git 961
2024-09-29 01:45:01.317 [warning] [Decorations] CAPPING events from decorations provider vscode.git 961
2024-09-29 01:45:06.368 [warning] [Decorations] CAPPING events from decorations provider vscode.git 961
2024-09-29 01:45:11.420 [warning] [Decorations] CAPPING events from decorations provider vscode.git 961
2024-09-29 01:45:16.470 [warning] [Decorations] CAPPING events from decorations provider vscode.git 961
2024-09-29 01:45:21.520 [warning] [Decorations] CAPPING events from decorations provider vscode.git 961
2024-09-29 01:45:26.581 [warning] [Decorations] CAPPING events from decorations provider vscode.git 961
2024-09-29 01:45:31.632 [warning] [Decorations] CAPPING events from decorations provider vscode.git 961
2024-09-29 01:45:36.686 [warning] [Decorations] CAPPING events from decorations provider vscode.git 961
2024-09-29 01:45:41.736 [warning] [Decorations] CAPPING events from decorations provider vscode.git 961
2024-09-29 01:45:46.791 [warning] [Decorations] CAPPING events from decorations provider vscode.git 961
2024-09-29 01:45:51.843 [warning] [Decorations] CAPPING events from decorations provider vscode.git 961
2024-09-29 01:45:56.898 [warning] [Decorations] CAPPING events from decorations provider vscode.git 961
2024-09-29 01:46:01.956 [warning] [Decorations] CAPPING events from decorations provider vscode.git 961
2024-09-29 01:46:07.010 [warning] [Decorations] CAPPING events from decorations provider vscode.git 961
2024-09-29 01:46:16.892 [warning] [Decorations] CAPPING events from decorations provider vscode.git 961
2024-09-29 01:46:21.943 [warning] [Decorations] CAPPING events from decorations provider vscode.git 961
2024-09-29 01:46:26.993 [warning] [Decorations] CAPPING events from decorations provider vscode.git 961
2024-09-29 01:46:32.042 [warning] [Decorations] CAPPING events from decorations provider vscode.git 961
2024-09-29 01:46:37.458 [warning] [Decorations] CAPPING events from decorations provider vscode.git 961
2024-09-29 01:48:34.432 [warning] [Decorations] CAPPING events from decorations provider vscode.git 961
2024-09-29 01:48:39.489 [warning] [Decorations] CAPPING events from decorations provider vscode.git 961
2024-09-29 01:48:44.547 [warning] [Decorations] CAPPING events from decorations provider vscode.git 961
2024-09-29 01:48:49.603 [warning] [Decorations] CAPPING events from decorations provider vscode.git 961
2024-09-29 01:48:54.660 [warning] [Decorations] CAPPING events from decorations provider vscode.git 961
2024-09-29 01:48:59.714 [warning] [Decorations] CAPPING events from decorations provider vscode.git 961
2024-09-29 01:49:04.767 [warning] [Decorations] CAPPING events from decorations provider vscode.git 961
2024-09-29 01:49:09.821 [warning] [Decorations] CAPPING events from decorations provider vscode.git 961
2024-09-29 01:49:14.874 [warning] [Decorations] CAPPING events from decorations provider vscode.git 961
2024-09-29 01:49:19.924 [warning] [Decorations] CAPPING events from decorations provider vscode.git 961
2024-09-29 01:49:24.976 [warning] [Decorations] CAPPING events from decorations provider vscode.git 961
2024-09-29 01:49:30.029 [warning] [Decorations] CAPPING events from decorations provider vscode.git 961
2024-09-29 01:49:35.083 [warning] [Decorations] CAPPING events from decorations provider vscode.git 961
2024-09-29 01:49:40.146 [warning] [Decorations] CAPPING events from decorations provider vscode.git 961
2024-09-29 01:49:45.201 [warning] [Decorations] CAPPING events from decorations provider vscode.git 961
2024-09-29 01:49:50.251 [warning] [Decorations] CAPPING events from decorations provider vscode.git 961
2024-09-29 01:49:55.305 [warning] [Decorations] CAPPING events from decorations provider vscode.git 961
2024-09-29 01:50:00.356 [warning] [Decorations] CAPPING events from decorations provider vscode.git 961
2024-09-29 01:50:05.407 [warning] [Decorations] CAPPING events from decorations provider vscode.git 961
2024-09-29 01:50:10.457 [warning] [Decorations] CAPPING events from decorations provider vscode.git 961
2024-09-29 01:50:15.510 [warning] [Decorations] CAPPING events from decorations provider vscode.git 961
2024-09-29 01:50:20.564 [warning] [Decorations] CAPPING events from decorations provider vscode.git 961
2024-09-29 01:50:26.996 [warning] [Decorations] CAPPING events from decorations provider vscode.git 961
2024-09-29 01:50:32.047 [warning] [Decorations] CAPPING events from decorations provider vscode.git 961
2024-09-29 01:50:38.004 [warning] [Decorations] CAPPING events from decorations provider vscode.git 961
2024-09-29 01:50:43.054 [warning] [Decorations] CAPPING events from decorations provider vscode.git 961
2024-09-29 01:50:48.107 [warning] [Decorations] CAPPING events from decorations provider vscode.git 961
2024-09-29 01:50:53.159 [warning] [Decorations] CAPPING events from decorations provider vscode.git 961
2024-09-29 01:51:47.467 [warning] [Decorations] CAPPING events from decorations provider vscode.git 961
2024-09-29 01:51:52.522 [warning] [Decorations] CAPPING events from decorations provider vscode.git 961
2024-09-29 01:51:57.579 [warning] [Decorations] CAPPING events from decorations provider vscode.git 961
2024-09-29 01:52:02.633 [warning] [Decorations] CAPPING events from decorations provider vscode.git 961
2024-09-29 01:52:07.687 [warning] [Decorations] CAPPING events from decorations provider vscode.git 961
2024-09-29 01:52:12.737 [warning] [Decorations] CAPPING events from decorations provider vscode.git 961
2024-09-29 01:52:17.796 [warning] [Decorations] CAPPING events from decorations provider vscode.git 961
2024-09-29 01:52:22.851 [warning] [Decorations] CAPPING events from decorations provider vscode.git 961
2024-09-29 01:52:27.915 [warning] [Decorations] CAPPING events from decorations provider vscode.git 961
2024-09-29 01:52:32.969 [warning] [Decorations] CAPPING events from decorations provider vscode.git 961
2024-09-29 01:52:38.019 [warning] [Decorations] CAPPING events from decorations provider vscode.git 961
2024-09-29 01:52:43.430 [warning] [Decorations] CAPPING events from decorations provider vscode.git 961
2024-09-29 01:52:48.480 [warning] [Decorations] CAPPING events from decorations provider vscode.git 961
2024-09-29 01:52:53.531 [warning] [Decorations] CAPPING events from decorations provider vscode.git 961
2024-09-29 01:52:58.582 [warning] [Decorations] CAPPING events from decorations provider vscode.git 961
2024-09-29 01:53:03.632 [warning] [Decorations] CAPPING events from decorations provider vscode.git 961
2024-09-29 01:53:08.685 [warning] [Decorations] CAPPING events from decorations provider vscode.git 961
2024-09-29 01:53:13.737 [warning] [Decorations] CAPPING events from decorations provider vscode.git 961
2024-09-29 01:53:18.788 [warning] [Decorations] CAPPING events from decorations provider vscode.git 961
2024-09-29 01:53:23.843 [warning] [Decorations] CAPPING events from decorations provider vscode.git 961
2024-09-29 01:53:28.896 [warning] [Decorations] CAPPING events from decorations provider vscode.git 961
2024-09-29 01:53:33.948 [warning] [Decorations] CAPPING events from decorations provider vscode.git 961
2024-09-29 01:53:39.000 [warning] [Decorations] CAPPING events from decorations provider vscode.git 961
2024-09-29 01:53:44.052 [warning] [Decorations] CAPPING events from decorations provider vscode.git 961
2024-09-29 01:53:49.471 [warning] [Decorations] CAPPING events from decorations provider vscode.git 961
2024-09-29 01:53:54.524 [warning] [Decorations] CAPPING events from decorations provider vscode.git 961
2024-09-29 01:53:59.574 [warning] [Decorations] CAPPING events from decorations provider vscode.git 961
2024-09-29 01:54:04.626 [warning] [Decorations] CAPPING events from decorations provider vscode.git 961
2024-09-29 01:54:09.677 [warning] [Decorations] CAPPING events from decorations provider vscode.git 961
2024-09-29 01:54:14.725 [warning] [Decorations] CAPPING events from decorations provider vscode.git 961
2024-09-29 01:54:19.783 [warning] [Decorations] CAPPING events from decorations provider vscode.git 961
2024-09-29 01:54:25.499 [warning] [Decorations] CAPPING events from decorations provider vscode.git 961
2024-09-29 01:54:30.550 [warning] [Decorations] CAPPING events from decorations provider vscode.git 961
2024-09-29 01:54:35.603 [warning] [Decorations] CAPPING events from decorations provider vscode.git 961
2024-09-29 01:54:40.657 [warning] [Decorations] CAPPING events from decorations provider vscode.git 961
2024-09-29 01:54:45.708 [warning] [Decorations] CAPPING events from decorations provider vscode.git 961
2024-09-29 01:54:50.761 [warning] [Decorations] CAPPING events from decorations provider vscode.git 961
2024-09-29 01:54:55.813 [warning] [Decorations] CAPPING events from decorations provider vscode.git 961
2024-09-29 01:55:00.863 [warning] [Decorations] CAPPING events from decorations provider vscode.git 961
2024-09-29 01:55:05.916 [warning] [Decorations] CAPPING events from decorations provider vscode.git 961
2024-09-29 01:55:10.975 [warning] [Decorations] CAPPING events from decorations provider vscode.git 961
2024-09-29 01:56:30.048 [warning] [Decorations] CAPPING events from decorations provider vscode.git 961
2024-09-29 01:57:05.981 [warning] [Decorations] CAPPING events from decorations provider vscode.git 961
2024-09-29 01:57:11.040 [warning] [Decorations] CAPPING events from decorations provider vscode.git 961
2024-09-29 01:57:16.098 [warning] [Decorations] CAPPING events from decorations provider vscode.git 961
2024-09-29 01:57:21.152 [warning] [Decorations] CAPPING events from decorations provider vscode.git 961
2024-09-29 01:57:26.206 [warning] [Decorations] CAPPING events from decorations provider vscode.git 961
2024-09-29 01:57:31.258 [warning] [Decorations] CAPPING events from decorations provider vscode.git 961
2024-09-29 01:57:36.310 [warning] [Decorations] CAPPING events from decorations provider vscode.git 961
2024-09-29 01:57:41.369 [warning] [Decorations] CAPPING events from decorations provider vscode.git 961
2024-09-29 01:57:46.430 [warning] [Decorations] CAPPING events from decorations provider vscode.git 961
2024-09-29 01:57:51.485 [warning] [Decorations] CAPPING events from decorations provider vscode.git 961
2024-09-29 01:57:56.535 [warning] [Decorations] CAPPING events from decorations provider vscode.git 961
2024-09-29 01:58:01.589 [warning] [Decorations] CAPPING events from decorations provider vscode.git 961
2024-09-29 01:58:06.640 [warning] [Decorations] CAPPING events from decorations provider vscode.git 961
2024-09-29 01:58:11.693 [warning] [Decorations] CAPPING events from decorations provider vscode.git 961
2024-09-29 01:58:17.099 [warning] [Decorations] CAPPING events from decorations provider vscode.git 961
2024-09-29 01:58:22.149 [warning] [Decorations] CAPPING events from decorations provider vscode.git 961
2024-09-29 01:58:27.201 [warning] [Decorations] CAPPING events from decorations provider vscode.git 961
2024-09-29 01:58:32.254 [warning] [Decorations] CAPPING events from decorations provider vscode.git 961
2024-09-29 01:58:37.305 [warning] [Decorations] CAPPING events from decorations provider vscode.git 961
2024-09-29 01:58:42.362 [warning] [Decorations] CAPPING events from decorations provider vscode.git 961
2024-09-29 01:58:47.425 [warning] [Decorations] CAPPING events from decorations provider vscode.git 961
2024-09-29 01:58:52.477 [warning] [Decorations] CAPPING events from decorations provider vscode.git 961
2024-09-29 01:58:57.525 [warning] [Decorations] CAPPING events from decorations provider vscode.git 961
2024-09-29 01:59:02.573 [warning] [Decorations] CAPPING events from decorations provider vscode.git 961
2024-09-29 01:59:07.621 [warning] [Decorations] CAPPING events from decorations provider vscode.git 961
2024-09-29 01:59:12.672 [warning] [Decorations] CAPPING events from decorations provider vscode.git 961
2024-09-29 01:59:27.360 [warning] [Decorations] CAPPING events from decorations provider vscode.git 961
2024-09-29 01:59:32.407 [warning] [Decorations] CAPPING events from decorations provider vscode.git 961
2024-09-29 01:59:53.751 [warning] [Decorations] CAPPING events from decorations provider vscode.git 961
2024-09-29 01:59:58.812 [warning] [Decorations] CAPPING events from decorations provider vscode.git 961
2024-09-29 02:00:20.799 [warning] [Decorations] CAPPING events from decorations provider vscode.git 961
2024-09-29 02:00:41.267 [warning] [Decorations] CAPPING events from decorations provider vscode.git 961
2024-09-29 02:00:46.327 [warning] [Decorations] CAPPING events from decorations provider vscode.git 961
2024-09-29 02:00:51.382 [warning] [Decorations] CAPPING events from decorations provider vscode.git 961
2024-09-29 02:00:56.434 [warning] [Decorations] CAPPING events from decorations provider vscode.git 961
2024-09-29 02:01:01.483 [warning] [Decorations] CAPPING events from decorations provider vscode.git 961
2024-09-29 02:01:06.534 [warning] [Decorations] CAPPING events from decorations provider vscode.git 961
2024-09-29 02:01:11.585 [warning] [Decorations] CAPPING events from decorations provider vscode.git 961
2024-09-29 02:01:16.637 [warning] [Decorations] CAPPING events from decorations provider vscode.git 961
2024-09-29 02:01:21.688 [warning] [Decorations] CAPPING events from decorations provider vscode.git 961
2024-09-29 02:01:26.749 [warning] [Decorations] CAPPING events from decorations provider vscode.git 961
2024-09-29 02:01:31.811 [warning] [Decorations] CAPPING events from decorations provider vscode.git 961
2024-09-29 02:01:36.863 [warning] [Decorations] CAPPING events from decorations provider vscode.git 961
2024-09-29 02:01:41.926 [warning] [Decorations] CAPPING events from decorations provider vscode.git 961
2024-09-29 02:01:46.980 [warning] [Decorations] CAPPING events from decorations provider vscode.git 961
2024-09-29 02:01:52.029 [warning] [Decorations] CAPPING events from decorations provider vscode.git 961
2024-09-29 02:01:57.088 [warning] [Decorations] CAPPING events from decorations provider vscode.git 962
2024-09-29 02:02:02.505 [warning] [Decorations] CAPPING events from decorations provider vscode.git 961
2024-09-29 02:02:07.556 [warning] [Decorations] CAPPING events from decorations provider vscode.git 961
2024-09-29 02:04:47.800 [warning] [Decorations] CAPPING events from decorations provider vscode.git 961
2024-09-29 02:04:52.856 [warning] [Decorations] CAPPING events from decorations provider vscode.git 961
2024-09-29 02:04:57.919 [warning] [Decorations] CAPPING events from decorations provider vscode.git 961
2024-09-29 02:05:02.970 [warning] [Decorations] CAPPING events from decorations provider vscode.git 961
2024-09-29 02:05:08.021 [warning] [Decorations] CAPPING events from decorations provider vscode.git 961
2024-09-29 02:05:13.075 [warning] [Decorations] CAPPING events from decorations provider vscode.git 961
2024-09-29 02:05:18.128 [warning] [Decorations] CAPPING events from decorations provider vscode.git 961
2024-09-29 02:05:23.180 [warning] [Decorations] CAPPING events from decorations provider vscode.git 961
2024-09-29 02:05:28.231 [warning] [Decorations] CAPPING events from decorations provider vscode.git 961
2024-09-29 02:05:33.281 [warning] [Decorations] CAPPING events from decorations provider vscode.git 961
2024-09-29 02:05:38.690 [warning] [Decorations] CAPPING events from decorations provider vscode.git 961
2024-09-29 02:05:43.749 [warning] [Decorations] CAPPING events from decorations provider vscode.git 961
2024-09-29 02:05:48.799 [warning] [Decorations] CAPPING events from decorations provider vscode.git 961
2024-09-29 02:05:53.851 [warning] [Decorations] CAPPING events from decorations provider vscode.git 961
2024-09-29 02:05:58.913 [warning] [Decorations] CAPPING events from decorations provider vscode.git 961
2024-09-29 02:06:03.962 [warning] [Decorations] CAPPING events from decorations provider vscode.git 961
2024-09-29 02:06:09.015 [warning] [Decorations] CAPPING events from decorations provider vscode.git 961
2024-09-29 02:06:14.718 [warning] [Decorations] CAPPING events from decorations provider vscode.git 961
2024-09-29 02:06:19.767 [warning] [Decorations] CAPPING events from decorations provider vscode.git 961
2024-09-29 02:06:24.819 [warning] [Decorations] CAPPING events from decorations provider vscode.git 961
2024-09-29 02:06:29.870 [warning] [Decorations] CAPPING events from decorations provider vscode.git 961
2024-09-29 02:06:34.924 [warning] [Decorations] CAPPING events from decorations provider vscode.git 961
2024-09-29 02:06:39.975 [warning] [Decorations] CAPPING events from decorations provider vscode.git 961
2024-09-29 02:06:45.025 [warning] [Decorations] CAPPING events from decorations provider vscode.git 961
2024-09-29 02:06:50.079 [warning] [Decorations] CAPPING events from decorations provider vscode.git 961
2024-09-29 02:06:55.137 [warning] [Decorations] CAPPING events from decorations provider vscode.git 961
2024-09-29 02:07:00.198 [warning] [Decorations] CAPPING events from decorations provider vscode.git 961
2024-09-29 02:07:05.251 [warning] [Decorations] CAPPING events from decorations provider vscode.git 961
2024-09-29 02:07:10.301 [warning] [Decorations] CAPPING events from decorations provider vscode.git 961
2024-09-29 02:07:15.353 [warning] [Decorations] CAPPING events from decorations provider vscode.git 961
2024-09-29 02:07:20.405 [warning] [Decorations] CAPPING events from decorations provider vscode.git 961
2024-09-29 02:07:25.462 [warning] [Decorations] CAPPING events from decorations provider vscode.git 961
2024-09-29 02:07:30.514 [warning] [Decorations] CAPPING events from decorations provider vscode.git 961
2024-09-29 02:07:35.565 [warning] [Decorations] CAPPING events from decorations provider vscode.git 961
2024-09-29 02:07:40.616 [warning] [Decorations] CAPPING events from decorations provider vscode.git 961
2024-09-29 02:07:45.674 [warning] [Decorations] CAPPING events from decorations provider vscode.git 961
2024-09-29 02:07:50.727 [warning] [Decorations] CAPPING events from decorations provider vscode.git 961
2024-09-29 02:07:55.780 [warning] [Decorations] CAPPING events from decorations provider vscode.git 961
2024-09-29 02:08:00.830 [warning] [Decorations] CAPPING events from decorations provider vscode.git 961
2024-09-29 02:08:05.884 [warning] [Decorations] CAPPING events from decorations provider vscode.git 961
2024-09-29 02:08:10.937 [warning] [Decorations] CAPPING events from decorations provider vscode.git 961
2024-09-29 02:08:15.988 [warning] [Decorations] CAPPING events from decorations provider vscode.git 961
2024-09-29 02:08:21.042 [warning] [Decorations] CAPPING events from decorations provider vscode.git 961
2024-09-29 02:08:26.100 [warning] [Decorations] CAPPING events from decorations provider vscode.git 961
2024-09-29 02:08:31.156 [warning] [Decorations] CAPPING events from decorations provider vscode.git 961
2024-09-29 02:08:36.208 [warning] [Decorations] CAPPING events from decorations provider vscode.git 961
2024-09-29 02:14:58.408 [warning] [Decorations] CAPPING events from decorations provider vscode.git 961
2024-09-29 02:15:03.467 [warning] [Decorations] CAPPING events from decorations provider vscode.git 961
2024-09-29 02:15:08.521 [warning] [Decorations] CAPPING events from decorations provider vscode.git 961
2024-09-29 02:15:13.574 [warning] [Decorations] CAPPING events from decorations provider vscode.git 961
2024-09-29 02:15:18.987 [warning] [Decorations] CAPPING events from decorations provider vscode.git 961
2024-09-29 02:15:25.295 [warning] [Decorations] CAPPING events from decorations provider vscode.git 960
2024-09-29 02:16:57.795 [warning] [Decorations] CAPPING events from decorations provider vscode.git 960
2024-09-29 02:17:02.852 [warning] [Decorations] CAPPING events from decorations provider vscode.git 960
2024-09-29 02:17:07.913 [warning] [Decorations] CAPPING events from decorations provider vscode.git 960
2024-09-29 02:17:12.967 [warning] [Decorations] CAPPING events from decorations provider vscode.git 960
2024-09-29 02:17:18.017 [warning] [Decorations] CAPPING events from decorations provider vscode.git 960
2024-09-29 02:17:23.068 [warning] [Decorations] CAPPING events from decorations provider vscode.git 960
2024-09-29 02:17:28.121 [warning] [Decorations] CAPPING events from decorations provider vscode.git 960
2024-09-29 02:17:33.176 [warning] [Decorations] CAPPING events from decorations provider vscode.git 960
2024-09-29 02:17:38.230 [warning] [Decorations] CAPPING events from decorations provider vscode.git 960
2024-09-29 02:17:43.282 [warning] [Decorations] CAPPING events from decorations provider vscode.git 960
2024-09-29 02:17:48.334 [warning] [Decorations] CAPPING events from decorations provider vscode.git 960
2024-09-29 02:17:53.384 [warning] [Decorations] CAPPING events from decorations provider vscode.git 960
2024-09-29 02:17:58.435 [warning] [Decorations] CAPPING events from decorations provider vscode.git 960
2024-09-29 02:18:03.484 [warning] [Decorations] CAPPING events from decorations provider vscode.git 960
2024-09-29 02:18:09.120 [warning] [Decorations] CAPPING events from decorations provider vscode.git 960
2024-09-29 02:18:14.172 [warning] [Decorations] CAPPING events from decorations provider vscode.git 960
2024-09-29 02:18:19.221 [warning] [Decorations] CAPPING events from decorations provider vscode.git 960
2024-09-29 02:18:24.268 [warning] [Decorations] CAPPING events from decorations provider vscode.git 960
2024-09-29 02:18:29.321 [warning] [Decorations] CAPPING events from decorations provider vscode.git 960
2024-09-29 02:18:34.372 [warning] [Decorations] CAPPING events from decorations provider vscode.git 960
2024-09-29 02:18:40.176 [warning] [Decorations] CAPPING events from decorations provider vscode.git 960
2024-09-29 02:18:45.228 [warning] [Decorations] CAPPING events from decorations provider vscode.git 960
2024-09-29 02:18:50.281 [warning] [Decorations] CAPPING events from decorations provider vscode.git 960
2024-09-29 02:18:55.328 [warning] [Decorations] CAPPING events from decorations provider vscode.git 960
2024-09-29 02:19:00.391 [warning] [Decorations] CAPPING events from decorations provider vscode.git 960
2024-09-29 02:19:05.445 [warning] [Decorations] CAPPING events from decorations provider vscode.git 960
2024-09-29 02:19:10.509 [warning] [Decorations] CAPPING events from decorations provider vscode.git 960
2024-09-29 02:19:15.559 [warning] [Decorations] CAPPING events from decorations provider vscode.git 960
2024-09-29 02:19:20.609 [warning] [Decorations] CAPPING events from decorations provider vscode.git 960
2024-09-29 02:19:25.659 [warning] [Decorations] CAPPING events from decorations provider vscode.git 960
2024-09-29 02:19:30.711 [warning] [Decorations] CAPPING events from decorations provider vscode.git 960
2024-09-29 02:19:35.764 [warning] [Decorations] CAPPING events from decorations provider vscode.git 960
2024-09-29 02:19:40.814 [warning] [Decorations] CAPPING events from decorations provider vscode.git 960
2024-09-29 02:19:45.868 [warning] [Decorations] CAPPING events from decorations provider vscode.git 960
2024-09-29 02:19:50.938 [warning] [Decorations] CAPPING events from decorations provider vscode.git 960
2024-09-29 02:19:55.995 [warning] [Decorations] CAPPING events from decorations provider vscode.git 960
2024-09-29 02:20:01.047 [warning] [Decorations] CAPPING events from decorations provider vscode.git 960
2024-09-29 02:20:06.099 [warning] [Decorations] CAPPING events from decorations provider vscode.git 960
2024-09-29 02:20:11.151 [warning] [Decorations] CAPPING events from decorations provider vscode.git 960
2024-09-29 02:20:16.205 [warning] [Decorations] CAPPING events from decorations provider vscode.git 960
2024-09-29 02:20:23.628 [warning] [Decorations] CAPPING events from decorations provider vscode.git 960
2024-09-29 02:20:28.678 [warning] [Decorations] CAPPING events from decorations provider vscode.git 960
2024-09-29 02:20:33.730 [warning] [Decorations] CAPPING events from decorations provider vscode.git 960
2024-09-29 02:20:38.778 [warning] [Decorations] CAPPING events from decorations provider vscode.git 960
2024-09-29 02:20:43.835 [warning] [Decorations] CAPPING events from decorations provider vscode.git 960
2024-09-29 02:20:48.893 [warning] [Decorations] CAPPING events from decorations provider vscode.git 960
2024-09-29 02:20:53.949 [warning] [Decorations] CAPPING events from decorations provider vscode.git 960
2024-09-29 02:20:59.008 [warning] [Decorations] CAPPING events from decorations provider vscode.git 960
2024-09-29 02:21:04.062 [warning] [Decorations] CAPPING events from decorations provider vscode.git 960
2024-09-29 02:21:09.117 [warning] [Decorations] CAPPING events from decorations provider vscode.git 960
2024-09-29 02:21:14.170 [warning] [Decorations] CAPPING events from decorations provider vscode.git 960
2024-09-29 02:21:19.224 [warning] [Decorations] CAPPING events from decorations provider vscode.git 960
2024-09-29 02:21:24.661 [warning] [Decorations] CAPPING events from decorations provider vscode.git 960
2024-09-29 02:21:29.712 [warning] [Decorations] CAPPING events from decorations provider vscode.git 960
2024-09-29 02:21:34.761 [warning] [Decorations] CAPPING events from decorations provider vscode.git 960
2024-09-29 02:21:39.812 [warning] [Decorations] CAPPING events from decorations provider vscode.git 960
2024-09-29 02:21:44.862 [warning] [Decorations] CAPPING events from decorations provider vscode.git 960
2024-09-29 02:21:49.912 [warning] [Decorations] CAPPING events from decorations provider vscode.git 960
2024-09-29 02:21:54.964 [warning] [Decorations] CAPPING events from decorations provider vscode.git 960
2024-09-29 02:22:00.021 [warning] [Decorations] CAPPING events from decorations provider vscode.git 960
2024-09-29 02:22:05.081 [warning] [Decorations] CAPPING events from decorations provider vscode.git 960
2024-09-29 02:22:10.135 [warning] [Decorations] CAPPING events from decorations provider vscode.git 960
2024-09-29 02:22:15.190 [warning] [Decorations] CAPPING events from decorations provider vscode.git 960
2024-09-29 02:22:20.243 [warning] [Decorations] CAPPING events from decorations provider vscode.git 960
2024-09-29 02:22:25.297 [warning] [Decorations] CAPPING events from decorations provider vscode.git 960
2024-09-29 02:22:30.353 [warning] [Decorations] CAPPING events from decorations provider vscode.git 960
2024-09-29 02:22:35.406 [warning] [Decorations] CAPPING events from decorations provider vscode.git 960
2024-09-29 02:22:40.457 [warning] [Decorations] CAPPING events from decorations provider vscode.git 960
2024-09-29 02:22:45.511 [warning] [Decorations] CAPPING events from decorations provider vscode.git 960
2024-09-29 02:22:50.563 [warning] [Decorations] CAPPING events from decorations provider vscode.git 960
2024-09-29 02:22:55.617 [warning] [Decorations] CAPPING events from decorations provider vscode.git 960
2024-09-29 02:23:00.671 [warning] [Decorations] CAPPING events from decorations provider vscode.git 960
2024-09-29 02:23:05.725 [warning] [Decorations] CAPPING events from decorations provider vscode.git 960
2024-09-29 02:23:10.775 [warning] [Decorations] CAPPING events from decorations provider vscode.git 960
2024-09-29 02:23:15.829 [warning] [Decorations] CAPPING events from decorations provider vscode.git 960
2024-09-29 02:23:20.884 [warning] [Decorations] CAPPING events from decorations provider vscode.git 960
2024-09-29 02:24:17.201 [warning] [Decorations] CAPPING events from decorations provider vscode.git 960
2024-09-29 02:24:22.257 [warning] [Decorations] CAPPING events from decorations provider vscode.git 960
2024-09-29 02:27:37.925 [warning] [Decorations] CAPPING events from decorations provider vscode.git 960
2024-09-29 02:27:42.979 [warning] [Decorations] CAPPING events from decorations provider vscode.git 960
2024-09-29 02:27:48.034 [warning] [Decorations] CAPPING events from decorations provider vscode.git 960
2024-09-29 02:27:53.093 [warning] [Decorations] CAPPING events from decorations provider vscode.git 960
2024-09-29 02:27:58.146 [warning] [Decorations] CAPPING events from decorations provider vscode.git 960
2024-09-29 02:28:03.199 [warning] [Decorations] CAPPING events from decorations provider vscode.git 960
2024-09-29 02:28:08.258 [warning] [Decorations] CAPPING events from decorations provider vscode.git 960
2024-09-29 02:28:13.311 [warning] [Decorations] CAPPING events from decorations provider vscode.git 960
2024-09-29 02:28:18.361 [warning] [Decorations] CAPPING events from decorations provider vscode.git 960
2024-09-29 02:28:23.409 [warning] [Decorations] CAPPING events from decorations provider vscode.git 960
2024-09-29 02:28:28.467 [warning] [Decorations] CAPPING events from decorations provider vscode.git 960
2024-09-29 02:28:33.517 [warning] [Decorations] CAPPING events from decorations provider vscode.git 960
2024-09-29 02:28:38.567 [warning] [Decorations] CAPPING events from decorations provider vscode.git 960
2024-09-29 02:28:43.618 [warning] [Decorations] CAPPING events from decorations provider vscode.git 960
2024-09-29 02:28:48.667 [warning] [Decorations] CAPPING events from decorations provider vscode.git 960
2024-09-29 02:28:53.715 [warning] [Decorations] CAPPING events from decorations provider vscode.git 960
2024-09-29 02:28:58.775 [warning] [Decorations] CAPPING events from decorations provider vscode.git 960
2024-09-29 02:29:03.826 [warning] [Decorations] CAPPING events from decorations provider vscode.git 960
2024-09-29 02:29:08.876 [warning] [Decorations] CAPPING events from decorations provider vscode.git 960
2024-09-29 02:29:13.932 [warning] [Decorations] CAPPING events from decorations provider vscode.git 960
2024-09-29 02:29:18.983 [warning] [Decorations] CAPPING events from decorations provider vscode.git 960
2024-09-29 02:29:25.398 [warning] [Decorations] CAPPING events from decorations provider vscode.git 960
2024-09-29 02:29:30.454 [warning] [Decorations] CAPPING events from decorations provider vscode.git 960
2024-09-29 02:29:35.504 [warning] [Decorations] CAPPING events from decorations provider vscode.git 960
2024-09-29 02:29:40.559 [warning] [Decorations] CAPPING events from decorations provider vscode.git 960
2024-09-29 02:29:45.613 [warning] [Decorations] CAPPING events from decorations provider vscode.git 960
2024-09-29 02:29:50.668 [warning] [Decorations] CAPPING events from decorations provider vscode.git 960
2024-09-29 02:29:55.719 [warning] [Decorations] CAPPING events from decorations provider vscode.git 960
2024-09-29 02:30:00.770 [warning] [Decorations] CAPPING events from decorations provider vscode.git 960
2024-09-29 02:30:05.822 [warning] [Decorations] CAPPING events from decorations provider vscode.git 960
2024-09-29 02:30:10.875 [warning] [Decorations] CAPPING events from decorations provider vscode.git 960
2024-09-29 02:30:15.939 [warning] [Decorations] CAPPING events from decorations provider vscode.git 960
2024-09-29 02:30:20.993 [warning] [Decorations] CAPPING events from decorations provider vscode.git 960
2024-09-29 02:30:26.047 [warning] [Decorations] CAPPING events from decorations provider vscode.git 960
2024-09-29 02:30:31.102 [warning] [Decorations] CAPPING events from decorations provider vscode.git 960
2024-09-29 02:30:36.156 [warning] [Decorations] CAPPING events from decorations provider vscode.git 960
2024-09-29 02:30:41.213 [warning] [Decorations] CAPPING events from decorations provider vscode.git 960
2024-09-29 02:30:46.268 [warning] [Decorations] CAPPING events from decorations provider vscode.git 960
2024-09-29 02:30:51.320 [warning] [Decorations] CAPPING events from decorations provider vscode.git 960
2024-09-29 02:30:56.370 [warning] [Decorations] CAPPING events from decorations provider vscode.git 960
2024-09-29 02:31:01.429 [warning] [Decorations] CAPPING events from decorations provider vscode.git 960
2024-09-29 02:31:06.847 [warning] [Decorations] CAPPING events from decorations provider vscode.git 960
2024-09-29 02:31:11.903 [warning] [Decorations] CAPPING events from decorations provider vscode.git 960
2024-09-29 02:31:16.954 [warning] [Decorations] CAPPING events from decorations provider vscode.git 960
2024-09-29 02:31:22.001 [warning] [Decorations] CAPPING events from decorations provider vscode.git 960
2024-09-29 02:31:27.052 [warning] [Decorations] CAPPING events from decorations provider vscode.git 960
2024-09-29 02:31:32.104 [warning] [Decorations] CAPPING events from decorations provider vscode.git 960
2024-09-29 02:31:37.153 [warning] [Decorations] CAPPING events from decorations provider vscode.git 960
2024-09-29 02:31:42.207 [warning] [Decorations] CAPPING events from decorations provider vscode.git 960
2024-09-29 02:31:47.268 [warning] [Decorations] CAPPING events from decorations provider vscode.git 960
2024-09-29 02:31:52.322 [warning] [Decorations] CAPPING events from decorations provider vscode.git 960
2024-09-29 02:31:57.375 [warning] [Decorations] CAPPING events from decorations provider vscode.git 960
2024-09-29 02:32:02.432 [warning] [Decorations] CAPPING events from decorations provider vscode.git 960
2024-09-29 02:32:07.484 [warning] [Decorations] CAPPING events from decorations provider vscode.git 960
2024-09-29 02:32:12.541 [warning] [Decorations] CAPPING events from decorations provider vscode.git 960
2024-09-29 02:32:17.591 [warning] [Decorations] CAPPING events from decorations provider vscode.git 960
2024-09-29 02:32:22.646 [warning] [Decorations] CAPPING events from decorations provider vscode.git 960
2024-09-29 02:32:27.695 [warning] [Decorations] CAPPING events from decorations provider vscode.git 960
2024-09-29 02:32:32.747 [warning] [Decorations] CAPPING events from decorations provider vscode.git 960
2024-09-29 02:32:37.801 [warning] [Decorations] CAPPING events from decorations provider vscode.git 960
2024-09-29 02:32:42.855 [warning] [Decorations] CAPPING events from decorations provider vscode.git 960
2024-09-29 02:32:47.907 [warning] [Decorations] CAPPING events from decorations provider vscode.git 960
2024-09-29 02:32:52.960 [warning] [Decorations] CAPPING events from decorations provider vscode.git 960
2024-09-29 02:32:58.372 [warning] [Decorations] CAPPING events from decorations provider vscode.git 960
2024-09-29 02:33:03.425 [warning] [Decorations] CAPPING events from decorations provider vscode.git 960
2024-09-29 02:33:08.473 [warning] [Decorations] CAPPING events from decorations provider vscode.git 960
2024-09-29 02:33:13.525 [warning] [Decorations] CAPPING events from decorations provider vscode.git 960
2024-09-29 02:47:29.666 [warning] [Decorations] CAPPING events from decorations provider vscode.git 960
2024-09-29 02:47:34.719 [warning] [Decorations] CAPPING events from decorations provider vscode.git 960
2024-09-29 02:47:39.769 [warning] [Decorations] CAPPING events from decorations provider vscode.git 960
2024-09-29 02:47:44.824 [warning] [Decorations] CAPPING events from decorations provider vscode.git 960
2024-09-29 02:47:49.876 [warning] [Decorations] CAPPING events from decorations provider vscode.git 960
2024-09-29 02:47:54.932 [warning] [Decorations] CAPPING events from decorations provider vscode.git 960
2024-09-29 02:47:59.986 [warning] [Decorations] CAPPING events from decorations provider vscode.git 960
2024-09-29 02:48:05.036 [warning] [Decorations] CAPPING events from decorations provider vscode.git 960
2024-09-29 02:48:10.092 [warning] [Decorations] CAPPING events from decorations provider vscode.git 960
2024-09-29 02:48:15.146 [warning] [Decorations] CAPPING events from decorations provider vscode.git 960
2024-09-29 02:48:20.199 [warning] [Decorations] CAPPING events from decorations provider vscode.git 960
2024-09-29 02:48:25.250 [warning] [Decorations] CAPPING events from decorations provider vscode.git 960
2024-09-29 02:48:30.302 [warning] [Decorations] CAPPING events from decorations provider vscode.git 960
2024-09-29 02:48:35.362 [warning] [Decorations] CAPPING events from decorations provider vscode.git 960
2024-09-29 02:48:40.413 [warning] [Decorations] CAPPING events from decorations provider vscode.git 960
2024-09-29 02:48:45.464 [warning] [Decorations] CAPPING events from decorations provider vscode.git 960
2024-09-29 02:48:50.514 [warning] [Decorations] CAPPING events from decorations provider vscode.git 960
2024-09-29 02:48:55.565 [warning] [Decorations] CAPPING events from decorations provider vscode.git 960
2024-09-29 02:49:00.616 [warning] [Decorations] CAPPING events from decorations provider vscode.git 960
2024-09-29 02:49:05.666 [warning] [Decorations] CAPPING events from decorations provider vscode.git 960
2024-09-29 02:49:10.722 [warning] [Decorations] CAPPING events from decorations provider vscode.git 960
2024-09-29 02:49:36.120 [warning] [Decorations] CAPPING events from decorations provider vscode.git 960
2024-09-29 02:58:48.581 [warning] [Decorations] CAPPING events from decorations provider vscode.git 960
2024-09-29 02:58:53.635 [warning] [Decorations] CAPPING events from decorations provider vscode.git 960
2024-09-29 02:58:58.697 [warning] [Decorations] CAPPING events from decorations provider vscode.git 960
2024-09-29 02:59:03.748 [warning] [Decorations] CAPPING events from decorations provider vscode.git 960
2024-09-29 02:59:08.798 [warning] [Decorations] CAPPING events from decorations provider vscode.git 960
2024-09-29 03:01:28.947 [warning] [Decorations] CAPPING events from decorations provider vscode.git 960
2024-09-29 03:08:12.718 [warning] [Decorations] CAPPING events from decorations provider vscode.git 960
2024-09-29 03:09:32.702 [warning] [Decorations] CAPPING events from decorations provider vscode.git 960
2024-09-29 03:09:37.755 [warning] [Decorations] CAPPING events from decorations provider vscode.git 960
2024-09-29 03:09:42.811 [warning] [Decorations] CAPPING events from decorations provider vscode.git 960
2024-09-29 03:09:47.861 [warning] [Decorations] CAPPING events from decorations provider vscode.git 960
2024-09-29 03:09:52.912 [warning] [Decorations] CAPPING events from decorations provider vscode.git 960
2024-09-29 03:09:57.963 [warning] [Decorations] CAPPING events from decorations provider vscode.git 960
2024-09-29 03:10:03.017 [warning] [Decorations] CAPPING events from decorations provider vscode.git 960
2024-09-29 03:10:08.067 [warning] [Decorations] CAPPING events from decorations provider vscode.git 960
2024-09-29 03:10:42.706 [warning] [Decorations] CAPPING events from decorations provider vscode.git 960
2024-09-29 03:10:47.759 [warning] [Decorations] CAPPING events from decorations provider vscode.git 960
2024-09-29 03:10:52.825 [warning] [Decorations] CAPPING events from decorations provider vscode.git 960
2024-09-29 03:10:57.878 [warning] [Decorations] CAPPING events from decorations provider vscode.git 960
2024-09-29 03:11:18.756 [warning] [Decorations] CAPPING events from decorations provider vscode.git 960
2024-09-29 03:11:28.259 [warning] [Decorations] CAPPING events from decorations provider vscode.git 960
2024-09-29 03:11:33.317 [warning] [Decorations] CAPPING events from decorations provider vscode.git 960
2024-09-29 03:11:38.367 [warning] [Decorations] CAPPING events from decorations provider vscode.git 960
2024-09-29 03:11:43.421 [warning] [Decorations] CAPPING events from decorations provider vscode.git 960
2024-09-29 03:11:48.468 [warning] [Decorations] CAPPING events from decorations provider vscode.git 960
2024-09-29 03:12:24.441 [warning] [Decorations] CAPPING events from decorations provider vscode.git 960
2024-09-29 03:12:31.532 [warning] [Decorations] CAPPING events from decorations provider vscode.git 960
2024-09-29 03:12:41.823 [warning] [Decorations] CAPPING events from decorations provider vscode.git 960
2024-09-29 03:12:46.914 [warning] [Decorations] CAPPING events from decorations provider vscode.git 960
2024-09-29 03:12:51.964 [warning] [Decorations] CAPPING events from decorations provider vscode.git 960
2024-09-29 03:12:57.047 [warning] [Decorations] CAPPING events from decorations provider vscode.git 960
2024-09-29 03:13:02.611 [warning] [Decorations] CAPPING events from decorations provider vscode.git 960
2024-09-29 03:13:20.642 [warning] [Decorations] CAPPING events from decorations provider vscode.git 960
2024-09-29 03:13:33.372 [warning] [Decorations] CAPPING events from decorations provider vscode.git 960
2024-09-29 03:13:38.429 [warning] [Decorations] CAPPING events from decorations provider vscode.git 960
2024-09-29 03:13:43.485 [warning] [Decorations] CAPPING events from decorations provider vscode.git 960
2024-09-29 03:16:09.509 [warning] [Decorations] CAPPING events from decorations provider vscode.git 960
2024-09-29 03:16:25.932 [warning] [Decorations] CAPPING events from decorations provider vscode.git 960
2024-09-29 03:16:30.992 [warning] [Decorations] CAPPING events from decorations provider vscode.git 960
2024-09-29 03:16:36.049 [warning] [Decorations] CAPPING events from decorations provider vscode.git 960
2024-09-29 03:16:41.107 [warning] [Decorations] CAPPING events from decorations provider vscode.git 960
2024-09-29 03:16:46.168 [warning] [Decorations] CAPPING events from decorations provider vscode.git 960
2024-09-29 03:16:51.221 [warning] [Decorations] CAPPING events from decorations provider vscode.git 960
2024-09-29 03:16:56.273 [warning] [Decorations] CAPPING events from decorations provider vscode.git 960
2024-09-29 03:17:01.336 [warning] [Decorations] CAPPING events from decorations provider vscode.git 960
2024-09-29 03:17:06.391 [warning] [Decorations] CAPPING events from decorations provider vscode.git 960
2024-09-29 03:17:59.610 [warning] [Decorations] CAPPING events from decorations provider vscode.git 960
2024-09-29 03:27:18.414 [warning] [Decorations] CAPPING events from decorations provider vscode.git 960
2024-09-29 03:27:23.469 [warning] [Decorations] CAPPING events from decorations provider vscode.git 960
2024-09-29 03:27:28.523 [warning] [Decorations] CAPPING events from decorations provider vscode.git 960
2024-09-29 03:27:33.582 [warning] [Decorations] CAPPING events from decorations provider vscode.git 960
2024-09-29 03:27:38.632 [warning] [Decorations] CAPPING events from decorations provider vscode.git 960
2024-09-29 03:27:43.683 [warning] [Decorations] CAPPING events from decorations provider vscode.git 960
2024-09-29 03:27:48.736 [warning] [Decorations] CAPPING events from decorations provider vscode.git 960
2024-09-29 03:27:53.793 [warning] [Decorations] CAPPING events from decorations provider vscode.git 960
2024-09-29 03:27:58.847 [warning] [Decorations] CAPPING events from decorations provider vscode.git 960
2024-09-29 03:28:03.896 [warning] [Decorations] CAPPING events from decorations provider vscode.git 960
2024-09-29 03:28:08.949 [warning] [Decorations] CAPPING events from decorations provider vscode.git 960
2024-09-29 03:28:14.010 [warning] [Decorations] CAPPING events from decorations provider vscode.git 960
2024-09-29 03:28:20.419 [warning] [Decorations] CAPPING events from decorations provider vscode.git 960
2024-09-29 03:28:25.470 [warning] [Decorations] CAPPING events from decorations provider vscode.git 960
2024-09-29 03:28:30.523 [warning] [Decorations] CAPPING events from decorations provider vscode.git 960
2024-09-29 03:28:35.574 [warning] [Decorations] CAPPING events from decorations provider vscode.git 960
2024-09-29 03:28:40.630 [warning] [Decorations] CAPPING events from decorations provider vscode.git 960
2024-09-29 03:28:45.685 [warning] [Decorations] CAPPING events from decorations provider vscode.git 960
2024-09-29 03:28:50.743 [warning] [Decorations] CAPPING events from decorations provider vscode.git 960
2024-09-29 03:28:55.794 [warning] [Decorations] CAPPING events from decorations provider vscode.git 960
2024-09-29 03:29:00.841 [warning] [Decorations] CAPPING events from decorations provider vscode.git 960
2024-09-29 03:29:05.893 [warning] [Decorations] CAPPING events from decorations provider vscode.git 960
2024-09-29 03:29:10.945 [warning] [Decorations] CAPPING events from decorations provider vscode.git 960
2024-09-29 03:29:16.449 [warning] [Decorations] CAPPING events from decorations provider vscode.git 960
2024-09-29 03:29:21.512 [warning] [Decorations] CAPPING events from decorations provider vscode.git 960
2024-09-29 03:29:26.565 [warning] [Decorations] CAPPING events from decorations provider vscode.git 960
2024-09-29 03:29:31.618 [warning] [Decorations] CAPPING events from decorations provider vscode.git 960
2024-09-29 03:29:37.460 [warning] [Decorations] CAPPING events from decorations provider vscode.git 960
2024-09-29 03:29:42.509 [warning] [Decorations] CAPPING events from decorations provider vscode.git 960
2024-09-29 03:29:47.562 [warning] [Decorations] CAPPING events from decorations provider vscode.git 960
2024-09-29 03:29:52.612 [warning] [Decorations] CAPPING events from decorations provider vscode.git 960
2024-09-29 03:29:57.667 [warning] [Decorations] CAPPING events from decorations provider vscode.git 960
2024-09-29 03:30:02.726 [warning] [Decorations] CAPPING events from decorations provider vscode.git 960
2024-09-29 03:30:07.776 [warning] [Decorations] CAPPING events from decorations provider vscode.git 960
2024-09-29 03:30:12.832 [warning] [Decorations] CAPPING events from decorations provider vscode.git 960
2024-09-29 03:30:17.892 [warning] [Decorations] CAPPING events from decorations provider vscode.git 960
2024-09-29 03:30:22.947 [warning] [Decorations] CAPPING events from decorations provider vscode.git 960
2024-09-29 03:30:23.594 [warning] [Decorations] CAPPING events from decorations provider vscode.git 960
2024-09-29 03:30:28.009 [warning] [Decorations] CAPPING events from decorations provider vscode.git 856
2024-09-29 03:30:33.098 [warning] [Decorations] CAPPING events from decorations provider vscode.git 856
2024-09-29 03:30:38.497 [warning] [Decorations] CAPPING events from decorations provider vscode.git 856
2024-09-29 03:30:43.559 [warning] [Decorations] CAPPING events from decorations provider vscode.git 856
2024-09-29 03:30:46.424 [warning] [Decorations] CAPPING events from decorations provider vscode.git 856
