2024-10-10 19:38:50.574 [info] Extension host with pid 1225 started
2024-10-10 19:38:50.611 [info] Lock '/home/student/.vscode-server/data/User/workspaceStorage/f21b5a8cedd66727cd298a5fb4fc6aaa/vscode.lock': Lock acquired.
2024-10-10 19:38:50.724 [info] ExtensionService#_doActivateExtension vscode.git-base, startup: false, activationEvent: '*', root cause: vscode.git
2024-10-10 19:38:50.851 [info] ExtensionService#_doActivateExtension vscode.git, startup: false, activationEvent: '*'
2024-10-10 19:38:50.851 [info] ExtensionService#_doActivateExtension vscode.github, startup: false, activationEvent: '*'
2024-10-10 19:38:51.197 [info] Eager extensions activated
2024-10-10 19:38:51.198 [info] ExtensionService#_doActivateExtension vscode.debug-auto-launch, startup: false, activationEvent: 'onStartupFinished'
2024-10-10 19:38:51.199 [info] ExtensionService#_doActivateExtension vscode.merge-conflict, startup: false, activationEvent: 'onStartupFinished'
2024-10-10 19:38:51.398 [info] ExtensionService#_doActivateExtension vscode.emmet, startup: false, activationEvent: 'onLanguage'
2024-10-10 19:38:51.545 [warning] [Decorations] CAPPING events from decorations provider vscode.git 1341
2024-10-10 19:38:51.947 [warning] [Decorations] CAPPING events from decorations provider vscode.git 1341
2024-10-10 19:38:54.859 [warning] [Decorations] CAPPING events from decorations provider vscode.git 1341
2024-10-10 19:38:59.947 [warning] [Decorations] CAPPING events from decorations provider vscode.git 1361
2024-10-10 19:39:05.027 [warning] [Decorations] CAPPING events from decorations provider vscode.git 1361
2024-10-10 19:39:10.110 [warning] [Decorations] CAPPING events from decorations provider vscode.git 1361
2024-10-10 19:39:15.191 [warning] [Decorations] CAPPING events from decorations provider vscode.git 1361
2024-10-10 19:39:20.273 [warning] [Decorations] CAPPING events from decorations provider vscode.git 1361
2024-10-10 19:39:25.376 [warning] [Decorations] CAPPING events from decorations provider vscode.git 1361
2024-10-10 19:39:30.457 [warning] [Decorations] CAPPING events from decorations provider vscode.git 1361
2024-10-10 19:39:35.551 [warning] [Decorations] CAPPING events from decorations provider vscode.git 1361
2024-10-10 19:39:40.633 [warning] [Decorations] CAPPING events from decorations provider vscode.git 1361
2024-10-10 19:39:45.713 [warning] [Decorations] CAPPING events from decorations provider vscode.git 1361
2024-10-10 19:41:20.034 [warning] [Decorations] CAPPING events from decorations provider vscode.git 1361
2024-10-10 19:45:12.849 [warning] [Decorations] CAPPING events from decorations provider vscode.git 1361
2024-10-10 19:45:17.938 [warning] [Decorations] CAPPING events from decorations provider vscode.git 1361
2024-10-10 19:45:23.019 [warning] [Decorations] CAPPING events from decorations provider vscode.git 1361
2024-10-10 19:45:28.105 [warning] [Decorations] CAPPING events from decorations provider vscode.git 1361
2024-10-10 19:45:33.184 [warning] [Decorations] CAPPING events from decorations provider vscode.git 1361
2024-10-10 19:45:38.275 [warning] [Decorations] CAPPING events from decorations provider vscode.git 1362
2024-10-10 19:45:43.354 [warning] [Decorations] CAPPING events from decorations provider vscode.git 1362
2024-10-10 19:45:48.453 [warning] [Decorations] CAPPING events from decorations provider vscode.git 1362
2024-10-10 19:45:53.543 [warning] [Decorations] CAPPING events from decorations provider vscode.git 1362
2024-10-10 19:46:01.210 [warning] [Decorations] CAPPING events from decorations provider vscode.git 1362
2024-10-10 19:46:06.292 [warning] [Decorations] CAPPING events from decorations provider vscode.git 1362
2024-10-10 19:46:11.377 [warning] [Decorations] CAPPING events from decorations provider vscode.git 1362
2024-10-10 19:47:21.819 [warning] [Decorations] CAPPING events from decorations provider vscode.git 1362
2024-10-10 19:47:26.898 [warning] [Decorations] CAPPING events from decorations provider vscode.git 1362
2024-10-10 19:47:31.980 [warning] [Decorations] CAPPING events from decorations provider vscode.git 1362
2024-10-10 19:48:20.159 [warning] [Decorations] CAPPING events from decorations provider vscode.git 1362
2024-10-10 19:49:59.911 [warning] [Decorations] CAPPING events from decorations provider vscode.git 1362
2024-10-10 19:50:04.993 [warning] [Decorations] CAPPING events from decorations provider vscode.git 1362
2024-10-10 19:50:10.078 [warning] [Decorations] CAPPING events from decorations provider vscode.git 1362
2024-10-10 19:50:37.299 [warning] [Decorations] CAPPING events from decorations provider vscode.git 1362
2024-10-10 19:50:42.386 [warning] [Decorations] CAPPING events from decorations provider vscode.git 1362
2024-10-10 19:51:33.854 [warning] [Decorations] CAPPING events from decorations provider vscode.git 1362
2024-10-10 19:51:38.939 [warning] [Decorations] CAPPING events from decorations provider vscode.git 1362
2024-10-10 19:52:12.374 [warning] [Decorations] CAPPING events from decorations provider vscode.git 1362
2024-10-10 19:52:44.415 [warning] [Decorations] CAPPING events from decorations provider vscode.git 1362
2024-10-10 19:52:49.500 [warning] [Decorations] CAPPING events from decorations provider vscode.git 1362
2024-10-10 19:52:54.573 [warning] [Decorations] CAPPING events from decorations provider vscode.git 1362
2024-10-10 19:52:59.653 [warning] [Decorations] CAPPING events from decorations provider vscode.git 1362
2024-10-10 19:59:04.195 [warning] [Decorations] CAPPING events from decorations provider vscode.git 1362
2024-10-10 19:59:47.180 [warning] [Decorations] CAPPING events from decorations provider vscode.git 1362
2024-10-10 19:59:52.268 [warning] [Decorations] CAPPING events from decorations provider vscode.git 1362
2024-10-10 19:59:57.349 [warning] [Decorations] CAPPING events from decorations provider vscode.git 1362
2024-10-10 20:00:02.464 [warning] [Decorations] CAPPING events from decorations provider vscode.git 1362
2024-10-10 20:04:58.135 [warning] [Decorations] CAPPING events from decorations provider vscode.git 1362
2024-10-10 20:05:03.219 [warning] [Decorations] CAPPING events from decorations provider vscode.git 1362
2024-10-10 20:05:08.307 [warning] [Decorations] CAPPING events from decorations provider vscode.git 1362
2024-10-10 20:08:02.181 [warning] [Decorations] CAPPING events from decorations provider vscode.git 1362
2024-10-10 20:08:07.268 [warning] [Decorations] CAPPING events from decorations provider vscode.git 1362
2024-10-10 20:08:12.346 [warning] [Decorations] CAPPING events from decorations provider vscode.git 1362
2024-10-10 20:08:17.434 [warning] [Decorations] CAPPING events from decorations provider vscode.git 1362
2024-10-10 20:08:22.510 [warning] [Decorations] CAPPING events from decorations provider vscode.git 1362
2024-10-10 20:08:27.588 [warning] [Decorations] CAPPING events from decorations provider vscode.git 1362
2024-10-10 20:08:32.666 [warning] [Decorations] CAPPING events from decorations provider vscode.git 1362
2024-10-10 20:08:37.749 [warning] [Decorations] CAPPING events from decorations provider vscode.git 1362
2024-10-10 20:08:42.839 [warning] [Decorations] CAPPING events from decorations provider vscode.git 1362
2024-10-10 20:08:47.921 [warning] [Decorations] CAPPING events from decorations provider vscode.git 1362
2024-10-10 20:08:53.000 [warning] [Decorations] CAPPING events from decorations provider vscode.git 1362
2024-10-10 20:09:27.903 [warning] [Decorations] CAPPING events from decorations provider vscode.git 1362
2024-10-10 20:09:32.981 [warning] [Decorations] CAPPING events from decorations provider vscode.git 1362
2024-10-10 20:09:38.062 [warning] [Decorations] CAPPING events from decorations provider vscode.git 1362
2024-10-10 20:09:43.150 [warning] [Decorations] CAPPING events from decorations provider vscode.git 1362
2024-10-10 20:10:25.345 [warning] [Decorations] CAPPING events from decorations provider vscode.git 1362
2024-10-10 20:10:30.427 [warning] [Decorations] CAPPING events from decorations provider vscode.git 1362
2024-10-10 20:10:35.506 [warning] [Decorations] CAPPING events from decorations provider vscode.git 1362
2024-10-10 20:10:40.587 [warning] [Decorations] CAPPING events from decorations provider vscode.git 1362
2024-10-10 20:10:45.663 [warning] [Decorations] CAPPING events from decorations provider vscode.git 1362
2024-10-10 20:10:50.744 [warning] [Decorations] CAPPING events from decorations provider vscode.git 1362
2024-10-10 20:10:55.817 [warning] [Decorations] CAPPING events from decorations provider vscode.git 1362
2024-10-10 20:11:00.892 [warning] [Decorations] CAPPING events from decorations provider vscode.git 1362
2024-10-10 20:11:05.969 [warning] [Decorations] CAPPING events from decorations provider vscode.git 1362
2024-10-10 20:11:30.981 [warning] [Decorations] CAPPING events from decorations provider vscode.git 1362
2024-10-10 20:11:36.068 [warning] [Decorations] CAPPING events from decorations provider vscode.git 1362
2024-10-10 20:11:41.148 [warning] [Decorations] CAPPING events from decorations provider vscode.git 1362
2024-10-10 20:11:46.235 [warning] [Decorations] CAPPING events from decorations provider vscode.git 1362
2024-10-10 20:11:51.312 [warning] [Decorations] CAPPING events from decorations provider vscode.git 1362
2024-10-10 20:11:56.394 [warning] [Decorations] CAPPING events from decorations provider vscode.git 1362
2024-10-10 20:12:01.479 [warning] [Decorations] CAPPING events from decorations provider vscode.git 1362
2024-10-10 20:12:06.560 [warning] [Decorations] CAPPING events from decorations provider vscode.git 1362
2024-10-10 20:12:11.638 [warning] [Decorations] CAPPING events from decorations provider vscode.git 1362
2024-10-10 20:12:16.729 [warning] [Decorations] CAPPING events from decorations provider vscode.git 1362
2024-10-10 20:12:21.810 [warning] [Decorations] CAPPING events from decorations provider vscode.git 1362
2024-10-10 20:12:26.886 [warning] [Decorations] CAPPING events from decorations provider vscode.git 1362
2024-10-10 20:12:31.961 [warning] [Decorations] CAPPING events from decorations provider vscode.git 1362
2024-10-10 20:13:57.179 [warning] [Decorations] CAPPING events from decorations provider vscode.git 1362
2024-10-10 20:14:58.944 [warning] [Decorations] CAPPING events from decorations provider vscode.git 1362
2024-10-10 20:15:04.025 [warning] [Decorations] CAPPING events from decorations provider vscode.git 1362
2024-10-10 20:15:09.107 [warning] [Decorations] CAPPING events from decorations provider vscode.git 1362
2024-10-10 20:15:14.232 [warning] [Decorations] CAPPING events from decorations provider vscode.git 1362
2024-10-10 20:15:19.328 [warning] [Decorations] CAPPING events from decorations provider vscode.git 1362
2024-10-10 20:15:24.411 [warning] [Decorations] CAPPING events from decorations provider vscode.git 1362
2024-10-10 20:15:29.500 [warning] [Decorations] CAPPING events from decorations provider vscode.git 1362
2024-10-10 20:15:34.611 [warning] [Decorations] CAPPING events from decorations provider vscode.git 1362
2024-10-10 20:15:39.701 [warning] [Decorations] CAPPING events from decorations provider vscode.git 1362
2024-10-10 20:15:44.787 [warning] [Decorations] CAPPING events from decorations provider vscode.git 1362
2024-10-10 20:15:49.881 [warning] [Decorations] CAPPING events from decorations provider vscode.git 1362
2024-10-10 20:15:54.969 [warning] [Decorations] CAPPING events from decorations provider vscode.git 1362
2024-10-10 20:16:00.061 [warning] [Decorations] CAPPING events from decorations provider vscode.git 1362
2024-10-10 20:16:05.151 [warning] [Decorations] CAPPING events from decorations provider vscode.git 1362
2024-10-10 20:16:10.237 [warning] [Decorations] CAPPING events from decorations provider vscode.git 1362
2024-10-10 20:16:15.320 [warning] [Decorations] CAPPING events from decorations provider vscode.git 1362
2024-10-10 20:16:20.406 [warning] [Decorations] CAPPING events from decorations provider vscode.git 1362
2024-10-10 20:16:25.491 [warning] [Decorations] CAPPING events from decorations provider vscode.git 1362
2024-10-10 20:16:30.575 [warning] [Decorations] CAPPING events from decorations provider vscode.git 1362
2024-10-10 20:18:12.952 [warning] [Decorations] CAPPING events from decorations provider vscode.git 1362
2024-10-10 20:21:37.987 [warning] [Decorations] CAPPING events from decorations provider vscode.git 1362
2024-10-10 20:21:43.082 [warning] [Decorations] CAPPING events from decorations provider vscode.git 1362
2024-10-10 20:21:48.170 [warning] [Decorations] CAPPING events from decorations provider vscode.git 1362
2024-10-10 20:22:36.114 [warning] [Decorations] CAPPING events from decorations provider vscode.git 1362
2024-10-10 20:23:02.978 [warning] [Decorations] CAPPING events from decorations provider vscode.git 1362
2024-10-10 20:23:08.059 [warning] [Decorations] CAPPING events from decorations provider vscode.git 1362
2024-10-10 20:23:13.141 [warning] [Decorations] CAPPING events from decorations provider vscode.git 1362
2024-10-10 20:23:18.242 [warning] [Decorations] CAPPING events from decorations provider vscode.git 1362
2024-10-10 20:23:23.320 [warning] [Decorations] CAPPING events from decorations provider vscode.git 1362
2024-10-10 20:23:28.392 [warning] [Decorations] CAPPING events from decorations provider vscode.git 1362
2024-10-10 20:23:33.466 [warning] [Decorations] CAPPING events from decorations provider vscode.git 1362
2024-10-10 20:23:38.547 [warning] [Decorations] CAPPING events from decorations provider vscode.git 1362
2024-10-10 20:23:43.629 [warning] [Decorations] CAPPING events from decorations provider vscode.git 1362
2024-10-10 20:25:03.219 [warning] [Decorations] CAPPING events from decorations provider vscode.git 1362
2024-10-10 20:25:08.297 [warning] [Decorations] CAPPING events from decorations provider vscode.git 1362
2024-10-10 20:25:13.373 [warning] [Decorations] CAPPING events from decorations provider vscode.git 1362
2024-10-10 20:25:18.457 [warning] [Decorations] CAPPING events from decorations provider vscode.git 1362
2024-10-10 20:25:23.538 [warning] [Decorations] CAPPING events from decorations provider vscode.git 1362
2024-10-10 20:25:28.621 [warning] [Decorations] CAPPING events from decorations provider vscode.git 1362
2024-10-10 20:25:33.703 [warning] [Decorations] CAPPING events from decorations provider vscode.git 1362
2024-10-10 20:25:38.783 [warning] [Decorations] CAPPING events from decorations provider vscode.git 1362
2024-10-10 20:25:43.861 [warning] [Decorations] CAPPING events from decorations provider vscode.git 1362
2024-10-10 20:25:48.941 [warning] [Decorations] CAPPING events from decorations provider vscode.git 1362
2024-10-10 20:25:54.028 [warning] [Decorations] CAPPING events from decorations provider vscode.git 1362
2024-10-10 20:25:59.112 [warning] [Decorations] CAPPING events from decorations provider vscode.git 1362
2024-10-10 20:26:04.205 [warning] [Decorations] CAPPING events from decorations provider vscode.git 1362
2024-10-10 20:26:09.297 [warning] [Decorations] CAPPING events from decorations provider vscode.git 1362
2024-10-10 20:26:14.374 [warning] [Decorations] CAPPING events from decorations provider vscode.git 1362
2024-10-10 20:26:19.462 [warning] [Decorations] CAPPING events from decorations provider vscode.git 1362
2024-10-10 20:26:24.540 [warning] [Decorations] CAPPING events from decorations provider vscode.git 1362
2024-10-10 20:26:29.619 [warning] [Decorations] CAPPING events from decorations provider vscode.git 1362
2024-10-10 20:26:34.696 [warning] [Decorations] CAPPING events from decorations provider vscode.git 1362
2024-10-10 20:26:39.792 [warning] [Decorations] CAPPING events from decorations provider vscode.git 1362
2024-10-10 20:26:44.867 [warning] [Decorations] CAPPING events from decorations provider vscode.git 1362
2024-10-10 20:26:49.944 [warning] [Decorations] CAPPING events from decorations provider vscode.git 1362
2024-10-10 20:26:55.024 [warning] [Decorations] CAPPING events from decorations provider vscode.git 1362
2024-10-10 20:27:00.107 [warning] [Decorations] CAPPING events from decorations provider vscode.git 1362
2024-10-10 20:27:05.206 [warning] [Decorations] CAPPING events from decorations provider vscode.git 1362
2024-10-10 20:27:10.290 [warning] [Decorations] CAPPING events from decorations provider vscode.git 1362
2024-10-10 20:27:15.370 [warning] [Decorations] CAPPING events from decorations provider vscode.git 1362
2024-10-10 20:27:20.446 [warning] [Decorations] CAPPING events from decorations provider vscode.git 1362
2024-10-10 20:27:25.526 [warning] [Decorations] CAPPING events from decorations provider vscode.git 1362
2024-10-10 20:27:30.604 [warning] [Decorations] CAPPING events from decorations provider vscode.git 1362
2024-10-10 20:27:35.677 [warning] [Decorations] CAPPING events from decorations provider vscode.git 1362
2024-10-10 20:27:40.750 [warning] [Decorations] CAPPING events from decorations provider vscode.git 1362
2024-10-10 20:27:45.825 [warning] [Decorations] CAPPING events from decorations provider vscode.git 1362
2024-10-10 20:27:50.901 [warning] [Decorations] CAPPING events from decorations provider vscode.git 1362
2024-10-10 20:27:55.976 [warning] [Decorations] CAPPING events from decorations provider vscode.git 1362
2024-10-10 20:28:01.066 [warning] [Decorations] CAPPING events from decorations provider vscode.git 1362
2024-10-10 20:28:06.142 [warning] [Decorations] CAPPING events from decorations provider vscode.git 1362
2024-10-10 20:28:11.218 [warning] [Decorations] CAPPING events from decorations provider vscode.git 1362
2024-10-10 20:28:16.303 [warning] [Decorations] CAPPING events from decorations provider vscode.git 1362
2024-10-10 20:28:21.379 [warning] [Decorations] CAPPING events from decorations provider vscode.git 1362
2024-10-10 20:28:26.452 [warning] [Decorations] CAPPING events from decorations provider vscode.git 1362
2024-10-10 20:28:31.533 [warning] [Decorations] CAPPING events from decorations provider vscode.git 1363
2024-10-10 20:28:36.611 [warning] [Decorations] CAPPING events from decorations provider vscode.git 1363
2024-10-10 20:28:41.691 [warning] [Decorations] CAPPING events from decorations provider vscode.git 1363
2024-10-10 20:28:46.766 [warning] [Decorations] CAPPING events from decorations provider vscode.git 1363
2024-10-10 20:28:51.851 [warning] [Decorations] CAPPING events from decorations provider vscode.git 1363
2024-10-10 20:28:56.934 [warning] [Decorations] CAPPING events from decorations provider vscode.git 1363
2024-10-10 20:29:02.008 [warning] [Decorations] CAPPING events from decorations provider vscode.git 1363
2024-10-10 20:29:07.079 [warning] [Decorations] CAPPING events from decorations provider vscode.git 1363
2024-10-10 20:29:12.153 [warning] [Decorations] CAPPING events from decorations provider vscode.git 1363
2024-10-10 20:29:17.234 [warning] [Decorations] CAPPING events from decorations provider vscode.git 1363
2024-10-10 20:29:22.307 [warning] [Decorations] CAPPING events from decorations provider vscode.git 1363
2024-10-10 20:29:27.390 [warning] [Decorations] CAPPING events from decorations provider vscode.git 1363
2024-10-10 20:29:32.469 [warning] [Decorations] CAPPING events from decorations provider vscode.git 1363
2024-10-10 20:29:37.547 [warning] [Decorations] CAPPING events from decorations provider vscode.git 1363
2024-10-10 20:29:42.625 [warning] [Decorations] CAPPING events from decorations provider vscode.git 1363
2024-10-10 20:29:47.710 [warning] [Decorations] CAPPING events from decorations provider vscode.git 1363
2024-10-10 20:29:52.791 [warning] [Decorations] CAPPING events from decorations provider vscode.git 1363
2024-10-10 20:29:57.871 [warning] [Decorations] CAPPING events from decorations provider vscode.git 1363
2024-10-10 20:30:02.952 [warning] [Decorations] CAPPING events from decorations provider vscode.git 1363
2024-10-10 20:30:08.031 [warning] [Decorations] CAPPING events from decorations provider vscode.git 1363
2024-10-10 20:30:13.110 [warning] [Decorations] CAPPING events from decorations provider vscode.git 1363
2024-10-10 20:30:18.195 [warning] [Decorations] CAPPING events from decorations provider vscode.git 1363
2024-10-10 20:30:23.285 [warning] [Decorations] CAPPING events from decorations provider vscode.git 1363
2024-10-10 20:30:28.365 [warning] [Decorations] CAPPING events from decorations provider vscode.git 1363
2024-10-10 20:30:33.439 [warning] [Decorations] CAPPING events from decorations provider vscode.git 1363
2024-10-10 20:30:38.522 [warning] [Decorations] CAPPING events from decorations provider vscode.git 1363
2024-10-10 20:30:43.595 [warning] [Decorations] CAPPING events from decorations provider vscode.git 1363
2024-10-10 20:30:48.672 [warning] [Decorations] CAPPING events from decorations provider vscode.git 1363
2024-10-10 20:30:53.749 [warning] [Decorations] CAPPING events from decorations provider vscode.git 1363
2024-10-10 20:30:58.829 [warning] [Decorations] CAPPING events from decorations provider vscode.git 1363
2024-10-10 20:31:03.910 [warning] [Decorations] CAPPING events from decorations provider vscode.git 1363
2024-10-10 20:31:08.989 [warning] [Decorations] CAPPING events from decorations provider vscode.git 1363
2024-10-10 20:31:14.064 [warning] [Decorations] CAPPING events from decorations provider vscode.git 1363
2024-10-10 20:31:19.140 [warning] [Decorations] CAPPING events from decorations provider vscode.git 1364
2024-10-10 20:31:24.220 [warning] [Decorations] CAPPING events from decorations provider vscode.git 1363
2024-10-10 20:35:10.234 [warning] [Decorations] CAPPING events from decorations provider vscode.git 1363
2024-10-10 20:35:15.334 [warning] [Decorations] CAPPING events from decorations provider vscode.git 1363
2024-10-10 20:35:20.418 [warning] [Decorations] CAPPING events from decorations provider vscode.git 1363
2024-10-10 20:35:25.505 [warning] [Decorations] CAPPING events from decorations provider vscode.git 1363
2024-10-10 20:35:30.582 [warning] [Decorations] CAPPING events from decorations provider vscode.git 1364
2024-10-10 20:35:35.664 [warning] [Decorations] CAPPING events from decorations provider vscode.git 1364
2024-10-10 20:36:21.760 [warning] [Decorations] CAPPING events from decorations provider vscode.git 1364
2024-10-10 20:36:26.848 [warning] [Decorations] CAPPING events from decorations provider vscode.git 1364
2024-10-10 20:36:31.933 [warning] [Decorations] CAPPING events from decorations provider vscode.git 1364
2024-10-10 20:36:37.014 [warning] [Decorations] CAPPING events from decorations provider vscode.git 1364
2024-10-10 20:36:42.110 [warning] [Decorations] CAPPING events from decorations provider vscode.git 1365
2024-10-10 20:36:47.194 [warning] [Decorations] CAPPING events from decorations provider vscode.git 1364
2024-10-10 20:36:52.289 [warning] [Decorations] CAPPING events from decorations provider vscode.git 1364
2024-10-10 20:36:57.373 [warning] [Decorations] CAPPING events from decorations provider vscode.git 1364
2024-10-10 20:37:02.455 [warning] [Decorations] CAPPING events from decorations provider vscode.git 1364
2024-10-10 20:37:07.550 [warning] [Decorations] CAPPING events from decorations provider vscode.git 1364
2024-10-10 20:37:12.652 [warning] [Decorations] CAPPING events from decorations provider vscode.git 1364
2024-10-10 20:38:07.579 [warning] [Decorations] CAPPING events from decorations provider vscode.git 1364
2024-10-10 20:38:12.663 [warning] [Decorations] CAPPING events from decorations provider vscode.git 1364
2024-10-10 20:38:17.739 [warning] [Decorations] CAPPING events from decorations provider vscode.git 1364
2024-10-10 20:38:22.814 [warning] [Decorations] CAPPING events from decorations provider vscode.git 1364
2024-10-10 20:38:27.891 [warning] [Decorations] CAPPING events from decorations provider vscode.git 1364
2024-10-10 20:38:32.993 [warning] [Decorations] CAPPING events from decorations provider vscode.git 1364
2024-10-10 20:38:38.074 [warning] [Decorations] CAPPING events from decorations provider vscode.git 1365
2024-10-10 20:38:43.155 [warning] [Decorations] CAPPING events from decorations provider vscode.git 1365
2024-10-10 20:38:48.261 [warning] [Decorations] CAPPING events from decorations provider vscode.git 1365
2024-10-10 20:38:53.344 [warning] [Decorations] CAPPING events from decorations provider vscode.git 1365
2024-10-10 20:38:58.423 [warning] [Decorations] CAPPING events from decorations provider vscode.git 1365
2024-10-10 20:39:03.501 [warning] [Decorations] CAPPING events from decorations provider vscode.git 1365
2024-10-10 20:39:08.584 [warning] [Decorations] CAPPING events from decorations provider vscode.git 1365
2024-10-10 20:39:13.666 [warning] [Decorations] CAPPING events from decorations provider vscode.git 1365
2024-10-10 20:39:18.747 [warning] [Decorations] CAPPING events from decorations provider vscode.git 1365
2024-10-10 20:39:23.848 [warning] [Decorations] CAPPING events from decorations provider vscode.git 1365
2024-10-10 20:39:28.935 [warning] [Decorations] CAPPING events from decorations provider vscode.git 1365
2024-10-10 20:39:34.020 [warning] [Decorations] CAPPING events from decorations provider vscode.git 1365
2024-10-10 20:39:39.102 [warning] [Decorations] CAPPING events from decorations provider vscode.git 1365
2024-10-10 20:39:44.181 [warning] [Decorations] CAPPING events from decorations provider vscode.git 1365
2024-10-10 20:39:49.262 [warning] [Decorations] CAPPING events from decorations provider vscode.git 1365
2024-10-10 20:39:54.339 [warning] [Decorations] CAPPING events from decorations provider vscode.git 1365
2024-10-10 20:39:59.437 [warning] [Decorations] CAPPING events from decorations provider vscode.git 1365
2024-10-10 20:40:04.514 [warning] [Decorations] CAPPING events from decorations provider vscode.git 1365
2024-10-10 20:40:09.599 [warning] [Decorations] CAPPING events from decorations provider vscode.git 1365
2024-10-10 20:40:14.677 [warning] [Decorations] CAPPING events from decorations provider vscode.git 1365
2024-10-10 20:40:19.755 [warning] [Decorations] CAPPING events from decorations provider vscode.git 1365
2024-10-10 20:40:24.840 [warning] [Decorations] CAPPING events from decorations provider vscode.git 1365
2024-10-10 20:40:29.924 [warning] [Decorations] CAPPING events from decorations provider vscode.git 1365
2024-10-10 20:40:34.998 [warning] [Decorations] CAPPING events from decorations provider vscode.git 1365
2024-10-10 20:40:40.080 [warning] [Decorations] CAPPING events from decorations provider vscode.git 1365
2024-10-10 20:40:45.164 [warning] [Decorations] CAPPING events from decorations provider vscode.git 1365
2024-10-10 20:40:50.247 [warning] [Decorations] CAPPING events from decorations provider vscode.git 1365
2024-10-10 20:40:55.334 [warning] [Decorations] CAPPING events from decorations provider vscode.git 1365
2024-10-10 20:41:00.414 [warning] [Decorations] CAPPING events from decorations provider vscode.git 1365
2024-10-10 20:41:05.500 [warning] [Decorations] CAPPING events from decorations provider vscode.git 1365
2024-10-10 20:41:10.584 [warning] [Decorations] CAPPING events from decorations provider vscode.git 1365
2024-10-10 20:41:15.669 [warning] [Decorations] CAPPING events from decorations provider vscode.git 1365
2024-10-10 20:41:20.755 [warning] [Decorations] CAPPING events from decorations provider vscode.git 1365
2024-10-10 20:41:25.851 [warning] [Decorations] CAPPING events from decorations provider vscode.git 1365
2024-10-10 20:41:30.938 [warning] [Decorations] CAPPING events from decorations provider vscode.git 1365
2024-10-10 20:41:36.026 [warning] [Decorations] CAPPING events from decorations provider vscode.git 1365
2024-10-10 20:41:41.124 [warning] [Decorations] CAPPING events from decorations provider vscode.git 1365
2024-10-10 20:41:46.205 [warning] [Decorations] CAPPING events from decorations provider vscode.git 1365
2024-10-10 20:41:51.307 [warning] [Decorations] CAPPING events from decorations provider vscode.git 1365
2024-10-10 20:41:56.390 [warning] [Decorations] CAPPING events from decorations provider vscode.git 1365
2024-10-10 20:42:01.473 [warning] [Decorations] CAPPING events from decorations provider vscode.git 1365
2024-10-10 20:42:08.294 [warning] [Decorations] CAPPING events from decorations provider vscode.git 1365
2024-10-10 20:42:13.387 [warning] [Decorations] CAPPING events from decorations provider vscode.git 1365
2024-10-10 20:42:18.474 [warning] [Decorations] CAPPING events from decorations provider vscode.git 1365
2024-10-10 20:42:23.556 [warning] [Decorations] CAPPING events from decorations provider vscode.git 1365
2024-10-10 20:42:28.631 [warning] [Decorations] CAPPING events from decorations provider vscode.git 1365
2024-10-10 20:42:33.711 [warning] [Decorations] CAPPING events from decorations provider vscode.git 1365
2024-10-10 20:42:38.789 [warning] [Decorations] CAPPING events from decorations provider vscode.git 1365
2024-10-10 20:42:43.866 [warning] [Decorations] CAPPING events from decorations provider vscode.git 1365
2024-10-10 20:42:48.943 [warning] [Decorations] CAPPING events from decorations provider vscode.git 1365
2024-10-10 20:42:54.019 [warning] [Decorations] CAPPING events from decorations provider vscode.git 1365
2024-10-10 20:42:59.105 [warning] [Decorations] CAPPING events from decorations provider vscode.git 1365
2024-10-10 20:43:04.183 [warning] [Decorations] CAPPING events from decorations provider vscode.git 1365
2024-10-10 20:43:09.262 [warning] [Decorations] CAPPING events from decorations provider vscode.git 1366
2024-10-10 20:43:14.335 [warning] [Decorations] CAPPING events from decorations provider vscode.git 1366
2024-10-10 20:48:17.582 [warning] [Decorations] CAPPING events from decorations provider vscode.git 1366
2024-10-10 20:48:22.659 [warning] [Decorations] CAPPING events from decorations provider vscode.git 1366
2024-10-10 20:48:27.739 [warning] [Decorations] CAPPING events from decorations provider vscode.git 1366
2024-10-10 20:48:32.814 [warning] [Decorations] CAPPING events from decorations provider vscode.git 1366
2024-10-10 20:48:37.891 [warning] [Decorations] CAPPING events from decorations provider vscode.git 1366
2024-10-10 20:48:42.965 [warning] [Decorations] CAPPING events from decorations provider vscode.git 1366
2024-10-10 20:48:48.040 [warning] [Decorations] CAPPING events from decorations provider vscode.git 1366
2024-10-10 20:48:53.120 [warning] [Decorations] CAPPING events from decorations provider vscode.git 1366
2024-10-10 20:48:58.204 [warning] [Decorations] CAPPING events from decorations provider vscode.git 1366
2024-10-10 20:49:03.280 [warning] [Decorations] CAPPING events from decorations provider vscode.git 1366
2024-10-10 20:49:08.378 [warning] [Decorations] CAPPING events from decorations provider vscode.git 1365
2024-10-10 20:49:13.458 [warning] [Decorations] CAPPING events from decorations provider vscode.git 1365
2024-10-10 20:49:18.537 [warning] [Decorations] CAPPING events from decorations provider vscode.git 1365
2024-10-10 20:49:23.611 [warning] [Decorations] CAPPING events from decorations provider vscode.git 1365
2024-10-10 20:49:28.694 [warning] [Decorations] CAPPING events from decorations provider vscode.git 1365
2024-10-10 20:49:33.779 [warning] [Decorations] CAPPING events from decorations provider vscode.git 1365
2024-10-10 20:49:38.857 [warning] [Decorations] CAPPING events from decorations provider vscode.git 1365
2024-10-10 20:49:43.937 [warning] [Decorations] CAPPING events from decorations provider vscode.git 1365
2024-10-10 20:49:49.040 [warning] [Decorations] CAPPING events from decorations provider vscode.git 1365
2024-10-10 20:49:54.130 [warning] [Decorations] CAPPING events from decorations provider vscode.git 1365
2024-10-10 20:49:59.211 [warning] [Decorations] CAPPING events from decorations provider vscode.git 1365
2024-10-10 20:52:30.915 [warning] [Decorations] CAPPING events from decorations provider vscode.git 1365
2024-10-10 20:52:36.001 [warning] [Decorations] CAPPING events from decorations provider vscode.git 1365
2024-10-10 20:52:41.085 [warning] [Decorations] CAPPING events from decorations provider vscode.git 1365
2024-10-10 20:52:46.166 [warning] [Decorations] CAPPING events from decorations provider vscode.git 1365
2024-10-10 20:52:51.246 [warning] [Decorations] CAPPING events from decorations provider vscode.git 1365
2024-10-10 20:52:56.323 [warning] [Decorations] CAPPING events from decorations provider vscode.git 1365
2024-10-10 20:53:01.397 [warning] [Decorations] CAPPING events from decorations provider vscode.git 1365
2024-10-10 20:53:06.485 [warning] [Decorations] CAPPING events from decorations provider vscode.git 1365
2024-10-10 20:53:11.563 [warning] [Decorations] CAPPING events from decorations provider vscode.git 1365
2024-10-10 20:53:16.642 [warning] [Decorations] CAPPING events from decorations provider vscode.git 1365
2024-10-10 20:53:21.729 [warning] [Decorations] CAPPING events from decorations provider vscode.git 1365
2024-10-10 20:53:26.811 [warning] [Decorations] CAPPING events from decorations provider vscode.git 1365
2024-10-10 20:53:31.893 [warning] [Decorations] CAPPING events from decorations provider vscode.git 1365
2024-10-10 20:53:36.972 [warning] [Decorations] CAPPING events from decorations provider vscode.git 1365
2024-10-10 20:53:42.049 [warning] [Decorations] CAPPING events from decorations provider vscode.git 1365
2024-10-10 20:53:47.134 [warning] [Decorations] CAPPING events from decorations provider vscode.git 1365
2024-10-10 20:53:52.216 [warning] [Decorations] CAPPING events from decorations provider vscode.git 1365
2024-10-10 20:53:57.298 [warning] [Decorations] CAPPING events from decorations provider vscode.git 1364
2024-10-10 20:54:02.380 [warning] [Decorations] CAPPING events from decorations provider vscode.git 1364
2024-10-10 20:54:07.461 [warning] [Decorations] CAPPING events from decorations provider vscode.git 1364
2024-10-10 20:54:12.539 [warning] [Decorations] CAPPING events from decorations provider vscode.git 1364
2024-10-10 20:54:51.690 [warning] [Decorations] CAPPING events from decorations provider vscode.git 1364
2024-10-10 20:54:56.770 [warning] [Decorations] CAPPING events from decorations provider vscode.git 1364
2024-10-10 20:55:01.863 [warning] [Decorations] CAPPING events from decorations provider vscode.git 1364
2024-10-10 20:55:06.959 [warning] [Decorations] CAPPING events from decorations provider vscode.git 1364
2024-10-10 20:55:12.040 [warning] [Decorations] CAPPING events from decorations provider vscode.git 1364
2024-10-10 20:55:17.126 [warning] [Decorations] CAPPING events from decorations provider vscode.git 1364
2024-10-10 20:55:22.206 [warning] [Decorations] CAPPING events from decorations provider vscode.git 1364
2024-10-10 20:55:27.281 [warning] [Decorations] CAPPING events from decorations provider vscode.git 1364
2024-10-10 20:55:32.363 [warning] [Decorations] CAPPING events from decorations provider vscode.git 1364
2024-10-10 20:55:37.446 [warning] [Decorations] CAPPING events from decorations provider vscode.git 1364
2024-10-10 20:55:42.527 [warning] [Decorations] CAPPING events from decorations provider vscode.git 1364
2024-10-10 20:55:47.602 [warning] [Decorations] CAPPING events from decorations provider vscode.git 1364
2024-10-10 20:55:52.679 [warning] [Decorations] CAPPING events from decorations provider vscode.git 1364
2024-10-10 20:55:57.757 [warning] [Decorations] CAPPING events from decorations provider vscode.git 1364
2024-10-10 20:56:02.840 [warning] [Decorations] CAPPING events from decorations provider vscode.git 1364
2024-10-10 20:56:07.921 [warning] [Decorations] CAPPING events from decorations provider vscode.git 1364
2024-10-10 20:56:13.003 [warning] [Decorations] CAPPING events from decorations provider vscode.git 1364
2024-10-10 20:56:18.082 [warning] [Decorations] CAPPING events from decorations provider vscode.git 1364
2024-10-10 20:56:23.162 [warning] [Decorations] CAPPING events from decorations provider vscode.git 1364
2024-10-10 20:57:52.454 [warning] [Decorations] CAPPING events from decorations provider vscode.git 1364
2024-10-10 20:57:57.539 [warning] [Decorations] CAPPING events from decorations provider vscode.git 1364
2024-10-10 20:58:02.628 [warning] [Decorations] CAPPING events from decorations provider vscode.git 1364
2024-10-10 20:58:07.710 [warning] [Decorations] CAPPING events from decorations provider vscode.git 1364
2024-10-10 20:58:12.793 [warning] [Decorations] CAPPING events from decorations provider vscode.git 1364
2024-10-10 20:58:17.870 [warning] [Decorations] CAPPING events from decorations provider vscode.git 1364
2024-10-10 20:58:22.950 [warning] [Decorations] CAPPING events from decorations provider vscode.git 1364
2024-10-10 20:58:28.029 [warning] [Decorations] CAPPING events from decorations provider vscode.git 1364
2024-10-10 20:58:33.112 [warning] [Decorations] CAPPING events from decorations provider vscode.git 1364
2024-10-10 20:58:38.197 [warning] [Decorations] CAPPING events from decorations provider vscode.git 1364
2024-10-10 20:58:43.276 [warning] [Decorations] CAPPING events from decorations provider vscode.git 1364
2024-10-10 20:58:48.363 [warning] [Decorations] CAPPING events from decorations provider vscode.git 1364
2024-10-10 20:58:53.442 [warning] [Decorations] CAPPING events from decorations provider vscode.git 1364
2024-10-10 20:58:58.535 [warning] [Decorations] CAPPING events from decorations provider vscode.git 1364
2024-10-10 20:59:03.639 [warning] [Decorations] CAPPING events from decorations provider vscode.git 1364
2024-10-10 20:59:08.737 [warning] [Decorations] CAPPING events from decorations provider vscode.git 1364
2024-10-10 20:59:13.828 [warning] [Decorations] CAPPING events from decorations provider vscode.git 1364
2024-10-10 20:59:18.918 [warning] [Decorations] CAPPING events from decorations provider vscode.git 1364
2024-10-10 20:59:24.010 [warning] [Decorations] CAPPING events from decorations provider vscode.git 1364
2024-10-10 20:59:29.095 [warning] [Decorations] CAPPING events from decorations provider vscode.git 1364
2024-10-10 20:59:34.180 [warning] [Decorations] CAPPING events from decorations provider vscode.git 1364
2024-10-10 20:59:39.272 [warning] [Decorations] CAPPING events from decorations provider vscode.git 1364
2024-10-10 20:59:44.350 [warning] [Decorations] CAPPING events from decorations provider vscode.git 1364
2024-10-10 20:59:49.434 [warning] [Decorations] CAPPING events from decorations provider vscode.git 1364
2024-10-10 20:59:54.513 [warning] [Decorations] CAPPING events from decorations provider vscode.git 1364
2024-10-10 20:59:59.594 [warning] [Decorations] CAPPING events from decorations provider vscode.git 1364
2024-10-10 21:00:04.673 [warning] [Decorations] CAPPING events from decorations provider vscode.git 1364
2024-10-10 21:00:09.750 [warning] [Decorations] CAPPING events from decorations provider vscode.git 1364
2024-10-10 21:00:14.826 [warning] [Decorations] CAPPING events from decorations provider vscode.git 1364
2024-10-10 21:00:19.900 [warning] [Decorations] CAPPING events from decorations provider vscode.git 1364
2024-10-10 21:01:58.900 [warning] [Decorations] CAPPING events from decorations provider vscode.git 1364
2024-10-10 21:02:03.995 [warning] [Decorations] CAPPING events from decorations provider vscode.git 1364
2024-10-10 21:02:09.089 [warning] [Decorations] CAPPING events from decorations provider vscode.git 1364
2024-10-10 21:02:14.172 [warning] [Decorations] CAPPING events from decorations provider vscode.git 1364
2024-10-10 21:02:19.252 [warning] [Decorations] CAPPING events from decorations provider vscode.git 1364
2024-10-10 21:02:24.332 [warning] [Decorations] CAPPING events from decorations provider vscode.git 1364
2024-10-10 21:02:29.413 [warning] [Decorations] CAPPING events from decorations provider vscode.git 1364
2024-10-10 21:02:34.494 [warning] [Decorations] CAPPING events from decorations provider vscode.git 1364
2024-10-10 21:02:39.575 [warning] [Decorations] CAPPING events from decorations provider vscode.git 1364
2024-10-10 21:02:44.671 [warning] [Decorations] CAPPING events from decorations provider vscode.git 1364
2024-10-10 21:02:45.169 [info] ExtensionService#_doActivateExtension vscode.npm, startup: false, activationEvent: 'onTerminalQuickFixRequest:ms-vscode.npm-command'
2024-10-10 21:02:49.748 [warning] [Decorations] CAPPING events from decorations provider vscode.git 1364
2024-10-10 21:02:50.874 [info] ExtensionService#_doActivateExtension vscode.configuration-editing, startup: false, activationEvent: 'onLanguage:json'
2024-10-10 21:02:50.875 [info] ExtensionService#_doActivateExtension vscode.extension-editing, startup: false, activationEvent: 'onLanguage:json'
2024-10-10 21:02:50.875 [info] ExtensionService#_doActivateExtension vscode.json-language-features, startup: false, activationEvent: 'onLanguage:json'
2024-10-10 21:02:54.833 [warning] [Decorations] CAPPING events from decorations provider vscode.git 1365
2024-10-10 21:02:59.912 [warning] [Decorations] CAPPING events from decorations provider vscode.git 1365
2024-10-10 21:03:17.938 [warning] [Decorations] CAPPING events from decorations provider vscode.git 1365
2024-10-10 21:03:23.014 [warning] [Decorations] CAPPING events from decorations provider vscode.git 1365
2024-10-10 21:03:28.095 [warning] [Decorations] CAPPING events from decorations provider vscode.git 1365
2024-10-10 21:03:33.179 [warning] [Decorations] CAPPING events from decorations provider vscode.git 1365
2024-10-10 21:03:38.258 [warning] [Decorations] CAPPING events from decorations provider vscode.git 1365
2024-10-10 21:03:43.338 [warning] [Decorations] CAPPING events from decorations provider vscode.git 1365
2024-10-10 21:03:48.442 [warning] [Decorations] CAPPING events from decorations provider vscode.git 1365
2024-10-10 21:03:53.530 [warning] [Decorations] CAPPING events from decorations provider vscode.git 1365
2024-10-10 21:03:58.612 [warning] [Decorations] CAPPING events from decorations provider vscode.git 1365
2024-10-10 21:04:03.702 [warning] [Decorations] CAPPING events from decorations provider vscode.git 1365
2024-10-10 21:04:08.789 [warning] [Decorations] CAPPING events from decorations provider vscode.git 1365
2024-10-10 21:04:13.869 [warning] [Decorations] CAPPING events from decorations provider vscode.git 1365
2024-10-10 21:04:18.952 [warning] [Decorations] CAPPING events from decorations provider vscode.git 1365
2024-10-10 21:04:24.042 [warning] [Decorations] CAPPING events from decorations provider vscode.git 1365
2024-10-10 21:04:29.148 [warning] [Decorations] CAPPING events from decorations provider vscode.git 1365
2024-10-10 21:04:34.230 [warning] [Decorations] CAPPING events from decorations provider vscode.git 1365
2024-10-10 21:04:39.316 [warning] [Decorations] CAPPING events from decorations provider vscode.git 1365
2024-10-10 21:04:44.394 [warning] [Decorations] CAPPING events from decorations provider vscode.git 1365
2024-10-10 21:04:49.476 [warning] [Decorations] CAPPING events from decorations provider vscode.git 1365
2024-10-10 21:04:54.556 [warning] [Decorations] CAPPING events from decorations provider vscode.git 1365
2024-10-10 21:04:59.637 [warning] [Decorations] CAPPING events from decorations provider vscode.git 1365
2024-10-10 21:05:04.716 [warning] [Decorations] CAPPING events from decorations provider vscode.git 1365
2024-10-10 21:05:09.795 [warning] [Decorations] CAPPING events from decorations provider vscode.git 1365
2024-10-10 21:05:14.881 [warning] [Decorations] CAPPING events from decorations provider vscode.git 1365
2024-10-10 21:05:19.967 [warning] [Decorations] CAPPING events from decorations provider vscode.git 1365
2024-10-10 21:05:25.056 [warning] [Decorations] CAPPING events from decorations provider vscode.git 1365
2024-10-10 21:05:30.139 [warning] [Decorations] CAPPING events from decorations provider vscode.git 1365
2024-10-10 21:05:35.222 [warning] [Decorations] CAPPING events from decorations provider vscode.git 1365
2024-10-10 21:05:40.305 [warning] [Decorations] CAPPING events from decorations provider vscode.git 1365
2024-10-10 21:05:45.387 [warning] [Decorations] CAPPING events from decorations provider vscode.git 1365
2024-10-10 21:05:50.464 [warning] [Decorations] CAPPING events from decorations provider vscode.git 1365
2024-10-10 21:05:55.541 [warning] [Decorations] CAPPING events from decorations provider vscode.git 1365
2024-10-10 21:06:00.634 [warning] [Decorations] CAPPING events from decorations provider vscode.git 1365
2024-10-10 21:06:05.713 [warning] [Decorations] CAPPING events from decorations provider vscode.git 1365
2024-10-10 21:06:10.788 [warning] [Decorations] CAPPING events from decorations provider vscode.git 1365
2024-10-10 21:06:15.869 [warning] [Decorations] CAPPING events from decorations provider vscode.git 1365
2024-10-10 21:06:20.949 [warning] [Decorations] CAPPING events from decorations provider vscode.git 1365
2024-10-10 21:06:26.031 [warning] [Decorations] CAPPING events from decorations provider vscode.git 1365
2024-10-10 21:06:31.116 [warning] [Decorations] CAPPING events from decorations provider vscode.git 1365
2024-10-10 21:06:36.210 [warning] [Decorations] CAPPING events from decorations provider vscode.git 1365
2024-10-10 21:06:41.285 [warning] [Decorations] CAPPING events from decorations provider vscode.git 1365
2024-10-10 21:06:46.361 [warning] [Decorations] CAPPING events from decorations provider vscode.git 1365
2024-10-10 21:06:51.439 [warning] [Decorations] CAPPING events from decorations provider vscode.git 1365
2024-10-10 21:06:56.516 [warning] [Decorations] CAPPING events from decorations provider vscode.git 1365
2024-10-10 21:07:01.603 [warning] [Decorations] CAPPING events from decorations provider vscode.git 1365
2024-10-10 21:07:06.683 [warning] [Decorations] CAPPING events from decorations provider vscode.git 1365
2024-10-10 21:07:11.774 [warning] [Decorations] CAPPING events from decorations provider vscode.git 1365
2024-10-10 21:07:16.854 [warning] [Decorations] CAPPING events from decorations provider vscode.git 1365
2024-10-10 21:08:37.893 [warning] [Decorations] CAPPING events from decorations provider vscode.git 1365
2024-10-10 21:08:42.983 [warning] [Decorations] CAPPING events from decorations provider vscode.git 1365
2024-10-10 21:08:48.070 [warning] [Decorations] CAPPING events from decorations provider vscode.git 1365
2024-10-10 21:08:53.152 [warning] [Decorations] CAPPING events from decorations provider vscode.git 1365
2024-10-10 21:08:58.267 [warning] [Decorations] CAPPING events from decorations provider vscode.git 1365
2024-10-10 21:09:03.354 [warning] [Decorations] CAPPING events from decorations provider vscode.git 1365
2024-10-10 21:09:08.435 [warning] [Decorations] CAPPING events from decorations provider vscode.git 1365
2024-10-10 21:09:13.531 [warning] [Decorations] CAPPING events from decorations provider vscode.git 1365
2024-10-10 21:09:18.615 [warning] [Decorations] CAPPING events from decorations provider vscode.git 1365
2024-10-10 21:09:23.695 [warning] [Decorations] CAPPING events from decorations provider vscode.git 1365
2024-10-10 21:09:28.780 [warning] [Decorations] CAPPING events from decorations provider vscode.git 1365
2024-10-10 21:09:33.862 [warning] [Decorations] CAPPING events from decorations provider vscode.git 1365
2024-10-10 21:09:38.945 [warning] [Decorations] CAPPING events from decorations provider vscode.git 1365
2024-10-10 21:09:44.020 [warning] [Decorations] CAPPING events from decorations provider vscode.git 1365
2024-10-10 21:09:49.112 [warning] [Decorations] CAPPING events from decorations provider vscode.git 1365
2024-10-10 21:09:54.190 [warning] [Decorations] CAPPING events from decorations provider vscode.git 1365
2024-10-10 21:09:59.266 [warning] [Decorations] CAPPING events from decorations provider vscode.git 1365
2024-10-10 21:10:04.348 [warning] [Decorations] CAPPING events from decorations provider vscode.git 1365
2024-10-10 21:10:09.427 [warning] [Decorations] CAPPING events from decorations provider vscode.git 1365
2024-10-10 21:10:14.511 [warning] [Decorations] CAPPING events from decorations provider vscode.git 1365
2024-10-10 21:10:19.599 [warning] [Decorations] CAPPING events from decorations provider vscode.git 1365
2024-10-10 21:10:27.660 [warning] [Decorations] CAPPING events from decorations provider vscode.git 1365
2024-10-10 21:10:32.743 [warning] [Decorations] CAPPING events from decorations provider vscode.git 1365
2024-10-10 21:10:37.831 [warning] [Decorations] CAPPING events from decorations provider vscode.git 1365
2024-10-10 21:10:42.915 [warning] [Decorations] CAPPING events from decorations provider vscode.git 1365
2024-10-10 21:10:47.995 [warning] [Decorations] CAPPING events from decorations provider vscode.git 1365
2024-10-10 21:10:53.081 [warning] [Decorations] CAPPING events from decorations provider vscode.git 1365
2024-10-10 21:10:58.167 [warning] [Decorations] CAPPING events from decorations provider vscode.git 1365
2024-10-10 21:11:03.260 [warning] [Decorations] CAPPING events from decorations provider vscode.git 1365
2024-10-10 21:11:08.342 [warning] [Decorations] CAPPING events from decorations provider vscode.git 1365
2024-10-10 21:11:13.422 [warning] [Decorations] CAPPING events from decorations provider vscode.git 1365
2024-10-10 21:11:18.500 [warning] [Decorations] CAPPING events from decorations provider vscode.git 1365
2024-10-10 21:11:23.579 [warning] [Decorations] CAPPING events from decorations provider vscode.git 1365
2024-10-10 21:11:28.662 [warning] [Decorations] CAPPING events from decorations provider vscode.git 1365
2024-10-10 21:11:33.744 [warning] [Decorations] CAPPING events from decorations provider vscode.git 1365
2024-10-10 21:11:38.819 [warning] [Decorations] CAPPING events from decorations provider vscode.git 1365
2024-10-10 21:11:43.902 [warning] [Decorations] CAPPING events from decorations provider vscode.git 1365
2024-10-10 21:11:48.987 [warning] [Decorations] CAPPING events from decorations provider vscode.git 1365
2024-10-10 21:11:54.070 [warning] [Decorations] CAPPING events from decorations provider vscode.git 1365
2024-10-10 21:12:09.821 [warning] [Decorations] CAPPING events from decorations provider vscode.git 1365
2024-10-10 21:12:14.901 [warning] [Decorations] CAPPING events from decorations provider vscode.git 1365
2024-10-10 21:12:19.987 [warning] [Decorations] CAPPING events from decorations provider vscode.git 1365
2024-10-10 21:12:25.080 [warning] [Decorations] CAPPING events from decorations provider vscode.git 1365
2024-10-10 21:12:30.155 [warning] [Decorations] CAPPING events from decorations provider vscode.git 1365
2024-10-10 21:12:35.240 [warning] [Decorations] CAPPING events from decorations provider vscode.git 1365
2024-10-10 21:12:40.320 [warning] [Decorations] CAPPING events from decorations provider vscode.git 1365
2024-10-10 21:12:45.397 [warning] [Decorations] CAPPING events from decorations provider vscode.git 1365
2024-10-10 21:12:50.480 [warning] [Decorations] CAPPING events from decorations provider vscode.git 1365
2024-10-10 21:12:55.564 [warning] [Decorations] CAPPING events from decorations provider vscode.git 1366
2024-10-10 21:13:00.640 [warning] [Decorations] CAPPING events from decorations provider vscode.git 1366
2024-10-10 21:13:05.731 [warning] [Decorations] CAPPING events from decorations provider vscode.git 1366
2024-10-10 21:13:10.807 [warning] [Decorations] CAPPING events from decorations provider vscode.git 1366
2024-10-10 21:13:21.029 [warning] [Decorations] CAPPING events from decorations provider vscode.git 1366
2024-10-10 21:13:26.121 [warning] [Decorations] CAPPING events from decorations provider vscode.git 1366
2024-10-10 21:13:31.216 [warning] [Decorations] CAPPING events from decorations provider vscode.git 1366
2024-10-10 21:13:36.298 [warning] [Decorations] CAPPING events from decorations provider vscode.git 1366
2024-10-10 21:13:41.385 [warning] [Decorations] CAPPING events from decorations provider vscode.git 1366
2024-10-10 21:13:46.474 [warning] [Decorations] CAPPING events from decorations provider vscode.git 1366
2024-10-10 21:13:51.557 [warning] [Decorations] CAPPING events from decorations provider vscode.git 1366
2024-10-10 21:13:56.631 [warning] [Decorations] CAPPING events from decorations provider vscode.git 1366
2024-10-10 21:14:01.716 [warning] [Decorations] CAPPING events from decorations provider vscode.git 1366
2024-10-10 21:14:06.801 [warning] [Decorations] CAPPING events from decorations provider vscode.git 1366
2024-10-10 21:16:19.422 [warning] [Decorations] CAPPING events from decorations provider vscode.git 1366
2024-10-10 21:16:24.506 [warning] [Decorations] CAPPING events from decorations provider vscode.git 1366
2024-10-10 21:16:29.603 [warning] [Decorations] CAPPING events from decorations provider vscode.git 1366
2024-10-10 21:16:34.684 [warning] [Decorations] CAPPING events from decorations provider vscode.git 1366
2024-10-10 21:16:39.777 [warning] [Decorations] CAPPING events from decorations provider vscode.git 1366
2024-10-10 21:16:44.858 [warning] [Decorations] CAPPING events from decorations provider vscode.git 1367
2024-10-10 21:16:59.395 [warning] [Decorations] CAPPING events from decorations provider vscode.git 1367
2024-10-10 21:17:04.500 [warning] [Decorations] CAPPING events from decorations provider vscode.git 1367
2024-10-10 21:17:09.593 [warning] [Decorations] CAPPING events from decorations provider vscode.git 1367
2024-10-10 21:17:14.687 [warning] [Decorations] CAPPING events from decorations provider vscode.git 1367
2024-10-10 21:17:19.766 [warning] [Decorations] CAPPING events from decorations provider vscode.git 1367
2024-10-10 21:17:24.853 [warning] [Decorations] CAPPING events from decorations provider vscode.git 1367
2024-10-10 21:17:29.938 [warning] [Decorations] CAPPING events from decorations provider vscode.git 1367
2024-10-10 21:17:35.019 [warning] [Decorations] CAPPING events from decorations provider vscode.git 1367
2024-10-10 21:17:40.105 [warning] [Decorations] CAPPING events from decorations provider vscode.git 1367
2024-10-10 21:17:45.185 [warning] [Decorations] CAPPING events from decorations provider vscode.git 1367
2024-10-10 21:17:50.270 [warning] [Decorations] CAPPING events from decorations provider vscode.git 1367
2024-10-10 21:17:59.584 [warning] [Decorations] CAPPING events from decorations provider vscode.git 1367
2024-10-10 21:18:04.666 [warning] [Decorations] CAPPING events from decorations provider vscode.git 1367
2024-10-10 21:18:09.752 [warning] [Decorations] CAPPING events from decorations provider vscode.git 1367
2024-10-10 21:18:14.828 [warning] [Decorations] CAPPING events from decorations provider vscode.git 1367
2024-10-10 21:18:19.912 [warning] [Decorations] CAPPING events from decorations provider vscode.git 1367
2024-10-10 21:18:49.342 [warning] [Decorations] CAPPING events from decorations provider vscode.git 1367
2024-10-10 21:18:54.432 [warning] [Decorations] CAPPING events from decorations provider vscode.git 1367
2024-10-10 21:21:23.334 [warning] [Decorations] CAPPING events from decorations provider vscode.git 1367
2024-10-10 21:21:28.421 [warning] [Decorations] CAPPING events from decorations provider vscode.git 1367
2024-10-10 21:21:33.515 [warning] [Decorations] CAPPING events from decorations provider vscode.git 1367
2024-10-10 21:21:38.593 [warning] [Decorations] CAPPING events from decorations provider vscode.git 1367
2024-10-10 21:21:43.700 [warning] [Decorations] CAPPING events from decorations provider vscode.git 1367
2024-10-10 21:21:48.778 [warning] [Decorations] CAPPING events from decorations provider vscode.git 1367
2024-10-10 21:21:53.853 [warning] [Decorations] CAPPING events from decorations provider vscode.git 1367
2024-10-10 21:21:58.934 [warning] [Decorations] CAPPING events from decorations provider vscode.git 1367
2024-10-10 21:22:04.027 [warning] [Decorations] CAPPING events from decorations provider vscode.git 1367
2024-10-10 21:22:09.111 [warning] [Decorations] CAPPING events from decorations provider vscode.git 1367
2024-10-10 21:22:14.212 [warning] [Decorations] CAPPING events from decorations provider vscode.git 1367
2024-10-10 21:22:19.304 [warning] [Decorations] CAPPING events from decorations provider vscode.git 1367
2024-10-10 21:22:24.392 [warning] [Decorations] CAPPING events from decorations provider vscode.git 1367
2024-10-10 21:22:29.498 [warning] [Decorations] CAPPING events from decorations provider vscode.git 1367
2024-10-10 21:22:34.586 [warning] [Decorations] CAPPING events from decorations provider vscode.git 1367
2024-10-10 21:22:39.676 [warning] [Decorations] CAPPING events from decorations provider vscode.git 1367
2024-10-10 21:22:44.750 [warning] [Decorations] CAPPING events from decorations provider vscode.git 1367
2024-10-10 21:22:49.831 [warning] [Decorations] CAPPING events from decorations provider vscode.git 1367
2024-10-10 21:22:54.907 [warning] [Decorations] CAPPING events from decorations provider vscode.git 1367
2024-10-10 21:22:59.996 [warning] [Decorations] CAPPING events from decorations provider vscode.git 1367
2024-10-10 21:23:05.072 [warning] [Decorations] CAPPING events from decorations provider vscode.git 1367
2024-10-10 21:23:10.181 [warning] [Decorations] CAPPING events from decorations provider vscode.git 1367
2024-10-10 21:23:15.273 [warning] [Decorations] CAPPING events from decorations provider vscode.git 1367
2024-10-10 21:23:20.355 [warning] [Decorations] CAPPING events from decorations provider vscode.git 1367
2024-10-10 21:23:25.437 [warning] [Decorations] CAPPING events from decorations provider vscode.git 1367
2024-10-10 21:23:30.549 [warning] [Decorations] CAPPING events from decorations provider vscode.git 1367
2024-10-10 21:23:35.628 [warning] [Decorations] CAPPING events from decorations provider vscode.git 1367
2024-10-10 21:23:40.703 [warning] [Decorations] CAPPING events from decorations provider vscode.git 1367
2024-10-10 21:23:45.788 [warning] [Decorations] CAPPING events from decorations provider vscode.git 1367
2024-10-10 21:23:50.868 [warning] [Decorations] CAPPING events from decorations provider vscode.git 1367
2024-10-10 21:23:55.947 [warning] [Decorations] CAPPING events from decorations provider vscode.git 1367
2024-10-10 21:24:01.025 [warning] [Decorations] CAPPING events from decorations provider vscode.git 1367
2024-10-10 21:24:06.110 [warning] [Decorations] CAPPING events from decorations provider vscode.git 1367
2024-10-10 21:24:11.193 [warning] [Decorations] CAPPING events from decorations provider vscode.git 1367
2024-10-10 21:24:16.275 [warning] [Decorations] CAPPING events from decorations provider vscode.git 1367
2024-10-10 21:24:21.366 [warning] [Decorations] CAPPING events from decorations provider vscode.git 1367
2024-10-10 21:24:26.453 [warning] [Decorations] CAPPING events from decorations provider vscode.git 1367
2024-10-10 21:24:31.534 [warning] [Decorations] CAPPING events from decorations provider vscode.git 1367
2024-10-10 21:25:03.711 [warning] [Decorations] CAPPING events from decorations provider vscode.git 1367
2024-10-10 21:25:08.803 [warning] [Decorations] CAPPING events from decorations provider vscode.git 1367
2024-10-10 21:25:13.893 [warning] [Decorations] CAPPING events from decorations provider vscode.git 1367
2024-10-10 21:25:18.975 [warning] [Decorations] CAPPING events from decorations provider vscode.git 1367
2024-10-10 21:25:24.062 [warning] [Decorations] CAPPING events from decorations provider vscode.git 1367
2024-10-10 21:25:29.152 [warning] [Decorations] CAPPING events from decorations provider vscode.git 1367
2024-10-10 21:25:34.254 [warning] [Decorations] CAPPING events from decorations provider vscode.git 1367
2024-10-10 21:25:39.334 [warning] [Decorations] CAPPING events from decorations provider vscode.git 1367
2024-10-10 21:27:39.015 [warning] [Decorations] CAPPING events from decorations provider vscode.git 1367
2024-10-10 21:27:44.104 [warning] [Decorations] CAPPING events from decorations provider vscode.git 1367
2024-10-10 21:27:49.182 [warning] [Decorations] CAPPING events from decorations provider vscode.git 1367
2024-10-10 21:27:54.274 [warning] [Decorations] CAPPING events from decorations provider vscode.git 1367
2024-10-10 21:27:59.379 [warning] [Decorations] CAPPING events from decorations provider vscode.git 1367
2024-10-10 21:28:06.740 [warning] [Decorations] CAPPING events from decorations provider vscode.git 1367
2024-10-10 21:28:11.926 [warning] [Decorations] CAPPING events from decorations provider vscode.git 1367
2024-10-10 21:28:34.496 [warning] [Decorations] CAPPING events from decorations provider vscode.git 1367
2024-10-10 21:28:39.581 [warning] [Decorations] CAPPING events from decorations provider vscode.git 1367
2024-10-10 21:28:44.665 [warning] [Decorations] CAPPING events from decorations provider vscode.git 1367
2024-10-10 21:28:49.748 [warning] [Decorations] CAPPING events from decorations provider vscode.git 1367
2024-10-10 21:28:56.264 [warning] [Decorations] CAPPING events from decorations provider vscode.git 1367
2024-10-10 21:31:06.882 [warning] [Decorations] CAPPING events from decorations provider vscode.git 1367
2024-10-10 21:31:11.965 [warning] [Decorations] CAPPING events from decorations provider vscode.git 1367
2024-10-10 21:31:17.063 [warning] [Decorations] CAPPING events from decorations provider vscode.git 1367
2024-10-10 21:31:22.150 [warning] [Decorations] CAPPING events from decorations provider vscode.git 1367
2024-10-10 21:31:27.247 [warning] [Decorations] CAPPING events from decorations provider vscode.git 1367
2024-10-10 21:31:32.329 [warning] [Decorations] CAPPING events from decorations provider vscode.git 1367
2024-10-10 21:31:37.411 [warning] [Decorations] CAPPING events from decorations provider vscode.git 1367
2024-10-10 21:31:42.492 [warning] [Decorations] CAPPING events from decorations provider vscode.git 1367
2024-10-10 21:32:42.515 [warning] [Decorations] CAPPING events from decorations provider vscode.git 1367
2024-10-10 21:32:47.603 [warning] [Decorations] CAPPING events from decorations provider vscode.git 1367
2024-10-10 21:32:52.689 [warning] [Decorations] CAPPING events from decorations provider vscode.git 1367
2024-10-10 21:32:57.770 [warning] [Decorations] CAPPING events from decorations provider vscode.git 1367
2024-10-10 21:33:02.855 [warning] [Decorations] CAPPING events from decorations provider vscode.git 1367
2024-10-10 21:33:07.947 [warning] [Decorations] CAPPING events from decorations provider vscode.git 1367
2024-10-10 21:33:13.035 [warning] [Decorations] CAPPING events from decorations provider vscode.git 1367
2024-10-10 21:33:18.117 [warning] [Decorations] CAPPING events from decorations provider vscode.git 1367
2024-10-10 21:33:23.197 [warning] [Decorations] CAPPING events from decorations provider vscode.git 1367
2024-10-10 21:33:28.282 [warning] [Decorations] CAPPING events from decorations provider vscode.git 1367
2024-10-10 21:33:33.363 [warning] [Decorations] CAPPING events from decorations provider vscode.git 1367
2024-10-10 21:33:51.603 [warning] [Decorations] CAPPING events from decorations provider vscode.git 1367
2024-10-10 21:33:56.700 [warning] [Decorations] CAPPING events from decorations provider vscode.git 1367
2024-10-10 21:34:39.384 [warning] [Decorations] CAPPING events from decorations provider vscode.git 1367
2024-10-10 21:34:44.467 [warning] [Decorations] CAPPING events from decorations provider vscode.git 1367
2024-10-10 21:34:49.548 [warning] [Decorations] CAPPING events from decorations provider vscode.git 1367
2024-10-10 21:34:54.630 [warning] [Decorations] CAPPING events from decorations provider vscode.git 1367
2024-10-10 21:34:59.735 [warning] [Decorations] CAPPING events from decorations provider vscode.git 1367
2024-10-10 21:35:58.428 [warning] [Decorations] CAPPING events from decorations provider vscode.git 1367
2024-10-10 21:36:40.162 [warning] [Decorations] CAPPING events from decorations provider vscode.git 1367
2024-10-10 21:36:45.246 [warning] [Decorations] CAPPING events from decorations provider vscode.git 1367
2024-10-10 21:36:50.325 [warning] [Decorations] CAPPING events from decorations provider vscode.git 1367
2024-10-10 21:36:55.436 [warning] [Decorations] CAPPING events from decorations provider vscode.git 1367
2024-10-10 21:37:00.521 [warning] [Decorations] CAPPING events from decorations provider vscode.git 1367
2024-10-10 21:37:05.602 [warning] [Decorations] CAPPING events from decorations provider vscode.git 1367
2024-10-10 21:37:10.684 [warning] [Decorations] CAPPING events from decorations provider vscode.git 1367
2024-10-10 21:37:15.760 [warning] [Decorations] CAPPING events from decorations provider vscode.git 1367
2024-10-10 21:37:20.847 [warning] [Decorations] CAPPING events from decorations provider vscode.git 1367
2024-10-10 21:37:25.929 [warning] [Decorations] CAPPING events from decorations provider vscode.git 1367
2024-10-10 21:37:31.008 [warning] [Decorations] CAPPING events from decorations provider vscode.git 1367
2024-10-10 21:37:36.093 [warning] [Decorations] CAPPING events from decorations provider vscode.git 1367
2024-10-10 21:37:41.173 [warning] [Decorations] CAPPING events from decorations provider vscode.git 1367
2024-10-10 21:37:46.253 [warning] [Decorations] CAPPING events from decorations provider vscode.git 1367
2024-10-10 21:37:51.331 [warning] [Decorations] CAPPING events from decorations provider vscode.git 1367
2024-10-10 21:37:56.418 [warning] [Decorations] CAPPING events from decorations provider vscode.git 1367
2024-10-10 21:38:01.503 [warning] [Decorations] CAPPING events from decorations provider vscode.git 1367
2024-10-10 21:38:34.379 [warning] [Decorations] CAPPING events from decorations provider vscode.git 1367
2024-10-10 21:38:39.461 [warning] [Decorations] CAPPING events from decorations provider vscode.git 1367
2024-10-10 21:38:44.540 [warning] [Decorations] CAPPING events from decorations provider vscode.git 1367
2024-10-10 21:38:49.632 [warning] [Decorations] CAPPING events from decorations provider vscode.git 1367
2024-10-10 21:38:54.711 [warning] [Decorations] CAPPING events from decorations provider vscode.git 1367
2024-10-10 21:38:59.784 [warning] [Decorations] CAPPING events from decorations provider vscode.git 1367
2024-10-10 21:39:04.868 [warning] [Decorations] CAPPING events from decorations provider vscode.git 1367
2024-10-10 21:39:09.958 [warning] [Decorations] CAPPING events from decorations provider vscode.git 1367
2024-10-10 21:39:15.042 [warning] [Decorations] CAPPING events from decorations provider vscode.git 1367
2024-10-10 21:39:20.123 [warning] [Decorations] CAPPING events from decorations provider vscode.git 1367
2024-10-10 21:39:25.205 [warning] [Decorations] CAPPING events from decorations provider vscode.git 1367
2024-10-10 21:39:30.283 [warning] [Decorations] CAPPING events from decorations provider vscode.git 1367
2024-10-10 21:40:10.988 [warning] [Decorations] CAPPING events from decorations provider vscode.git 1367
2024-10-10 21:40:16.073 [warning] [Decorations] CAPPING events from decorations provider vscode.git 1367
2024-10-10 21:40:25.295 [warning] [Decorations] CAPPING events from decorations provider vscode.git 1367
2024-10-10 21:40:30.378 [warning] [Decorations] CAPPING events from decorations provider vscode.git 1367
2024-10-10 21:40:35.462 [warning] [Decorations] CAPPING events from decorations provider vscode.git 1367
2024-10-10 21:40:40.547 [warning] [Decorations] CAPPING events from decorations provider vscode.git 1367
2024-10-10 21:40:45.643 [warning] [Decorations] CAPPING events from decorations provider vscode.git 1367
2024-10-10 21:40:50.728 [warning] [Decorations] CAPPING events from decorations provider vscode.git 1367
2024-10-10 21:40:55.813 [warning] [Decorations] CAPPING events from decorations provider vscode.git 1367
2024-10-10 21:41:05.126 [warning] [Decorations] CAPPING events from decorations provider vscode.git 1367
2024-10-10 21:41:10.208 [warning] [Decorations] CAPPING events from decorations provider vscode.git 1367
2024-10-10 21:41:39.042 [warning] [Decorations] CAPPING events from decorations provider vscode.git 1367
2024-10-10 21:41:44.125 [warning] [Decorations] CAPPING events from decorations provider vscode.git 1367
2024-10-10 21:41:49.201 [warning] [Decorations] CAPPING events from decorations provider vscode.git 1367
2024-10-10 21:41:54.313 [warning] [Decorations] CAPPING events from decorations provider vscode.git 1367
2024-10-10 21:41:59.398 [warning] [Decorations] CAPPING events from decorations provider vscode.git 1367
2024-10-10 21:42:04.477 [warning] [Decorations] CAPPING events from decorations provider vscode.git 1367
2024-10-10 21:42:09.556 [warning] [Decorations] CAPPING events from decorations provider vscode.git 1367
2024-10-10 21:42:14.642 [warning] [Decorations] CAPPING events from decorations provider vscode.git 1367
2024-10-10 21:42:19.727 [warning] [Decorations] CAPPING events from decorations provider vscode.git 1367
2024-10-10 21:42:24.820 [warning] [Decorations] CAPPING events from decorations provider vscode.git 1367
2024-10-10 21:42:29.900 [warning] [Decorations] CAPPING events from decorations provider vscode.git 1367
2024-10-10 21:42:57.040 [warning] [Decorations] CAPPING events from decorations provider vscode.git 1367
2024-10-10 21:43:02.123 [warning] [Decorations] CAPPING events from decorations provider vscode.git 1367
2024-10-10 21:44:09.555 [warning] [Decorations] CAPPING events from decorations provider vscode.git 1367
2024-10-10 21:44:14.642 [warning] [Decorations] CAPPING events from decorations provider vscode.git 1367
2024-10-10 21:44:19.729 [warning] [Decorations] CAPPING events from decorations provider vscode.git 1367
2024-10-10 21:44:24.816 [warning] [Decorations] CAPPING events from decorations provider vscode.git 1367
2024-10-10 21:44:41.463 [warning] [Decorations] CAPPING events from decorations provider vscode.git 1367
2024-10-10 21:44:46.544 [warning] [Decorations] CAPPING events from decorations provider vscode.git 1367
2024-10-10 21:44:51.622 [warning] [Decorations] CAPPING events from decorations provider vscode.git 1367
2024-10-10 21:44:56.705 [warning] [Decorations] CAPPING events from decorations provider vscode.git 1367
2024-10-10 21:45:01.791 [warning] [Decorations] CAPPING events from decorations provider vscode.git 1367
2024-10-10 21:45:06.871 [warning] [Decorations] CAPPING events from decorations provider vscode.git 1367
2024-10-10 21:45:11.951 [warning] [Decorations] CAPPING events from decorations provider vscode.git 1367
2024-10-10 21:45:17.033 [warning] [Decorations] CAPPING events from decorations provider vscode.git 1367
2024-10-10 21:45:22.115 [warning] [Decorations] CAPPING events from decorations provider vscode.git 1367
2024-10-10 21:45:27.192 [warning] [Decorations] CAPPING events from decorations provider vscode.git 1367
2024-10-10 21:45:32.290 [warning] [Decorations] CAPPING events from decorations provider vscode.git 1367
2024-10-10 21:45:37.369 [warning] [Decorations] CAPPING events from decorations provider vscode.git 1367
2024-10-10 21:45:42.447 [warning] [Decorations] CAPPING events from decorations provider vscode.git 1367
2024-10-10 21:46:01.529 [warning] [Decorations] CAPPING events from decorations provider vscode.git 1366
2024-10-10 21:46:56.834 [warning] [Decorations] CAPPING events from decorations provider vscode.git 1366
2024-10-10 21:47:01.910 [warning] [Decorations] CAPPING events from decorations provider vscode.git 1366
2024-10-10 21:47:12.712 [warning] [Decorations] CAPPING events from decorations provider vscode.git 1366
2024-10-10 21:47:17.814 [warning] [Decorations] CAPPING events from decorations provider vscode.git 1366
