2024-09-22 22:33:27.239 [info] [main] Log level: Info
2024-09-22 22:33:27.239 [info] [main] Validating found git in: "git"
2024-09-22 22:33:27.239 [info] [main] Using git "2.34.1" from "git"
2024-09-22 22:33:27.239 [info] [Model][doInitialScan] Initial repository scan started
2024-09-22 22:33:27.239 [info] > git rev-parse --show-toplevel [36ms]
2024-09-22 22:33:27.239 [info] > git rev-parse --git-dir --git-common-dir [3ms]
2024-09-22 22:33:27.239 [info] [Model][openRepository] Opened repository: /home/student
2024-09-22 22:33:27.239 [info] > git config --get commit.template [4ms]
2024-09-22 22:33:27.239 [info] > git rev-parse --show-toplevel [3ms]
2024-09-22 22:33:27.239 [info] > git for-each-ref --format=%(refname)%00%(upstream:short)%00%(objectname)%00%(upstream:track)%00%(upstream:remotename)%00%(upstream:remoteref) refs/heads/main refs/remotes/main [5ms]
2024-09-22 22:33:27.239 [info] > git rev-parse --show-toplevel [1ms]
2024-09-22 22:33:27.239 [info] [Model][doInitialScan] Initial repository scan completed - repositories (1), closed repositories (0), parent repositories (0), unsafe repositories (0)
2024-09-22 22:33:27.261 [info] > git status -z -uall [19ms]
2024-09-22 22:33:27.286 [info] > git for-each-ref --format=%(refname)%00%(upstream:short)%00%(objectname)%00%(upstream:track)%00%(upstream:remotename)%00%(upstream:remoteref) refs/heads/main refs/remotes/main [19ms]
2024-09-22 22:33:27.323 [info] > git config --get commit.template [38ms]
2024-09-22 22:33:27.382 [info] > git config --local branch.main.vscode-merge-base [93ms]
2024-09-22 22:33:27.382 [warning] [Git][config] git config failed: Failed to execute git
2024-09-22 22:33:27.388 [info] > git reflog main --grep-reflog=branch: Created from *. [3ms]
2024-09-22 22:33:27.393 [info] > git for-each-ref --format=%(refname)%00%(upstream:short)%00%(objectname)%00%(upstream:track)%00%(upstream:remotename)%00%(upstream:remoteref) refs/heads/main refs/remotes/main [5ms]
2024-09-22 22:33:27.394 [info] > git symbolic-ref --short refs/remotes/origin/HEAD [1ms]
2024-09-22 22:33:27.394 [info] fatal: ref refs/remotes/origin/HEAD is not a symbolic ref
2024-09-22 22:33:27.399 [info] > git merge-base refs/heads/main refs/remotes/origin/main [3ms]
2024-09-22 22:33:27.406 [info] > git rev-list --count --left-right refs/heads/main...refs/remotes/origin/main [2ms]
2024-09-22 22:33:27.412 [info] > git diff --name-status -z --diff-filter=ADMR b840c96080c331404ab223195677b22a0a5ad0e5...refs/remotes/origin/main [2ms]
2024-09-22 22:33:27.422 [info] > git status -z -uall [23ms]
2024-09-22 22:33:27.433 [info] > git for-each-ref --format=%(refname)%00%(upstream:short)%00%(objectname)%00%(upstream:track)%00%(upstream:remotename)%00%(upstream:remoteref) refs/heads/main refs/remotes/main [7ms]
2024-09-22 22:33:27.438 [info] > git config --local branch.main.vscode-merge-base [2ms]
2024-09-22 22:33:27.438 [warning] [Git][config] git config failed: Failed to execute git
2024-09-22 22:33:27.443 [info] > git reflog main --grep-reflog=branch: Created from *. [3ms]
2024-09-22 22:33:27.447 [info] > git symbolic-ref --short refs/remotes/origin/HEAD [2ms]
2024-09-22 22:33:27.447 [info] fatal: ref refs/remotes/origin/HEAD is not a symbolic ref
2024-09-22 22:33:27.803 [info] > git check-ignore -v -z --stdin [3ms]
2024-09-22 22:33:29.650 [info] > git config --get commit.template [3ms]
2024-09-22 22:33:29.651 [info] > git for-each-ref --format=%(refname)%00%(upstream:short)%00%(objectname)%00%(upstream:track)%00%(upstream:remotename)%00%(upstream:remoteref) refs/heads/main refs/remotes/main [2ms]
2024-09-22 22:33:29.672 [info] > git status -z -uall [19ms]
2024-09-22 22:33:29.680 [info] > git for-each-ref --format=%(refname)%00%(upstream:short)%00%(objectname)%00%(upstream:track)%00%(upstream:remotename)%00%(upstream:remoteref) refs/heads/main refs/remotes/main [4ms]
2024-09-22 22:33:29.685 [info] > git config --local branch.main.vscode-merge-base [1ms]
2024-09-22 22:33:29.685 [warning] [Git][config] git config failed: Failed to execute git
2024-09-22 22:33:29.689 [info] > git reflog main --grep-reflog=branch: Created from *. [2ms]
2024-09-22 22:33:29.692 [info] > git symbolic-ref --short refs/remotes/origin/HEAD [1ms]
2024-09-22 22:33:29.692 [info] fatal: ref refs/remotes/origin/HEAD is not a symbolic ref
2024-09-22 22:33:34.687 [info] > git config --get commit.template [3ms]
2024-09-22 22:33:34.688 [info] > git for-each-ref --format=%(refname)%00%(upstream:short)%00%(objectname)%00%(upstream:track)%00%(upstream:remotename)%00%(upstream:remoteref) refs/heads/main refs/remotes/main [2ms]
2024-09-22 22:33:34.709 [info] > git status -z -uall [18ms]
2024-09-22 22:33:34.721 [info] > git for-each-ref --format=%(refname)%00%(upstream:short)%00%(objectname)%00%(upstream:track)%00%(upstream:remotename)%00%(upstream:remoteref) refs/heads/main refs/remotes/main [9ms]
2024-09-22 22:33:34.725 [info] > git config --local branch.main.vscode-merge-base [2ms]
2024-09-22 22:33:34.725 [warning] [Git][config] git config failed: Failed to execute git
2024-09-22 22:33:34.729 [info] > git reflog main --grep-reflog=branch: Created from *. [1ms]
2024-09-22 22:33:34.733 [info] > git symbolic-ref --short refs/remotes/origin/HEAD [1ms]
2024-09-22 22:33:34.733 [info] fatal: ref refs/remotes/origin/HEAD is not a symbolic ref
2024-09-22 22:33:39.720 [info] > git config --get commit.template [2ms]
2024-09-22 22:33:39.722 [info] > git for-each-ref --format=%(refname)%00%(upstream:short)%00%(objectname)%00%(upstream:track)%00%(upstream:remotename)%00%(upstream:remoteref) refs/heads/main refs/remotes/main [2ms]
2024-09-22 22:33:39.741 [info] > git status -z -uall [17ms]
2024-09-22 22:33:39.748 [info] > git for-each-ref --format=%(refname)%00%(upstream:short)%00%(objectname)%00%(upstream:track)%00%(upstream:remotename)%00%(upstream:remoteref) refs/heads/main refs/remotes/main [4ms]
2024-09-22 22:33:39.752 [info] > git config --local branch.main.vscode-merge-base [1ms]
2024-09-22 22:33:39.752 [warning] [Git][config] git config failed: Failed to execute git
2024-09-22 22:33:39.757 [info] > git reflog main --grep-reflog=branch: Created from *. [3ms]
2024-09-22 22:33:39.760 [info] > git symbolic-ref --short refs/remotes/origin/HEAD [2ms]
2024-09-22 22:33:39.760 [info] fatal: ref refs/remotes/origin/HEAD is not a symbolic ref
2024-09-22 22:33:44.757 [info] > git config --get commit.template [5ms]
2024-09-22 22:33:44.758 [info] > git for-each-ref --format=%(refname)%00%(upstream:short)%00%(objectname)%00%(upstream:track)%00%(upstream:remotename)%00%(upstream:remoteref) refs/heads/main refs/remotes/main [2ms]
2024-09-22 22:33:44.783 [info] > git status -z -uall [22ms]
2024-09-22 22:33:44.796 [info] > git for-each-ref --format=%(refname)%00%(upstream:short)%00%(objectname)%00%(upstream:track)%00%(upstream:remotename)%00%(upstream:remoteref) refs/heads/main refs/remotes/main [6ms]
2024-09-22 22:33:44.800 [info] > git config --local branch.main.vscode-merge-base [2ms]
2024-09-22 22:33:44.800 [warning] [Git][config] git config failed: Failed to execute git
2024-09-22 22:33:44.805 [info] > git reflog main --grep-reflog=branch: Created from *. [2ms]
2024-09-22 22:33:44.808 [info] > git symbolic-ref --short refs/remotes/origin/HEAD [1ms]
2024-09-22 22:33:44.808 [info] fatal: ref refs/remotes/origin/HEAD is not a symbolic ref
2024-09-22 22:33:49.803 [info] > git config --get commit.template [3ms]
2024-09-22 22:33:49.805 [info] > git for-each-ref --format=%(refname)%00%(upstream:short)%00%(objectname)%00%(upstream:track)%00%(upstream:remotename)%00%(upstream:remoteref) refs/heads/main refs/remotes/main [2ms]
2024-09-22 22:33:49.830 [info] > git status -z -uall [22ms]
2024-09-22 22:33:49.838 [info] > git for-each-ref --format=%(refname)%00%(upstream:short)%00%(objectname)%00%(upstream:track)%00%(upstream:remotename)%00%(upstream:remoteref) refs/heads/main refs/remotes/main [5ms]
2024-09-22 22:33:49.843 [info] > git config --local branch.main.vscode-merge-base [1ms]
2024-09-22 22:33:49.843 [warning] [Git][config] git config failed: Failed to execute git
2024-09-22 22:33:49.847 [info] > git reflog main --grep-reflog=branch: Created from *. [2ms]
2024-09-22 22:33:49.850 [info] > git symbolic-ref --short refs/remotes/origin/HEAD [1ms]
2024-09-22 22:33:49.850 [info] fatal: ref refs/remotes/origin/HEAD is not a symbolic ref
2024-09-22 22:33:54.846 [info] > git config --get commit.template [3ms]
2024-09-22 22:33:54.846 [info] > git for-each-ref --format=%(refname)%00%(upstream:short)%00%(objectname)%00%(upstream:track)%00%(upstream:remotename)%00%(upstream:remoteref) refs/heads/main refs/remotes/main [1ms]
2024-09-22 22:33:54.865 [info] > git status -z -uall [16ms]
2024-09-22 22:33:54.872 [info] > git for-each-ref --format=%(refname)%00%(upstream:short)%00%(objectname)%00%(upstream:track)%00%(upstream:remotename)%00%(upstream:remoteref) refs/heads/main refs/remotes/main [4ms]
2024-09-22 22:33:54.876 [info] > git config --local branch.main.vscode-merge-base [1ms]
2024-09-22 22:33:54.876 [warning] [Git][config] git config failed: Failed to execute git
2024-09-22 22:33:54.880 [info] > git reflog main --grep-reflog=branch: Created from *. [2ms]
2024-09-22 22:33:54.883 [info] > git symbolic-ref --short refs/remotes/origin/HEAD [1ms]
2024-09-22 22:33:54.883 [info] fatal: ref refs/remotes/origin/HEAD is not a symbolic ref
2024-09-22 22:33:59.879 [info] > git config --get commit.template [3ms]
2024-09-22 22:33:59.880 [info] > git for-each-ref --format=%(refname)%00%(upstream:short)%00%(objectname)%00%(upstream:track)%00%(upstream:remotename)%00%(upstream:remoteref) refs/heads/main refs/remotes/main [2ms]
2024-09-22 22:33:59.902 [info] > git status -z -uall [20ms]
2024-09-22 22:33:59.911 [info] > git for-each-ref --format=%(refname)%00%(upstream:short)%00%(objectname)%00%(upstream:track)%00%(upstream:remotename)%00%(upstream:remoteref) refs/heads/main refs/remotes/main [5ms]
2024-09-22 22:33:59.916 [info] > git config --local branch.main.vscode-merge-base [2ms]
2024-09-22 22:33:59.916 [warning] [Git][config] git config failed: Failed to execute git
2024-09-22 22:33:59.920 [info] > git reflog main --grep-reflog=branch: Created from *. [2ms]
2024-09-22 22:33:59.923 [info] > git symbolic-ref --short refs/remotes/origin/HEAD [1ms]
2024-09-22 22:33:59.923 [info] fatal: ref refs/remotes/origin/HEAD is not a symbolic ref
2024-09-22 22:34:04.917 [info] > git config --get commit.template [3ms]
2024-09-22 22:34:04.918 [info] > git for-each-ref --format=%(refname)%00%(upstream:short)%00%(objectname)%00%(upstream:track)%00%(upstream:remotename)%00%(upstream:remoteref) refs/heads/main refs/remotes/main [1ms]
2024-09-22 22:34:04.941 [info] > git status -z -uall [18ms]
2024-09-22 22:34:04.952 [info] > git for-each-ref --format=%(refname)%00%(upstream:short)%00%(objectname)%00%(upstream:track)%00%(upstream:remotename)%00%(upstream:remoteref) refs/heads/main refs/remotes/main [6ms]
2024-09-22 22:34:04.957 [info] > git config --local branch.main.vscode-merge-base [2ms]
2024-09-22 22:34:04.957 [warning] [Git][config] git config failed: Failed to execute git
2024-09-22 22:34:04.964 [info] > git reflog main --grep-reflog=branch: Created from *. [3ms]
2024-09-22 22:34:04.970 [info] > git symbolic-ref --short refs/remotes/origin/HEAD [1ms]
2024-09-22 22:34:04.970 [info] fatal: ref refs/remotes/origin/HEAD is not a symbolic ref
2024-09-22 22:34:09.958 [info] > git config --get commit.template [3ms]
2024-09-22 22:34:09.959 [info] > git for-each-ref --format=%(refname)%00%(upstream:short)%00%(objectname)%00%(upstream:track)%00%(upstream:remotename)%00%(upstream:remoteref) refs/heads/main refs/remotes/main [1ms]
2024-09-22 22:34:09.981 [info] > git status -z -uall [19ms]
2024-09-22 22:34:09.989 [info] > git for-each-ref --format=%(refname)%00%(upstream:short)%00%(objectname)%00%(upstream:track)%00%(upstream:remotename)%00%(upstream:remoteref) refs/heads/main refs/remotes/main [4ms]
2024-09-22 22:34:09.993 [info] > git config --local branch.main.vscode-merge-base [2ms]
2024-09-22 22:34:09.993 [warning] [Git][config] git config failed: Failed to execute git
2024-09-22 22:34:09.997 [info] > git reflog main --grep-reflog=branch: Created from *. [2ms]
2024-09-22 22:34:10.000 [info] > git symbolic-ref --short refs/remotes/origin/HEAD [1ms]
2024-09-22 22:34:10.001 [info] fatal: ref refs/remotes/origin/HEAD is not a symbolic ref
2024-09-22 22:34:14.995 [info] > git config --get commit.template [3ms]
2024-09-22 22:34:14.996 [info] > git for-each-ref --format=%(refname)%00%(upstream:short)%00%(objectname)%00%(upstream:track)%00%(upstream:remotename)%00%(upstream:remoteref) refs/heads/main refs/remotes/main [2ms]
2024-09-22 22:34:15.014 [info] > git status -z -uall [16ms]
2024-09-22 22:34:15.022 [info] > git for-each-ref --format=%(refname)%00%(upstream:short)%00%(objectname)%00%(upstream:track)%00%(upstream:remotename)%00%(upstream:remoteref) refs/heads/main refs/remotes/main [3ms]
2024-09-22 22:34:15.027 [info] > git config --local branch.main.vscode-merge-base [2ms]
2024-09-22 22:34:15.027 [warning] [Git][config] git config failed: Failed to execute git
2024-09-22 22:34:15.031 [info] > git reflog main --grep-reflog=branch: Created from *. [1ms]
2024-09-22 22:34:15.035 [info] > git symbolic-ref --short refs/remotes/origin/HEAD [2ms]
2024-09-22 22:34:15.035 [info] fatal: ref refs/remotes/origin/HEAD is not a symbolic ref
2024-09-22 22:34:20.028 [info] > git config --get commit.template [3ms]
2024-09-22 22:34:20.029 [info] > git for-each-ref --format=%(refname)%00%(upstream:short)%00%(objectname)%00%(upstream:track)%00%(upstream:remotename)%00%(upstream:remoteref) refs/heads/main refs/remotes/main [2ms]
2024-09-22 22:34:20.050 [info] > git status -z -uall [18ms]
2024-09-22 22:34:20.058 [info] > git for-each-ref --format=%(refname)%00%(upstream:short)%00%(objectname)%00%(upstream:track)%00%(upstream:remotename)%00%(upstream:remoteref) refs/heads/main refs/remotes/main [5ms]
2024-09-22 22:34:20.062 [info] > git config --local branch.main.vscode-merge-base [1ms]
2024-09-22 22:34:20.062 [warning] [Git][config] git config failed: Failed to execute git
2024-09-22 22:34:20.066 [info] > git reflog main --grep-reflog=branch: Created from *. [2ms]
2024-09-22 22:34:20.070 [info] > git symbolic-ref --short refs/remotes/origin/HEAD [2ms]
2024-09-22 22:34:20.070 [info] fatal: ref refs/remotes/origin/HEAD is not a symbolic ref
2024-09-22 22:34:25.066 [info] > git config --get commit.template [4ms]
2024-09-22 22:34:25.067 [info] > git for-each-ref --format=%(refname)%00%(upstream:short)%00%(objectname)%00%(upstream:track)%00%(upstream:remotename)%00%(upstream:remoteref) refs/heads/main refs/remotes/main [2ms]
2024-09-22 22:34:25.088 [info] > git status -z -uall [19ms]
2024-09-22 22:34:25.098 [info] > git for-each-ref --format=%(refname)%00%(upstream:short)%00%(objectname)%00%(upstream:track)%00%(upstream:remotename)%00%(upstream:remoteref) refs/heads/main refs/remotes/main [4ms]
2024-09-22 22:34:25.103 [info] > git config --local branch.main.vscode-merge-base [2ms]
2024-09-22 22:34:25.103 [warning] [Git][config] git config failed: Failed to execute git
2024-09-22 22:34:25.111 [info] > git reflog main --grep-reflog=branch: Created from *. [2ms]
2024-09-22 22:34:25.115 [info] > git symbolic-ref --short refs/remotes/origin/HEAD [2ms]
2024-09-22 22:34:25.115 [info] fatal: ref refs/remotes/origin/HEAD is not a symbolic ref
2024-09-22 22:34:30.104 [info] > git config --get commit.template [4ms]
2024-09-22 22:34:30.104 [info] > git for-each-ref --format=%(refname)%00%(upstream:short)%00%(objectname)%00%(upstream:track)%00%(upstream:remotename)%00%(upstream:remoteref) refs/heads/main refs/remotes/main [1ms]
2024-09-22 22:34:30.125 [info] > git status -z -uall [18ms]
2024-09-22 22:34:30.132 [info] > git for-each-ref --format=%(refname)%00%(upstream:short)%00%(objectname)%00%(upstream:track)%00%(upstream:remotename)%00%(upstream:remoteref) refs/heads/main refs/remotes/main [4ms]
2024-09-22 22:34:30.136 [info] > git config --local branch.main.vscode-merge-base [2ms]
2024-09-22 22:34:30.136 [warning] [Git][config] git config failed: Failed to execute git
2024-09-22 22:34:30.140 [info] > git reflog main --grep-reflog=branch: Created from *. [2ms]
2024-09-22 22:34:30.144 [info] > git symbolic-ref --short refs/remotes/origin/HEAD [1ms]
2024-09-22 22:34:30.144 [info] fatal: ref refs/remotes/origin/HEAD is not a symbolic ref
2024-09-22 22:34:35.137 [info] > git config --get commit.template [1ms]
2024-09-22 22:34:35.141 [info] > git for-each-ref --format=%(refname)%00%(upstream:short)%00%(objectname)%00%(upstream:track)%00%(upstream:remotename)%00%(upstream:remoteref) refs/heads/main refs/remotes/main [2ms]
2024-09-22 22:34:35.166 [info] > git status -z -uall [22ms]
2024-09-22 22:34:35.174 [info] > git for-each-ref --format=%(refname)%00%(upstream:short)%00%(objectname)%00%(upstream:track)%00%(upstream:remotename)%00%(upstream:remoteref) refs/heads/main refs/remotes/main [4ms]
2024-09-22 22:34:35.178 [info] > git config --local branch.main.vscode-merge-base [1ms]
2024-09-22 22:34:35.178 [warning] [Git][config] git config failed: Failed to execute git
2024-09-22 22:34:35.183 [info] > git reflog main --grep-reflog=branch: Created from *. [2ms]
2024-09-22 22:34:35.187 [info] > git symbolic-ref --short refs/remotes/origin/HEAD [1ms]
2024-09-22 22:34:35.187 [info] fatal: ref refs/remotes/origin/HEAD is not a symbolic ref
2024-09-22 22:34:40.181 [info] > git config --get commit.template [3ms]
2024-09-22 22:34:40.182 [info] > git for-each-ref --format=%(refname)%00%(upstream:short)%00%(objectname)%00%(upstream:track)%00%(upstream:remotename)%00%(upstream:remoteref) refs/heads/main refs/remotes/main [2ms]
2024-09-22 22:34:40.201 [info] > git status -z -uall [16ms]
2024-09-22 22:34:40.211 [info] > git for-each-ref --format=%(refname)%00%(upstream:short)%00%(objectname)%00%(upstream:track)%00%(upstream:remotename)%00%(upstream:remoteref) refs/heads/main refs/remotes/main [6ms]
2024-09-22 22:34:40.219 [info] > git config --local branch.main.vscode-merge-base [2ms]
2024-09-22 22:34:40.219 [warning] [Git][config] git config failed: Failed to execute git
2024-09-22 22:34:40.225 [info] > git reflog main --grep-reflog=branch: Created from *. [2ms]
2024-09-22 22:34:40.228 [info] > git symbolic-ref --short refs/remotes/origin/HEAD [1ms]
2024-09-22 22:34:40.228 [info] fatal: ref refs/remotes/origin/HEAD is not a symbolic ref
2024-09-22 22:34:45.217 [info] > git config --get commit.template [4ms]
2024-09-22 22:34:45.218 [info] > git for-each-ref --format=%(refname)%00%(upstream:short)%00%(objectname)%00%(upstream:track)%00%(upstream:remotename)%00%(upstream:remoteref) refs/heads/main refs/remotes/main [1ms]
2024-09-22 22:34:45.249 [info] > git status -z -uall [28ms]
2024-09-22 22:34:45.259 [info] > git for-each-ref --format=%(refname)%00%(upstream:short)%00%(objectname)%00%(upstream:track)%00%(upstream:remotename)%00%(upstream:remoteref) refs/heads/main refs/remotes/main [6ms]
2024-09-22 22:34:45.263 [info] > git config --local branch.main.vscode-merge-base [1ms]
2024-09-22 22:34:45.264 [warning] [Git][config] git config failed: Failed to execute git
2024-09-22 22:34:45.268 [info] > git reflog main --grep-reflog=branch: Created from *. [2ms]
2024-09-22 22:34:45.275 [info] > git symbolic-ref --short refs/remotes/origin/HEAD [5ms]
2024-09-22 22:34:45.275 [info] fatal: ref refs/remotes/origin/HEAD is not a symbolic ref
2024-09-22 22:34:50.265 [info] > git config --get commit.template [3ms]
2024-09-22 22:34:50.266 [info] > git for-each-ref --format=%(refname)%00%(upstream:short)%00%(objectname)%00%(upstream:track)%00%(upstream:remotename)%00%(upstream:remoteref) refs/heads/main refs/remotes/main [2ms]
2024-09-22 22:34:50.287 [info] > git status -z -uall [18ms]
2024-09-22 22:34:50.297 [info] > git for-each-ref --format=%(refname)%00%(upstream:short)%00%(objectname)%00%(upstream:track)%00%(upstream:remotename)%00%(upstream:remoteref) refs/heads/main refs/remotes/main [4ms]
2024-09-22 22:34:50.301 [info] > git config --local branch.main.vscode-merge-base [2ms]
2024-09-22 22:34:50.301 [warning] [Git][config] git config failed: Failed to execute git
2024-09-22 22:34:50.305 [info] > git reflog main --grep-reflog=branch: Created from *. [2ms]
2024-09-22 22:34:50.308 [info] > git symbolic-ref --short refs/remotes/origin/HEAD [1ms]
2024-09-22 22:34:50.308 [info] fatal: ref refs/remotes/origin/HEAD is not a symbolic ref
2024-09-22 22:34:55.306 [info] > git config --get commit.template [4ms]
2024-09-22 22:34:55.307 [info] > git for-each-ref --format=%(refname)%00%(upstream:short)%00%(objectname)%00%(upstream:track)%00%(upstream:remotename)%00%(upstream:remoteref) refs/heads/main refs/remotes/main [2ms]
2024-09-22 22:34:55.331 [info] > git status -z -uall [19ms]
2024-09-22 22:34:55.339 [info] > git for-each-ref --format=%(refname)%00%(upstream:short)%00%(objectname)%00%(upstream:track)%00%(upstream:remotename)%00%(upstream:remoteref) refs/heads/main refs/remotes/main [5ms]
2024-09-22 22:34:55.343 [info] > git config --local branch.main.vscode-merge-base [1ms]
2024-09-22 22:34:55.343 [warning] [Git][config] git config failed: Failed to execute git
2024-09-22 22:34:55.346 [info] > git reflog main --grep-reflog=branch: Created from *. [1ms]
2024-09-22 22:34:55.350 [info] > git symbolic-ref --short refs/remotes/origin/HEAD [1ms]
2024-09-22 22:34:55.350 [info] fatal: ref refs/remotes/origin/HEAD is not a symbolic ref
2024-09-22 22:35:00.346 [info] > git config --get commit.template [3ms]
2024-09-22 22:35:00.347 [info] > git for-each-ref --format=%(refname)%00%(upstream:short)%00%(objectname)%00%(upstream:track)%00%(upstream:remotename)%00%(upstream:remoteref) refs/heads/main refs/remotes/main [2ms]
2024-09-22 22:35:00.369 [info] > git status -z -uall [18ms]
2024-09-22 22:35:00.375 [info] > git for-each-ref --format=%(refname)%00%(upstream:short)%00%(objectname)%00%(upstream:track)%00%(upstream:remotename)%00%(upstream:remoteref) refs/heads/main refs/remotes/main [3ms]
2024-09-22 22:35:00.379 [info] > git config --local branch.main.vscode-merge-base [1ms]
2024-09-22 22:35:00.379 [warning] [Git][config] git config failed: Failed to execute git
2024-09-22 22:35:00.383 [info] > git reflog main --grep-reflog=branch: Created from *. [2ms]
2024-09-22 22:35:00.386 [info] > git symbolic-ref --short refs/remotes/origin/HEAD [1ms]
2024-09-22 22:35:00.386 [info] fatal: ref refs/remotes/origin/HEAD is not a symbolic ref
2024-09-22 22:35:05.382 [info] > git config --get commit.template [3ms]
2024-09-22 22:35:05.383 [info] > git for-each-ref --format=%(refname)%00%(upstream:short)%00%(objectname)%00%(upstream:track)%00%(upstream:remotename)%00%(upstream:remoteref) refs/heads/main refs/remotes/main [2ms]
2024-09-22 22:35:05.402 [info] > git status -z -uall [16ms]
2024-09-22 22:35:05.414 [info] > git for-each-ref --format=%(refname)%00%(upstream:short)%00%(objectname)%00%(upstream:track)%00%(upstream:remotename)%00%(upstream:remoteref) refs/heads/main refs/remotes/main [7ms]
2024-09-22 22:35:05.418 [info] > git config --local branch.main.vscode-merge-base [1ms]
2024-09-22 22:35:05.419 [warning] [Git][config] git config failed: Failed to execute git
2024-09-22 22:35:05.423 [info] > git reflog main --grep-reflog=branch: Created from *. [2ms]
2024-09-22 22:35:05.426 [info] > git symbolic-ref --short refs/remotes/origin/HEAD [1ms]
2024-09-22 22:35:05.426 [info] fatal: ref refs/remotes/origin/HEAD is not a symbolic ref
2024-09-22 22:35:10.420 [info] > git config --get commit.template [3ms]
2024-09-22 22:35:10.421 [info] > git for-each-ref --format=%(refname)%00%(upstream:short)%00%(objectname)%00%(upstream:track)%00%(upstream:remotename)%00%(upstream:remoteref) refs/heads/main refs/remotes/main [1ms]
2024-09-22 22:35:10.443 [info] > git status -z -uall [19ms]
2024-09-22 22:35:10.452 [info] > git for-each-ref --format=%(refname)%00%(upstream:short)%00%(objectname)%00%(upstream:track)%00%(upstream:remotename)%00%(upstream:remoteref) refs/heads/main refs/remotes/main [4ms]
2024-09-22 22:35:10.456 [info] > git config --local branch.main.vscode-merge-base [2ms]
2024-09-22 22:35:10.456 [warning] [Git][config] git config failed: Failed to execute git
2024-09-22 22:35:10.460 [info] > git reflog main --grep-reflog=branch: Created from *. [2ms]
2024-09-22 22:35:10.463 [info] > git symbolic-ref --short refs/remotes/origin/HEAD [1ms]
2024-09-22 22:35:10.463 [info] fatal: ref refs/remotes/origin/HEAD is not a symbolic ref
2024-09-22 22:35:15.458 [info] > git config --get commit.template [3ms]
2024-09-22 22:35:15.459 [info] > git for-each-ref --format=%(refname)%00%(upstream:short)%00%(objectname)%00%(upstream:track)%00%(upstream:remotename)%00%(upstream:remoteref) refs/heads/main refs/remotes/main [2ms]
2024-09-22 22:35:15.478 [info] > git status -z -uall [17ms]
2024-09-22 22:35:15.485 [info] > git for-each-ref --format=%(refname)%00%(upstream:short)%00%(objectname)%00%(upstream:track)%00%(upstream:remotename)%00%(upstream:remoteref) refs/heads/main refs/remotes/main [3ms]
2024-09-22 22:35:15.488 [info] > git config --local branch.main.vscode-merge-base [1ms]
2024-09-22 22:35:15.489 [warning] [Git][config] git config failed: Failed to execute git
2024-09-22 22:35:15.492 [info] > git reflog main --grep-reflog=branch: Created from *. [2ms]
2024-09-22 22:35:15.495 [info] > git symbolic-ref --short refs/remotes/origin/HEAD [1ms]
2024-09-22 22:35:15.495 [info] fatal: ref refs/remotes/origin/HEAD is not a symbolic ref
2024-09-22 22:35:20.495 [info] > git config --get commit.template [6ms]
2024-09-22 22:35:20.496 [info] > git for-each-ref --format=%(refname)%00%(upstream:short)%00%(objectname)%00%(upstream:track)%00%(upstream:remotename)%00%(upstream:remoteref) refs/heads/main refs/remotes/main [2ms]
2024-09-22 22:35:20.518 [info] > git status -z -uall [19ms]
2024-09-22 22:35:20.525 [info] > git for-each-ref --format=%(refname)%00%(upstream:short)%00%(objectname)%00%(upstream:track)%00%(upstream:remotename)%00%(upstream:remoteref) refs/heads/main refs/remotes/main [3ms]
2024-09-22 22:35:20.528 [info] > git config --local branch.main.vscode-merge-base [1ms]
2024-09-22 22:35:20.529 [warning] [Git][config] git config failed: Failed to execute git
2024-09-22 22:35:20.533 [info] > git reflog main --grep-reflog=branch: Created from *. [2ms]
2024-09-22 22:35:20.536 [info] > git symbolic-ref --short refs/remotes/origin/HEAD [1ms]
2024-09-22 22:35:20.536 [info] fatal: ref refs/remotes/origin/HEAD is not a symbolic ref
2024-09-22 22:35:25.532 [info] > git config --get commit.template [3ms]
2024-09-22 22:35:25.533 [info] > git for-each-ref --format=%(refname)%00%(upstream:short)%00%(objectname)%00%(upstream:track)%00%(upstream:remotename)%00%(upstream:remoteref) refs/heads/main refs/remotes/main [2ms]
2024-09-22 22:35:25.557 [info] > git status -z -uall [22ms]
2024-09-22 22:35:25.565 [info] > git for-each-ref --format=%(refname)%00%(upstream:short)%00%(objectname)%00%(upstream:track)%00%(upstream:remotename)%00%(upstream:remoteref) refs/heads/main refs/remotes/main [4ms]
2024-09-22 22:35:25.569 [info] > git config --local branch.main.vscode-merge-base [2ms]
2024-09-22 22:35:25.569 [warning] [Git][config] git config failed: Failed to execute git
2024-09-22 22:35:25.574 [info] > git reflog main --grep-reflog=branch: Created from *. [3ms]
2024-09-22 22:35:25.577 [info] > git symbolic-ref --short refs/remotes/origin/HEAD [1ms]
2024-09-22 22:35:25.577 [info] fatal: ref refs/remotes/origin/HEAD is not a symbolic ref
2024-09-22 22:35:30.572 [info] > git config --get commit.template [2ms]
2024-09-22 22:35:30.573 [info] > git for-each-ref --format=%(refname)%00%(upstream:short)%00%(objectname)%00%(upstream:track)%00%(upstream:remotename)%00%(upstream:remoteref) refs/heads/main refs/remotes/main [2ms]
2024-09-22 22:35:30.593 [info] > git status -z -uall [18ms]
2024-09-22 22:35:30.600 [info] > git for-each-ref --format=%(refname)%00%(upstream:short)%00%(objectname)%00%(upstream:track)%00%(upstream:remotename)%00%(upstream:remoteref) refs/heads/main refs/remotes/main [4ms]
2024-09-22 22:35:30.603 [info] > git config --local branch.main.vscode-merge-base [1ms]
2024-09-22 22:35:30.603 [warning] [Git][config] git config failed: Failed to execute git
2024-09-22 22:35:30.607 [info] > git reflog main --grep-reflog=branch: Created from *. [1ms]
2024-09-22 22:35:30.611 [info] > git symbolic-ref --short refs/remotes/origin/HEAD [1ms]
2024-09-22 22:35:30.611 [info] fatal: ref refs/remotes/origin/HEAD is not a symbolic ref
2024-09-22 22:35:35.606 [info] > git config --get commit.template [3ms]
2024-09-22 22:35:35.607 [info] > git for-each-ref --format=%(refname)%00%(upstream:short)%00%(objectname)%00%(upstream:track)%00%(upstream:remotename)%00%(upstream:remoteref) refs/heads/main refs/remotes/main [2ms]
2024-09-22 22:35:35.629 [info] > git status -z -uall [19ms]
2024-09-22 22:35:35.636 [info] > git for-each-ref --format=%(refname)%00%(upstream:short)%00%(objectname)%00%(upstream:track)%00%(upstream:remotename)%00%(upstream:remoteref) refs/heads/main refs/remotes/main [3ms]
2024-09-22 22:35:35.642 [info] > git config --local branch.main.vscode-merge-base [3ms]
2024-09-22 22:35:35.642 [warning] [Git][config] git config failed: Failed to execute git
2024-09-22 22:35:35.649 [info] > git reflog main --grep-reflog=branch: Created from *. [1ms]
2024-09-22 22:35:35.659 [info] > git symbolic-ref --short refs/remotes/origin/HEAD [7ms]
2024-09-22 22:35:35.660 [info] fatal: ref refs/remotes/origin/HEAD is not a symbolic ref
2024-09-22 22:35:40.643 [info] > git config --get commit.template [3ms]
2024-09-22 22:35:40.643 [info] > git for-each-ref --format=%(refname)%00%(upstream:short)%00%(objectname)%00%(upstream:track)%00%(upstream:remotename)%00%(upstream:remoteref) refs/heads/main refs/remotes/main [1ms]
2024-09-22 22:35:40.667 [info] > git status -z -uall [21ms]
2024-09-22 22:35:40.674 [info] > git for-each-ref --format=%(refname)%00%(upstream:short)%00%(objectname)%00%(upstream:track)%00%(upstream:remotename)%00%(upstream:remoteref) refs/heads/main refs/remotes/main [4ms]
2024-09-22 22:35:40.678 [info] > git config --local branch.main.vscode-merge-base [1ms]
2024-09-22 22:35:40.678 [warning] [Git][config] git config failed: Failed to execute git
2024-09-22 22:35:40.682 [info] > git reflog main --grep-reflog=branch: Created from *. [2ms]
2024-09-22 22:35:40.685 [info] > git symbolic-ref --short refs/remotes/origin/HEAD [1ms]
2024-09-22 22:35:40.685 [info] fatal: ref refs/remotes/origin/HEAD is not a symbolic ref
2024-09-22 22:35:45.681 [info] > git config --get commit.template [3ms]
2024-09-22 22:35:45.682 [info] > git for-each-ref --format=%(refname)%00%(upstream:short)%00%(objectname)%00%(upstream:track)%00%(upstream:remotename)%00%(upstream:remoteref) refs/heads/main refs/remotes/main [2ms]
2024-09-22 22:35:45.706 [info] > git status -z -uall [21ms]
2024-09-22 22:35:45.714 [info] > git for-each-ref --format=%(refname)%00%(upstream:short)%00%(objectname)%00%(upstream:track)%00%(upstream:remotename)%00%(upstream:remoteref) refs/heads/main refs/remotes/main [4ms]
2024-09-22 22:35:45.717 [info] > git config --local branch.main.vscode-merge-base [1ms]
2024-09-22 22:35:45.718 [warning] [Git][config] git config failed: Failed to execute git
2024-09-22 22:35:45.722 [info] > git reflog main --grep-reflog=branch: Created from *. [2ms]
2024-09-22 22:35:45.725 [info] > git symbolic-ref --short refs/remotes/origin/HEAD [1ms]
2024-09-22 22:35:45.725 [info] fatal: ref refs/remotes/origin/HEAD is not a symbolic ref
2024-09-22 22:35:50.720 [info] > git config --get commit.template [4ms]
2024-09-22 22:35:50.721 [info] > git for-each-ref --format=%(refname)%00%(upstream:short)%00%(objectname)%00%(upstream:track)%00%(upstream:remotename)%00%(upstream:remoteref) refs/heads/main refs/remotes/main [2ms]
2024-09-22 22:35:50.743 [info] > git status -z -uall [18ms]
2024-09-22 22:35:50.750 [info] > git for-each-ref --format=%(refname)%00%(upstream:short)%00%(objectname)%00%(upstream:track)%00%(upstream:remotename)%00%(upstream:remoteref) refs/heads/main refs/remotes/main [3ms]
2024-09-22 22:35:50.753 [info] > git config --local branch.main.vscode-merge-base [1ms]
2024-09-22 22:35:50.753 [warning] [Git][config] git config failed: Failed to execute git
2024-09-22 22:35:50.757 [info] > git reflog main --grep-reflog=branch: Created from *. [2ms]
2024-09-22 22:35:50.760 [info] > git symbolic-ref --short refs/remotes/origin/HEAD [1ms]
2024-09-22 22:35:50.760 [info] fatal: ref refs/remotes/origin/HEAD is not a symbolic ref
2024-09-22 22:35:55.757 [info] > git config --get commit.template [3ms]
2024-09-22 22:35:55.758 [info] > git for-each-ref --format=%(refname)%00%(upstream:short)%00%(objectname)%00%(upstream:track)%00%(upstream:remotename)%00%(upstream:remoteref) refs/heads/main refs/remotes/main [1ms]
2024-09-22 22:35:55.779 [info] > git status -z -uall [18ms]
2024-09-22 22:35:55.787 [info] > git for-each-ref --format=%(refname)%00%(upstream:short)%00%(objectname)%00%(upstream:track)%00%(upstream:remotename)%00%(upstream:remoteref) refs/heads/main refs/remotes/main [4ms]
2024-09-22 22:35:55.791 [info] > git config --local branch.main.vscode-merge-base [1ms]
2024-09-22 22:35:55.791 [warning] [Git][config] git config failed: Failed to execute git
2024-09-22 22:35:55.795 [info] > git reflog main --grep-reflog=branch: Created from *. [2ms]
2024-09-22 22:35:55.798 [info] > git symbolic-ref --short refs/remotes/origin/HEAD [1ms]
2024-09-22 22:35:55.798 [info] fatal: ref refs/remotes/origin/HEAD is not a symbolic ref
2024-09-22 22:36:00.794 [info] > git config --get commit.template [4ms]
2024-09-22 22:36:00.795 [info] > git for-each-ref --format=%(refname)%00%(upstream:short)%00%(objectname)%00%(upstream:track)%00%(upstream:remotename)%00%(upstream:remoteref) refs/heads/main refs/remotes/main [2ms]
2024-09-22 22:36:00.817 [info] > git status -z -uall [18ms]
2024-09-22 22:36:00.823 [info] > git for-each-ref --format=%(refname)%00%(upstream:short)%00%(objectname)%00%(upstream:track)%00%(upstream:remotename)%00%(upstream:remoteref) refs/heads/main refs/remotes/main [3ms]
2024-09-22 22:36:00.827 [info] > git config --local branch.main.vscode-merge-base [2ms]
2024-09-22 22:36:00.827 [warning] [Git][config] git config failed: Failed to execute git
2024-09-22 22:36:00.831 [info] > git reflog main --grep-reflog=branch: Created from *. [1ms]
2024-09-22 22:36:00.835 [info] > git symbolic-ref --short refs/remotes/origin/HEAD [1ms]
2024-09-22 22:36:00.835 [info] fatal: ref refs/remotes/origin/HEAD is not a symbolic ref
2024-09-22 22:36:05.831 [info] > git config --get commit.template [3ms]
2024-09-22 22:36:05.832 [info] > git for-each-ref --format=%(refname)%00%(upstream:short)%00%(objectname)%00%(upstream:track)%00%(upstream:remotename)%00%(upstream:remoteref) refs/heads/main refs/remotes/main [2ms]
2024-09-22 22:36:05.853 [info] > git status -z -uall [19ms]
2024-09-22 22:36:05.860 [info] > git for-each-ref --format=%(refname)%00%(upstream:short)%00%(objectname)%00%(upstream:track)%00%(upstream:remotename)%00%(upstream:remoteref) refs/heads/main refs/remotes/main [4ms]
2024-09-22 22:36:05.863 [info] > git config --local branch.main.vscode-merge-base [1ms]
2024-09-22 22:36:05.863 [warning] [Git][config] git config failed: Failed to execute git
2024-09-22 22:36:05.867 [info] > git reflog main --grep-reflog=branch: Created from *. [1ms]
2024-09-22 22:36:05.870 [info] > git symbolic-ref --short refs/remotes/origin/HEAD [1ms]
2024-09-22 22:36:05.870 [info] fatal: ref refs/remotes/origin/HEAD is not a symbolic ref
2024-09-22 22:36:10.872 [info] > git config --get commit.template [4ms]
2024-09-22 22:36:10.873 [info] > git for-each-ref --format=%(refname)%00%(upstream:short)%00%(objectname)%00%(upstream:track)%00%(upstream:remotename)%00%(upstream:remoteref) refs/heads/main refs/remotes/main [2ms]
2024-09-22 22:36:10.894 [info] > git status -z -uall [18ms]
2024-09-22 22:36:10.902 [info] > git for-each-ref --format=%(refname)%00%(upstream:short)%00%(objectname)%00%(upstream:track)%00%(upstream:remotename)%00%(upstream:remoteref) refs/heads/main refs/remotes/main [4ms]
2024-09-22 22:36:10.906 [info] > git config --local branch.main.vscode-merge-base [1ms]
2024-09-22 22:36:10.906 [warning] [Git][config] git config failed: Failed to execute git
2024-09-22 22:36:10.910 [info] > git reflog main --grep-reflog=branch: Created from *. [1ms]
2024-09-22 22:36:10.913 [info] > git symbolic-ref --short refs/remotes/origin/HEAD [1ms]
2024-09-22 22:36:10.913 [info] fatal: ref refs/remotes/origin/HEAD is not a symbolic ref
2024-09-22 22:36:15.910 [info] > git config --get commit.template [3ms]
2024-09-22 22:36:15.911 [info] > git for-each-ref --format=%(refname)%00%(upstream:short)%00%(objectname)%00%(upstream:track)%00%(upstream:remotename)%00%(upstream:remoteref) refs/heads/main refs/remotes/main [2ms]
2024-09-22 22:36:15.932 [info] > git status -z -uall [19ms]
2024-09-22 22:36:15.940 [info] > git for-each-ref --format=%(refname)%00%(upstream:short)%00%(objectname)%00%(upstream:track)%00%(upstream:remotename)%00%(upstream:remoteref) refs/heads/main refs/remotes/main [5ms]
2024-09-22 22:36:15.945 [info] > git config --local branch.main.vscode-merge-base [2ms]
2024-09-22 22:36:15.945 [warning] [Git][config] git config failed: Failed to execute git
2024-09-22 22:36:15.949 [info] > git reflog main --grep-reflog=branch: Created from *. [2ms]
2024-09-22 22:36:15.953 [info] > git symbolic-ref --short refs/remotes/origin/HEAD [1ms]
2024-09-22 22:36:15.953 [info] fatal: ref refs/remotes/origin/HEAD is not a symbolic ref
2024-09-22 22:36:20.946 [info] > git config --get commit.template [3ms]
2024-09-22 22:36:20.952 [info] > git for-each-ref --format=%(refname)%00%(upstream:short)%00%(objectname)%00%(upstream:track)%00%(upstream:remotename)%00%(upstream:remoteref) refs/heads/main refs/remotes/main [7ms]
2024-09-22 22:36:20.974 [info] > git status -z -uall [19ms]
2024-09-22 22:36:20.980 [info] > git for-each-ref --format=%(refname)%00%(upstream:short)%00%(objectname)%00%(upstream:track)%00%(upstream:remotename)%00%(upstream:remoteref) refs/heads/main refs/remotes/main [3ms]
2024-09-22 22:36:20.983 [info] > git config --local branch.main.vscode-merge-base [1ms]
2024-09-22 22:36:20.983 [warning] [Git][config] git config failed: Failed to execute git
2024-09-22 22:36:20.986 [info] > git reflog main --grep-reflog=branch: Created from *. [1ms]
2024-09-22 22:36:20.990 [info] > git symbolic-ref --short refs/remotes/origin/HEAD [1ms]
2024-09-22 22:36:20.990 [info] fatal: ref refs/remotes/origin/HEAD is not a symbolic ref
2024-09-22 22:36:25.987 [info] > git config --get commit.template [3ms]
2024-09-22 22:36:25.988 [info] > git for-each-ref --format=%(refname)%00%(upstream:short)%00%(objectname)%00%(upstream:track)%00%(upstream:remotename)%00%(upstream:remoteref) refs/heads/main refs/remotes/main [2ms]
2024-09-22 22:36:26.009 [info] > git status -z -uall [19ms]
2024-09-22 22:36:26.017 [info] > git for-each-ref --format=%(refname)%00%(upstream:short)%00%(objectname)%00%(upstream:track)%00%(upstream:remotename)%00%(upstream:remoteref) refs/heads/main refs/remotes/main [4ms]
2024-09-22 22:36:26.022 [info] > git config --local branch.main.vscode-merge-base [2ms]
2024-09-22 22:36:26.022 [warning] [Git][config] git config failed: Failed to execute git
2024-09-22 22:36:26.026 [info] > git reflog main --grep-reflog=branch: Created from *. [2ms]
2024-09-22 22:36:26.029 [info] > git symbolic-ref --short refs/remotes/origin/HEAD [1ms]
2024-09-22 22:36:26.029 [info] fatal: ref refs/remotes/origin/HEAD is not a symbolic ref
2024-09-22 22:36:31.025 [info] > git config --get commit.template [3ms]
2024-09-22 22:36:31.027 [info] > git for-each-ref --format=%(refname)%00%(upstream:short)%00%(objectname)%00%(upstream:track)%00%(upstream:remotename)%00%(upstream:remoteref) refs/heads/main refs/remotes/main [2ms]
2024-09-22 22:36:31.047 [info] > git status -z -uall [18ms]
2024-09-22 22:36:31.053 [info] > git for-each-ref --format=%(refname)%00%(upstream:short)%00%(objectname)%00%(upstream:track)%00%(upstream:remotename)%00%(upstream:remoteref) refs/heads/main refs/remotes/main [3ms]
2024-09-22 22:36:31.057 [info] > git config --local branch.main.vscode-merge-base [1ms]
2024-09-22 22:36:31.057 [warning] [Git][config] git config failed: Failed to execute git
2024-09-22 22:36:31.061 [info] > git reflog main --grep-reflog=branch: Created from *. [2ms]
2024-09-22 22:36:31.064 [info] > git symbolic-ref --short refs/remotes/origin/HEAD [1ms]
2024-09-22 22:36:31.064 [info] fatal: ref refs/remotes/origin/HEAD is not a symbolic ref
2024-09-22 22:36:36.060 [info] > git config --get commit.template [3ms]
2024-09-22 22:36:36.061 [info] > git for-each-ref --format=%(refname)%00%(upstream:short)%00%(objectname)%00%(upstream:track)%00%(upstream:remotename)%00%(upstream:remoteref) refs/heads/main refs/remotes/main [2ms]
2024-09-22 22:36:36.083 [info] > git status -z -uall [19ms]
2024-09-22 22:36:36.093 [info] > git for-each-ref --format=%(refname)%00%(upstream:short)%00%(objectname)%00%(upstream:track)%00%(upstream:remotename)%00%(upstream:remoteref) refs/heads/main refs/remotes/main [6ms]
2024-09-22 22:36:36.097 [info] > git config --local branch.main.vscode-merge-base [1ms]
2024-09-22 22:36:36.097 [warning] [Git][config] git config failed: Failed to execute git
2024-09-22 22:36:36.103 [info] > git reflog main --grep-reflog=branch: Created from *. [2ms]
2024-09-22 22:36:36.107 [info] > git symbolic-ref --short refs/remotes/origin/HEAD [2ms]
2024-09-22 22:36:36.107 [info] fatal: ref refs/remotes/origin/HEAD is not a symbolic ref
2024-09-22 22:36:41.100 [info] > git config --get commit.template [3ms]
2024-09-22 22:36:41.101 [info] > git for-each-ref --format=%(refname)%00%(upstream:short)%00%(objectname)%00%(upstream:track)%00%(upstream:remotename)%00%(upstream:remoteref) refs/heads/main refs/remotes/main [2ms]
2024-09-22 22:36:41.122 [info] > git status -z -uall [18ms]
2024-09-22 22:36:41.130 [info] > git for-each-ref --format=%(refname)%00%(upstream:short)%00%(objectname)%00%(upstream:track)%00%(upstream:remotename)%00%(upstream:remoteref) refs/heads/main refs/remotes/main [3ms]
2024-09-22 22:36:41.133 [info] > git config --local branch.main.vscode-merge-base [1ms]
2024-09-22 22:36:41.133 [warning] [Git][config] git config failed: Failed to execute git
2024-09-22 22:36:41.137 [info] > git reflog main --grep-reflog=branch: Created from *. [2ms]
2024-09-22 22:36:41.140 [info] > git symbolic-ref --short refs/remotes/origin/HEAD [1ms]
2024-09-22 22:36:41.140 [info] fatal: ref refs/remotes/origin/HEAD is not a symbolic ref
2024-09-22 22:36:46.137 [info] > git config --get commit.template [4ms]
2024-09-22 22:36:46.138 [info] > git for-each-ref --format=%(refname)%00%(upstream:short)%00%(objectname)%00%(upstream:track)%00%(upstream:remotename)%00%(upstream:remoteref) refs/heads/main refs/remotes/main [2ms]
2024-09-22 22:36:46.160 [info] > git status -z -uall [19ms]
2024-09-22 22:36:46.167 [info] > git for-each-ref --format=%(refname)%00%(upstream:short)%00%(objectname)%00%(upstream:track)%00%(upstream:remotename)%00%(upstream:remoteref) refs/heads/main refs/remotes/main [4ms]
2024-09-22 22:36:46.171 [info] > git config --local branch.main.vscode-merge-base [1ms]
2024-09-22 22:36:46.171 [warning] [Git][config] git config failed: Failed to execute git
2024-09-22 22:36:46.176 [info] > git reflog main --grep-reflog=branch: Created from *. [2ms]
2024-09-22 22:36:46.179 [info] > git symbolic-ref --short refs/remotes/origin/HEAD [1ms]
2024-09-22 22:36:46.179 [info] fatal: ref refs/remotes/origin/HEAD is not a symbolic ref
2024-09-22 22:36:51.174 [info] > git config --get commit.template [3ms]
2024-09-22 22:36:51.176 [info] > git for-each-ref --format=%(refname)%00%(upstream:short)%00%(objectname)%00%(upstream:track)%00%(upstream:remotename)%00%(upstream:remoteref) refs/heads/main refs/remotes/main [2ms]
2024-09-22 22:36:51.194 [info] > git status -z -uall [16ms]
2024-09-22 22:36:51.202 [info] > git for-each-ref --format=%(refname)%00%(upstream:short)%00%(objectname)%00%(upstream:track)%00%(upstream:remotename)%00%(upstream:remoteref) refs/heads/main refs/remotes/main [5ms]
2024-09-22 22:36:51.205 [info] > git config --local branch.main.vscode-merge-base [1ms]
2024-09-22 22:36:51.206 [warning] [Git][config] git config failed: Failed to execute git
2024-09-22 22:36:51.210 [info] > git reflog main --grep-reflog=branch: Created from *. [1ms]
2024-09-22 22:36:51.213 [info] > git symbolic-ref --short refs/remotes/origin/HEAD [1ms]
2024-09-22 22:36:51.213 [info] fatal: ref refs/remotes/origin/HEAD is not a symbolic ref
2024-09-22 22:36:56.210 [info] > git config --get commit.template [3ms]
2024-09-22 22:36:56.211 [info] > git for-each-ref --format=%(refname)%00%(upstream:short)%00%(objectname)%00%(upstream:track)%00%(upstream:remotename)%00%(upstream:remoteref) refs/heads/main refs/remotes/main [2ms]
2024-09-22 22:36:56.231 [info] > git status -z -uall [18ms]
2024-09-22 22:36:56.238 [info] > git for-each-ref --format=%(refname)%00%(upstream:short)%00%(objectname)%00%(upstream:track)%00%(upstream:remotename)%00%(upstream:remoteref) refs/heads/main refs/remotes/main [4ms]
2024-09-22 22:36:56.242 [info] > git config --local branch.main.vscode-merge-base [1ms]
2024-09-22 22:36:56.242 [warning] [Git][config] git config failed: Failed to execute git
2024-09-22 22:36:56.246 [info] > git reflog main --grep-reflog=branch: Created from *. [2ms]
2024-09-22 22:36:56.249 [info] > git symbolic-ref --short refs/remotes/origin/HEAD [1ms]
2024-09-22 22:36:56.249 [info] fatal: ref refs/remotes/origin/HEAD is not a symbolic ref
2024-09-22 22:37:01.246 [info] > git config --get commit.template [3ms]
2024-09-22 22:37:01.248 [info] > git for-each-ref --format=%(refname)%00%(upstream:short)%00%(objectname)%00%(upstream:track)%00%(upstream:remotename)%00%(upstream:remoteref) refs/heads/main refs/remotes/main [2ms]
2024-09-22 22:37:01.268 [info] > git status -z -uall [18ms]
2024-09-22 22:37:01.275 [info] > git for-each-ref --format=%(refname)%00%(upstream:short)%00%(objectname)%00%(upstream:track)%00%(upstream:remotename)%00%(upstream:remoteref) refs/heads/main refs/remotes/main [3ms]
2024-09-22 22:37:01.278 [info] > git config --local branch.main.vscode-merge-base [1ms]
2024-09-22 22:37:01.278 [warning] [Git][config] git config failed: Failed to execute git
2024-09-22 22:37:01.282 [info] > git reflog main --grep-reflog=branch: Created from *. [2ms]
2024-09-22 22:37:01.285 [info] > git symbolic-ref --short refs/remotes/origin/HEAD [1ms]
2024-09-22 22:37:01.285 [info] fatal: ref refs/remotes/origin/HEAD is not a symbolic ref
2024-09-22 22:37:06.284 [info] > git config --get commit.template [1ms]
2024-09-22 22:37:06.288 [info] > git for-each-ref --format=%(refname)%00%(upstream:short)%00%(objectname)%00%(upstream:track)%00%(upstream:remotename)%00%(upstream:remoteref) refs/heads/main refs/remotes/main [1ms]
2024-09-22 22:37:06.310 [info] > git status -z -uall [19ms]
2024-09-22 22:37:06.318 [info] > git for-each-ref --format=%(refname)%00%(upstream:short)%00%(objectname)%00%(upstream:track)%00%(upstream:remotename)%00%(upstream:remoteref) refs/heads/main refs/remotes/main [4ms]
2024-09-22 22:37:06.322 [info] > git config --local branch.main.vscode-merge-base [2ms]
2024-09-22 22:37:06.322 [warning] [Git][config] git config failed: Failed to execute git
2024-09-22 22:37:06.326 [info] > git reflog main --grep-reflog=branch: Created from *. [2ms]
2024-09-22 22:37:06.329 [info] > git symbolic-ref --short refs/remotes/origin/HEAD [1ms]
2024-09-22 22:37:06.329 [info] fatal: ref refs/remotes/origin/HEAD is not a symbolic ref
2024-09-22 22:37:11.324 [info] > git config --get commit.template [3ms]
2024-09-22 22:37:11.326 [info] > git for-each-ref --format=%(refname)%00%(upstream:short)%00%(objectname)%00%(upstream:track)%00%(upstream:remotename)%00%(upstream:remoteref) refs/heads/main refs/remotes/main [2ms]
2024-09-22 22:37:11.347 [info] > git status -z -uall [19ms]
2024-09-22 22:37:11.354 [info] > git for-each-ref --format=%(refname)%00%(upstream:short)%00%(objectname)%00%(upstream:track)%00%(upstream:remotename)%00%(upstream:remoteref) refs/heads/main refs/remotes/main [4ms]
2024-09-22 22:37:11.360 [info] > git config --local branch.main.vscode-merge-base [2ms]
2024-09-22 22:37:11.360 [warning] [Git][config] git config failed: Failed to execute git
2024-09-22 22:37:11.365 [info] > git reflog main --grep-reflog=branch: Created from *. [2ms]
2024-09-22 22:37:11.371 [info] > git symbolic-ref --short refs/remotes/origin/HEAD [1ms]
2024-09-22 22:37:11.371 [info] fatal: ref refs/remotes/origin/HEAD is not a symbolic ref
2024-09-22 22:37:16.362 [info] > git config --get commit.template [3ms]
2024-09-22 22:37:16.363 [info] > git for-each-ref --format=%(refname)%00%(upstream:short)%00%(objectname)%00%(upstream:track)%00%(upstream:remotename)%00%(upstream:remoteref) refs/heads/main refs/remotes/main [2ms]
2024-09-22 22:37:16.383 [info] > git status -z -uall [18ms]
2024-09-22 22:37:16.389 [info] > git for-each-ref --format=%(refname)%00%(upstream:short)%00%(objectname)%00%(upstream:track)%00%(upstream:remotename)%00%(upstream:remoteref) refs/heads/main refs/remotes/main [3ms]
2024-09-22 22:37:16.396 [info] > git config --local branch.main.vscode-merge-base [2ms]
2024-09-22 22:37:16.396 [warning] [Git][config] git config failed: Failed to execute git
2024-09-22 22:37:16.401 [info] > git reflog main --grep-reflog=branch: Created from *. [2ms]
2024-09-22 22:37:16.404 [info] > git symbolic-ref --short refs/remotes/origin/HEAD [1ms]
2024-09-22 22:37:16.404 [info] fatal: ref refs/remotes/origin/HEAD is not a symbolic ref
2024-09-22 22:37:21.397 [info] > git config --get commit.template [4ms]
2024-09-22 22:37:21.398 [info] > git for-each-ref --format=%(refname)%00%(upstream:short)%00%(objectname)%00%(upstream:track)%00%(upstream:remotename)%00%(upstream:remoteref) refs/heads/main refs/remotes/main [2ms]
2024-09-22 22:37:21.418 [info] > git status -z -uall [18ms]
2024-09-22 22:37:21.425 [info] > git for-each-ref --format=%(refname)%00%(upstream:short)%00%(objectname)%00%(upstream:track)%00%(upstream:remotename)%00%(upstream:remoteref) refs/heads/main refs/remotes/main [4ms]
2024-09-22 22:37:21.429 [info] > git config --local branch.main.vscode-merge-base [1ms]
2024-09-22 22:37:21.429 [warning] [Git][config] git config failed: Failed to execute git
2024-09-22 22:37:21.433 [info] > git reflog main --grep-reflog=branch: Created from *. [2ms]
2024-09-22 22:37:21.438 [info] > git symbolic-ref --short refs/remotes/origin/HEAD [2ms]
2024-09-22 22:37:21.438 [info] fatal: ref refs/remotes/origin/HEAD is not a symbolic ref
2024-09-22 22:37:26.432 [info] > git config --get commit.template [3ms]
2024-09-22 22:37:26.433 [info] > git for-each-ref --format=%(refname)%00%(upstream:short)%00%(objectname)%00%(upstream:track)%00%(upstream:remotename)%00%(upstream:remoteref) refs/heads/main refs/remotes/main [1ms]
2024-09-22 22:37:26.457 [info] > git status -z -uall [19ms]
2024-09-22 22:37:26.464 [info] > git for-each-ref --format=%(refname)%00%(upstream:short)%00%(objectname)%00%(upstream:track)%00%(upstream:remotename)%00%(upstream:remoteref) refs/heads/main refs/remotes/main [3ms]
2024-09-22 22:37:26.468 [info] > git config --local branch.main.vscode-merge-base [2ms]
2024-09-22 22:37:26.468 [warning] [Git][config] git config failed: Failed to execute git
2024-09-22 22:37:26.472 [info] > git reflog main --grep-reflog=branch: Created from *. [2ms]
2024-09-22 22:37:26.475 [info] > git symbolic-ref --short refs/remotes/origin/HEAD [1ms]
2024-09-22 22:37:26.475 [info] fatal: ref refs/remotes/origin/HEAD is not a symbolic ref
2024-09-22 22:37:31.471 [info] > git config --get commit.template [3ms]
2024-09-22 22:37:31.472 [info] > git for-each-ref --format=%(refname)%00%(upstream:short)%00%(objectname)%00%(upstream:track)%00%(upstream:remotename)%00%(upstream:remoteref) refs/heads/main refs/remotes/main [2ms]
2024-09-22 22:37:31.494 [info] > git status -z -uall [18ms]
2024-09-22 22:37:31.502 [info] > git for-each-ref --format=%(refname)%00%(upstream:short)%00%(objectname)%00%(upstream:track)%00%(upstream:remotename)%00%(upstream:remoteref) refs/heads/main refs/remotes/main [4ms]
2024-09-22 22:37:31.506 [info] > git config --local branch.main.vscode-merge-base [1ms]
2024-09-22 22:37:31.506 [warning] [Git][config] git config failed: Failed to execute git
2024-09-22 22:37:31.510 [info] > git reflog main --grep-reflog=branch: Created from *. [2ms]
2024-09-22 22:37:31.513 [info] > git symbolic-ref --short refs/remotes/origin/HEAD [1ms]
2024-09-22 22:37:31.513 [info] fatal: ref refs/remotes/origin/HEAD is not a symbolic ref
2024-09-22 22:39:47.565 [info] > git config --get commit.template [3ms]
2024-09-22 22:39:47.566 [info] > git for-each-ref --format=%(refname)%00%(upstream:short)%00%(objectname)%00%(upstream:track)%00%(upstream:remotename)%00%(upstream:remoteref) refs/heads/main refs/remotes/main [2ms]
2024-09-22 22:39:47.586 [info] > git status -z -uall [18ms]
2024-09-22 22:39:47.595 [info] > git for-each-ref --format=%(refname)%00%(upstream:short)%00%(objectname)%00%(upstream:track)%00%(upstream:remotename)%00%(upstream:remoteref) refs/heads/main refs/remotes/main [4ms]
2024-09-22 22:39:47.599 [info] > git config --local branch.main.vscode-merge-base [1ms]
2024-09-22 22:39:47.599 [warning] [Git][config] git config failed: Failed to execute git
2024-09-22 22:39:47.603 [info] > git reflog main --grep-reflog=branch: Created from *. [2ms]
2024-09-22 22:39:47.606 [info] > git symbolic-ref --short refs/remotes/origin/HEAD [1ms]
2024-09-22 22:39:47.606 [info] fatal: ref refs/remotes/origin/HEAD is not a symbolic ref
2024-09-22 22:39:52.601 [info] > git config --get commit.template [3ms]
2024-09-22 22:39:52.602 [info] > git for-each-ref --format=%(refname)%00%(upstream:short)%00%(objectname)%00%(upstream:track)%00%(upstream:remotename)%00%(upstream:remoteref) refs/heads/main refs/remotes/main [2ms]
2024-09-22 22:39:52.622 [info] > git status -z -uall [17ms]
2024-09-22 22:39:52.628 [info] > git for-each-ref --format=%(refname)%00%(upstream:short)%00%(objectname)%00%(upstream:track)%00%(upstream:remotename)%00%(upstream:remoteref) refs/heads/main refs/remotes/main [3ms]
2024-09-22 22:39:52.632 [info] > git config --local branch.main.vscode-merge-base [1ms]
2024-09-22 22:39:52.632 [warning] [Git][config] git config failed: Failed to execute git
2024-09-22 22:39:52.638 [info] > git reflog main --grep-reflog=branch: Created from *. [1ms]
2024-09-22 22:39:52.641 [info] > git symbolic-ref --short refs/remotes/origin/HEAD [1ms]
2024-09-22 22:39:52.641 [info] fatal: ref refs/remotes/origin/HEAD is not a symbolic ref
2024-09-22 22:39:57.637 [info] > git config --get commit.template [4ms]
2024-09-22 22:39:57.639 [info] > git for-each-ref --format=%(refname)%00%(upstream:short)%00%(objectname)%00%(upstream:track)%00%(upstream:remotename)%00%(upstream:remoteref) refs/heads/main refs/remotes/main [3ms]
2024-09-22 22:39:57.661 [info] > git status -z -uall [20ms]
2024-09-22 22:39:57.668 [info] > git for-each-ref --format=%(refname)%00%(upstream:short)%00%(objectname)%00%(upstream:track)%00%(upstream:remotename)%00%(upstream:remoteref) refs/heads/main refs/remotes/main [4ms]
2024-09-22 22:39:57.671 [info] > git config --local branch.main.vscode-merge-base [1ms]
2024-09-22 22:39:57.671 [warning] [Git][config] git config failed: Failed to execute git
2024-09-22 22:39:57.675 [info] > git reflog main --grep-reflog=branch: Created from *. [1ms]
2024-09-22 22:39:57.678 [info] > git symbolic-ref --short refs/remotes/origin/HEAD [1ms]
2024-09-22 22:39:57.678 [info] fatal: ref refs/remotes/origin/HEAD is not a symbolic ref
2024-09-22 22:40:02.677 [info] > git config --get commit.template [4ms]
2024-09-22 22:40:02.677 [info] > git for-each-ref --format=%(refname)%00%(upstream:short)%00%(objectname)%00%(upstream:track)%00%(upstream:remotename)%00%(upstream:remoteref) refs/heads/main refs/remotes/main [1ms]
2024-09-22 22:40:02.699 [info] > git status -z -uall [19ms]
2024-09-22 22:40:02.707 [info] > git for-each-ref --format=%(refname)%00%(upstream:short)%00%(objectname)%00%(upstream:track)%00%(upstream:remotename)%00%(upstream:remoteref) refs/heads/main refs/remotes/main [4ms]
2024-09-22 22:40:02.711 [info] > git config --local branch.main.vscode-merge-base [2ms]
2024-09-22 22:40:02.711 [warning] [Git][config] git config failed: Failed to execute git
2024-09-22 22:40:02.715 [info] > git reflog main --grep-reflog=branch: Created from *. [2ms]
2024-09-22 22:40:02.718 [info] > git symbolic-ref --short refs/remotes/origin/HEAD [1ms]
2024-09-22 22:40:02.718 [info] fatal: ref refs/remotes/origin/HEAD is not a symbolic ref
2024-09-22 22:40:07.713 [info] > git config --get commit.template [3ms]
2024-09-22 22:40:07.714 [info] > git for-each-ref --format=%(refname)%00%(upstream:short)%00%(objectname)%00%(upstream:track)%00%(upstream:remotename)%00%(upstream:remoteref) refs/heads/main refs/remotes/main [1ms]
2024-09-22 22:40:07.733 [info] > git status -z -uall [16ms]
2024-09-22 22:40:07.740 [info] > git for-each-ref --format=%(refname)%00%(upstream:short)%00%(objectname)%00%(upstream:track)%00%(upstream:remotename)%00%(upstream:remoteref) refs/heads/main refs/remotes/main [3ms]
2024-09-22 22:40:07.744 [info] > git config --local branch.main.vscode-merge-base [1ms]
2024-09-22 22:40:07.744 [warning] [Git][config] git config failed: Failed to execute git
2024-09-22 22:40:07.748 [info] > git reflog main --grep-reflog=branch: Created from *. [2ms]
2024-09-22 22:40:07.752 [info] > git symbolic-ref --short refs/remotes/origin/HEAD [1ms]
2024-09-22 22:40:07.752 [info] fatal: ref refs/remotes/origin/HEAD is not a symbolic ref
2024-09-22 22:40:12.747 [info] > git config --get commit.template [3ms]
2024-09-22 22:40:12.748 [info] > git for-each-ref --format=%(refname)%00%(upstream:short)%00%(objectname)%00%(upstream:track)%00%(upstream:remotename)%00%(upstream:remoteref) refs/heads/main refs/remotes/main [2ms]
2024-09-22 22:40:12.769 [info] > git status -z -uall [18ms]
2024-09-22 22:40:12.776 [info] > git for-each-ref --format=%(refname)%00%(upstream:short)%00%(objectname)%00%(upstream:track)%00%(upstream:remotename)%00%(upstream:remoteref) refs/heads/main refs/remotes/main [3ms]
2024-09-22 22:40:12.780 [info] > git config --local branch.main.vscode-merge-base [1ms]
2024-09-22 22:40:12.780 [warning] [Git][config] git config failed: Failed to execute git
2024-09-22 22:40:12.784 [info] > git reflog main --grep-reflog=branch: Created from *. [2ms]
2024-09-22 22:40:12.788 [info] > git symbolic-ref --short refs/remotes/origin/HEAD [1ms]
2024-09-22 22:40:12.788 [info] fatal: ref refs/remotes/origin/HEAD is not a symbolic ref
2024-09-22 22:40:17.783 [info] > git config --get commit.template [2ms]
2024-09-22 22:40:17.784 [info] > git for-each-ref --format=%(refname)%00%(upstream:short)%00%(objectname)%00%(upstream:track)%00%(upstream:remotename)%00%(upstream:remoteref) refs/heads/main refs/remotes/main [2ms]
2024-09-22 22:40:17.803 [info] > git status -z -uall [16ms]
2024-09-22 22:40:17.808 [info] > git for-each-ref --format=%(refname)%00%(upstream:short)%00%(objectname)%00%(upstream:track)%00%(upstream:remotename)%00%(upstream:remoteref) refs/heads/main refs/remotes/main [2ms]
2024-09-22 22:40:17.813 [info] > git config --local branch.main.vscode-merge-base [1ms]
2024-09-22 22:40:17.813 [warning] [Git][config] git config failed: Failed to execute git
2024-09-22 22:40:17.816 [info] > git reflog main --grep-reflog=branch: Created from *. [2ms]
2024-09-22 22:40:17.819 [info] > git symbolic-ref --short refs/remotes/origin/HEAD [1ms]
2024-09-22 22:40:17.819 [info] fatal: ref refs/remotes/origin/HEAD is not a symbolic ref
2024-09-22 22:40:22.815 [info] > git config --get commit.template [3ms]
2024-09-22 22:40:22.816 [info] > git for-each-ref --format=%(refname)%00%(upstream:short)%00%(objectname)%00%(upstream:track)%00%(upstream:remotename)%00%(upstream:remoteref) refs/heads/main refs/remotes/main [2ms]
2024-09-22 22:40:22.836 [info] > git status -z -uall [18ms]
2024-09-22 22:40:22.844 [info] > git for-each-ref --format=%(refname)%00%(upstream:short)%00%(objectname)%00%(upstream:track)%00%(upstream:remotename)%00%(upstream:remoteref) refs/heads/main refs/remotes/main [3ms]
2024-09-22 22:40:22.848 [info] > git config --local branch.main.vscode-merge-base [2ms]
2024-09-22 22:40:22.848 [warning] [Git][config] git config failed: Failed to execute git
2024-09-22 22:40:22.852 [info] > git reflog main --grep-reflog=branch: Created from *. [1ms]
2024-09-22 22:40:22.855 [info] > git symbolic-ref --short refs/remotes/origin/HEAD [1ms]
2024-09-22 22:40:22.855 [info] fatal: ref refs/remotes/origin/HEAD is not a symbolic ref
2024-09-22 22:40:27.851 [info] > git config --get commit.template [3ms]
2024-09-22 22:40:27.852 [info] > git for-each-ref --format=%(refname)%00%(upstream:short)%00%(objectname)%00%(upstream:track)%00%(upstream:remotename)%00%(upstream:remoteref) refs/heads/main refs/remotes/main [2ms]
2024-09-22 22:40:27.875 [info] > git status -z -uall [20ms]
2024-09-22 22:40:27.882 [info] > git for-each-ref --format=%(refname)%00%(upstream:short)%00%(objectname)%00%(upstream:track)%00%(upstream:remotename)%00%(upstream:remoteref) refs/heads/main refs/remotes/main [3ms]
2024-09-22 22:40:27.886 [info] > git config --local branch.main.vscode-merge-base [1ms]
2024-09-22 22:40:27.886 [warning] [Git][config] git config failed: Failed to execute git
2024-09-22 22:40:27.890 [info] > git reflog main --grep-reflog=branch: Created from *. [2ms]
2024-09-22 22:40:27.894 [info] > git symbolic-ref --short refs/remotes/origin/HEAD [1ms]
2024-09-22 22:40:27.894 [info] fatal: ref refs/remotes/origin/HEAD is not a symbolic ref
2024-09-22 22:40:32.890 [info] > git config --get commit.template [4ms]
2024-09-22 22:40:32.892 [info] > git for-each-ref --format=%(refname)%00%(upstream:short)%00%(objectname)%00%(upstream:track)%00%(upstream:remotename)%00%(upstream:remoteref) refs/heads/main refs/remotes/main [1ms]
2024-09-22 22:40:32.914 [info] > git status -z -uall [20ms]
2024-09-22 22:40:32.922 [info] > git for-each-ref --format=%(refname)%00%(upstream:short)%00%(objectname)%00%(upstream:track)%00%(upstream:remotename)%00%(upstream:remoteref) refs/heads/main refs/remotes/main [4ms]
2024-09-22 22:40:32.925 [info] > git config --local branch.main.vscode-merge-base [1ms]
2024-09-22 22:40:32.926 [warning] [Git][config] git config failed: Failed to execute git
2024-09-22 22:40:32.929 [info] > git reflog main --grep-reflog=branch: Created from *. [2ms]
2024-09-22 22:40:32.932 [info] > git symbolic-ref --short refs/remotes/origin/HEAD [1ms]
2024-09-22 22:40:32.932 [info] fatal: ref refs/remotes/origin/HEAD is not a symbolic ref
2024-09-22 22:40:37.932 [info] > git for-each-ref --format=%(refname)%00%(upstream:short)%00%(objectname)%00%(upstream:track)%00%(upstream:remotename)%00%(upstream:remoteref) refs/heads/main refs/remotes/main [5ms]
2024-09-22 22:40:37.933 [info] > git config --get commit.template [8ms]
2024-09-22 22:40:37.965 [info] > git status -z -uall [26ms]
2024-09-22 22:40:37.974 [info] > git for-each-ref --format=%(refname)%00%(upstream:short)%00%(objectname)%00%(upstream:track)%00%(upstream:remotename)%00%(upstream:remoteref) refs/heads/main refs/remotes/main [4ms]
2024-09-22 22:40:37.977 [info] > git config --local branch.main.vscode-merge-base [1ms]
2024-09-22 22:40:37.977 [warning] [Git][config] git config failed: Failed to execute git
2024-09-22 22:40:37.981 [info] > git reflog main --grep-reflog=branch: Created from *. [2ms]
2024-09-22 22:40:37.986 [info] > git symbolic-ref --short refs/remotes/origin/HEAD [1ms]
2024-09-22 22:40:37.986 [info] fatal: ref refs/remotes/origin/HEAD is not a symbolic ref
2024-09-22 22:40:42.982 [info] > git config --get commit.template [3ms]
2024-09-22 22:40:42.983 [info] > git for-each-ref --format=%(refname)%00%(upstream:short)%00%(objectname)%00%(upstream:track)%00%(upstream:remotename)%00%(upstream:remoteref) refs/heads/main refs/remotes/main [2ms]
2024-09-22 22:40:43.008 [info] > git status -z -uall [22ms]
2024-09-22 22:40:43.016 [info] > git for-each-ref --format=%(refname)%00%(upstream:short)%00%(objectname)%00%(upstream:track)%00%(upstream:remotename)%00%(upstream:remoteref) refs/heads/main refs/remotes/main [4ms]
2024-09-22 22:40:43.019 [info] > git config --local branch.main.vscode-merge-base [1ms]
2024-09-22 22:40:43.019 [warning] [Git][config] git config failed: Failed to execute git
2024-09-22 22:40:43.024 [info] > git reflog main --grep-reflog=branch: Created from *. [1ms]
2024-09-22 22:40:43.027 [info] > git symbolic-ref --short refs/remotes/origin/HEAD [1ms]
2024-09-22 22:40:43.027 [info] fatal: ref refs/remotes/origin/HEAD is not a symbolic ref
2024-09-22 22:40:48.023 [info] > git config --get commit.template [3ms]
2024-09-22 22:40:48.024 [info] > git for-each-ref --format=%(refname)%00%(upstream:short)%00%(objectname)%00%(upstream:track)%00%(upstream:remotename)%00%(upstream:remoteref) refs/heads/main refs/remotes/main [2ms]
2024-09-22 22:40:48.046 [info] > git status -z -uall [19ms]
2024-09-22 22:40:48.054 [info] > git for-each-ref --format=%(refname)%00%(upstream:short)%00%(objectname)%00%(upstream:track)%00%(upstream:remotename)%00%(upstream:remoteref) refs/heads/main refs/remotes/main [5ms]
2024-09-22 22:40:48.058 [info] > git config --local branch.main.vscode-merge-base [1ms]
2024-09-22 22:40:48.058 [warning] [Git][config] git config failed: Failed to execute git
2024-09-22 22:40:48.062 [info] > git reflog main --grep-reflog=branch: Created from *. [2ms]
2024-09-22 22:40:48.065 [info] > git symbolic-ref --short refs/remotes/origin/HEAD [1ms]
2024-09-22 22:40:48.065 [info] fatal: ref refs/remotes/origin/HEAD is not a symbolic ref
2024-09-22 22:40:53.061 [info] > git config --get commit.template [3ms]
2024-09-22 22:40:53.062 [info] > git for-each-ref --format=%(refname)%00%(upstream:short)%00%(objectname)%00%(upstream:track)%00%(upstream:remotename)%00%(upstream:remoteref) refs/heads/main refs/remotes/main [1ms]
2024-09-22 22:40:53.081 [info] > git status -z -uall [16ms]
2024-09-22 22:40:53.087 [info] > git for-each-ref --format=%(refname)%00%(upstream:short)%00%(objectname)%00%(upstream:track)%00%(upstream:remotename)%00%(upstream:remoteref) refs/heads/main refs/remotes/main [3ms]
2024-09-22 22:40:53.090 [info] > git config --local branch.main.vscode-merge-base [1ms]
2024-09-22 22:40:53.090 [warning] [Git][config] git config failed: Failed to execute git
2024-09-22 22:40:53.095 [info] > git reflog main --grep-reflog=branch: Created from *. [2ms]
2024-09-22 22:40:53.099 [info] > git symbolic-ref --short refs/remotes/origin/HEAD [3ms]
2024-09-22 22:40:53.099 [info] fatal: ref refs/remotes/origin/HEAD is not a symbolic ref
2024-09-22 22:40:58.094 [info] > git config --get commit.template [3ms]
2024-09-22 22:40:58.095 [info] > git for-each-ref --format=%(refname)%00%(upstream:short)%00%(objectname)%00%(upstream:track)%00%(upstream:remotename)%00%(upstream:remoteref) refs/heads/main refs/remotes/main [2ms]
2024-09-22 22:40:58.114 [info] > git status -z -uall [17ms]
2024-09-22 22:40:58.120 [info] > git for-each-ref --format=%(refname)%00%(upstream:short)%00%(objectname)%00%(upstream:track)%00%(upstream:remotename)%00%(upstream:remoteref) refs/heads/main refs/remotes/main [3ms]
2024-09-22 22:40:58.123 [info] > git config --local branch.main.vscode-merge-base [1ms]
2024-09-22 22:40:58.123 [warning] [Git][config] git config failed: Failed to execute git
2024-09-22 22:40:58.127 [info] > git reflog main --grep-reflog=branch: Created from *. [2ms]
2024-09-22 22:40:58.129 [info] > git symbolic-ref --short refs/remotes/origin/HEAD [0ms]
2024-09-22 22:40:58.130 [info] fatal: ref refs/remotes/origin/HEAD is not a symbolic ref
2024-09-22 22:41:03.127 [info] > git config --get commit.template [3ms]
2024-09-22 22:41:03.128 [info] > git for-each-ref --format=%(refname)%00%(upstream:short)%00%(objectname)%00%(upstream:track)%00%(upstream:remotename)%00%(upstream:remoteref) refs/heads/main refs/remotes/main [2ms]
2024-09-22 22:41:03.149 [info] > git status -z -uall [17ms]
2024-09-22 22:41:03.157 [info] > git for-each-ref --format=%(refname)%00%(upstream:short)%00%(objectname)%00%(upstream:track)%00%(upstream:remotename)%00%(upstream:remoteref) refs/heads/main refs/remotes/main [4ms]
2024-09-22 22:41:03.162 [info] > git config --local branch.main.vscode-merge-base [2ms]
2024-09-22 22:41:03.162 [warning] [Git][config] git config failed: Failed to execute git
2024-09-22 22:41:03.169 [info] > git reflog main --grep-reflog=branch: Created from *. [3ms]
2024-09-22 22:41:03.174 [info] > git symbolic-ref --short refs/remotes/origin/HEAD [1ms]
2024-09-22 22:41:03.174 [info] fatal: ref refs/remotes/origin/HEAD is not a symbolic ref
2024-09-22 22:41:08.165 [info] > git config --get commit.template [3ms]
2024-09-22 22:41:08.165 [info] > git for-each-ref --format=%(refname)%00%(upstream:short)%00%(objectname)%00%(upstream:track)%00%(upstream:remotename)%00%(upstream:remoteref) refs/heads/main refs/remotes/main [2ms]
2024-09-22 22:41:08.187 [info] > git status -z -uall [19ms]
2024-09-22 22:41:08.194 [info] > git for-each-ref --format=%(refname)%00%(upstream:short)%00%(objectname)%00%(upstream:track)%00%(upstream:remotename)%00%(upstream:remoteref) refs/heads/main refs/remotes/main [3ms]
2024-09-22 22:41:08.198 [info] > git config --local branch.main.vscode-merge-base [1ms]
2024-09-22 22:41:08.198 [warning] [Git][config] git config failed: Failed to execute git
2024-09-22 22:41:08.203 [info] > git reflog main --grep-reflog=branch: Created from *. [1ms]
2024-09-22 22:41:08.207 [info] > git symbolic-ref --short refs/remotes/origin/HEAD [1ms]
2024-09-22 22:41:08.207 [info] fatal: ref refs/remotes/origin/HEAD is not a symbolic ref
2024-09-22 22:41:13.201 [info] > git config --get commit.template [3ms]
2024-09-22 22:41:13.202 [info] > git for-each-ref --format=%(refname)%00%(upstream:short)%00%(objectname)%00%(upstream:track)%00%(upstream:remotename)%00%(upstream:remoteref) refs/heads/main refs/remotes/main [2ms]
2024-09-22 22:41:13.223 [info] > git status -z -uall [18ms]
2024-09-22 22:41:13.229 [info] > git for-each-ref --format=%(refname)%00%(upstream:short)%00%(objectname)%00%(upstream:track)%00%(upstream:remotename)%00%(upstream:remoteref) refs/heads/main refs/remotes/main [3ms]
2024-09-22 22:41:13.233 [info] > git config --local branch.main.vscode-merge-base [2ms]
2024-09-22 22:41:13.233 [warning] [Git][config] git config failed: Failed to execute git
2024-09-22 22:41:13.237 [info] > git reflog main --grep-reflog=branch: Created from *. [2ms]
2024-09-22 22:41:13.240 [info] > git symbolic-ref --short refs/remotes/origin/HEAD [1ms]
2024-09-22 22:41:13.240 [info] fatal: ref refs/remotes/origin/HEAD is not a symbolic ref
2024-09-22 22:41:18.238 [info] > git config --get commit.template [4ms]
2024-09-22 22:41:18.239 [info] > git for-each-ref --format=%(refname)%00%(upstream:short)%00%(objectname)%00%(upstream:track)%00%(upstream:remotename)%00%(upstream:remoteref) refs/heads/main refs/remotes/main [2ms]
2024-09-22 22:41:18.259 [info] > git status -z -uall [17ms]
2024-09-22 22:41:18.266 [info] > git for-each-ref --format=%(refname)%00%(upstream:short)%00%(objectname)%00%(upstream:track)%00%(upstream:remotename)%00%(upstream:remoteref) refs/heads/main refs/remotes/main [3ms]
2024-09-22 22:41:18.270 [info] > git config --local branch.main.vscode-merge-base [1ms]
2024-09-22 22:41:18.270 [warning] [Git][config] git config failed: Failed to execute git
2024-09-22 22:41:18.273 [info] > git reflog main --grep-reflog=branch: Created from *. [1ms]
2024-09-22 22:41:18.276 [info] > git symbolic-ref --short refs/remotes/origin/HEAD [1ms]
2024-09-22 22:41:18.276 [info] fatal: ref refs/remotes/origin/HEAD is not a symbolic ref
2024-09-22 22:41:23.273 [info] > git config --get commit.template [4ms]
2024-09-22 22:41:23.275 [info] > git for-each-ref --format=%(refname)%00%(upstream:short)%00%(objectname)%00%(upstream:track)%00%(upstream:remotename)%00%(upstream:remoteref) refs/heads/main refs/remotes/main [2ms]
2024-09-22 22:41:23.295 [info] > git status -z -uall [18ms]
2024-09-22 22:41:23.302 [info] > git for-each-ref --format=%(refname)%00%(upstream:short)%00%(objectname)%00%(upstream:track)%00%(upstream:remotename)%00%(upstream:remoteref) refs/heads/main refs/remotes/main [3ms]
2024-09-22 22:41:23.306 [info] > git config --local branch.main.vscode-merge-base [1ms]
2024-09-22 22:41:23.306 [warning] [Git][config] git config failed: Failed to execute git
2024-09-22 22:41:23.310 [info] > git reflog main --grep-reflog=branch: Created from *. [2ms]
2024-09-22 22:41:23.313 [info] > git symbolic-ref --short refs/remotes/origin/HEAD [1ms]
2024-09-22 22:41:23.313 [info] fatal: ref refs/remotes/origin/HEAD is not a symbolic ref
2024-09-22 22:41:28.310 [info] > git config --get commit.template [3ms]
2024-09-22 22:41:28.311 [info] > git for-each-ref --format=%(refname)%00%(upstream:short)%00%(objectname)%00%(upstream:track)%00%(upstream:remotename)%00%(upstream:remoteref) refs/heads/main refs/remotes/main [2ms]
2024-09-22 22:41:28.332 [info] > git status -z -uall [19ms]
2024-09-22 22:41:28.339 [info] > git for-each-ref --format=%(refname)%00%(upstream:short)%00%(objectname)%00%(upstream:track)%00%(upstream:remotename)%00%(upstream:remoteref) refs/heads/main refs/remotes/main [2ms]
2024-09-22 22:41:28.342 [info] > git config --local branch.main.vscode-merge-base [1ms]
2024-09-22 22:41:28.342 [warning] [Git][config] git config failed: Failed to execute git
2024-09-22 22:41:28.346 [info] > git reflog main --grep-reflog=branch: Created from *. [2ms]
2024-09-22 22:41:28.353 [info] > git symbolic-ref --short refs/remotes/origin/HEAD [4ms]
2024-09-22 22:41:28.353 [info] fatal: ref refs/remotes/origin/HEAD is not a symbolic ref
2024-09-22 22:41:33.345 [info] > git config --get commit.template [2ms]
2024-09-22 22:41:33.346 [info] > git for-each-ref --format=%(refname)%00%(upstream:short)%00%(objectname)%00%(upstream:track)%00%(upstream:remotename)%00%(upstream:remoteref) refs/heads/main refs/remotes/main [1ms]
2024-09-22 22:41:33.369 [info] > git status -z -uall [20ms]
2024-09-22 22:41:33.377 [info] > git for-each-ref --format=%(refname)%00%(upstream:short)%00%(objectname)%00%(upstream:track)%00%(upstream:remotename)%00%(upstream:remoteref) refs/heads/main refs/remotes/main [4ms]
2024-09-22 22:41:33.381 [info] > git config --local branch.main.vscode-merge-base [1ms]
2024-09-22 22:41:33.381 [warning] [Git][config] git config failed: Failed to execute git
2024-09-22 22:41:33.385 [info] > git reflog main --grep-reflog=branch: Created from *. [2ms]
2024-09-22 22:41:33.388 [info] > git symbolic-ref --short refs/remotes/origin/HEAD [1ms]
2024-09-22 22:41:33.388 [info] fatal: ref refs/remotes/origin/HEAD is not a symbolic ref
2024-09-22 22:41:38.384 [info] > git config --get commit.template [3ms]
2024-09-22 22:41:38.386 [info] > git for-each-ref --format=%(refname)%00%(upstream:short)%00%(objectname)%00%(upstream:track)%00%(upstream:remotename)%00%(upstream:remoteref) refs/heads/main refs/remotes/main [2ms]
2024-09-22 22:41:38.405 [info] > git status -z -uall [17ms]
2024-09-22 22:41:38.410 [info] > git for-each-ref --format=%(refname)%00%(upstream:short)%00%(objectname)%00%(upstream:track)%00%(upstream:remotename)%00%(upstream:remoteref) refs/heads/main refs/remotes/main [3ms]
2024-09-22 22:41:38.414 [info] > git config --local branch.main.vscode-merge-base [2ms]
2024-09-22 22:41:38.414 [warning] [Git][config] git config failed: Failed to execute git
2024-09-22 22:41:38.418 [info] > git reflog main --grep-reflog=branch: Created from *. [2ms]
2024-09-22 22:41:38.421 [info] > git symbolic-ref --short refs/remotes/origin/HEAD [1ms]
2024-09-22 22:41:38.421 [info] fatal: ref refs/remotes/origin/HEAD is not a symbolic ref
2024-09-22 22:41:43.419 [info] > git config --get commit.template [4ms]
2024-09-22 22:41:43.420 [info] > git for-each-ref --format=%(refname)%00%(upstream:short)%00%(objectname)%00%(upstream:track)%00%(upstream:remotename)%00%(upstream:remoteref) refs/heads/main refs/remotes/main [2ms]
2024-09-22 22:41:43.443 [info] > git status -z -uall [19ms]
2024-09-22 22:41:43.450 [info] > git for-each-ref --format=%(refname)%00%(upstream:short)%00%(objectname)%00%(upstream:track)%00%(upstream:remotename)%00%(upstream:remoteref) refs/heads/main refs/remotes/main [4ms]
2024-09-22 22:41:43.454 [info] > git config --local branch.main.vscode-merge-base [1ms]
2024-09-22 22:41:43.454 [warning] [Git][config] git config failed: Failed to execute git
2024-09-22 22:41:43.458 [info] > git reflog main --grep-reflog=branch: Created from *. [2ms]
2024-09-22 22:41:43.461 [info] > git symbolic-ref --short refs/remotes/origin/HEAD [1ms]
2024-09-22 22:41:43.461 [info] fatal: ref refs/remotes/origin/HEAD is not a symbolic ref
2024-09-22 22:41:48.457 [info] > git config --get commit.template [3ms]
2024-09-22 22:41:48.459 [info] > git for-each-ref --format=%(refname)%00%(upstream:short)%00%(objectname)%00%(upstream:track)%00%(upstream:remotename)%00%(upstream:remoteref) refs/heads/main refs/remotes/main [2ms]
2024-09-22 22:41:48.482 [info] > git status -z -uall [21ms]
2024-09-22 22:41:48.491 [info] > git for-each-ref --format=%(refname)%00%(upstream:short)%00%(objectname)%00%(upstream:track)%00%(upstream:remotename)%00%(upstream:remoteref) refs/heads/main refs/remotes/main [4ms]
2024-09-22 22:41:48.494 [info] > git config --local branch.main.vscode-merge-base [1ms]
2024-09-22 22:41:48.494 [warning] [Git][config] git config failed: Failed to execute git
2024-09-22 22:41:48.499 [info] > git reflog main --grep-reflog=branch: Created from *. [2ms]
2024-09-22 22:41:48.502 [info] > git symbolic-ref --short refs/remotes/origin/HEAD [1ms]
2024-09-22 22:41:48.503 [info] fatal: ref refs/remotes/origin/HEAD is not a symbolic ref
2024-09-22 22:41:53.498 [info] > git config --get commit.template [4ms]
2024-09-22 22:41:53.499 [info] > git for-each-ref --format=%(refname)%00%(upstream:short)%00%(objectname)%00%(upstream:track)%00%(upstream:remotename)%00%(upstream:remoteref) refs/heads/main refs/remotes/main [2ms]
2024-09-22 22:41:53.533 [info] > git status -z -uall [31ms]
2024-09-22 22:41:53.542 [info] > git for-each-ref --format=%(refname)%00%(upstream:short)%00%(objectname)%00%(upstream:track)%00%(upstream:remotename)%00%(upstream:remoteref) refs/heads/main refs/remotes/main [4ms]
2024-09-22 22:41:53.546 [info] > git config --local branch.main.vscode-merge-base [1ms]
2024-09-22 22:41:53.546 [warning] [Git][config] git config failed: Failed to execute git
2024-09-22 22:41:53.550 [info] > git reflog main --grep-reflog=branch: Created from *. [1ms]
2024-09-22 22:41:53.553 [info] > git symbolic-ref --short refs/remotes/origin/HEAD [1ms]
2024-09-22 22:41:53.553 [info] fatal: ref refs/remotes/origin/HEAD is not a symbolic ref
2024-09-22 22:41:58.549 [info] > git config --get commit.template [3ms]
2024-09-22 22:41:58.550 [info] > git for-each-ref --format=%(refname)%00%(upstream:short)%00%(objectname)%00%(upstream:track)%00%(upstream:remotename)%00%(upstream:remoteref) refs/heads/main refs/remotes/main [1ms]
2024-09-22 22:41:58.572 [info] > git status -z -uall [20ms]
2024-09-22 22:41:58.578 [info] > git for-each-ref --format=%(refname)%00%(upstream:short)%00%(objectname)%00%(upstream:track)%00%(upstream:remotename)%00%(upstream:remoteref) refs/heads/main refs/remotes/main [3ms]
2024-09-22 22:41:58.582 [info] > git config --local branch.main.vscode-merge-base [1ms]
2024-09-22 22:41:58.582 [warning] [Git][config] git config failed: Failed to execute git
2024-09-22 22:41:58.586 [info] > git reflog main --grep-reflog=branch: Created from *. [2ms]
2024-09-22 22:41:58.589 [info] > git symbolic-ref --short refs/remotes/origin/HEAD [1ms]
2024-09-22 22:41:58.589 [info] fatal: ref refs/remotes/origin/HEAD is not a symbolic ref
2024-09-22 22:42:03.587 [info] > git config --get commit.template [4ms]
2024-09-22 22:42:03.588 [info] > git for-each-ref --format=%(refname)%00%(upstream:short)%00%(objectname)%00%(upstream:track)%00%(upstream:remotename)%00%(upstream:remoteref) refs/heads/main refs/remotes/main [2ms]
2024-09-22 22:42:03.607 [info] > git status -z -uall [16ms]
2024-09-22 22:42:03.618 [info] > git for-each-ref --format=%(refname)%00%(upstream:short)%00%(objectname)%00%(upstream:track)%00%(upstream:remotename)%00%(upstream:remoteref) refs/heads/main refs/remotes/main [5ms]
2024-09-22 22:42:03.621 [info] > git config --local branch.main.vscode-merge-base [1ms]
2024-09-22 22:42:03.622 [warning] [Git][config] git config failed: Failed to execute git
2024-09-22 22:42:03.625 [info] > git reflog main --grep-reflog=branch: Created from *. [2ms]
2024-09-22 22:42:03.628 [info] > git symbolic-ref --short refs/remotes/origin/HEAD [1ms]
2024-09-22 22:42:03.628 [info] fatal: ref refs/remotes/origin/HEAD is not a symbolic ref
2024-09-22 22:42:08.625 [info] > git config --get commit.template [3ms]
2024-09-22 22:42:08.626 [info] > git for-each-ref --format=%(refname)%00%(upstream:short)%00%(objectname)%00%(upstream:track)%00%(upstream:remotename)%00%(upstream:remoteref) refs/heads/main refs/remotes/main [2ms]
2024-09-22 22:42:08.645 [info] > git status -z -uall [17ms]
2024-09-22 22:42:08.660 [info] > git for-each-ref --format=%(refname)%00%(upstream:short)%00%(objectname)%00%(upstream:track)%00%(upstream:remotename)%00%(upstream:remoteref) refs/heads/main refs/remotes/main [12ms]
2024-09-22 22:42:08.664 [info] > git config --local branch.main.vscode-merge-base [1ms]
2024-09-22 22:42:08.664 [warning] [Git][config] git config failed: Failed to execute git
2024-09-22 22:42:08.668 [info] > git reflog main --grep-reflog=branch: Created from *. [1ms]
2024-09-22 22:42:08.672 [info] > git symbolic-ref --short refs/remotes/origin/HEAD [2ms]
2024-09-22 22:42:08.672 [info] fatal: ref refs/remotes/origin/HEAD is not a symbolic ref
2024-09-22 22:42:13.666 [info] > git config --get commit.template [3ms]
2024-09-22 22:42:13.667 [info] > git for-each-ref --format=%(refname)%00%(upstream:short)%00%(objectname)%00%(upstream:track)%00%(upstream:remotename)%00%(upstream:remoteref) refs/heads/main refs/remotes/main [1ms]
2024-09-22 22:42:13.687 [info] > git status -z -uall [18ms]
2024-09-22 22:42:13.695 [info] > git for-each-ref --format=%(refname)%00%(upstream:short)%00%(objectname)%00%(upstream:track)%00%(upstream:remotename)%00%(upstream:remoteref) refs/heads/main refs/remotes/main [5ms]
2024-09-22 22:42:13.698 [info] > git config --local branch.main.vscode-merge-base [1ms]
2024-09-22 22:42:13.699 [warning] [Git][config] git config failed: Failed to execute git
2024-09-22 22:42:13.702 [info] > git reflog main --grep-reflog=branch: Created from *. [2ms]
2024-09-22 22:42:13.705 [info] > git symbolic-ref --short refs/remotes/origin/HEAD [1ms]
2024-09-22 22:42:13.706 [info] fatal: ref refs/remotes/origin/HEAD is not a symbolic ref
2024-09-22 22:42:18.701 [info] > git config --get commit.template [3ms]
2024-09-22 22:42:18.702 [info] > git for-each-ref --format=%(refname)%00%(upstream:short)%00%(objectname)%00%(upstream:track)%00%(upstream:remotename)%00%(upstream:remoteref) refs/heads/main refs/remotes/main [2ms]
2024-09-22 22:42:18.723 [info] > git status -z -uall [17ms]
2024-09-22 22:42:18.729 [info] > git for-each-ref --format=%(refname)%00%(upstream:short)%00%(objectname)%00%(upstream:track)%00%(upstream:remotename)%00%(upstream:remoteref) refs/heads/main refs/remotes/main [2ms]
2024-09-22 22:42:18.734 [info] > git config --local branch.main.vscode-merge-base [2ms]
2024-09-22 22:42:18.734 [warning] [Git][config] git config failed: Failed to execute git
2024-09-22 22:42:18.738 [info] > git reflog main --grep-reflog=branch: Created from *. [2ms]
2024-09-22 22:42:18.742 [info] > git symbolic-ref --short refs/remotes/origin/HEAD [1ms]
2024-09-22 22:42:18.742 [info] fatal: ref refs/remotes/origin/HEAD is not a symbolic ref
2024-09-22 22:42:23.738 [info] > git config --get commit.template [3ms]
2024-09-22 22:42:23.739 [info] > git for-each-ref --format=%(refname)%00%(upstream:short)%00%(objectname)%00%(upstream:track)%00%(upstream:remotename)%00%(upstream:remoteref) refs/heads/main refs/remotes/main [2ms]
2024-09-22 22:42:23.760 [info] > git status -z -uall [18ms]
2024-09-22 22:42:23.766 [info] > git for-each-ref --format=%(refname)%00%(upstream:short)%00%(objectname)%00%(upstream:track)%00%(upstream:remotename)%00%(upstream:remoteref) refs/heads/main refs/remotes/main [2ms]
2024-09-22 22:42:23.771 [info] > git config --local branch.main.vscode-merge-base [2ms]
2024-09-22 22:42:23.771 [warning] [Git][config] git config failed: Failed to execute git
2024-09-22 22:42:23.775 [info] > git reflog main --grep-reflog=branch: Created from *. [2ms]
2024-09-22 22:42:23.779 [info] > git symbolic-ref --short refs/remotes/origin/HEAD [2ms]
2024-09-22 22:42:23.779 [info] fatal: ref refs/remotes/origin/HEAD is not a symbolic ref
2024-09-22 22:42:28.773 [info] > git config --get commit.template [3ms]
2024-09-22 22:42:28.774 [info] > git for-each-ref --format=%(refname)%00%(upstream:short)%00%(objectname)%00%(upstream:track)%00%(upstream:remotename)%00%(upstream:remoteref) refs/heads/main refs/remotes/main [2ms]
2024-09-22 22:42:28.792 [info] > git status -z -uall [16ms]
2024-09-22 22:42:28.797 [info] > git for-each-ref --format=%(refname)%00%(upstream:short)%00%(objectname)%00%(upstream:track)%00%(upstream:remotename)%00%(upstream:remoteref) refs/heads/main refs/remotes/main [2ms]
2024-09-22 22:42:28.801 [info] > git config --local branch.main.vscode-merge-base [2ms]
2024-09-22 22:42:28.801 [warning] [Git][config] git config failed: Failed to execute git
2024-09-22 22:42:28.804 [info] > git reflog main --grep-reflog=branch: Created from *. [1ms]
2024-09-22 22:42:28.808 [info] > git symbolic-ref --short refs/remotes/origin/HEAD [1ms]
2024-09-22 22:42:28.808 [info] fatal: ref refs/remotes/origin/HEAD is not a symbolic ref
2024-09-22 22:42:33.804 [info] > git config --get commit.template [3ms]
2024-09-22 22:42:33.805 [info] > git for-each-ref --format=%(refname)%00%(upstream:short)%00%(objectname)%00%(upstream:track)%00%(upstream:remotename)%00%(upstream:remoteref) refs/heads/main refs/remotes/main [2ms]
2024-09-22 22:42:33.830 [info] > git status -z -uall [21ms]
2024-09-22 22:42:33.837 [info] > git for-each-ref --format=%(refname)%00%(upstream:short)%00%(objectname)%00%(upstream:track)%00%(upstream:remotename)%00%(upstream:remoteref) refs/heads/main refs/remotes/main [3ms]
2024-09-22 22:42:33.841 [info] > git config --local branch.main.vscode-merge-base [1ms]
2024-09-22 22:42:33.841 [warning] [Git][config] git config failed: Failed to execute git
2024-09-22 22:42:33.844 [info] > git reflog main --grep-reflog=branch: Created from *. [1ms]
2024-09-22 22:42:33.848 [info] > git symbolic-ref --short refs/remotes/origin/HEAD [2ms]
2024-09-22 22:42:33.848 [info] fatal: ref refs/remotes/origin/HEAD is not a symbolic ref
2024-09-22 22:42:38.844 [info] > git config --get commit.template [4ms]
2024-09-22 22:42:38.845 [info] > git for-each-ref --format=%(refname)%00%(upstream:short)%00%(objectname)%00%(upstream:track)%00%(upstream:remotename)%00%(upstream:remoteref) refs/heads/main refs/remotes/main [2ms]
2024-09-22 22:42:38.865 [info] > git status -z -uall [16ms]
2024-09-22 22:42:38.870 [info] > git for-each-ref --format=%(refname)%00%(upstream:short)%00%(objectname)%00%(upstream:track)%00%(upstream:remotename)%00%(upstream:remoteref) refs/heads/main refs/remotes/main [2ms]
2024-09-22 22:42:38.875 [info] > git config --local branch.main.vscode-merge-base [2ms]
2024-09-22 22:42:38.875 [warning] [Git][config] git config failed: Failed to execute git
2024-09-22 22:42:38.879 [info] > git reflog main --grep-reflog=branch: Created from *. [2ms]
2024-09-22 22:42:38.883 [info] > git symbolic-ref --short refs/remotes/origin/HEAD [1ms]
2024-09-22 22:42:38.883 [info] fatal: ref refs/remotes/origin/HEAD is not a symbolic ref
2024-09-22 22:42:43.877 [info] > git config --get commit.template [3ms]
2024-09-22 22:42:43.879 [info] > git for-each-ref --format=%(refname)%00%(upstream:short)%00%(objectname)%00%(upstream:track)%00%(upstream:remotename)%00%(upstream:remoteref) refs/heads/main refs/remotes/main [2ms]
2024-09-22 22:42:43.905 [info] > git status -z -uall [23ms]
2024-09-22 22:42:43.918 [info] > git for-each-ref --format=%(refname)%00%(upstream:short)%00%(objectname)%00%(upstream:track)%00%(upstream:remotename)%00%(upstream:remoteref) refs/heads/main refs/remotes/main [7ms]
2024-09-22 22:42:43.922 [info] > git config --local branch.main.vscode-merge-base [1ms]
2024-09-22 22:42:43.922 [warning] [Git][config] git config failed: Failed to execute git
2024-09-22 22:42:43.926 [info] > git reflog main --grep-reflog=branch: Created from *. [2ms]
2024-09-22 22:42:43.930 [info] > git symbolic-ref --short refs/remotes/origin/HEAD [2ms]
2024-09-22 22:42:43.930 [info] fatal: ref refs/remotes/origin/HEAD is not a symbolic ref
2024-09-22 22:42:48.926 [info] > git config --get commit.template [5ms]
2024-09-22 22:42:48.931 [info] > git for-each-ref --format=%(refname)%00%(upstream:short)%00%(objectname)%00%(upstream:track)%00%(upstream:remotename)%00%(upstream:remoteref) refs/heads/main refs/remotes/main [2ms]
2024-09-22 22:42:48.960 [info] > git status -z -uall [19ms]
2024-09-22 22:42:48.966 [info] > git for-each-ref --format=%(refname)%00%(upstream:short)%00%(objectname)%00%(upstream:track)%00%(upstream:remotename)%00%(upstream:remoteref) refs/heads/main refs/remotes/main [3ms]
2024-09-22 22:42:48.969 [info] > git config --local branch.main.vscode-merge-base [1ms]
2024-09-22 22:42:48.969 [warning] [Git][config] git config failed: Failed to execute git
2024-09-22 22:42:48.973 [info] > git reflog main --grep-reflog=branch: Created from *. [2ms]
2024-09-22 22:42:48.975 [info] > git symbolic-ref --short refs/remotes/origin/HEAD [1ms]
2024-09-22 22:42:48.975 [info] fatal: ref refs/remotes/origin/HEAD is not a symbolic ref
