2024-09-19 06:54:40.668 [info] Extension host with pid 1731 started
2024-09-19 06:54:40.691 [info] Lock '/home/student/.vscode-server/data/User/workspaceStorage/f21b5a8cedd66727cd298a5fb4fc6aaa/vscode.lock': Lock acquired.
2024-09-19 06:54:40.966 [info] ExtensionService#_doActivateExtension vscode.emmet, startup: false, activationEvent: 'onLanguage'
2024-09-19 06:54:40.967 [info] ExtensionService#_doActivateExtension vscode.git-base, startup: false, activationEvent: '*', root cause: vscode.git
2024-09-19 06:54:41.156 [info] ExtensionService#_doActivateExtension vscode.git, startup: false, activationEvent: '*'
2024-09-19 06:54:41.157 [info] ExtensionService#_doActivateExtension vscode.github, startup: false, activationEvent: '*'
2024-09-19 06:54:41.495 [info] Eager extensions activated
2024-09-19 06:54:41.496 [info] ExtensionService#_doActivateExtension vscode.debug-auto-launch, startup: false, activationEvent: 'onStartupFinished'
2024-09-19 06:54:41.496 [info] ExtensionService#_doActivateExtension vscode.merge-conflict, startup: false, activationEvent: 'onStartupFinished'
2024-09-19 07:02:22.667 [warning] [Decorations] CAPPING events from decorations provider vscode.git 1391
2024-09-19 07:02:23.360 [warning] [Decorations] CAPPING events from decorations provider vscode.git 1391
2024-09-19 07:02:24.307 [error] Error: No such branch: main.
	at N.getBranch (/home/student/.vscode-server/cli/servers/Stable-38c31bc77e0dd6ae88a4e9cc93428cc27a56ba40/server/extensions/git/dist/main.js:2:937115)
	at async T.retryRun (/home/student/.vscode-server/cli/servers/Stable-38c31bc77e0dd6ae88a4e9cc93428cc27a56ba40/server/extensions/git/dist/main.js:2:1032816)
	at async T.run (/home/student/.vscode-server/cli/servers/Stable-38c31bc77e0dd6ae88a4e9cc93428cc27a56ba40/server/extensions/git/dist/main.js:2:1032420)
	at async T.getBranch (/home/student/.vscode-server/cli/servers/Stable-38c31bc77e0dd6ae88a4e9cc93428cc27a56ba40/server/extensions/git/dist/main.js:2:1020563)
	at async T.getBranchBase (/home/student/.vscode-server/cli/servers/Stable-38c31bc77e0dd6ae88a4e9cc93428cc27a56ba40/server/extensions/git/dist/main.js:2:1020849)
	at async t.GitHistoryProvider.resolveHEADMergeBase (/home/student/.vscode-server/cli/servers/Stable-38c31bc77e0dd6ae88a4e9cc93428cc27a56ba40/server/extensions/git/dist/main.js:2:948410)
	at async t.GitHistoryProvider.onDidRunGitStatus (/home/student/.vscode-server/cli/servers/Stable-38c31bc77e0dd6ae88a4e9cc93428cc27a56ba40/server/extensions/git/dist/main.js:2:941737)
2024-09-19 07:02:24.371 [error] Error: No such branch: main.
	at N.getBranch (/home/student/.vscode-server/cli/servers/Stable-38c31bc77e0dd6ae88a4e9cc93428cc27a56ba40/server/extensions/git/dist/main.js:2:937115)
	at async T.retryRun (/home/student/.vscode-server/cli/servers/Stable-38c31bc77e0dd6ae88a4e9cc93428cc27a56ba40/server/extensions/git/dist/main.js:2:1032816)
	at async T.run (/home/student/.vscode-server/cli/servers/Stable-38c31bc77e0dd6ae88a4e9cc93428cc27a56ba40/server/extensions/git/dist/main.js:2:1032420)
	at async T.getBranch (/home/student/.vscode-server/cli/servers/Stable-38c31bc77e0dd6ae88a4e9cc93428cc27a56ba40/server/extensions/git/dist/main.js:2:1020563)
	at async T.getBranchBase (/home/student/.vscode-server/cli/servers/Stable-38c31bc77e0dd6ae88a4e9cc93428cc27a56ba40/server/extensions/git/dist/main.js:2:1020849)
	at async t.GitHistoryProvider.resolveHEADMergeBase (/home/student/.vscode-server/cli/servers/Stable-38c31bc77e0dd6ae88a4e9cc93428cc27a56ba40/server/extensions/git/dist/main.js:2:948410)
	at async t.GitHistoryProvider.onDidRunGitStatus (/home/student/.vscode-server/cli/servers/Stable-38c31bc77e0dd6ae88a4e9cc93428cc27a56ba40/server/extensions/git/dist/main.js:2:941737)
