2024-09-26 20:01:20.672 [info] Extension host with pid 1270 started
2024-09-26 20:01:20.691 [info] Lock '/home/student/.vscode-server/data/User/workspaceStorage/f24c56021d30cca606b5eff173cbdb46/vscode.lock': Lock acquired.
2024-09-26 20:01:20.872 [info] ExtensionService#_doActivateExtension vscode.emmet, startup: false, activationEvent: 'onLanguage'
2024-09-26 20:01:20.873 [info] ExtensionService#_doActivateExtension vscode.git-base, startup: false, activationEvent: '*', root cause: vscode.git
2024-09-26 20:01:21.096 [info] ExtensionService#_doActivateExtension vscode.git, startup: false, activationEvent: '*'
2024-09-26 20:01:21.096 [info] ExtensionService#_doActivateExtension vscode.github, startup: false, activationEvent: '*'
2024-09-26 20:01:21.553 [info] Eager extensions activated
2024-09-26 20:01:21.553 [info] ExtensionService#_doActivateExtension vscode.debug-auto-launch, startup: false, activationEvent: 'onStartupFinished'
2024-09-26 20:01:21.554 [info] ExtensionService#_doActivateExtension vscode.merge-conflict, startup: false, activationEvent: 'onStartupFinished'
2024-09-26 20:01:58.381 [info] ExtensionService#_doActivateExtension vscode.npm, startup: false, activationEvent: 'onTerminalQuickFixRequest:ms-vscode.npm-command'
2024-09-26 20:35:00.066 [warning] [Decorations] CAPPING events from decorations provider vscode.git 901
2024-09-26 20:35:05.125 [warning] [Decorations] CAPPING events from decorations provider vscode.git 901
2024-09-26 20:35:10.181 [warning] [Decorations] CAPPING events from decorations provider vscode.git 901
2024-09-26 20:35:15.230 [warning] [Decorations] CAPPING events from decorations provider vscode.git 901
2024-09-26 20:36:04.829 [warning] [Decorations] CAPPING events from decorations provider vscode.git 901
2024-09-26 20:36:09.881 [warning] [Decorations] CAPPING events from decorations provider vscode.git 901
2024-09-26 20:36:14.934 [warning] [Decorations] CAPPING events from decorations provider vscode.git 901
2024-09-26 20:36:19.986 [warning] [Decorations] CAPPING events from decorations provider vscode.git 901
2024-09-26 20:36:25.040 [warning] [Decorations] CAPPING events from decorations provider vscode.git 901
2024-09-26 20:36:30.094 [warning] [Decorations] CAPPING events from decorations provider vscode.git 901
2024-09-26 20:36:35.148 [warning] [Decorations] CAPPING events from decorations provider vscode.git 901
2024-09-26 20:36:40.200 [warning] [Decorations] CAPPING events from decorations provider vscode.git 901
2024-09-26 20:36:45.248 [warning] [Decorations] CAPPING events from decorations provider vscode.git 901
2024-09-26 20:38:05.356 [warning] [Decorations] CAPPING events from decorations provider vscode.git 901
2024-09-26 20:38:10.410 [warning] [Decorations] CAPPING events from decorations provider vscode.git 901
2024-09-26 20:38:15.465 [warning] [Decorations] CAPPING events from decorations provider vscode.git 901
2024-09-26 20:38:20.514 [warning] [Decorations] CAPPING events from decorations provider vscode.git 901
2024-09-26 20:38:25.563 [warning] [Decorations] CAPPING events from decorations provider vscode.git 900
2024-09-26 20:39:41.190 [warning] [Decorations] CAPPING events from decorations provider vscode.git 900
2024-09-26 20:39:46.245 [warning] [Decorations] CAPPING events from decorations provider vscode.git 900
2024-09-26 20:40:38.501 [warning] [Decorations] CAPPING events from decorations provider vscode.git 900
2024-09-26 20:41:30.571 [warning] [Decorations] CAPPING events from decorations provider vscode.git 900
2024-09-26 20:41:35.621 [warning] [Decorations] CAPPING events from decorations provider vscode.git 900
2024-09-26 20:41:40.670 [warning] [Decorations] CAPPING events from decorations provider vscode.git 900
2024-09-26 20:41:45.721 [warning] [Decorations] CAPPING events from decorations provider vscode.git 900
2024-09-26 20:42:53.842 [warning] [Decorations] CAPPING events from decorations provider vscode.git 900
2024-09-26 20:42:58.904 [warning] [Decorations] CAPPING events from decorations provider vscode.git 900
2024-09-26 20:43:42.284 [warning] [Decorations] CAPPING events from decorations provider vscode.git 900
2024-09-26 20:43:47.337 [warning] [Decorations] CAPPING events from decorations provider vscode.git 900
2024-09-26 20:43:52.387 [warning] [Decorations] CAPPING events from decorations provider vscode.git 900
2024-09-26 20:43:57.437 [warning] [Decorations] CAPPING events from decorations provider vscode.git 900
2024-09-26 20:44:02.487 [warning] [Decorations] CAPPING events from decorations provider vscode.git 900
2024-09-26 20:44:07.536 [warning] [Decorations] CAPPING events from decorations provider vscode.git 900
2024-09-26 20:44:12.585 [warning] [Decorations] CAPPING events from decorations provider vscode.git 900
2024-09-26 20:44:17.635 [warning] [Decorations] CAPPING events from decorations provider vscode.git 900
2024-09-26 20:44:22.684 [warning] [Decorations] CAPPING events from decorations provider vscode.git 900
2024-09-26 20:44:27.734 [warning] [Decorations] CAPPING events from decorations provider vscode.git 900
2024-09-26 20:44:32.783 [warning] [Decorations] CAPPING events from decorations provider vscode.git 900
2024-09-26 20:44:37.833 [warning] [Decorations] CAPPING events from decorations provider vscode.git 900
2024-09-26 20:44:42.886 [warning] [Decorations] CAPPING events from decorations provider vscode.git 900
2024-09-26 20:44:47.935 [warning] [Decorations] CAPPING events from decorations provider vscode.git 900
2024-09-26 20:44:52.986 [warning] [Decorations] CAPPING events from decorations provider vscode.git 900
2024-09-26 20:44:58.035 [warning] [Decorations] CAPPING events from decorations provider vscode.git 900
2024-09-26 20:45:03.092 [warning] [Decorations] CAPPING events from decorations provider vscode.git 900
2024-09-26 20:45:08.140 [warning] [Decorations] CAPPING events from decorations provider vscode.git 900
2024-09-26 20:45:13.196 [warning] [Decorations] CAPPING events from decorations provider vscode.git 900
2024-09-26 20:45:18.247 [warning] [Decorations] CAPPING events from decorations provider vscode.git 900
2024-09-26 20:45:23.644 [warning] [Decorations] CAPPING events from decorations provider vscode.git 900
2024-09-26 20:45:28.693 [warning] [Decorations] CAPPING events from decorations provider vscode.git 900
2024-09-26 20:46:34.357 [warning] [Decorations] CAPPING events from decorations provider vscode.git 900
2024-09-26 20:46:39.406 [warning] [Decorations] CAPPING events from decorations provider vscode.git 900
2024-09-26 20:46:44.460 [warning] [Decorations] CAPPING events from decorations provider vscode.git 900
2024-09-26 20:46:49.510 [warning] [Decorations] CAPPING events from decorations provider vscode.git 900
2024-09-26 20:46:54.560 [warning] [Decorations] CAPPING events from decorations provider vscode.git 900
2024-09-26 20:46:59.610 [warning] [Decorations] CAPPING events from decorations provider vscode.git 900
2024-09-26 20:47:04.662 [warning] [Decorations] CAPPING events from decorations provider vscode.git 900
2024-09-26 20:47:09.713 [warning] [Decorations] CAPPING events from decorations provider vscode.git 900
2024-09-26 20:47:14.761 [warning] [Decorations] CAPPING events from decorations provider vscode.git 900
2024-09-26 20:47:19.817 [warning] [Decorations] CAPPING events from decorations provider vscode.git 900
2024-09-26 20:47:24.868 [warning] [Decorations] CAPPING events from decorations provider vscode.git 900
2024-09-26 20:47:32.617 [warning] [Decorations] CAPPING events from decorations provider vscode.git 900
2024-09-26 20:48:20.306 [warning] [Decorations] CAPPING events from decorations provider vscode.git 900
2024-09-26 20:48:25.364 [warning] [Decorations] CAPPING events from decorations provider vscode.git 900
2024-09-26 20:48:30.413 [warning] [Decorations] CAPPING events from decorations provider vscode.git 900
2024-09-26 20:48:35.468 [warning] [Decorations] CAPPING events from decorations provider vscode.git 900
2024-09-26 20:48:40.521 [warning] [Decorations] CAPPING events from decorations provider vscode.git 900
2024-09-26 20:48:45.572 [warning] [Decorations] CAPPING events from decorations provider vscode.git 900
2024-09-26 20:48:50.623 [warning] [Decorations] CAPPING events from decorations provider vscode.git 900
2024-09-26 20:48:55.672 [warning] [Decorations] CAPPING events from decorations provider vscode.git 900
2024-09-26 20:49:00.719 [warning] [Decorations] CAPPING events from decorations provider vscode.git 900
2024-09-26 20:49:05.766 [warning] [Decorations] CAPPING events from decorations provider vscode.git 900
2024-09-26 20:49:10.817 [warning] [Decorations] CAPPING events from decorations provider vscode.git 900
2024-09-26 20:49:15.869 [warning] [Decorations] CAPPING events from decorations provider vscode.git 900
2024-09-26 20:49:20.922 [warning] [Decorations] CAPPING events from decorations provider vscode.git 1510
2024-09-26 20:49:25.974 [warning] [Decorations] CAPPING events from decorations provider vscode.git 900
2024-09-26 20:49:31.025 [warning] [Decorations] CAPPING events from decorations provider vscode.git 900
2024-09-26 20:49:36.081 [warning] [Decorations] CAPPING events from decorations provider vscode.git 900
2024-09-26 20:49:41.131 [warning] [Decorations] CAPPING events from decorations provider vscode.git 900
2024-09-26 20:49:46.179 [warning] [Decorations] CAPPING events from decorations provider vscode.git 900
2024-09-26 20:49:51.229 [warning] [Decorations] CAPPING events from decorations provider vscode.git 900
2024-09-26 20:49:56.281 [warning] [Decorations] CAPPING events from decorations provider vscode.git 900
2024-09-26 20:50:01.333 [warning] [Decorations] CAPPING events from decorations provider vscode.git 900
2024-09-26 20:50:06.384 [warning] [Decorations] CAPPING events from decorations provider vscode.git 900
2024-09-26 20:50:11.433 [warning] [Decorations] CAPPING events from decorations provider vscode.git 900
2024-09-26 20:50:16.481 [warning] [Decorations] CAPPING events from decorations provider vscode.git 900
2024-09-26 20:50:21.531 [warning] [Decorations] CAPPING events from decorations provider vscode.git 900
2024-09-26 20:50:26.580 [warning] [Decorations] CAPPING events from decorations provider vscode.git 900
2024-09-26 20:50:31.630 [warning] [Decorations] CAPPING events from decorations provider vscode.git 900
2024-09-26 20:50:36.679 [warning] [Decorations] CAPPING events from decorations provider vscode.git 900
2024-09-26 20:50:41.727 [warning] [Decorations] CAPPING events from decorations provider vscode.git 900
2024-09-26 20:50:46.786 [warning] [Decorations] CAPPING events from decorations provider vscode.git 900
2024-09-26 20:50:51.841 [warning] [Decorations] CAPPING events from decorations provider vscode.git 900
2024-09-26 20:50:56.895 [warning] [Decorations] CAPPING events from decorations provider vscode.git 900
2024-09-26 20:52:49.000 [warning] [Decorations] CAPPING events from decorations provider vscode.git 900
2024-09-26 20:52:54.054 [warning] [Decorations] CAPPING events from decorations provider vscode.git 900
2024-09-26 20:52:59.107 [warning] [Decorations] CAPPING events from decorations provider vscode.git 900
2024-09-26 20:53:04.158 [warning] [Decorations] CAPPING events from decorations provider vscode.git 900
2024-09-26 20:53:09.209 [warning] [Decorations] CAPPING events from decorations provider vscode.git 900
2024-09-26 20:53:14.257 [warning] [Decorations] CAPPING events from decorations provider vscode.git 900
2024-09-26 20:53:19.306 [warning] [Decorations] CAPPING events from decorations provider vscode.git 900
2024-09-26 20:53:24.360 [warning] [Decorations] CAPPING events from decorations provider vscode.git 900
2024-09-26 20:53:29.412 [warning] [Decorations] CAPPING events from decorations provider vscode.git 900
2024-09-26 20:53:34.464 [warning] [Decorations] CAPPING events from decorations provider vscode.git 900
2024-09-26 20:53:39.514 [warning] [Decorations] CAPPING events from decorations provider vscode.git 900
2024-09-26 20:53:44.563 [warning] [Decorations] CAPPING events from decorations provider vscode.git 900
2024-09-26 20:53:49.612 [warning] [Decorations] CAPPING events from decorations provider vscode.git 900
2024-09-26 20:53:54.661 [warning] [Decorations] CAPPING events from decorations provider vscode.git 900
2024-09-26 20:53:59.711 [warning] [Decorations] CAPPING events from decorations provider vscode.git 900
2024-09-26 20:54:04.759 [warning] [Decorations] CAPPING events from decorations provider vscode.git 900
2024-09-26 20:54:09.813 [warning] [Decorations] CAPPING events from decorations provider vscode.git 900
2024-09-26 20:54:14.861 [warning] [Decorations] CAPPING events from decorations provider vscode.git 900
2024-09-26 20:54:19.909 [warning] [Decorations] CAPPING events from decorations provider vscode.git 900
2024-09-26 20:54:24.958 [warning] [Decorations] CAPPING events from decorations provider vscode.git 900
2024-09-26 20:54:30.012 [warning] [Decorations] CAPPING events from decorations provider vscode.git 900
2024-09-26 20:54:35.061 [warning] [Decorations] CAPPING events from decorations provider vscode.git 900
2024-09-26 20:54:40.115 [warning] [Decorations] CAPPING events from decorations provider vscode.git 900
2024-09-26 20:54:45.166 [warning] [Decorations] CAPPING events from decorations provider vscode.git 900
2024-09-26 20:54:50.222 [warning] [Decorations] CAPPING events from decorations provider vscode.git 900
2024-09-26 20:54:55.273 [warning] [Decorations] CAPPING events from decorations provider vscode.git 900
2024-09-26 20:55:00.323 [warning] [Decorations] CAPPING events from decorations provider vscode.git 900
2024-09-26 20:55:05.372 [warning] [Decorations] CAPPING events from decorations provider vscode.git 900
2024-09-26 20:55:10.423 [warning] [Decorations] CAPPING events from decorations provider vscode.git 900
2024-09-26 20:55:15.476 [warning] [Decorations] CAPPING events from decorations provider vscode.git 900
2024-09-26 20:55:20.527 [warning] [Decorations] CAPPING events from decorations provider vscode.git 900
2024-09-26 20:55:25.576 [warning] [Decorations] CAPPING events from decorations provider vscode.git 900
2024-09-26 20:55:30.627 [warning] [Decorations] CAPPING events from decorations provider vscode.git 900
2024-09-26 20:55:35.676 [warning] [Decorations] CAPPING events from decorations provider vscode.git 900
2024-09-26 20:55:40.728 [warning] [Decorations] CAPPING events from decorations provider vscode.git 900
2024-09-26 20:55:45.781 [warning] [Decorations] CAPPING events from decorations provider vscode.git 900
2024-09-26 20:55:50.840 [warning] [Decorations] CAPPING events from decorations provider vscode.git 900
2024-09-26 20:55:55.893 [warning] [Decorations] CAPPING events from decorations provider vscode.git 900
2024-09-26 20:56:00.944 [warning] [Decorations] CAPPING events from decorations provider vscode.git 900
2024-09-26 20:56:05.994 [warning] [Decorations] CAPPING events from decorations provider vscode.git 900
2024-09-26 20:56:11.057 [warning] [Decorations] CAPPING events from decorations provider vscode.git 900
2024-09-26 20:56:16.112 [warning] [Decorations] CAPPING events from decorations provider vscode.git 900
2024-09-26 20:56:21.161 [warning] [Decorations] CAPPING events from decorations provider vscode.git 900
2024-09-26 20:56:26.210 [warning] [Decorations] CAPPING events from decorations provider vscode.git 900
2024-09-26 20:56:31.261 [warning] [Decorations] CAPPING events from decorations provider vscode.git 900
2024-09-26 20:56:36.316 [warning] [Decorations] CAPPING events from decorations provider vscode.git 900
2024-09-26 20:56:41.366 [warning] [Decorations] CAPPING events from decorations provider vscode.git 900
2024-09-26 20:56:46.417 [warning] [Decorations] CAPPING events from decorations provider vscode.git 900
2024-09-26 20:56:51.467 [warning] [Decorations] CAPPING events from decorations provider vscode.git 900
2024-09-26 20:56:56.519 [warning] [Decorations] CAPPING events from decorations provider vscode.git 900
2024-09-26 20:57:01.574 [warning] [Decorations] CAPPING events from decorations provider vscode.git 900
2024-09-26 20:57:06.631 [warning] [Decorations] CAPPING events from decorations provider vscode.git 900
2024-09-26 20:57:11.683 [warning] [Decorations] CAPPING events from decorations provider vscode.git 900
2024-09-26 20:57:16.731 [warning] [Decorations] CAPPING events from decorations provider vscode.git 900
2024-09-26 20:57:21.781 [warning] [Decorations] CAPPING events from decorations provider vscode.git 900
2024-09-26 20:57:26.838 [warning] [Decorations] CAPPING events from decorations provider vscode.git 900
2024-09-26 20:58:02.516 [warning] [Decorations] CAPPING events from decorations provider vscode.git 900
2024-09-26 20:58:07.573 [warning] [Decorations] CAPPING events from decorations provider vscode.git 900
2024-09-26 20:58:12.629 [warning] [Decorations] CAPPING events from decorations provider vscode.git 900
2024-09-26 20:58:17.682 [warning] [Decorations] CAPPING events from decorations provider vscode.git 900
2024-09-26 20:58:22.737 [warning] [Decorations] CAPPING events from decorations provider vscode.git 900
2024-09-26 20:58:27.789 [warning] [Decorations] CAPPING events from decorations provider vscode.git 900
2024-09-26 21:00:10.580 [warning] [Decorations] CAPPING events from decorations provider vscode.git 900
2024-09-26 21:00:15.632 [warning] [Decorations] CAPPING events from decorations provider vscode.git 900
2024-09-26 21:00:20.678 [warning] [Decorations] CAPPING events from decorations provider vscode.git 900
2024-09-26 21:00:25.725 [warning] [Decorations] CAPPING events from decorations provider vscode.git 900
2024-09-26 21:00:30.777 [warning] [Decorations] CAPPING events from decorations provider vscode.git 900
2024-09-26 21:00:35.829 [warning] [Decorations] CAPPING events from decorations provider vscode.git 900
2024-09-26 21:00:40.883 [warning] [Decorations] CAPPING events from decorations provider vscode.git 900
2024-09-26 21:00:45.932 [warning] [Decorations] CAPPING events from decorations provider vscode.git 900
2024-09-26 21:00:50.987 [warning] [Decorations] CAPPING events from decorations provider vscode.git 900
2024-09-26 21:00:56.040 [warning] [Decorations] CAPPING events from decorations provider vscode.git 900
2024-09-26 21:01:01.094 [warning] [Decorations] CAPPING events from decorations provider vscode.git 900
2024-09-26 21:01:06.147 [warning] [Decorations] CAPPING events from decorations provider vscode.git 900
2024-09-26 21:01:11.201 [warning] [Decorations] CAPPING events from decorations provider vscode.git 900
2024-09-26 21:01:16.254 [warning] [Decorations] CAPPING events from decorations provider vscode.git 950
2024-09-26 21:01:21.305 [warning] [Decorations] CAPPING events from decorations provider vscode.git 900
2024-09-26 21:01:26.357 [warning] [Decorations] CAPPING events from decorations provider vscode.git 900
2024-09-26 21:01:31.408 [warning] [Decorations] CAPPING events from decorations provider vscode.git 900
2024-09-26 21:01:36.457 [warning] [Decorations] CAPPING events from decorations provider vscode.git 900
2024-09-26 21:01:41.508 [warning] [Decorations] CAPPING events from decorations provider vscode.git 900
2024-09-26 21:01:46.555 [warning] [Decorations] CAPPING events from decorations provider vscode.git 900
2024-09-26 21:01:51.609 [warning] [Decorations] CAPPING events from decorations provider vscode.git 900
2024-09-26 21:01:56.661 [warning] [Decorations] CAPPING events from decorations provider vscode.git 900
2024-09-26 21:02:01.713 [warning] [Decorations] CAPPING events from decorations provider vscode.git 900
2024-09-26 21:02:06.763 [warning] [Decorations] CAPPING events from decorations provider vscode.git 900
2024-09-26 21:02:11.811 [warning] [Decorations] CAPPING events from decorations provider vscode.git 900
2024-09-26 21:02:16.868 [warning] [Decorations] CAPPING events from decorations provider vscode.git 900
2024-09-26 21:02:21.921 [warning] [Decorations] CAPPING events from decorations provider vscode.git 900
2024-09-26 21:02:26.974 [warning] [Decorations] CAPPING events from decorations provider vscode.git 900
2024-09-26 21:02:32.028 [warning] [Decorations] CAPPING events from decorations provider vscode.git 900
2024-09-26 21:02:37.076 [warning] [Decorations] CAPPING events from decorations provider vscode.git 900
2024-09-26 21:02:42.124 [warning] [Decorations] CAPPING events from decorations provider vscode.git 900
2024-09-26 21:02:47.178 [warning] [Decorations] CAPPING events from decorations provider vscode.git 900
2024-09-26 21:02:52.229 [warning] [Decorations] CAPPING events from decorations provider vscode.git 900
2024-09-26 21:02:57.277 [warning] [Decorations] CAPPING events from decorations provider vscode.git 900
2024-09-26 21:03:02.327 [warning] [Decorations] CAPPING events from decorations provider vscode.git 900
2024-09-26 21:03:07.380 [warning] [Decorations] CAPPING events from decorations provider vscode.git 900
2024-09-26 21:03:12.431 [warning] [Decorations] CAPPING events from decorations provider vscode.git 900
2024-09-26 21:03:17.479 [warning] [Decorations] CAPPING events from decorations provider vscode.git 900
2024-09-26 21:03:22.532 [warning] [Decorations] CAPPING events from decorations provider vscode.git 900
2024-09-26 21:03:27.581 [warning] [Decorations] CAPPING events from decorations provider vscode.git 900
2024-09-26 21:03:32.635 [warning] [Decorations] CAPPING events from decorations provider vscode.git 900
2024-09-26 21:03:37.686 [warning] [Decorations] CAPPING events from decorations provider vscode.git 900
2024-09-26 21:03:42.743 [warning] [Decorations] CAPPING events from decorations provider vscode.git 900
2024-09-26 21:03:47.796 [warning] [Decorations] CAPPING events from decorations provider vscode.git 900
2024-09-26 21:03:52.849 [warning] [Decorations] CAPPING events from decorations provider vscode.git 900
2024-09-26 21:03:57.909 [warning] [Decorations] CAPPING events from decorations provider vscode.git 900
2024-09-26 21:04:02.963 [warning] [Decorations] CAPPING events from decorations provider vscode.git 900
2024-09-26 21:04:08.017 [warning] [Decorations] CAPPING events from decorations provider vscode.git 900
2024-09-26 21:04:13.073 [warning] [Decorations] CAPPING events from decorations provider vscode.git 900
2024-09-26 21:04:18.123 [warning] [Decorations] CAPPING events from decorations provider vscode.git 900
2024-09-26 21:04:23.178 [warning] [Decorations] CAPPING events from decorations provider vscode.git 900
2024-09-26 21:04:28.227 [warning] [Decorations] CAPPING events from decorations provider vscode.git 900
2024-09-26 21:04:33.279 [warning] [Decorations] CAPPING events from decorations provider vscode.git 900
2024-09-26 21:04:38.330 [warning] [Decorations] CAPPING events from decorations provider vscode.git 900
2024-09-26 21:04:43.380 [warning] [Decorations] CAPPING events from decorations provider vscode.git 900
2024-09-26 21:04:48.437 [warning] [Decorations] CAPPING events from decorations provider vscode.git 900
2024-09-26 21:04:53.487 [warning] [Decorations] CAPPING events from decorations provider vscode.git 900
2024-09-26 21:04:58.536 [warning] [Decorations] CAPPING events from decorations provider vscode.git 900
2024-09-26 21:05:03.596 [warning] [Decorations] CAPPING events from decorations provider vscode.git 900
2024-09-26 21:05:08.647 [warning] [Decorations] CAPPING events from decorations provider vscode.git 900
2024-09-26 21:05:13.702 [warning] [Decorations] CAPPING events from decorations provider vscode.git 900
2024-09-26 21:05:18.762 [warning] [Decorations] CAPPING events from decorations provider vscode.git 900
2024-09-26 21:05:23.819 [warning] [Decorations] CAPPING events from decorations provider vscode.git 900
2024-09-26 21:05:28.870 [warning] [Decorations] CAPPING events from decorations provider vscode.git 900
2024-09-26 21:05:33.921 [warning] [Decorations] CAPPING events from decorations provider vscode.git 900
2024-09-26 21:05:38.977 [warning] [Decorations] CAPPING events from decorations provider vscode.git 900
2024-09-26 21:05:44.030 [warning] [Decorations] CAPPING events from decorations provider vscode.git 900
2024-09-26 21:05:49.080 [warning] [Decorations] CAPPING events from decorations provider vscode.git 900
2024-09-26 21:05:54.131 [warning] [Decorations] CAPPING events from decorations provider vscode.git 900
2024-09-26 21:05:59.180 [warning] [Decorations] CAPPING events from decorations provider vscode.git 900
2024-09-26 21:06:04.230 [warning] [Decorations] CAPPING events from decorations provider vscode.git 900
2024-09-26 21:06:09.282 [warning] [Decorations] CAPPING events from decorations provider vscode.git 900
2024-09-26 21:06:14.332 [warning] [Decorations] CAPPING events from decorations provider vscode.git 900
2024-09-26 21:06:19.380 [warning] [Decorations] CAPPING events from decorations provider vscode.git 900
2024-09-26 21:06:24.431 [warning] [Decorations] CAPPING events from decorations provider vscode.git 900
2024-09-26 21:06:29.488 [warning] [Decorations] CAPPING events from decorations provider vscode.git 900
2024-09-26 21:06:34.541 [warning] [Decorations] CAPPING events from decorations provider vscode.git 900
2024-09-26 21:06:39.594 [warning] [Decorations] CAPPING events from decorations provider vscode.git 900
2024-09-26 21:06:44.643 [warning] [Decorations] CAPPING events from decorations provider vscode.git 900
2024-09-26 21:06:49.690 [warning] [Decorations] CAPPING events from decorations provider vscode.git 900
2024-09-26 21:06:54.742 [warning] [Decorations] CAPPING events from decorations provider vscode.git 900
2024-09-26 21:06:59.788 [warning] [Decorations] CAPPING events from decorations provider vscode.git 900
2024-09-26 21:07:04.839 [warning] [Decorations] CAPPING events from decorations provider vscode.git 900
2024-09-26 21:07:09.892 [warning] [Decorations] CAPPING events from decorations provider vscode.git 900
2024-09-26 21:07:14.942 [warning] [Decorations] CAPPING events from decorations provider vscode.git 900
2024-09-26 21:07:19.999 [warning] [Decorations] CAPPING events from decorations provider vscode.git 900
2024-09-26 21:07:45.207 [warning] [Decorations] CAPPING events from decorations provider vscode.git 900
2024-09-26 21:07:50.263 [warning] [Decorations] CAPPING events from decorations provider vscode.git 900
2024-09-26 21:07:55.315 [warning] [Decorations] CAPPING events from decorations provider vscode.git 900
2024-09-26 21:08:00.368 [warning] [Decorations] CAPPING events from decorations provider vscode.git 900
2024-09-26 21:08:05.419 [warning] [Decorations] CAPPING events from decorations provider vscode.git 900
2024-09-26 21:08:10.467 [warning] [Decorations] CAPPING events from decorations provider vscode.git 900
2024-09-26 21:08:15.522 [warning] [Decorations] CAPPING events from decorations provider vscode.git 900
2024-09-26 21:08:20.573 [warning] [Decorations] CAPPING events from decorations provider vscode.git 900
2024-09-26 21:08:25.621 [warning] [Decorations] CAPPING events from decorations provider vscode.git 900
2024-09-26 21:08:30.675 [warning] [Decorations] CAPPING events from decorations provider vscode.git 900
2024-09-26 21:08:35.728 [warning] [Decorations] CAPPING events from decorations provider vscode.git 900
2024-09-26 21:08:40.780 [warning] [Decorations] CAPPING events from decorations provider vscode.git 900
2024-09-26 21:08:45.831 [warning] [Decorations] CAPPING events from decorations provider vscode.git 900
2024-09-26 21:08:50.881 [warning] [Decorations] CAPPING events from decorations provider vscode.git 900
2024-09-26 21:08:55.929 [warning] [Decorations] CAPPING events from decorations provider vscode.git 900
2024-09-26 21:09:00.980 [warning] [Decorations] CAPPING events from decorations provider vscode.git 900
2024-09-26 21:09:06.030 [warning] [Decorations] CAPPING events from decorations provider vscode.git 900
2024-09-26 21:09:11.083 [warning] [Decorations] CAPPING events from decorations provider vscode.git 900
2024-09-26 21:09:16.134 [warning] [Decorations] CAPPING events from decorations provider vscode.git 900
2024-09-26 21:09:21.184 [warning] [Decorations] CAPPING events from decorations provider vscode.git 900
2024-09-26 21:09:26.238 [warning] [Decorations] CAPPING events from decorations provider vscode.git 900
2024-09-26 21:09:31.291 [warning] [Decorations] CAPPING events from decorations provider vscode.git 900
2024-09-26 21:09:36.340 [warning] [Decorations] CAPPING events from decorations provider vscode.git 900
2024-09-26 21:09:41.390 [warning] [Decorations] CAPPING events from decorations provider vscode.git 900
2024-09-26 21:09:46.439 [warning] [Decorations] CAPPING events from decorations provider vscode.git 900
2024-09-26 21:09:51.488 [warning] [Decorations] CAPPING events from decorations provider vscode.git 900
2024-09-26 21:09:56.537 [warning] [Decorations] CAPPING events from decorations provider vscode.git 900
2024-09-26 21:13:54.309 [warning] [Decorations] CAPPING events from decorations provider vscode.git 900
2024-09-26 21:13:59.361 [warning] [Decorations] CAPPING events from decorations provider vscode.git 900
2024-09-26 21:14:04.415 [warning] [Decorations] CAPPING events from decorations provider vscode.git 900
2024-09-26 21:14:41.102 [warning] [Decorations] CAPPING events from decorations provider vscode.git 900
2024-09-26 21:25:05.570 [warning] [Decorations] CAPPING events from decorations provider vscode.git 900
2024-09-26 21:25:10.625 [warning] [Decorations] CAPPING events from decorations provider vscode.git 900
2024-09-26 21:25:15.674 [warning] [Decorations] CAPPING events from decorations provider vscode.git 900
2024-09-26 21:25:39.968 [warning] [Decorations] CAPPING events from decorations provider vscode.git 900
2024-09-26 21:25:45.017 [warning] [Decorations] CAPPING events from decorations provider vscode.git 900
2024-09-26 21:25:50.069 [warning] [Decorations] CAPPING events from decorations provider vscode.git 900
2024-09-26 21:25:55.118 [warning] [Decorations] CAPPING events from decorations provider vscode.git 900
2024-09-26 21:26:00.171 [warning] [Decorations] CAPPING events from decorations provider vscode.git 900
2024-09-26 21:26:05.224 [warning] [Decorations] CAPPING events from decorations provider vscode.git 900
2024-09-26 21:26:10.274 [warning] [Decorations] CAPPING events from decorations provider vscode.git 900
2024-09-26 21:26:15.322 [warning] [Decorations] CAPPING events from decorations provider vscode.git 900
2024-09-26 21:26:20.372 [warning] [Decorations] CAPPING events from decorations provider vscode.git 900
2024-09-26 21:26:25.422 [warning] [Decorations] CAPPING events from decorations provider vscode.git 900
2024-09-26 21:26:30.473 [warning] [Decorations] CAPPING events from decorations provider vscode.git 900
2024-09-26 21:26:50.407 [warning] [Decorations] CAPPING events from decorations provider vscode.git 900
2024-09-26 21:26:55.459 [warning] [Decorations] CAPPING events from decorations provider vscode.git 900
2024-09-26 21:27:00.512 [warning] [Decorations] CAPPING events from decorations provider vscode.git 900
2024-09-26 21:27:05.564 [warning] [Decorations] CAPPING events from decorations provider vscode.git 900
2024-09-26 21:27:10.615 [warning] [Decorations] CAPPING events from decorations provider vscode.git 900
2024-09-26 21:27:15.662 [warning] [Decorations] CAPPING events from decorations provider vscode.git 900
2024-09-26 21:27:20.710 [warning] [Decorations] CAPPING events from decorations provider vscode.git 900
2024-09-26 21:27:25.756 [warning] [Decorations] CAPPING events from decorations provider vscode.git 900
2024-09-26 21:27:30.806 [warning] [Decorations] CAPPING events from decorations provider vscode.git 900
2024-09-26 21:27:35.855 [warning] [Decorations] CAPPING events from decorations provider vscode.git 900
2024-09-26 21:27:45.898 [warning] [Decorations] CAPPING events from decorations provider vscode.git 900
2024-09-26 21:27:50.948 [warning] [Decorations] CAPPING events from decorations provider vscode.git 900
2024-09-26 21:27:56.000 [warning] [Decorations] CAPPING events from decorations provider vscode.git 900
2024-09-26 21:28:01.049 [warning] [Decorations] CAPPING events from decorations provider vscode.git 900
2024-09-26 21:28:06.106 [warning] [Decorations] CAPPING events from decorations provider vscode.git 900
2024-09-26 21:28:11.160 [warning] [Decorations] CAPPING events from decorations provider vscode.git 900
2024-09-26 21:28:16.212 [warning] [Decorations] CAPPING events from decorations provider vscode.git 900
2024-09-26 21:28:21.265 [warning] [Decorations] CAPPING events from decorations provider vscode.git 900
2024-09-26 21:28:26.316 [warning] [Decorations] CAPPING events from decorations provider vscode.git 900
2024-09-26 21:28:31.366 [warning] [Decorations] CAPPING events from decorations provider vscode.git 900
2024-09-26 21:28:36.425 [warning] [Decorations] CAPPING events from decorations provider vscode.git 900
2024-09-26 21:28:41.479 [warning] [Decorations] CAPPING events from decorations provider vscode.git 900
2024-09-26 21:28:46.531 [warning] [Decorations] CAPPING events from decorations provider vscode.git 900
2024-09-26 21:28:51.579 [warning] [Decorations] CAPPING events from decorations provider vscode.git 900
2024-09-26 21:28:56.627 [warning] [Decorations] CAPPING events from decorations provider vscode.git 900
2024-09-26 21:29:01.680 [warning] [Decorations] CAPPING events from decorations provider vscode.git 900
2024-09-26 21:29:06.730 [warning] [Decorations] CAPPING events from decorations provider vscode.git 900
2024-09-26 21:29:11.779 [warning] [Decorations] CAPPING events from decorations provider vscode.git 900
2024-09-26 21:29:16.828 [warning] [Decorations] CAPPING events from decorations provider vscode.git 900
2024-09-26 21:29:21.877 [warning] [Decorations] CAPPING events from decorations provider vscode.git 900
2024-09-26 21:29:26.931 [warning] [Decorations] CAPPING events from decorations provider vscode.git 900
2024-09-26 21:29:31.984 [warning] [Decorations] CAPPING events from decorations provider vscode.git 900
2024-09-26 21:29:37.035 [warning] [Decorations] CAPPING events from decorations provider vscode.git 900
2024-09-26 21:29:42.088 [warning] [Decorations] CAPPING events from decorations provider vscode.git 900
2024-09-26 21:29:47.136 [warning] [Decorations] CAPPING events from decorations provider vscode.git 900
2024-09-26 21:30:28.336 [warning] [Decorations] CAPPING events from decorations provider vscode.git 900
2024-09-26 21:33:01.572 [warning] [Decorations] CAPPING events from decorations provider vscode.git 900
2024-09-26 21:33:06.624 [warning] [Decorations] CAPPING events from decorations provider vscode.git 900
2024-09-26 21:33:11.676 [warning] [Decorations] CAPPING events from decorations provider vscode.git 900
2024-09-26 21:33:16.726 [warning] [Decorations] CAPPING events from decorations provider vscode.git 900
2024-09-26 21:33:21.781 [warning] [Decorations] CAPPING events from decorations provider vscode.git 900
2024-09-26 21:33:26.833 [warning] [Decorations] CAPPING events from decorations provider vscode.git 900
2024-09-26 21:33:31.882 [warning] [Decorations] CAPPING events from decorations provider vscode.git 900
2024-09-26 21:33:36.934 [warning] [Decorations] CAPPING events from decorations provider vscode.git 900
2024-09-26 21:33:41.987 [warning] [Decorations] CAPPING events from decorations provider vscode.git 900
2024-09-26 21:33:47.037 [warning] [Decorations] CAPPING events from decorations provider vscode.git 900
2024-09-26 21:33:52.092 [warning] [Decorations] CAPPING events from decorations provider vscode.git 900
2024-09-26 21:33:57.147 [warning] [Decorations] CAPPING events from decorations provider vscode.git 900
2024-09-26 21:34:02.204 [warning] [Decorations] CAPPING events from decorations provider vscode.git 900
2024-09-26 21:34:07.252 [warning] [Decorations] CAPPING events from decorations provider vscode.git 900
2024-09-26 21:34:12.302 [warning] [Decorations] CAPPING events from decorations provider vscode.git 900
2024-09-26 21:35:14.675 [warning] [Decorations] CAPPING events from decorations provider vscode.git 900
2024-09-26 21:35:40.568 [warning] [Decorations] CAPPING events from decorations provider vscode.git 900
2024-09-26 21:35:45.625 [warning] [Decorations] CAPPING events from decorations provider vscode.git 900
2024-09-26 21:35:50.677 [warning] [Decorations] CAPPING events from decorations provider vscode.git 900
2024-09-26 21:38:21.991 [warning] [Decorations] CAPPING events from decorations provider vscode.git 900
2024-09-26 21:38:27.047 [warning] [Decorations] CAPPING events from decorations provider vscode.git 900
2024-09-26 21:38:32.103 [warning] [Decorations] CAPPING events from decorations provider vscode.git 900
2024-09-26 21:38:37.154 [warning] [Decorations] CAPPING events from decorations provider vscode.git 900
2024-09-26 21:38:42.204 [warning] [Decorations] CAPPING events from decorations provider vscode.git 900
2024-09-26 21:38:47.254 [warning] [Decorations] CAPPING events from decorations provider vscode.git 900
2024-09-26 21:38:52.303 [warning] [Decorations] CAPPING events from decorations provider vscode.git 900
2024-09-26 21:38:57.353 [warning] [Decorations] CAPPING events from decorations provider vscode.git 900
2024-09-26 21:39:02.404 [warning] [Decorations] CAPPING events from decorations provider vscode.git 900
2024-09-26 21:39:07.457 [warning] [Decorations] CAPPING events from decorations provider vscode.git 900
2024-09-26 21:39:12.511 [warning] [Decorations] CAPPING events from decorations provider vscode.git 900
2024-09-26 21:44:48.317 [warning] [Decorations] CAPPING events from decorations provider vscode.git 900
2024-09-26 21:44:53.369 [warning] [Decorations] CAPPING events from decorations provider vscode.git 900
2024-09-26 21:44:58.417 [warning] [Decorations] CAPPING events from decorations provider vscode.git 900
2024-09-26 21:45:03.468 [warning] [Decorations] CAPPING events from decorations provider vscode.git 900
2024-09-26 21:45:08.515 [warning] [Decorations] CAPPING events from decorations provider vscode.git 900
2024-09-26 21:45:13.566 [warning] [Decorations] CAPPING events from decorations provider vscode.git 900
2024-09-26 21:45:18.615 [warning] [Decorations] CAPPING events from decorations provider vscode.git 900
2024-09-26 21:45:23.665 [warning] [Decorations] CAPPING events from decorations provider vscode.git 900
2024-09-26 21:45:28.713 [warning] [Decorations] CAPPING events from decorations provider vscode.git 900
2024-09-26 21:45:33.770 [warning] [Decorations] CAPPING events from decorations provider vscode.git 900
2024-09-26 21:45:38.822 [warning] [Decorations] CAPPING events from decorations provider vscode.git 900
2024-09-26 21:45:43.871 [warning] [Decorations] CAPPING events from decorations provider vscode.git 900
2024-09-26 21:45:48.922 [warning] [Decorations] CAPPING events from decorations provider vscode.git 900
2024-09-26 21:45:53.972 [warning] [Decorations] CAPPING events from decorations provider vscode.git 900
2024-09-26 21:45:59.026 [warning] [Decorations] CAPPING events from decorations provider vscode.git 900
2024-09-26 21:46:04.078 [warning] [Decorations] CAPPING events from decorations provider vscode.git 900
2024-09-26 21:46:09.130 [warning] [Decorations] CAPPING events from decorations provider vscode.git 900
2024-09-26 21:46:14.183 [warning] [Decorations] CAPPING events from decorations provider vscode.git 900
2024-09-26 21:46:19.234 [warning] [Decorations] CAPPING events from decorations provider vscode.git 900
2024-09-26 21:46:24.284 [warning] [Decorations] CAPPING events from decorations provider vscode.git 900
2024-09-26 21:46:29.338 [warning] [Decorations] CAPPING events from decorations provider vscode.git 900
2024-09-26 21:53:12.602 [warning] [Decorations] CAPPING events from decorations provider vscode.git 900
2024-09-26 21:53:17.657 [warning] [Decorations] CAPPING events from decorations provider vscode.git 900
2024-09-26 21:53:22.711 [warning] [Decorations] CAPPING events from decorations provider vscode.git 900
2024-09-26 21:54:20.800 [warning] [Decorations] CAPPING events from decorations provider vscode.git 900
2024-09-26 21:54:25.852 [warning] [Decorations] CAPPING events from decorations provider vscode.git 900
2024-09-26 21:54:31.254 [warning] [Decorations] CAPPING events from decorations provider vscode.git 900
2024-09-26 21:54:36.306 [warning] [Decorations] CAPPING events from decorations provider vscode.git 900
2024-09-26 21:56:45.418 [warning] [Decorations] CAPPING events from decorations provider vscode.git 900
2024-09-26 21:56:50.468 [warning] [Decorations] CAPPING events from decorations provider vscode.git 900
2024-09-26 21:56:55.525 [warning] [Decorations] CAPPING events from decorations provider vscode.git 900
2024-09-26 21:57:00.576 [warning] [Decorations] CAPPING events from decorations provider vscode.git 900
2024-09-26 21:57:05.627 [warning] [Decorations] CAPPING events from decorations provider vscode.git 900
2024-09-26 21:57:10.678 [warning] [Decorations] CAPPING events from decorations provider vscode.git 900
2024-09-26 21:57:15.727 [warning] [Decorations] CAPPING events from decorations provider vscode.git 900
2024-09-26 21:57:20.777 [warning] [Decorations] CAPPING events from decorations provider vscode.git 900
2024-09-26 21:57:25.827 [warning] [Decorations] CAPPING events from decorations provider vscode.git 900
2024-09-26 21:57:30.883 [warning] [Decorations] CAPPING events from decorations provider vscode.git 900
2024-09-26 21:57:35.935 [warning] [Decorations] CAPPING events from decorations provider vscode.git 900
2024-09-26 21:57:40.984 [warning] [Decorations] CAPPING events from decorations provider vscode.git 900
2024-09-26 21:57:46.043 [warning] [Decorations] CAPPING events from decorations provider vscode.git 900
2024-09-26 21:57:51.091 [warning] [Decorations] CAPPING events from decorations provider vscode.git 900
2024-09-26 21:57:56.141 [warning] [Decorations] CAPPING events from decorations provider vscode.git 900
2024-09-26 21:58:01.192 [warning] [Decorations] CAPPING events from decorations provider vscode.git 900
2024-09-26 21:58:06.242 [warning] [Decorations] CAPPING events from decorations provider vscode.git 900
2024-09-26 21:58:11.291 [warning] [Decorations] CAPPING events from decorations provider vscode.git 900
2024-09-26 21:58:16.340 [warning] [Decorations] CAPPING events from decorations provider vscode.git 900
2024-09-26 21:58:21.390 [warning] [Decorations] CAPPING events from decorations provider vscode.git 900
2024-09-26 21:58:26.439 [warning] [Decorations] CAPPING events from decorations provider vscode.git 900
2024-09-26 21:58:31.489 [warning] [Decorations] CAPPING events from decorations provider vscode.git 900
2024-09-26 21:58:36.540 [warning] [Decorations] CAPPING events from decorations provider vscode.git 900
2024-09-26 21:58:41.591 [warning] [Decorations] CAPPING events from decorations provider vscode.git 900
2024-09-26 21:58:46.643 [warning] [Decorations] CAPPING events from decorations provider vscode.git 900
2024-09-26 21:58:51.699 [warning] [Decorations] CAPPING events from decorations provider vscode.git 900
2024-09-26 21:58:56.749 [warning] [Decorations] CAPPING events from decorations provider vscode.git 900
2024-09-26 21:59:01.797 [warning] [Decorations] CAPPING events from decorations provider vscode.git 900
2024-09-26 21:59:06.848 [warning] [Decorations] CAPPING events from decorations provider vscode.git 900
2024-09-26 21:59:11.901 [warning] [Decorations] CAPPING events from decorations provider vscode.git 900
2024-09-26 21:59:16.955 [warning] [Decorations] CAPPING events from decorations provider vscode.git 900
2024-09-26 21:59:22.013 [warning] [Decorations] CAPPING events from decorations provider vscode.git 900
2024-09-26 21:59:27.062 [warning] [Decorations] CAPPING events from decorations provider vscode.git 900
2024-09-26 21:59:32.111 [warning] [Decorations] CAPPING events from decorations provider vscode.git 900
2024-09-26 21:59:37.164 [warning] [Decorations] CAPPING events from decorations provider vscode.git 900
2024-09-26 21:59:42.218 [warning] [Decorations] CAPPING events from decorations provider vscode.git 900
2024-09-26 21:59:47.270 [warning] [Decorations] CAPPING events from decorations provider vscode.git 900
2024-09-26 21:59:52.323 [warning] [Decorations] CAPPING events from decorations provider vscode.git 900
2024-09-26 21:59:57.375 [warning] [Decorations] CAPPING events from decorations provider vscode.git 900
2024-09-26 22:00:02.432 [warning] [Decorations] CAPPING events from decorations provider vscode.git 900
2024-09-26 22:00:07.486 [warning] [Decorations] CAPPING events from decorations provider vscode.git 900
2024-09-26 22:00:12.538 [warning] [Decorations] CAPPING events from decorations provider vscode.git 900
2024-09-26 22:00:17.589 [warning] [Decorations] CAPPING events from decorations provider vscode.git 900
2024-09-26 22:00:22.638 [warning] [Decorations] CAPPING events from decorations provider vscode.git 900
2024-09-26 22:00:27.684 [warning] [Decorations] CAPPING events from decorations provider vscode.git 900
2024-09-26 22:00:32.746 [warning] [Decorations] CAPPING events from decorations provider vscode.git 900
2024-09-26 22:00:37.798 [warning] [Decorations] CAPPING events from decorations provider vscode.git 900
2024-09-26 22:00:42.846 [warning] [Decorations] CAPPING events from decorations provider vscode.git 900
2024-09-26 22:00:47.896 [warning] [Decorations] CAPPING events from decorations provider vscode.git 900
2024-09-26 22:00:52.948 [warning] [Decorations] CAPPING events from decorations provider vscode.git 900
2024-09-26 22:00:57.997 [warning] [Decorations] CAPPING events from decorations provider vscode.git 900
2024-09-26 22:01:03.047 [warning] [Decorations] CAPPING events from decorations provider vscode.git 900
2024-09-26 22:01:08.099 [warning] [Decorations] CAPPING events from decorations provider vscode.git 900
2024-09-26 22:01:13.149 [warning] [Decorations] CAPPING events from decorations provider vscode.git 900
2024-09-26 22:04:12.211 [warning] [Decorations] CAPPING events from decorations provider vscode.git 900
2024-09-26 22:04:17.269 [warning] [Decorations] CAPPING events from decorations provider vscode.git 900
2024-09-26 22:04:22.321 [warning] [Decorations] CAPPING events from decorations provider vscode.git 900
2024-09-26 22:04:27.373 [warning] [Decorations] CAPPING events from decorations provider vscode.git 900
2024-09-26 22:04:32.423 [warning] [Decorations] CAPPING events from decorations provider vscode.git 900
2024-09-26 22:04:37.474 [warning] [Decorations] CAPPING events from decorations provider vscode.git 900
2024-09-26 22:04:42.530 [warning] [Decorations] CAPPING events from decorations provider vscode.git 900
2024-09-26 22:04:47.583 [warning] [Decorations] CAPPING events from decorations provider vscode.git 900
2024-09-26 22:04:52.633 [warning] [Decorations] CAPPING events from decorations provider vscode.git 900
2024-09-26 22:04:57.681 [warning] [Decorations] CAPPING events from decorations provider vscode.git 900
2024-09-26 22:05:02.733 [warning] [Decorations] CAPPING events from decorations provider vscode.git 900
2024-09-26 22:05:07.784 [warning] [Decorations] CAPPING events from decorations provider vscode.git 900
2024-09-26 22:05:12.840 [warning] [Decorations] CAPPING events from decorations provider vscode.git 900
2024-09-26 22:05:17.891 [warning] [Decorations] CAPPING events from decorations provider vscode.git 900
2024-09-26 22:05:22.938 [warning] [Decorations] CAPPING events from decorations provider vscode.git 900
2024-09-26 22:05:27.987 [warning] [Decorations] CAPPING events from decorations provider vscode.git 900
2024-09-26 22:05:33.038 [warning] [Decorations] CAPPING events from decorations provider vscode.git 900
2024-09-26 22:05:38.089 [warning] [Decorations] CAPPING events from decorations provider vscode.git 900
2024-09-26 22:05:43.140 [warning] [Decorations] CAPPING events from decorations provider vscode.git 900
2024-09-26 22:05:48.195 [warning] [Decorations] CAPPING events from decorations provider vscode.git 900
2024-09-26 22:05:53.247 [warning] [Decorations] CAPPING events from decorations provider vscode.git 900
2024-09-26 22:05:58.295 [warning] [Decorations] CAPPING events from decorations provider vscode.git 900
2024-09-26 22:06:03.346 [warning] [Decorations] CAPPING events from decorations provider vscode.git 900
2024-09-26 22:06:08.395 [warning] [Decorations] CAPPING events from decorations provider vscode.git 900
2024-09-26 22:06:13.444 [warning] [Decorations] CAPPING events from decorations provider vscode.git 900
2024-09-26 22:06:18.496 [warning] [Decorations] CAPPING events from decorations provider vscode.git 900
2024-09-26 22:06:23.548 [warning] [Decorations] CAPPING events from decorations provider vscode.git 900
2024-09-26 22:06:28.600 [warning] [Decorations] CAPPING events from decorations provider vscode.git 900
2024-09-26 22:06:33.648 [warning] [Decorations] CAPPING events from decorations provider vscode.git 900
2024-09-26 22:09:37.793 [warning] [Decorations] CAPPING events from decorations provider vscode.git 900
2024-09-26 22:09:42.848 [warning] [Decorations] CAPPING events from decorations provider vscode.git 900
2024-09-26 22:10:32.296 [warning] [Decorations] CAPPING events from decorations provider vscode.git 900
2024-09-26 22:10:37.348 [warning] [Decorations] CAPPING events from decorations provider vscode.git 900
2024-09-26 22:10:42.399 [warning] [Decorations] CAPPING events from decorations provider vscode.git 900
2024-09-26 22:10:47.451 [warning] [Decorations] CAPPING events from decorations provider vscode.git 900
2024-09-26 22:10:52.507 [warning] [Decorations] CAPPING events from decorations provider vscode.git 900
2024-09-26 22:10:57.559 [warning] [Decorations] CAPPING events from decorations provider vscode.git 900
2024-09-26 22:11:02.608 [warning] [Decorations] CAPPING events from decorations provider vscode.git 900
2024-09-26 22:11:07.657 [warning] [Decorations] CAPPING events from decorations provider vscode.git 900
2024-09-26 22:14:44.829 [warning] [Decorations] CAPPING events from decorations provider vscode.git 900
2024-09-26 22:14:49.886 [warning] [Decorations] CAPPING events from decorations provider vscode.git 900
2024-09-26 22:14:54.932 [warning] [Decorations] CAPPING events from decorations provider vscode.git 900
2024-09-26 22:14:59.982 [warning] [Decorations] CAPPING events from decorations provider vscode.git 900
