2024-10-03 19:42:24.851 [info] Extension host with pid 1155 started
2024-10-03 19:42:24.851 [error] Error: EEXIST: file already exists, open '/home/student/.vscode-server/data/User/workspaceStorage/f21b5a8cedd66727cd298a5fb4fc6aaa/vscode.lock'
2024-10-03 19:42:24.857 [info] Lock '/home/student/.vscode-server/data/User/workspaceStorage/f21b5a8cedd66727cd298a5fb4fc6aaa/vscode.lock': Could not acquire lock, checking if the file is stale.
2024-10-03 19:42:24.873 [info] Lock '/home/student/.vscode-server/data/User/workspaceStorage/f21b5a8cedd66727cd298a5fb4fc6aaa/vscode.lock': The pid 1261 appears to be gone.
2024-10-03 19:42:24.873 [info] Lock '/home/student/.vscode-server/data/User/workspaceStorage/f21b5a8cedd66727cd298a5fb4fc6aaa/vscode.lock': Deleting a stale lock.
2024-10-03 19:42:24.910 [info] Lock '/home/student/.vscode-server/data/User/workspaceStorage/f21b5a8cedd66727cd298a5fb4fc6aaa/vscode.lock': Lock acquired.
2024-10-03 19:42:25.162 [info] ExtensionService#_doActivateExtension vscode.git-base, startup: false, activationEvent: '*', root cause: vscode.git
2024-10-03 19:42:25.487 [info] ExtensionService#_doActivateExtension vscode.git, startup: false, activationEvent: '*'
2024-10-03 19:42:25.488 [info] ExtensionService#_doActivateExtension vscode.github, startup: false, activationEvent: '*'
2024-10-03 19:42:25.855 [info] Eager extensions activated
2024-10-03 19:42:25.855 [info] ExtensionService#_doActivateExtension vscode.debug-auto-launch, startup: false, activationEvent: 'onStartupFinished'
2024-10-03 19:42:25.856 [info] ExtensionService#_doActivateExtension vscode.merge-conflict, startup: false, activationEvent: 'onStartupFinished'
2024-10-03 19:42:26.038 [warning] [Decorations] CAPPING events from decorations provider vscode.git 1336
2024-10-03 19:42:26.412 [info] ExtensionService#_doActivateExtension vscode.emmet, startup: false, activationEvent: 'onLanguage'
2024-10-03 19:42:26.494 [warning] [Decorations] CAPPING events from decorations provider vscode.git 1336
2024-10-03 19:42:29.156 [warning] [Decorations] CAPPING events from decorations provider vscode.git 1338
2024-10-03 19:42:34.229 [warning] [Decorations] CAPPING events from decorations provider vscode.git 1360
2024-10-03 19:42:39.287 [warning] [Decorations] CAPPING events from decorations provider vscode.git 1360
2024-10-03 19:42:44.350 [warning] [Decorations] CAPPING events from decorations provider vscode.git 1360
2024-10-03 19:42:49.411 [warning] [Decorations] CAPPING events from decorations provider vscode.git 1360
2024-10-03 19:42:55.169 [warning] [Decorations] CAPPING events from decorations provider vscode.git 1360
2024-10-03 19:45:46.803 [warning] [Decorations] CAPPING events from decorations provider vscode.git 1360
2024-10-03 19:45:51.871 [warning] [Decorations] CAPPING events from decorations provider vscode.git 1360
2024-10-03 19:45:56.941 [warning] [Decorations] CAPPING events from decorations provider vscode.git 1360
2024-10-03 19:46:02.006 [warning] [Decorations] CAPPING events from decorations provider vscode.git 1360
2024-10-03 19:46:07.073 [warning] [Decorations] CAPPING events from decorations provider vscode.git 1360
2024-10-03 19:46:12.135 [warning] [Decorations] CAPPING events from decorations provider vscode.git 1360
2024-10-03 19:46:17.195 [warning] [Decorations] CAPPING events from decorations provider vscode.git 1360
2024-10-03 19:46:22.259 [warning] [Decorations] CAPPING events from decorations provider vscode.git 1360
2024-10-03 19:46:27.322 [warning] [Decorations] CAPPING events from decorations provider vscode.git 1360
2024-10-03 19:46:32.380 [warning] [Decorations] CAPPING events from decorations provider vscode.git 1360
2024-10-03 19:46:37.441 [warning] [Decorations] CAPPING events from decorations provider vscode.git 1360
2024-10-03 19:46:42.506 [warning] [Decorations] CAPPING events from decorations provider vscode.git 1360
2024-10-03 19:46:47.571 [warning] [Decorations] CAPPING events from decorations provider vscode.git 1360
2024-10-03 19:46:52.640 [warning] [Decorations] CAPPING events from decorations provider vscode.git 1360
2024-10-03 19:46:57.699 [warning] [Decorations] CAPPING events from decorations provider vscode.git 1360
2024-10-03 19:47:02.761 [warning] [Decorations] CAPPING events from decorations provider vscode.git 1360
2024-10-03 19:47:07.825 [warning] [Decorations] CAPPING events from decorations provider vscode.git 1360
2024-10-03 19:47:12.889 [warning] [Decorations] CAPPING events from decorations provider vscode.git 1360
2024-10-03 19:47:17.948 [warning] [Decorations] CAPPING events from decorations provider vscode.git 1360
2024-10-03 19:47:23.014 [warning] [Decorations] CAPPING events from decorations provider vscode.git 1360
2024-10-03 19:47:28.086 [warning] [Decorations] CAPPING events from decorations provider vscode.git 1360
2024-10-03 19:47:33.145 [warning] [Decorations] CAPPING events from decorations provider vscode.git 1360
2024-10-03 19:47:38.212 [warning] [Decorations] CAPPING events from decorations provider vscode.git 1360
2024-10-03 19:47:43.275 [warning] [Decorations] CAPPING events from decorations provider vscode.git 1360
2024-10-03 19:47:48.334 [warning] [Decorations] CAPPING events from decorations provider vscode.git 1360
2024-10-03 19:47:53.397 [warning] [Decorations] CAPPING events from decorations provider vscode.git 1360
2024-10-03 19:47:58.459 [warning] [Decorations] CAPPING events from decorations provider vscode.git 1360
2024-10-03 19:48:03.521 [warning] [Decorations] CAPPING events from decorations provider vscode.git 1360
2024-10-03 19:48:08.589 [warning] [Decorations] CAPPING events from decorations provider vscode.git 1360
2024-10-03 19:49:23.631 [warning] [Decorations] CAPPING events from decorations provider vscode.git 1360
2024-10-03 19:49:36.440 [warning] [Decorations] CAPPING events from decorations provider vscode.git 1360
2024-10-03 19:57:10.531 [warning] [Decorations] CAPPING events from decorations provider vscode.git 1360
2024-10-03 19:57:15.591 [warning] [Decorations] CAPPING events from decorations provider vscode.git 1360
2024-10-03 19:57:20.029 [info] ExtensionService#_doActivateExtension vscode.npm, startup: false, activationEvent: 'onTerminalQuickFixRequest:ms-vscode.npm-command'
2024-10-03 19:57:20.681 [warning] [Decorations] CAPPING events from decorations provider vscode.git 1360
2024-10-03 19:57:25.748 [warning] [Decorations] CAPPING events from decorations provider vscode.git 1360
2024-10-03 19:57:25.753 [info] ExtensionService#_doActivateExtension vscode.configuration-editing, startup: false, activationEvent: 'onLanguage:json'
2024-10-03 19:57:25.753 [info] ExtensionService#_doActivateExtension vscode.extension-editing, startup: false, activationEvent: 'onLanguage:json'
2024-10-03 19:57:25.753 [info] ExtensionService#_doActivateExtension vscode.json-language-features, startup: false, activationEvent: 'onLanguage:json'
2024-10-03 19:57:30.823 [warning] [Decorations] CAPPING events from decorations provider vscode.git 1361
2024-10-03 19:57:35.882 [warning] [Decorations] CAPPING events from decorations provider vscode.git 1361
2024-10-03 19:57:40.943 [warning] [Decorations] CAPPING events from decorations provider vscode.git 1361
2024-10-03 19:57:46.015 [warning] [Decorations] CAPPING events from decorations provider vscode.git 1361
2024-10-03 19:57:51.077 [warning] [Decorations] CAPPING events from decorations provider vscode.git 1361
2024-10-03 19:57:56.138 [warning] [Decorations] CAPPING events from decorations provider vscode.git 1361
2024-10-03 19:58:01.201 [warning] [Decorations] CAPPING events from decorations provider vscode.git 1361
2024-10-03 19:58:06.258 [warning] [Decorations] CAPPING events from decorations provider vscode.git 1361
2024-10-03 19:58:11.315 [warning] [Decorations] CAPPING events from decorations provider vscode.git 1361
2024-10-03 19:58:16.374 [warning] [Decorations] CAPPING events from decorations provider vscode.git 1361
2024-10-03 19:58:21.434 [warning] [Decorations] CAPPING events from decorations provider vscode.git 1361
2024-10-03 19:58:26.492 [warning] [Decorations] CAPPING events from decorations provider vscode.git 1361
2024-10-03 19:58:31.553 [warning] [Decorations] CAPPING events from decorations provider vscode.git 1361
2024-10-03 19:58:42.026 [warning] [Decorations] CAPPING events from decorations provider vscode.git 1361
2024-10-03 19:58:47.093 [warning] [Decorations] CAPPING events from decorations provider vscode.git 1361
2024-10-03 19:58:52.154 [warning] [Decorations] CAPPING events from decorations provider vscode.git 1361
2024-10-03 19:58:57.219 [warning] [Decorations] CAPPING events from decorations provider vscode.git 1361
2024-10-03 19:59:02.285 [warning] [Decorations] CAPPING events from decorations provider vscode.git 1361
2024-10-03 19:59:07.341 [warning] [Decorations] CAPPING events from decorations provider vscode.git 1361
2024-10-03 20:00:05.223 [warning] [Decorations] CAPPING events from decorations provider vscode.git 1361
2024-10-03 20:00:10.291 [warning] [Decorations] CAPPING events from decorations provider vscode.git 1361
2024-10-03 20:00:15.355 [warning] [Decorations] CAPPING events from decorations provider vscode.git 1361
2024-10-03 20:00:20.417 [warning] [Decorations] CAPPING events from decorations provider vscode.git 1361
2024-10-03 20:00:25.481 [warning] [Decorations] CAPPING events from decorations provider vscode.git 1361
2024-10-03 20:00:30.541 [warning] [Decorations] CAPPING events from decorations provider vscode.git 1361
2024-10-03 20:00:35.606 [warning] [Decorations] CAPPING events from decorations provider vscode.git 1361
2024-10-03 20:00:40.666 [warning] [Decorations] CAPPING events from decorations provider vscode.git 1361
2024-10-03 20:00:45.725 [warning] [Decorations] CAPPING events from decorations provider vscode.git 1361
2024-10-03 20:00:50.787 [warning] [Decorations] CAPPING events from decorations provider vscode.git 1361
2024-10-03 20:01:43.167 [warning] [Decorations] CAPPING events from decorations provider vscode.git 1361
2024-10-03 20:01:48.233 [warning] [Decorations] CAPPING events from decorations provider vscode.git 1361
2024-10-03 20:01:53.293 [warning] [Decorations] CAPPING events from decorations provider vscode.git 1361
2024-10-03 20:01:58.369 [warning] [Decorations] CAPPING events from decorations provider vscode.git 1361
2024-10-03 20:03:21.913 [warning] [Decorations] CAPPING events from decorations provider vscode.git 1361
2024-10-03 20:03:39.821 [warning] [Decorations] CAPPING events from decorations provider vscode.git 1361
2024-10-03 20:03:44.919 [warning] [Decorations] CAPPING events from decorations provider vscode.git 1361
2024-10-03 20:03:49.984 [warning] [Decorations] CAPPING events from decorations provider vscode.git 1361
2024-10-03 20:03:55.046 [warning] [Decorations] CAPPING events from decorations provider vscode.git 1361
2024-10-03 20:04:00.108 [warning] [Decorations] CAPPING events from decorations provider vscode.git 1361
2024-10-03 20:04:05.177 [warning] [Decorations] CAPPING events from decorations provider vscode.git 1361
2024-10-03 20:04:10.237 [warning] [Decorations] CAPPING events from decorations provider vscode.git 1361
2024-10-03 20:06:38.421 [warning] [Decorations] CAPPING events from decorations provider vscode.git 1361
2024-10-03 20:06:43.485 [warning] [Decorations] CAPPING events from decorations provider vscode.git 1361
2024-10-03 20:06:48.549 [warning] [Decorations] CAPPING events from decorations provider vscode.git 1361
2024-10-03 20:06:53.612 [warning] [Decorations] CAPPING events from decorations provider vscode.git 1361
2024-10-03 20:08:22.233 [warning] [Decorations] CAPPING events from decorations provider vscode.git 1361
2024-10-03 20:08:27.293 [warning] [Decorations] CAPPING events from decorations provider vscode.git 1361
2024-10-03 20:14:54.349 [warning] [Decorations] CAPPING events from decorations provider vscode.git 1361
2024-10-03 20:14:59.416 [warning] [Decorations] CAPPING events from decorations provider vscode.git 1361
2024-10-03 20:15:04.482 [warning] [Decorations] CAPPING events from decorations provider vscode.git 1361
2024-10-03 20:15:09.542 [warning] [Decorations] CAPPING events from decorations provider vscode.git 1361
2024-10-03 20:15:53.360 [warning] [Decorations] CAPPING events from decorations provider vscode.git 1361
2024-10-03 20:15:58.423 [warning] [Decorations] CAPPING events from decorations provider vscode.git 1361
2024-10-03 20:16:03.483 [warning] [Decorations] CAPPING events from decorations provider vscode.git 1361
2024-10-03 20:16:08.545 [warning] [Decorations] CAPPING events from decorations provider vscode.git 1361
2024-10-03 20:16:13.606 [warning] [Decorations] CAPPING events from decorations provider vscode.git 1361
2024-10-03 20:17:14.977 [warning] [Decorations] CAPPING events from decorations provider vscode.git 1361
2024-10-03 20:17:20.043 [warning] [Decorations] CAPPING events from decorations provider vscode.git 1361
2024-10-03 20:17:25.110 [warning] [Decorations] CAPPING events from decorations provider vscode.git 1361
2024-10-03 20:17:30.183 [warning] [Decorations] CAPPING events from decorations provider vscode.git 1361
2024-10-03 20:18:03.825 [warning] [Decorations] CAPPING events from decorations provider vscode.git 1361
2024-10-03 20:18:08.889 [warning] [Decorations] CAPPING events from decorations provider vscode.git 1361
2024-10-03 20:18:13.949 [warning] [Decorations] CAPPING events from decorations provider vscode.git 1361
2024-10-03 20:18:19.015 [warning] [Decorations] CAPPING events from decorations provider vscode.git 1361
2024-10-03 20:18:24.081 [warning] [Decorations] CAPPING events from decorations provider vscode.git 1361
2024-10-03 20:18:29.156 [warning] [Decorations] CAPPING events from decorations provider vscode.git 1361
2024-10-03 20:18:34.220 [warning] [Decorations] CAPPING events from decorations provider vscode.git 1361
2024-10-03 20:18:39.276 [warning] [Decorations] CAPPING events from decorations provider vscode.git 1361
2024-10-03 20:21:21.629 [warning] [Decorations] CAPPING events from decorations provider vscode.git 1361
2024-10-03 20:21:26.690 [warning] [Decorations] CAPPING events from decorations provider vscode.git 1361
2024-10-03 20:21:31.755 [warning] [Decorations] CAPPING events from decorations provider vscode.git 1361
2024-10-03 20:21:36.825 [warning] [Decorations] CAPPING events from decorations provider vscode.git 1361
2024-10-03 20:21:41.886 [warning] [Decorations] CAPPING events from decorations provider vscode.git 1361
2024-10-03 20:21:46.946 [warning] [Decorations] CAPPING events from decorations provider vscode.git 1361
2024-10-03 20:21:52.009 [warning] [Decorations] CAPPING events from decorations provider vscode.git 1361
2024-10-03 20:21:57.077 [warning] [Decorations] CAPPING events from decorations provider vscode.git 1361
2024-10-03 20:22:02.139 [warning] [Decorations] CAPPING events from decorations provider vscode.git 1361
2024-10-03 20:22:07.200 [warning] [Decorations] CAPPING events from decorations provider vscode.git 1361
2024-10-03 20:22:12.265 [warning] [Decorations] CAPPING events from decorations provider vscode.git 1361
2024-10-03 20:22:17.329 [warning] [Decorations] CAPPING events from decorations provider vscode.git 1361
2024-10-03 20:22:22.392 [warning] [Decorations] CAPPING events from decorations provider vscode.git 1361
2024-10-03 20:22:27.451 [warning] [Decorations] CAPPING events from decorations provider vscode.git 1361
2024-10-03 20:22:43.732 [warning] [Decorations] CAPPING events from decorations provider vscode.git 1361
2024-10-03 20:22:48.794 [warning] [Decorations] CAPPING events from decorations provider vscode.git 1361
2024-10-03 20:22:53.863 [warning] [Decorations] CAPPING events from decorations provider vscode.git 1361
2024-10-03 20:22:58.927 [warning] [Decorations] CAPPING events from decorations provider vscode.git 1361
2024-10-03 20:23:03.992 [warning] [Decorations] CAPPING events from decorations provider vscode.git 1361
2024-10-03 20:23:09.049 [warning] [Decorations] CAPPING events from decorations provider vscode.git 1361
2024-10-03 20:23:14.116 [warning] [Decorations] CAPPING events from decorations provider vscode.git 1361
2024-10-03 20:23:19.176 [warning] [Decorations] CAPPING events from decorations provider vscode.git 1361
2024-10-03 20:29:05.754 [warning] [Decorations] CAPPING events from decorations provider vscode.git 1361
2024-10-03 20:38:40.826 [warning] [Decorations] CAPPING events from decorations provider vscode.git 1361
2024-10-03 20:38:45.898 [warning] [Decorations] CAPPING events from decorations provider vscode.git 1361
2024-10-03 20:38:50.959 [warning] [Decorations] CAPPING events from decorations provider vscode.git 1361
2024-10-03 20:38:56.018 [warning] [Decorations] CAPPING events from decorations provider vscode.git 1361
2024-10-03 20:39:01.081 [warning] [Decorations] CAPPING events from decorations provider vscode.git 1361
2024-10-03 20:39:06.140 [warning] [Decorations] CAPPING events from decorations provider vscode.git 1361
2024-10-03 20:39:11.202 [warning] [Decorations] CAPPING events from decorations provider vscode.git 1361
2024-10-03 20:39:16.261 [warning] [Decorations] CAPPING events from decorations provider vscode.git 1361
2024-10-03 20:39:21.326 [warning] [Decorations] CAPPING events from decorations provider vscode.git 1361
2024-10-03 20:39:26.388 [warning] [Decorations] CAPPING events from decorations provider vscode.git 1361
2024-10-03 20:39:31.447 [warning] [Decorations] CAPPING events from decorations provider vscode.git 1361
2024-10-03 20:39:36.504 [warning] [Decorations] CAPPING events from decorations provider vscode.git 1361
2024-10-03 20:40:55.110 [warning] [Decorations] CAPPING events from decorations provider vscode.git 1361
2024-10-03 20:43:41.505 [warning] [Decorations] CAPPING events from decorations provider vscode.git 1361
2024-10-03 20:43:46.569 [warning] [Decorations] CAPPING events from decorations provider vscode.git 1361
2024-10-03 20:43:51.630 [warning] [Decorations] CAPPING events from decorations provider vscode.git 1361
2024-10-03 20:43:56.721 [warning] [Decorations] CAPPING events from decorations provider vscode.git 1361
2024-10-03 20:44:01.784 [warning] [Decorations] CAPPING events from decorations provider vscode.git 1361
2024-10-03 20:44:06.841 [warning] [Decorations] CAPPING events from decorations provider vscode.git 1361
2024-10-03 20:44:11.905 [warning] [Decorations] CAPPING events from decorations provider vscode.git 1361
2024-10-03 20:44:16.961 [warning] [Decorations] CAPPING events from decorations provider vscode.git 1361
2024-10-03 20:44:22.024 [warning] [Decorations] CAPPING events from decorations provider vscode.git 1361
2024-10-03 20:44:27.089 [warning] [Decorations] CAPPING events from decorations provider vscode.git 1361
2024-10-03 20:44:32.145 [warning] [Decorations] CAPPING events from decorations provider vscode.git 1361
2024-10-03 20:44:37.202 [warning] [Decorations] CAPPING events from decorations provider vscode.git 1361
2024-10-03 20:44:42.273 [warning] [Decorations] CAPPING events from decorations provider vscode.git 1361
2024-10-03 20:44:47.338 [warning] [Decorations] CAPPING events from decorations provider vscode.git 1361
2024-10-03 20:44:52.403 [warning] [Decorations] CAPPING events from decorations provider vscode.git 1361
2024-10-03 20:44:57.466 [warning] [Decorations] CAPPING events from decorations provider vscode.git 1361
2024-10-03 20:45:02.529 [warning] [Decorations] CAPPING events from decorations provider vscode.git 1361
2024-10-03 20:45:18.274 [warning] [Decorations] CAPPING events from decorations provider vscode.git 1361
2024-10-03 20:45:23.334 [warning] [Decorations] CAPPING events from decorations provider vscode.git 1361
2024-10-03 20:45:28.399 [warning] [Decorations] CAPPING events from decorations provider vscode.git 1361
2024-10-03 20:46:09.326 [warning] [Decorations] CAPPING events from decorations provider vscode.git 1361
2024-10-03 20:46:14.386 [warning] [Decorations] CAPPING events from decorations provider vscode.git 1361
2024-10-03 20:46:19.448 [warning] [Decorations] CAPPING events from decorations provider vscode.git 1361
2024-10-03 20:46:24.508 [warning] [Decorations] CAPPING events from decorations provider vscode.git 1361
2024-10-03 20:46:29.567 [warning] [Decorations] CAPPING events from decorations provider vscode.git 1361
2024-10-03 20:46:34.625 [warning] [Decorations] CAPPING events from decorations provider vscode.git 1361
2024-10-03 20:46:39.683 [warning] [Decorations] CAPPING events from decorations provider vscode.git 1361
2024-10-03 20:46:44.740 [warning] [Decorations] CAPPING events from decorations provider vscode.git 1361
2024-10-03 20:46:49.795 [warning] [Decorations] CAPPING events from decorations provider vscode.git 1361
2024-10-03 20:46:54.867 [warning] [Decorations] CAPPING events from decorations provider vscode.git 1361
2024-10-03 20:46:59.928 [warning] [Decorations] CAPPING events from decorations provider vscode.git 1361
2024-10-03 20:47:04.986 [warning] [Decorations] CAPPING events from decorations provider vscode.git 1361
2024-10-03 20:47:10.050 [warning] [Decorations] CAPPING events from decorations provider vscode.git 1361
2024-10-03 20:47:16.841 [warning] [Decorations] CAPPING events from decorations provider vscode.git 1361
2024-10-03 20:47:21.902 [warning] [Decorations] CAPPING events from decorations provider vscode.git 1361
2024-10-03 20:47:26.959 [warning] [Decorations] CAPPING events from decorations provider vscode.git 1361
2024-10-03 20:47:32.022 [warning] [Decorations] CAPPING events from decorations provider vscode.git 1361
2024-10-03 20:47:37.081 [warning] [Decorations] CAPPING events from decorations provider vscode.git 1361
2024-10-03 20:47:42.140 [warning] [Decorations] CAPPING events from decorations provider vscode.git 1361
2024-10-03 20:47:47.202 [warning] [Decorations] CAPPING events from decorations provider vscode.git 1361
2024-10-03 20:47:52.269 [warning] [Decorations] CAPPING events from decorations provider vscode.git 1361
2024-10-03 20:47:57.327 [warning] [Decorations] CAPPING events from decorations provider vscode.git 1361
2024-10-03 20:48:02.386 [warning] [Decorations] CAPPING events from decorations provider vscode.git 1361
2024-10-03 20:48:07.452 [warning] [Decorations] CAPPING events from decorations provider vscode.git 1361
2024-10-03 20:48:12.510 [warning] [Decorations] CAPPING events from decorations provider vscode.git 1361
2024-10-03 20:48:17.573 [warning] [Decorations] CAPPING events from decorations provider vscode.git 1361
2024-10-03 20:48:36.952 [warning] [Decorations] CAPPING events from decorations provider vscode.git 1361
2024-10-03 20:48:42.019 [warning] [Decorations] CAPPING events from decorations provider vscode.git 1361
2024-10-03 20:48:47.078 [warning] [Decorations] CAPPING events from decorations provider vscode.git 1361
2024-10-03 20:49:38.328 [warning] [Decorations] CAPPING events from decorations provider vscode.git 1361
2024-10-03 20:49:43.389 [warning] [Decorations] CAPPING events from decorations provider vscode.git 1361
2024-10-03 20:49:48.446 [warning] [Decorations] CAPPING events from decorations provider vscode.git 1361
2024-10-03 20:49:53.509 [warning] [Decorations] CAPPING events from decorations provider vscode.git 1361
2024-10-03 20:49:58.569 [warning] [Decorations] CAPPING events from decorations provider vscode.git 1361
2024-10-03 20:50:03.628 [warning] [Decorations] CAPPING events from decorations provider vscode.git 1361
2024-10-03 20:50:14.111 [warning] [Decorations] CAPPING events from decorations provider vscode.git 1361
2024-10-03 20:50:29.416 [warning] [Decorations] CAPPING events from decorations provider vscode.git 1361
2024-10-03 20:50:34.473 [warning] [Decorations] CAPPING events from decorations provider vscode.git 1361
2024-10-03 20:50:39.537 [warning] [Decorations] CAPPING events from decorations provider vscode.git 1361
2024-10-03 20:50:44.601 [warning] [Decorations] CAPPING events from decorations provider vscode.git 1361
2024-10-03 20:51:37.993 [warning] [Decorations] CAPPING events from decorations provider vscode.git 1361
2024-10-03 20:51:43.055 [warning] [Decorations] CAPPING events from decorations provider vscode.git 1361
2024-10-03 20:51:48.119 [warning] [Decorations] CAPPING events from decorations provider vscode.git 1361
2024-10-03 20:52:51.600 [warning] [Decorations] CAPPING events from decorations provider vscode.git 1361
2024-10-03 20:52:56.662 [warning] [Decorations] CAPPING events from decorations provider vscode.git 1361
2024-10-03 20:53:01.723 [warning] [Decorations] CAPPING events from decorations provider vscode.git 1361
2024-10-03 20:53:06.798 [warning] [Decorations] CAPPING events from decorations provider vscode.git 1361
2024-10-03 20:53:11.858 [warning] [Decorations] CAPPING events from decorations provider vscode.git 1361
2024-10-03 20:53:32.196 [warning] [Decorations] CAPPING events from decorations provider vscode.git 1361
2024-10-03 20:53:37.260 [warning] [Decorations] CAPPING events from decorations provider vscode.git 1361
2024-10-03 20:53:42.319 [warning] [Decorations] CAPPING events from decorations provider vscode.git 1361
2024-10-03 20:53:47.376 [warning] [Decorations] CAPPING events from decorations provider vscode.git 1361
2024-10-03 20:53:52.444 [warning] [Decorations] CAPPING events from decorations provider vscode.git 1361
2024-10-03 20:54:18.105 [warning] [Decorations] CAPPING events from decorations provider vscode.git 1361
2024-10-03 20:54:23.166 [warning] [Decorations] CAPPING events from decorations provider vscode.git 1361
2024-10-03 20:54:28.230 [warning] [Decorations] CAPPING events from decorations provider vscode.git 1361
2024-10-03 20:54:33.295 [warning] [Decorations] CAPPING events from decorations provider vscode.git 1361
2024-10-03 20:54:38.356 [warning] [Decorations] CAPPING events from decorations provider vscode.git 1361
2024-10-03 20:54:49.621 [warning] [Decorations] CAPPING events from decorations provider vscode.git 1361
2024-10-03 20:55:07.590 [warning] [Decorations] CAPPING events from decorations provider vscode.git 1361
2024-10-03 20:55:12.655 [warning] [Decorations] CAPPING events from decorations provider vscode.git 1361
2024-10-03 20:55:17.713 [warning] [Decorations] CAPPING events from decorations provider vscode.git 1361
2024-10-03 20:56:23.311 [warning] [Decorations] CAPPING events from decorations provider vscode.git 1361
2024-10-03 20:56:28.372 [warning] [Decorations] CAPPING events from decorations provider vscode.git 1361
2024-10-03 20:56:33.434 [warning] [Decorations] CAPPING events from decorations provider vscode.git 1361
2024-10-03 20:56:38.493 [warning] [Decorations] CAPPING events from decorations provider vscode.git 1361
2024-10-03 20:56:43.558 [warning] [Decorations] CAPPING events from decorations provider vscode.git 1361
2024-10-03 20:57:40.019 [warning] [Decorations] CAPPING events from decorations provider vscode.git 1361
2024-10-03 20:57:45.091 [warning] [Decorations] CAPPING events from decorations provider vscode.git 1361
2024-10-03 20:57:50.148 [warning] [Decorations] CAPPING events from decorations provider vscode.git 1361
2024-10-03 20:57:55.210 [warning] [Decorations] CAPPING events from decorations provider vscode.git 1361
2024-10-03 20:58:00.278 [warning] [Decorations] CAPPING events from decorations provider vscode.git 1361
2024-10-03 21:00:44.574 [warning] [Decorations] CAPPING events from decorations provider vscode.git 1361
2024-10-03 21:01:40.730 [warning] [Decorations] CAPPING events from decorations provider vscode.git 1361
2024-10-03 21:01:45.790 [warning] [Decorations] CAPPING events from decorations provider vscode.git 1361
2024-10-03 21:01:50.854 [warning] [Decorations] CAPPING events from decorations provider vscode.git 1361
2024-10-03 21:01:55.944 [warning] [Decorations] CAPPING events from decorations provider vscode.git 1361
2024-10-03 21:02:01.000 [warning] [Decorations] CAPPING events from decorations provider vscode.git 1361
2024-10-03 21:02:06.057 [warning] [Decorations] CAPPING events from decorations provider vscode.git 1361
2024-10-03 21:02:11.112 [warning] [Decorations] CAPPING events from decorations provider vscode.git 1361
2024-10-03 21:02:23.087 [warning] [Decorations] CAPPING events from decorations provider vscode.git 1361
2024-10-03 21:02:28.150 [warning] [Decorations] CAPPING events from decorations provider vscode.git 1361
2024-10-03 21:02:33.209 [warning] [Decorations] CAPPING events from decorations provider vscode.git 1361
2024-10-03 21:02:38.270 [warning] [Decorations] CAPPING events from decorations provider vscode.git 1361
2024-10-03 21:03:05.505 [warning] [Decorations] CAPPING events from decorations provider vscode.git 1361
2024-10-03 21:03:10.567 [warning] [Decorations] CAPPING events from decorations provider vscode.git 1361
2024-10-03 21:03:15.625 [warning] [Decorations] CAPPING events from decorations provider vscode.git 1361
2024-10-03 21:03:20.682 [warning] [Decorations] CAPPING events from decorations provider vscode.git 1361
2024-10-03 21:03:25.743 [warning] [Decorations] CAPPING events from decorations provider vscode.git 1361
2024-10-03 21:03:30.799 [warning] [Decorations] CAPPING events from decorations provider vscode.git 1361
2024-10-03 21:03:35.861 [warning] [Decorations] CAPPING events from decorations provider vscode.git 1361
2024-10-03 21:03:40.921 [warning] [Decorations] CAPPING events from decorations provider vscode.git 1361
2024-10-03 21:03:45.978 [warning] [Decorations] CAPPING events from decorations provider vscode.git 1361
2024-10-03 21:03:51.037 [warning] [Decorations] CAPPING events from decorations provider vscode.git 1361
2024-10-03 21:03:56.097 [warning] [Decorations] CAPPING events from decorations provider vscode.git 1361
2024-10-03 21:04:01.155 [warning] [Decorations] CAPPING events from decorations provider vscode.git 1361
2024-10-03 21:04:06.218 [warning] [Decorations] CAPPING events from decorations provider vscode.git 1361
2024-10-03 21:05:14.388 [warning] [Decorations] CAPPING events from decorations provider vscode.git 1361
2024-10-03 21:05:19.447 [warning] [Decorations] CAPPING events from decorations provider vscode.git 1361
2024-10-03 21:05:24.509 [warning] [Decorations] CAPPING events from decorations provider vscode.git 1361
2024-10-03 21:05:29.572 [warning] [Decorations] CAPPING events from decorations provider vscode.git 1361
2024-10-03 21:05:34.631 [warning] [Decorations] CAPPING events from decorations provider vscode.git 1361
2024-10-03 21:05:39.697 [warning] [Decorations] CAPPING events from decorations provider vscode.git 1361
2024-10-03 21:05:44.752 [warning] [Decorations] CAPPING events from decorations provider vscode.git 1361
2024-10-03 21:05:49.814 [warning] [Decorations] CAPPING events from decorations provider vscode.git 1361
2024-10-03 21:05:54.875 [warning] [Decorations] CAPPING events from decorations provider vscode.git 1361
2024-10-03 21:05:59.938 [warning] [Decorations] CAPPING events from decorations provider vscode.git 1361
2024-10-03 21:06:05.004 [warning] [Decorations] CAPPING events from decorations provider vscode.git 1361
2024-10-03 21:06:10.061 [warning] [Decorations] CAPPING events from decorations provider vscode.git 1361
2024-10-03 21:06:15.120 [warning] [Decorations] CAPPING events from decorations provider vscode.git 1361
2024-10-03 21:06:20.182 [warning] [Decorations] CAPPING events from decorations provider vscode.git 1361
2024-10-03 21:06:25.250 [warning] [Decorations] CAPPING events from decorations provider vscode.git 1361
2024-10-03 21:07:37.989 [warning] [Decorations] CAPPING events from decorations provider vscode.git 1361
2024-10-03 21:08:21.577 [warning] [Decorations] CAPPING events from decorations provider vscode.git 1361
2024-10-03 21:08:26.638 [warning] [Decorations] CAPPING events from decorations provider vscode.git 1361
2024-10-03 21:08:31.697 [warning] [Decorations] CAPPING events from decorations provider vscode.git 1361
2024-10-03 21:08:36.755 [warning] [Decorations] CAPPING events from decorations provider vscode.git 1361
2024-10-03 21:08:41.813 [warning] [Decorations] CAPPING events from decorations provider vscode.git 1361
2024-10-03 21:08:46.871 [warning] [Decorations] CAPPING events from decorations provider vscode.git 1361
2024-10-03 21:08:51.929 [warning] [Decorations] CAPPING events from decorations provider vscode.git 1361
2024-10-03 21:08:56.983 [warning] [Decorations] CAPPING events from decorations provider vscode.git 1361
2024-10-03 21:09:02.045 [warning] [Decorations] CAPPING events from decorations provider vscode.git 1361
2024-10-03 21:12:08.433 [warning] [Decorations] CAPPING events from decorations provider vscode.git 1361
2024-10-03 21:12:13.491 [warning] [Decorations] CAPPING events from decorations provider vscode.git 1361
2024-10-03 21:12:18.550 [warning] [Decorations] CAPPING events from decorations provider vscode.git 1361
2024-10-03 21:12:23.610 [warning] [Decorations] CAPPING events from decorations provider vscode.git 1361
2024-10-03 21:17:11.784 [warning] [Decorations] CAPPING events from decorations provider vscode.git 1361
2024-10-03 21:17:16.849 [warning] [Decorations] CAPPING events from decorations provider vscode.git 1361
2024-10-03 21:17:21.916 [warning] [Decorations] CAPPING events from decorations provider vscode.git 1361
2024-10-03 21:17:26.978 [warning] [Decorations] CAPPING events from decorations provider vscode.git 1361
2024-10-03 21:17:32.038 [warning] [Decorations] CAPPING events from decorations provider vscode.git 1361
2024-10-03 21:17:37.114 [warning] [Decorations] CAPPING events from decorations provider vscode.git 1361
2024-10-03 21:17:42.174 [warning] [Decorations] CAPPING events from decorations provider vscode.git 1361
2024-10-03 21:17:47.243 [warning] [Decorations] CAPPING events from decorations provider vscode.git 1361
2024-10-03 21:20:23.242 [warning] [Decorations] CAPPING events from decorations provider vscode.git 1361
2024-10-03 21:20:28.305 [warning] [Decorations] CAPPING events from decorations provider vscode.git 1361
2024-10-03 21:20:33.371 [warning] [Decorations] CAPPING events from decorations provider vscode.git 1361
2024-10-03 21:20:38.429 [warning] [Decorations] CAPPING events from decorations provider vscode.git 1361
2024-10-03 21:20:43.488 [warning] [Decorations] CAPPING events from decorations provider vscode.git 1361
2024-10-03 21:20:48.549 [warning] [Decorations] CAPPING events from decorations provider vscode.git 1361
2024-10-03 21:22:37.306 [warning] [Decorations] CAPPING events from decorations provider vscode.git 1361
2024-10-03 21:22:42.366 [warning] [Decorations] CAPPING events from decorations provider vscode.git 1361
2024-10-03 21:22:47.425 [warning] [Decorations] CAPPING events from decorations provider vscode.git 1361
2024-10-03 21:22:52.482 [warning] [Decorations] CAPPING events from decorations provider vscode.git 1361
2024-10-03 21:22:57.542 [warning] [Decorations] CAPPING events from decorations provider vscode.git 1361
2024-10-03 21:23:02.601 [warning] [Decorations] CAPPING events from decorations provider vscode.git 1361
2024-10-03 21:23:07.658 [warning] [Decorations] CAPPING events from decorations provider vscode.git 1361
2024-10-03 21:23:57.660 [warning] [Decorations] CAPPING events from decorations provider vscode.git 1361
2024-10-03 21:24:02.729 [warning] [Decorations] CAPPING events from decorations provider vscode.git 1361
2024-10-03 21:24:07.802 [warning] [Decorations] CAPPING events from decorations provider vscode.git 1361
2024-10-03 21:24:12.865 [warning] [Decorations] CAPPING events from decorations provider vscode.git 1361
2024-10-03 21:24:35.128 [warning] [Decorations] CAPPING events from decorations provider vscode.git 1361
2024-10-03 21:24:40.191 [warning] [Decorations] CAPPING events from decorations provider vscode.git 1361
2024-10-03 21:24:45.257 [warning] [Decorations] CAPPING events from decorations provider vscode.git 1361
2024-10-03 21:24:50.325 [warning] [Decorations] CAPPING events from decorations provider vscode.git 1361
2024-10-03 21:24:55.384 [warning] [Decorations] CAPPING events from decorations provider vscode.git 1361
2024-10-03 21:25:00.448 [warning] [Decorations] CAPPING events from decorations provider vscode.git 1361
2024-10-03 21:25:05.507 [warning] [Decorations] CAPPING events from decorations provider vscode.git 1361
2024-10-03 21:27:09.523 [warning] [Decorations] CAPPING events from decorations provider vscode.git 1361
2024-10-03 21:27:14.587 [warning] [Decorations] CAPPING events from decorations provider vscode.git 1361
2024-10-03 21:27:21.456 [warning] [Decorations] CAPPING events from decorations provider vscode.git 1361
2024-10-03 21:27:27.505 [warning] [Decorations] CAPPING events from decorations provider vscode.git 1361
2024-10-03 21:27:32.566 [warning] [Decorations] CAPPING events from decorations provider vscode.git 1361
2024-10-03 21:27:37.625 [warning] [Decorations] CAPPING events from decorations provider vscode.git 1361
2024-10-03 21:27:42.681 [warning] [Decorations] CAPPING events from decorations provider vscode.git 1361
2024-10-03 21:27:47.742 [warning] [Decorations] CAPPING events from decorations provider vscode.git 1361
2024-10-03 21:27:52.801 [warning] [Decorations] CAPPING events from decorations provider vscode.git 1361
2024-10-03 21:27:57.860 [warning] [Decorations] CAPPING events from decorations provider vscode.git 1361
2024-10-03 21:28:02.921 [warning] [Decorations] CAPPING events from decorations provider vscode.git 1361
2024-10-03 21:28:55.303 [warning] [Decorations] CAPPING events from decorations provider vscode.git 1361
2024-10-03 21:29:00.367 [warning] [Decorations] CAPPING events from decorations provider vscode.git 1361
2024-10-03 21:29:05.441 [warning] [Decorations] CAPPING events from decorations provider vscode.git 1361
2024-10-03 21:29:10.502 [warning] [Decorations] CAPPING events from decorations provider vscode.git 1361
2024-10-03 21:29:15.561 [warning] [Decorations] CAPPING events from decorations provider vscode.git 1361
2024-10-03 21:29:20.623 [warning] [Decorations] CAPPING events from decorations provider vscode.git 1361
2024-10-03 21:29:25.682 [warning] [Decorations] CAPPING events from decorations provider vscode.git 1361
2024-10-03 21:29:49.868 [warning] [Decorations] CAPPING events from decorations provider vscode.git 1361
2024-10-03 21:29:54.933 [warning] [Decorations] CAPPING events from decorations provider vscode.git 1361
2024-10-03 21:29:59.995 [warning] [Decorations] CAPPING events from decorations provider vscode.git 1361
2024-10-03 21:30:05.053 [warning] [Decorations] CAPPING events from decorations provider vscode.git 1361
2024-10-03 21:30:10.118 [warning] [Decorations] CAPPING events from decorations provider vscode.git 1361
2024-10-03 21:30:15.176 [warning] [Decorations] CAPPING events from decorations provider vscode.git 1361
2024-10-03 21:30:20.237 [warning] [Decorations] CAPPING events from decorations provider vscode.git 1361
2024-10-03 21:30:25.294 [warning] [Decorations] CAPPING events from decorations provider vscode.git 1361
2024-10-03 21:30:30.355 [warning] [Decorations] CAPPING events from decorations provider vscode.git 1361
2024-10-03 21:30:35.422 [warning] [Decorations] CAPPING events from decorations provider vscode.git 1361
2024-10-03 21:30:40.484 [warning] [Decorations] CAPPING events from decorations provider vscode.git 1361
2024-10-03 21:30:45.543 [warning] [Decorations] CAPPING events from decorations provider vscode.git 1361
2024-10-03 21:30:52.035 [warning] [Decorations] CAPPING events from decorations provider vscode.git 1361
2024-10-03 21:30:57.102 [warning] [Decorations] CAPPING events from decorations provider vscode.git 1361
2024-10-03 21:31:02.160 [warning] [Decorations] CAPPING events from decorations provider vscode.git 1361
2024-10-03 21:31:07.215 [warning] [Decorations] CAPPING events from decorations provider vscode.git 1361
2024-10-03 21:31:12.279 [warning] [Decorations] CAPPING events from decorations provider vscode.git 1361
2024-10-03 21:31:16.924 [warning] [Decorations] CAPPING events from decorations provider vscode.git 1362
2024-10-03 21:31:17.606 [warning] [Decorations] CAPPING events from decorations provider vscode.git 1351
2024-10-03 21:31:22.909 [warning] [Decorations] CAPPING events from decorations provider vscode.git 1351
2024-10-03 21:31:28.228 [warning] [Decorations] CAPPING events from decorations provider vscode.git 1351
2024-10-03 21:31:33.524 [warning] [Decorations] CAPPING events from decorations provider vscode.git 1351
2024-10-03 21:31:38.818 [warning] [Decorations] CAPPING events from decorations provider vscode.git 1351
2024-10-03 21:31:44.117 [warning] [Decorations] CAPPING events from decorations provider vscode.git 1351
